<?xml version="1.0" encoding="UTF-8"?>
<!-- Generated by org.testng.reporters.JUnitXMLReporter -->
<testsuite ignored="0" hostname="Helal_QC" failures="74" tests="168" name="E2E Workflow — Steps 1→2→3" time="22206.042" errors="0" timestamp="2026-03-13T11:01:57 EET">
  <testcase classname="io.cucumber.testng.AbstractTestNGCucumberTests" name="runScenario" time="71.126"/>
  <testcase classname="io.cucumber.testng.AbstractTestNGCucumberTests" name="runScenario" time="42.757"/>
  <testcase classname="io.cucumber.testng.AbstractTestNGCucumberTests" name="runScenario" time="20.203">
    <failure type="java.lang.AssertionError" message="Apps page was not loaded after login. expected [true] but found [false]">
      <![CDATA[java.lang.AssertionError: Apps page was not loaded after login. expected [true] but found [false]
at stepdefs.E2EGrantsWorkflowSteps.verifyAppsPage(E2EGrantsWorkflowSteps.java:104)
at ✽.I should be redirected to the apps page(file:///D:/Eastern%20Automation%20Scripts/GrantRoyal_fixed_clean/src/test/resources/features/E2E_RandomDistribution.feature:12)
... Removed 3 stack frames]]>
    </failure>
  </testcase> <!-- runScenario -->
  <testcase classname="io.cucumber.testng.AbstractTestNGCucumberTests" name="runScenario" time="20.859">
    <failure type="java.lang.AssertionError" message="Apps page was not loaded after login. expected [true] but found [false]">
      <![CDATA[java.lang.AssertionError: Apps page was not loaded after login. expected [true] but found [false]
at stepdefs.E2EGrantsWorkflowSteps.verifyAppsPage(E2EGrantsWorkflowSteps.java:104)
at ✽.I should be redirected to the apps page(file:///D:/Eastern%20Automation%20Scripts/GrantRoyal_fixed_clean/src/test/resources/features/E2E_RandomDistribution.feature:12)
... Removed 3 stack frames]]>
    </failure>
  </testcase> <!-- runScenario -->
  <testcase classname="io.cucumber.testng.AbstractTestNGCucumberTests" name="runScenario" time="32.64"/>
  <testcase classname="io.cucumber.testng.AbstractTestNGCucumberTests" name="runScenario" time="33.646"/>
  <testcase classname="io.cucumber.testng.AbstractTestNGCucumberTests" name="runScenario" time="33.315"/>
  <testcase classname="io.cucumber.testng.AbstractTestNGCucumberTests" name="runScenario" time="69.215"/>
  <testcase classname="io.cucumber.testng.AbstractTestNGCucumberTests" name="runScenario" time="75.622"/>
  <testcase classname="io.cucumber.testng.AbstractTestNGCucumberTests" name="runScenario" time="83.448"/>
  <testcase classname="io.cucumber.testng.AbstractTestNGCucumberTests" name="runScenario" time="83.615"/>
  <testcase classname="io.cucumber.testng.AbstractTestNGCucumberTests" name="runScenario" time="77.333"/>
  <testcase classname="io.cucumber.testng.AbstractTestNGCucumberTests" name="runScenario" time="32.254">
    <failure type="java.lang.RuntimeException" message="Index 5 out of range. Only 5 transactions saved.">
      <![CDATA[java.lang.RuntimeException: Index 5 out of range. Only 5 transactions saved.
at stepdefs.E2EGrantsWorkflowSteps.getTransactionNumberByIndex(E2EGrantsWorkflowSteps.java:428)
at stepdefs.E2EGrantsWorkflowSteps.clickViewOnTransactionByIndex(E2EGrantsWorkflowSteps.java:412)
at ✽.I click "عرض" button on transaction number "TX-06"(file:///D:/Eastern%20Automation%20Scripts/GrantRoyal_fixed_clean/src/test/resources/features/E2E_RandomDistribution.feature:54)
]]>
    </failure>
  </testcase> <!-- runScenario -->
  <testcase classname="io.cucumber.testng.AbstractTestNGCucumberTests" name="runScenario" time="43.319">
    <failure type="java.lang.RuntimeException" message="Index 6 out of range. Only 5 transactions saved.">
      <![CDATA[java.lang.RuntimeException: Index 6 out of range. Only 5 transactions saved.
at stepdefs.E2EGrantsWorkflowSteps.getTransactionNumberByIndex(E2EGrantsWorkflowSteps.java:428)
at stepdefs.E2EGrantsWorkflowSteps.clickViewOnTransactionByIndex(E2EGrantsWorkflowSteps.java:412)
at ✽.I click "عرض" button on transaction number "TX-07"(file:///D:/Eastern%20Automation%20Scripts/GrantRoyal_fixed_clean/src/test/resources/features/E2E_RandomDistribution.feature:54)
]]>
    </failure>
  </testcase> <!-- runScenario -->
  <testcase classname="io.cucumber.testng.AbstractTestNGCucumberTests" name="runScenario" time="45.002"/>
  <testcase classname="io.cucumber.testng.AbstractTestNGCucumberTests" name="runScenario" time="57.797"/>
  <testcase classname="io.cucumber.testng.AbstractTestNGCucumberTests" name="runScenario" time="41.464"/>
  <testcase classname="io.cucumber.testng.AbstractTestNGCucumberTests" name="runScenario" time="46.529"/>
  <testcase classname="io.cucumber.testng.AbstractTestNGCucumberTests" name="runScenario" time="45.071"/>
  <testcase classname="io.cucumber.testng.AbstractTestNGCucumberTests" name="runScenario" time="26.85">
    <failure type="java.lang.RuntimeException" message="Index 5 out of range. Only 5 transactions saved.">
      <![CDATA[java.lang.RuntimeException: Index 5 out of range. Only 5 transactions saved.
at stepdefs.E2EGrantsWorkflowSteps.getTransactionNumberByIndex(E2EGrantsWorkflowSteps.java:428)
at stepdefs.E2EGrantsWorkflowSteps.clickViewOnTransactionByIndex(E2EGrantsWorkflowSteps.java:412)
at ✽.I click "عرض" button on transaction number "TX-06"(file:///D:/Eastern%20Automation%20Scripts/GrantRoyal_fixed_clean/src/test/resources/features/E2E_RandomDistribution.feature:94)
]]>
    </failure>
  </testcase> <!-- runScenario -->
  <testcase classname="io.cucumber.testng.AbstractTestNGCucumberTests" name="runScenario" time="27.174">
    <failure type="java.lang.RuntimeException" message="Index 6 out of range. Only 5 transactions saved.">
      <![CDATA[java.lang.RuntimeException: Index 6 out of range. Only 5 transactions saved.
at stepdefs.E2EGrantsWorkflowSteps.getTransactionNumberByIndex(E2EGrantsWorkflowSteps.java:428)
at stepdefs.E2EGrantsWorkflowSteps.clickViewOnTransactionByIndex(E2EGrantsWorkflowSteps.java:412)
at ✽.I click "عرض" button on transaction number "TX-07"(file:///D:/Eastern%20Automation%20Scripts/GrantRoyal_fixed_clean/src/test/resources/features/E2E_RandomDistribution.feature:94)
]]>
    </failure>
  </testcase> <!-- runScenario -->
  <testcase classname="io.cucumber.testng.AbstractTestNGCucumberTests" name="runScenario" time="24.182">
    <failure type="java.lang.AssertionError" message="Apps page was not loaded after login. expected [true] but found [false]">
      <![CDATA[java.lang.AssertionError: Apps page was not loaded after login. expected [true] but found [false]
at stepdefs.E2EGrantsWorkflowSteps.verifyAppsPage(E2EGrantsWorkflowSteps.java:104)
at ✽.I should be redirected to the apps page(file:///D:/Eastern%20Automation%20Scripts/GrantRoyal_fixed_clean/src/test/resources/features/E2E_abdullah_AllAreas.feature:12)
... Removed 3 stack frames]]>
    </failure>
  </testcase> <!-- runScenario -->
  <testcase classname="io.cucumber.testng.AbstractTestNGCucumberTests" name="runScenario" time="62.901">
    <failure type="java.lang.AssertionError" message="Apps page was not loaded after login. expected [true] but found [false]">
      <![CDATA[java.lang.AssertionError: Apps page was not loaded after login. expected [true] but found [false]
at stepdefs.E2EGrantsWorkflowSteps.verifyAppsPage(E2EGrantsWorkflowSteps.java:104)
at ✽.I should be redirected to the apps page(file:///D:/Eastern%20Automation%20Scripts/GrantRoyal_fixed_clean/src/test/resources/features/E2E_abdullah_AllAreas.feature:12)
... Removed 3 stack frames]]>
    </failure>
  </testcase> <!-- runScenario -->
  <testcase classname="io.cucumber.testng.AbstractTestNGCucumberTests" name="runScenario" time="28.313">
    <failure type="java.lang.AssertionError" message="Apps page was not loaded after login. expected [true] but found [false]">
      <![CDATA[java.lang.AssertionError: Apps page was not loaded after login. expected [true] but found [false]
at stepdefs.E2EGrantsWorkflowSteps.verifyAppsPage(E2EGrantsWorkflowSteps.java:104)
at ✽.I should be redirected to the apps page(file:///D:/Eastern%20Automation%20Scripts/GrantRoyal_fixed_clean/src/test/resources/features/E2E_abdullah_AllAreas.feature:12)
... Removed 3 stack frames]]>
    </failure>
  </testcase> <!-- runScenario -->
  <testcase classname="io.cucumber.testng.AbstractTestNGCucumberTests" name="runScenario" time="30.796">
    <failure type="java.lang.AssertionError" message="Apps page was not loaded after login. expected [true] but found [false]">
      <![CDATA[java.lang.AssertionError: Apps page was not loaded after login. expected [true] but found [false]
at stepdefs.E2EGrantsWorkflowSteps.verifyAppsPage(E2EGrantsWorkflowSteps.java:104)
at ✽.I should be redirected to the apps page(file:///D:/Eastern%20Automation%20Scripts/GrantRoyal_fixed_clean/src/test/resources/features/E2E_abdullah_AllAreas.feature:12)
... Removed 3 stack frames]]>
    </failure>
  </testcase> <!-- runScenario -->
  <testcase classname="io.cucumber.testng.AbstractTestNGCucumberTests" name="runScenario" time="38.12">
    <failure type="java.lang.AssertionError" message="Apps page was not loaded after login. expected [true] but found [false]">
      <![CDATA[java.lang.AssertionError: Apps page was not loaded after login. expected [true] but found [false]
at stepdefs.E2EGrantsWorkflowSteps.verifyAppsPage(E2EGrantsWorkflowSteps.java:104)
at ✽.I should be redirected to the apps page(file:///D:/Eastern%20Automation%20Scripts/GrantRoyal_fixed_clean/src/test/resources/features/E2E_abdullah_AllAreas.feature:12)
... Removed 3 stack frames]]>
    </failure>
  </testcase> <!-- runScenario -->
  <testcase classname="io.cucumber.testng.AbstractTestNGCucumberTests" name="runScenario" time="28.972">
    <failure type="java.lang.AssertionError" message="Apps page was not loaded after login. expected [true] but found [false]">
      <![CDATA[java.lang.AssertionError: Apps page was not loaded after login. expected [true] but found [false]
at stepdefs.E2EGrantsWorkflowSteps.verifyAppsPage(E2EGrantsWorkflowSteps.java:104)
at ✽.I should be redirected to the apps page(file:///D:/Eastern%20Automation%20Scripts/GrantRoyal_fixed_clean/src/test/resources/features/E2E_abdullah_AllAreas.feature:12)
... Removed 3 stack frames]]>
    </failure>
  </testcase> <!-- runScenario -->
  <testcase classname="io.cucumber.testng.AbstractTestNGCucumberTests" name="runScenario" time="32.657">
    <failure type="java.lang.AssertionError" message="Apps page was not loaded after login. expected [true] but found [false]">
      <![CDATA[java.lang.AssertionError: Apps page was not loaded after login. expected [true] but found [false]
at stepdefs.E2EGrantsWorkflowSteps.verifyAppsPage(E2EGrantsWorkflowSteps.java:104)
at ✽.I should be redirected to the apps page(file:///D:/Eastern%20Automation%20Scripts/GrantRoyal_fixed_clean/src/test/resources/features/E2E_abdullah_AllAreas.feature:12)
... Removed 3 stack frames]]>
    </failure>
  </testcase> <!-- runScenario -->
  <testcase classname="io.cucumber.testng.AbstractTestNGCucumberTests" name="runScenario" time="32.674">
    <failure type="java.lang.RuntimeException" message="transaction_numbers.txt not found — run Step 1 first.">
      <![CDATA[java.lang.RuntimeException: transaction_numbers.txt not found — run Step 1 first.
at stepdefs.E2EGrantsWorkflowSteps.getTransactionNumberByIndex(E2EGrantsWorkflowSteps.java:422)
at stepdefs.E2EGrantsWorkflowSteps.clickViewOnTransactionByIndex(E2EGrantsWorkflowSteps.java:412)
at ✽.I click "عرض" button on transaction number "TX-01"(file:///D:/Eastern%20Automation%20Scripts/GrantRoyal_fixed_clean/src/test/resources/features/E2E_abdullah_AllAreas.feature:54)
]]>
    </failure>
  </testcase> <!-- runScenario -->
  <testcase classname="io.cucumber.testng.AbstractTestNGCucumberTests" name="runScenario" time="47.635">
    <failure type="java.lang.RuntimeException" message="transaction_numbers.txt not found — run Step 1 first.">
      <![CDATA[java.lang.RuntimeException: transaction_numbers.txt not found — run Step 1 first.
at stepdefs.E2EGrantsWorkflowSteps.getTransactionNumberByIndex(E2EGrantsWorkflowSteps.java:422)
at stepdefs.E2EGrantsWorkflowSteps.clickViewOnTransactionByIndex(E2EGrantsWorkflowSteps.java:412)
at ✽.I click "عرض" button on transaction number "TX-02"(file:///D:/Eastern%20Automation%20Scripts/GrantRoyal_fixed_clean/src/test/resources/features/E2E_abdullah_AllAreas.feature:54)
]]>
    </failure>
  </testcase> <!-- runScenario -->
  <testcase classname="io.cucumber.testng.AbstractTestNGCucumberTests" name="runScenario" time="37.388">
    <failure type="java.lang.RuntimeException" message="transaction_numbers.txt not found — run Step 1 first.">
      <![CDATA[java.lang.RuntimeException: transaction_numbers.txt not found — run Step 1 first.
at stepdefs.E2EGrantsWorkflowSteps.getTransactionNumberByIndex(E2EGrantsWorkflowSteps.java:422)
at stepdefs.E2EGrantsWorkflowSteps.clickViewOnTransactionByIndex(E2EGrantsWorkflowSteps.java:412)
at ✽.I click "عرض" button on transaction number "TX-03"(file:///D:/Eastern%20Automation%20Scripts/GrantRoyal_fixed_clean/src/test/resources/features/E2E_abdullah_AllAreas.feature:54)
]]>
    </failure>
  </testcase> <!-- runScenario -->
  <testcase classname="io.cucumber.testng.AbstractTestNGCucumberTests" name="runScenario" time="34.03">
    <failure type="java.lang.RuntimeException" message="transaction_numbers.txt not found — run Step 1 first.">
      <![CDATA[java.lang.RuntimeException: transaction_numbers.txt not found — run Step 1 first.
at stepdefs.E2EGrantsWorkflowSteps.getTransactionNumberByIndex(E2EGrantsWorkflowSteps.java:422)
at stepdefs.E2EGrantsWorkflowSteps.clickViewOnTransactionByIndex(E2EGrantsWorkflowSteps.java:412)
at ✽.I click "عرض" button on transaction number "TX-04"(file:///D:/Eastern%20Automation%20Scripts/GrantRoyal_fixed_clean/src/test/resources/features/E2E_abdullah_AllAreas.feature:54)
]]>
    </failure>
  </testcase> <!-- runScenario -->
  <testcase classname="io.cucumber.testng.AbstractTestNGCucumberTests" name="runScenario" time="37.34">
    <failure type="java.lang.RuntimeException" message="transaction_numbers.txt not found — run Step 1 first.">
      <![CDATA[java.lang.RuntimeException: transaction_numbers.txt not found — run Step 1 first.
at stepdefs.E2EGrantsWorkflowSteps.getTransactionNumberByIndex(E2EGrantsWorkflowSteps.java:422)
at stepdefs.E2EGrantsWorkflowSteps.clickViewOnTransactionByIndex(E2EGrantsWorkflowSteps.java:412)
at ✽.I click "عرض" button on transaction number "TX-05"(file:///D:/Eastern%20Automation%20Scripts/GrantRoyal_fixed_clean/src/test/resources/features/E2E_abdullah_AllAreas.feature:54)
]]>
    </failure>
  </testcase> <!-- runScenario -->
  <testcase classname="io.cucumber.testng.AbstractTestNGCucumberTests" name="runScenario" time="43.59">
    <failure type="java.lang.RuntimeException" message="transaction_numbers.txt not found — run Step 1 first.">
      <![CDATA[java.lang.RuntimeException: transaction_numbers.txt not found — run Step 1 first.
at stepdefs.E2EGrantsWorkflowSteps.getTransactionNumberByIndex(E2EGrantsWorkflowSteps.java:422)
at stepdefs.E2EGrantsWorkflowSteps.clickViewOnTransactionByIndex(E2EGrantsWorkflowSteps.java:412)
at ✽.I click "عرض" button on transaction number "TX-06"(file:///D:/Eastern%20Automation%20Scripts/GrantRoyal_fixed_clean/src/test/resources/features/E2E_abdullah_AllAreas.feature:54)
]]>
    </failure>
  </testcase> <!-- runScenario -->
  <testcase classname="io.cucumber.testng.AbstractTestNGCucumberTests" name="runScenario" time="106.62">
    <failure type="org.openqa.selenium.TimeoutException" message="Expected condition failed: waiting for presence of element located by: By.xpath: //*[contains(text(),&amp;apos;المعاملات الواردة&amp;apos;)] (tried for 10 second(s) with 500 milliseconds interval)">
      <![CDATA[org.openqa.selenium.TimeoutException: Expected condition failed: waiting for presence of element located by: By.xpath: //*[contains(text(),'المعاملات الواردة')] (tried for 10 second(s) with 500 milliseconds interval)
at org.openqa.selenium.support.ui.WebDriverWait.timeoutException(WebDriverWait.java:84)
at org.openqa.selenium.support.ui.FluentWait.until(FluentWait.java:228)
at pages.LocalGrantsAppPage.clickIncomingTransactions(LocalGrantsAppPage.java:120)
at stepdefs.E2EGrantsWorkflowSteps.clickSidebarLink(E2EGrantsWorkflowSteps.java:260)
at ✽.I click on "المعاملات الواردة" from the sidebar(file:///D:/Eastern%20Automation%20Scripts/GrantRoyal_fixed_clean/src/test/resources/features/E2E_abdullah_AllAreas.feature:53)
Caused by: org.openqa.selenium.NoSuchElementException: no such element: Unable to locate element: {"method":"xpath","selector":"//*[contains(text(),'المعاملات الواردة')]"}
  (Session info: chrome=145.0.7632.160)
For documentation on this error, please visit: https://www.selenium.dev/documentation/webdriver/troubleshooting/errors#no-such-element-exception
Build info: version: '4.18.1', revision: 'b1d3319b48'
System info: os.name: 'Windows 11', os.arch: 'amd64', os.version: '10.0', java.version: '17.0.12'
Driver info: org.openqa.selenium.chrome.ChromeDriver
Command: [412f29880868d15776b0db3e8729141c, findElement {value=//*[contains(text(),'المعاملات الواردة')], using=xpath}]
Capabilities {acceptInsecureCerts: false, browserName: chrome, browserVersion: 145.0.7632.160, chrome: {chromedriverVersion: 145.0.7632.117 (de4e5d6e13b..., userDataDir: C:\Users\mahmo\AppData\Loca...}, fedcm:accounts: true, goog:chromeOptions: {debuggerAddress: localhost:53486}, goog:processID: 29768, networkConnectionEnabled: false, pageLoadStrategy: normal, platformName: windows, proxy: Proxy(), se:cdp: ws://localhost:53486/devtoo..., se:cdpVersion: 145.0.7632.160, setWindowRect: true, strictFileInteractability: false, timeouts: {implicit: 0, pageLoad: 300000, script: 30000}, unhandledPromptBehavior: dismiss and notify, webauthn:extension:credBlob: true, webauthn:extension:largeBlob: true, webauthn:extension:minPinLength: true, webauthn:extension:prf: true, webauthn:virtualAuthenticators: true}
Session ID: 412f29880868d15776b0db3e8729141c
at org.openqa.selenium.remote.ErrorCodec.decode(ErrorCodec.java:167)
at org.openqa.selenium.remote.codec.w3c.W3CHttpResponseCodec.decode(W3CHttpResponseCodec.java:138)
at org.openqa.selenium.remote.codec.w3c.W3CHttpResponseCodec.decode(W3CHttpResponseCodec.java:50)
at org.openqa.selenium.remote.HttpCommandExecutor.execute(HttpCommandExecutor.java:190)
at org.openqa.selenium.remote.service.DriverCommandExecutor.invokeExecute(DriverCommandExecutor.java:216)
at org.openqa.selenium.remote.service.DriverCommandExecutor.execute(DriverCommandExecutor.java:174)
at org.openqa.selenium.remote.RemoteWebDriver.execute(RemoteWebDriver.java:519)
at org.openqa.selenium.remote.ElementLocation$ElementFinder$2.findElement(ElementLocation.java:165)
at org.openqa.selenium.remote.ElementLocation.findElement(ElementLocation.java:59)
at org.openqa.selenium.remote.RemoteWebDriver.findElement(RemoteWebDriver.java:356)
at org.openqa.selenium.remote.RemoteWebDriver.findElement(RemoteWebDriver.java:350)
at org.openqa.selenium.support.ui.ExpectedConditions$6.apply(ExpectedConditions.java:171)
at org.openqa.selenium.support.ui.ExpectedConditions$6.apply(ExpectedConditions.java:168)
at org.openqa.selenium.support.ui.FluentWait.until(FluentWait.java:203)
at pages.LocalGrantsAppPage.clickIncomingTransactions(LocalGrantsAppPage.java:120)
at stepdefs.E2EGrantsWorkflowSteps.clickSidebarLink(E2EGrantsWorkflowSteps.java:260)
at io.cucumber.java.Invoker.doInvoke(Invoker.java:66)
at io.cucumber.java.Invoker.invoke(Invoker.java:24)
at io.cucumber.java.AbstractGlueDefinition.invokeMethod(AbstractGlueDefinition.java:47)
at io.cucumber.java.JavaStepDefinition.execute(JavaStepDefinition.java:29)
at io.cucumber.core.runner.CoreStepDefinition.execute(CoreStepDefinition.java:66)
at io.cucumber.core.runner.PickleStepDefinitionMatch.runStep(PickleStepDefinitionMatch.java:63)
at io.cucumber.core.runner.ExecutionMode$1.execute(ExecutionMode.java:10)
at io.cucumber.core.runner.TestStep.executeStep(TestStep.java:84)
at io.cucumber.core.runner.TestStep.run(TestStep.java:56)
at io.cucumber.core.runner.PickleStepTestStep.run(PickleStepTestStep.java:51)
at io.cucumber.core.runner.TestCase.run(TestCase.java:84)
at io.cucumber.core.runner.Runner.runPickle(Runner.java:75)
at io.cucumber.testng.TestNGCucumberRunner.lambda$runScenario$1(TestNGCucumberRunner.java:132)
at io.cucumber.core.runtime.CucumberExecutionContext.lambda$runTestCase$5(CucumberExecutionContext.java:137)
at io.cucumber.core.runtime.RethrowingThrowableCollector.executeAndThrow(RethrowingThrowableCollector.java:23)
at io.cucumber.core.runtime.CucumberExecutionContext.runTestCase(CucumberExecutionContext.java:137)
at io.cucumber.testng.TestNGCucumberRunner.runScenario(TestNGCucumberRunner.java:129)
at io.cucumber.testng.AbstractTestNGCucumberTests.runScenario(AbstractTestNGCucumberTests.java:35)
at java.base/java.util.ArrayList.forEach(ArrayList.java:1511)
... Removed 37 stack frames]]>
    </failure>
  </testcase> <!-- runScenario -->
  <testcase classname="io.cucumber.testng.AbstractTestNGCucumberTests" name="runScenario" time="23.292">
    <failure type="org.openqa.selenium.TimeoutException" message="Expected condition failed: waiting for visibility of element located by By.xpath: //button[contains(.,&amp;apos;تسجيل الدخول&amp;apos;)] (tried for 20 second(s) with 500 milliseconds interval)
Build info: version: &amp;apos;4.18.1&amp;apos;, revision: &amp;apos;b1d3319b48&amp;apos;
System info: os.name: &amp;apos;Windows 11&amp;apos;, os.arch: &amp;apos;amd64&amp;apos;, os.version: &amp;apos;10.0&amp;apos;, java.version: &amp;apos;17.0.12&amp;apos;
Driver info: org.openqa.selenium.chrome.ChromeDriver
Capabilities {acceptInsecureCerts: false, browserName: chrome, browserVersion: 145.0.7632.160, chrome: {chromedriverVersion: 145.0.7632.117 (de4e5d6e13b..., userDataDir: C:\Users\mahmo\AppData\Loca...}, fedcm:accounts: true, goog:chromeOptions: {debuggerAddress: localhost:61379}, goog:processID: 47712, networkConnectionEnabled: false, pageLoadStrategy: normal, platformName: windows, proxy: Proxy(), se:cdp: ws://localhost:61379/devtoo..., se:cdpVersion: 145.0.7632.160, setWindowRect: true, strictFileInteractability: false, timeouts: {implicit: 0, pageLoad: 300000, script: 30000}, unhandledPromptBehavior: dismiss and notify, webauthn:extension:credBlob: true, webauthn:extension:largeBlob: true, webauthn:extension:minPinLength: true, webauthn:extension:prf: true, webauthn:virtualAuthenticators: true}
Session ID: 43fbb243578b701b61d50243c1fa7fff">
      <![CDATA[org.openqa.selenium.TimeoutException: Expected condition failed: waiting for visibility of element located by By.xpath: //button[contains(.,'تسجيل الدخول')] (tried for 20 second(s) with 500 milliseconds interval)
Build info: version: '4.18.1', revision: 'b1d3319b48'
System info: os.name: 'Windows 11', os.arch: 'amd64', os.version: '10.0', java.version: '17.0.12'
Driver info: org.openqa.selenium.chrome.ChromeDriver
Capabilities {acceptInsecureCerts: false, browserName: chrome, browserVersion: 145.0.7632.160, chrome: {chromedriverVersion: 145.0.7632.117 (de4e5d6e13b..., userDataDir: C:\Users\mahmo\AppData\Loca...}, fedcm:accounts: true, goog:chromeOptions: {debuggerAddress: localhost:61379}, goog:processID: 47712, networkConnectionEnabled: false, pageLoadStrategy: normal, platformName: windows, proxy: Proxy(), se:cdp: ws://localhost:61379/devtoo..., se:cdpVersion: 145.0.7632.160, setWindowRect: true, strictFileInteractability: false, timeouts: {implicit: 0, pageLoad: 300000, script: 30000}, unhandledPromptBehavior: dismiss and notify, webauthn:extension:credBlob: true, webauthn:extension:largeBlob: true, webauthn:extension:minPinLength: true, webauthn:extension:prf: true, webauthn:virtualAuthenticators: true}
Session ID: 43fbb243578b701b61d50243c1fa7fff
at org.openqa.selenium.support.ui.WebDriverWait.timeoutException(WebDriverWait.java:84)
at org.openqa.selenium.support.ui.FluentWait.until(FluentWait.java:228)
at pages.LoginPage.login(LoginPage.java:58)
at stepdefs.E2EGrantsWorkflowSteps.login(E2EGrantsWorkflowSteps.java:98)
at ✽.I login with username "grant_manager" and password "Aa1357@a"(file:///D:/Eastern%20Automation%20Scripts/GrantRoyal_fixed_clean/src/test/resources/features/E2E_abdullah_AllAreas.feature:87)
]]>
    </failure>
  </testcase> <!-- runScenario -->
  <testcase classname="io.cucumber.testng.AbstractTestNGCucumberTests" name="runScenario" time="22.25">
    <failure type="org.openqa.selenium.TimeoutException" message="Expected condition failed: waiting for visibility of element located by By.xpath: //button[contains(.,&amp;apos;تسجيل الدخول&amp;apos;)] (tried for 20 second(s) with 500 milliseconds interval)
Build info: version: &amp;apos;4.18.1&amp;apos;, revision: &amp;apos;b1d3319b48&amp;apos;
System info: os.name: &amp;apos;Windows 11&amp;apos;, os.arch: &amp;apos;amd64&amp;apos;, os.version: &amp;apos;10.0&amp;apos;, java.version: &amp;apos;17.0.12&amp;apos;
Driver info: org.openqa.selenium.chrome.ChromeDriver
Capabilities {acceptInsecureCerts: false, browserName: chrome, browserVersion: 145.0.7632.160, chrome: {chromedriverVersion: 145.0.7632.117 (de4e5d6e13b..., userDataDir: C:\Users\mahmo\AppData\Loca...}, fedcm:accounts: true, goog:chromeOptions: {debuggerAddress: localhost:57547}, goog:processID: 46844, networkConnectionEnabled: false, pageLoadStrategy: normal, platformName: windows, proxy: Proxy(), se:cdp: ws://localhost:57547/devtoo..., se:cdpVersion: 145.0.7632.160, setWindowRect: true, strictFileInteractability: false, timeouts: {implicit: 0, pageLoad: 300000, script: 30000}, unhandledPromptBehavior: dismiss and notify, webauthn:extension:credBlob: true, webauthn:extension:largeBlob: true, webauthn:extension:minPinLength: true, webauthn:extension:prf: true, webauthn:virtualAuthenticators: true}
Session ID: 79efc5651a4aefca363d744f4353c319">
      <![CDATA[org.openqa.selenium.TimeoutException: Expected condition failed: waiting for visibility of element located by By.xpath: //button[contains(.,'تسجيل الدخول')] (tried for 20 second(s) with 500 milliseconds interval)
Build info: version: '4.18.1', revision: 'b1d3319b48'
System info: os.name: 'Windows 11', os.arch: 'amd64', os.version: '10.0', java.version: '17.0.12'
Driver info: org.openqa.selenium.chrome.ChromeDriver
Capabilities {acceptInsecureCerts: false, browserName: chrome, browserVersion: 145.0.7632.160, chrome: {chromedriverVersion: 145.0.7632.117 (de4e5d6e13b..., userDataDir: C:\Users\mahmo\AppData\Loca...}, fedcm:accounts: true, goog:chromeOptions: {debuggerAddress: localhost:57547}, goog:processID: 46844, networkConnectionEnabled: false, pageLoadStrategy: normal, platformName: windows, proxy: Proxy(), se:cdp: ws://localhost:57547/devtoo..., se:cdpVersion: 145.0.7632.160, setWindowRect: true, strictFileInteractability: false, timeouts: {implicit: 0, pageLoad: 300000, script: 30000}, unhandledPromptBehavior: dismiss and notify, webauthn:extension:credBlob: true, webauthn:extension:largeBlob: true, webauthn:extension:minPinLength: true, webauthn:extension:prf: true, webauthn:virtualAuthenticators: true}
Session ID: 79efc5651a4aefca363d744f4353c319
at org.openqa.selenium.support.ui.WebDriverWait.timeoutException(WebDriverWait.java:84)
at org.openqa.selenium.support.ui.FluentWait.until(FluentWait.java:228)
at pages.LoginPage.login(LoginPage.java:58)
at stepdefs.E2EGrantsWorkflowSteps.login(E2EGrantsWorkflowSteps.java:98)
at ✽.I login with username "grant_manager" and password "Aa1357@a"(file:///D:/Eastern%20Automation%20Scripts/GrantRoyal_fixed_clean/src/test/resources/features/E2E_abdullah_AllAreas.feature:87)
]]>
    </failure>
  </testcase> <!-- runScenario -->
  <testcase classname="io.cucumber.testng.AbstractTestNGCucumberTests" name="runScenario" time="39.292">
    <failure type="java.lang.RuntimeException" message="transaction_numbers.txt not found — run Step 1 first.">
      <![CDATA[java.lang.RuntimeException: transaction_numbers.txt not found — run Step 1 first.
at stepdefs.E2EGrantsWorkflowSteps.getTransactionNumberByIndex(E2EGrantsWorkflowSteps.java:422)
at stepdefs.E2EGrantsWorkflowSteps.clickViewOnTransactionByIndex(E2EGrantsWorkflowSteps.java:412)
at ✽.I click "عرض" button on transaction number "TX-03"(file:///D:/Eastern%20Automation%20Scripts/GrantRoyal_fixed_clean/src/test/resources/features/E2E_abdullah_AllAreas.feature:94)
]]>
    </failure>
  </testcase> <!-- runScenario -->
  <testcase classname="io.cucumber.testng.AbstractTestNGCucumberTests" name="runScenario" time="41.204">
    <failure type="java.lang.RuntimeException" message="transaction_numbers.txt not found — run Step 1 first.">
      <![CDATA[java.lang.RuntimeException: transaction_numbers.txt not found — run Step 1 first.
at stepdefs.E2EGrantsWorkflowSteps.getTransactionNumberByIndex(E2EGrantsWorkflowSteps.java:422)
at stepdefs.E2EGrantsWorkflowSteps.clickViewOnTransactionByIndex(E2EGrantsWorkflowSteps.java:412)
at ✽.I click "عرض" button on transaction number "TX-04"(file:///D:/Eastern%20Automation%20Scripts/GrantRoyal_fixed_clean/src/test/resources/features/E2E_abdullah_AllAreas.feature:94)
]]>
    </failure>
  </testcase> <!-- runScenario -->
  <testcase classname="io.cucumber.testng.AbstractTestNGCucumberTests" name="runScenario" time="36.781">
    <failure type="java.lang.RuntimeException" message="transaction_numbers.txt not found — run Step 1 first.">
      <![CDATA[java.lang.RuntimeException: transaction_numbers.txt not found — run Step 1 first.
at stepdefs.E2EGrantsWorkflowSteps.getTransactionNumberByIndex(E2EGrantsWorkflowSteps.java:422)
at stepdefs.E2EGrantsWorkflowSteps.clickViewOnTransactionByIndex(E2EGrantsWorkflowSteps.java:412)
at ✽.I click "عرض" button on transaction number "TX-05"(file:///D:/Eastern%20Automation%20Scripts/GrantRoyal_fixed_clean/src/test/resources/features/E2E_abdullah_AllAreas.feature:94)
]]>
    </failure>
  </testcase> <!-- runScenario -->
  <testcase classname="io.cucumber.testng.AbstractTestNGCucumberTests" name="runScenario" time="26.821">
    <failure type="java.lang.RuntimeException" message="transaction_numbers.txt not found — run Step 1 first.">
      <![CDATA[java.lang.RuntimeException: transaction_numbers.txt not found — run Step 1 first.
at stepdefs.E2EGrantsWorkflowSteps.getTransactionNumberByIndex(E2EGrantsWorkflowSteps.java:422)
at stepdefs.E2EGrantsWorkflowSteps.clickViewOnTransactionByIndex(E2EGrantsWorkflowSteps.java:412)
at ✽.I click "عرض" button on transaction number "TX-06"(file:///D:/Eastern%20Automation%20Scripts/GrantRoyal_fixed_clean/src/test/resources/features/E2E_abdullah_AllAreas.feature:94)
]]>
    </failure>
  </testcase> <!-- runScenario -->
  <testcase classname="io.cucumber.testng.AbstractTestNGCucumberTests" name="runScenario" time="24.599">
    <failure type="java.lang.RuntimeException" message="transaction_numbers.txt not found — run Step 1 first.">
      <![CDATA[java.lang.RuntimeException: transaction_numbers.txt not found — run Step 1 first.
at stepdefs.E2EGrantsWorkflowSteps.getTransactionNumberByIndex(E2EGrantsWorkflowSteps.java:422)
at stepdefs.E2EGrantsWorkflowSteps.clickViewOnTransactionByIndex(E2EGrantsWorkflowSteps.java:412)
at ✽.I click "عرض" button on transaction number "TX-07"(file:///D:/Eastern%20Automation%20Scripts/GrantRoyal_fixed_clean/src/test/resources/features/E2E_abdullah_AllAreas.feature:94)
]]>
    </failure>
  </testcase> <!-- runScenario -->
  <testcase classname="io.cucumber.testng.AbstractTestNGCucumberTests" name="runScenario" time="49.183"/>
  <testcase classname="io.cucumber.testng.AbstractTestNGCucumberTests" name="runScenario" time="50.36"/>
  <testcase classname="io.cucumber.testng.AbstractTestNGCucumberTests" name="runScenario" time="53.775"/>
  <testcase classname="io.cucumber.testng.AbstractTestNGCucumberTests" name="runScenario" time="46.043"/>
  <testcase classname="io.cucumber.testng.AbstractTestNGCucumberTests" name="runScenario" time="45.783"/>
  <testcase classname="io.cucumber.testng.AbstractTestNGCucumberTests" name="runScenario" time="44.631"/>
  <testcase classname="io.cucumber.testng.AbstractTestNGCucumberTests" name="runScenario" time="42.368"/>
  <testcase classname="io.cucumber.testng.AbstractTestNGCucumberTests" name="runScenario" time="33.249">
    <failure type="java.lang.RuntimeException" message="Transaction not found in any page: ٢١٦ / ١٤٤٧">
      <![CDATA[java.lang.RuntimeException: Transaction not found in any page: ٢١٦ / ١٤٤٧
at pages.LocalGrantsAppPage.clickViewOnTransaction(LocalGrantsAppPage.java:226)
at stepdefs.E2EGrantsWorkflowSteps.clickViewOnTransactionByIndex(E2EGrantsWorkflowSteps.java:415)
at ✽.I click "عرض" button on transaction number "TX-01"(file:///D:/Eastern%20Automation%20Scripts/GrantRoyal_fixed_clean/src/test/resources/features/E2E_emad_AllAreas.feature:54)
]]>
    </failure>
  </testcase> <!-- runScenario -->
  <testcase classname="io.cucumber.testng.AbstractTestNGCucumberTests" name="runScenario" time="77.885"/>
  <testcase classname="io.cucumber.testng.AbstractTestNGCucumberTests" name="runScenario" time="89.878"/>
  <testcase classname="io.cucumber.testng.AbstractTestNGCucumberTests" name="runScenario" time="39.474">
    <failure type="java.lang.RuntimeException" message="Transaction not found in any page: ٢١٩ / ١٤٤٧">
      <![CDATA[java.lang.RuntimeException: Transaction not found in any page: ٢١٩ / ١٤٤٧
at pages.LocalGrantsAppPage.clickViewOnTransaction(LocalGrantsAppPage.java:226)
at stepdefs.E2EGrantsWorkflowSteps.clickViewOnTransactionByIndex(E2EGrantsWorkflowSteps.java:415)
at ✽.I click "عرض" button on transaction number "TX-04"(file:///D:/Eastern%20Automation%20Scripts/GrantRoyal_fixed_clean/src/test/resources/features/E2E_emad_AllAreas.feature:54)
]]>
    </failure>
  </testcase> <!-- runScenario -->
  <testcase classname="io.cucumber.testng.AbstractTestNGCucumberTests" name="runScenario" time="67.922">
    <failure type="org.openqa.selenium.ElementClickInterceptedException" message="element click intercepted: Element &amp;lt;a class=&amp;quot;ant-pagination-item-link&amp;quot;&amp;gt;...&amp;lt;/a&amp;gt; is not clickable at point (875, 617). Other element would receive the click: &amp;lt;div class=&amp;quot;spinner-bk&amp;quot;&amp;gt;...&amp;lt;/div&amp;gt;
  (Session info: chrome=145.0.7632.160)
Build info: version: &amp;apos;4.18.1&amp;apos;, revision: &amp;apos;b1d3319b48&amp;apos;
System info: os.name: &amp;apos;Windows 11&amp;apos;, os.arch: &amp;apos;amd64&amp;apos;, os.version: &amp;apos;10.0&amp;apos;, java.version: &amp;apos;17.0.12&amp;apos;
Driver info: org.openqa.selenium.chrome.ChromeDriver
Command: [3f76828015aa70d80a6ef62ffa4fde5d, clickElement {id=f.3E291A0BD9A4A586024314B6FE262586.d.4DFC436625EE4DEB3A8634D06451C43A.e.62}]
Capabilities {acceptInsecureCerts: false, browserName: chrome, browserVersion: 145.0.7632.160, chrome: {chromedriverVersion: 145.0.7632.117 (de4e5d6e13b..., userDataDir: C:\Users\mahmo\AppData\Loca...}, fedcm:accounts: true, goog:chromeOptions: {debuggerAddress: localhost:53241}, goog:processID: 27312, networkConnectionEnabled: false, pageLoadStrategy: normal, platformName: windows, proxy: Proxy(), se:cdp: ws://localhost:53241/devtoo..., se:cdpVersion: 145.0.7632.160, setWindowRect: true, strictFileInteractability: false, timeouts: {implicit: 0, pageLoad: 300000, script: 30000}, unhandledPromptBehavior: dismiss and notify, webauthn:extension:credBlob: true, webauthn:extension:largeBlob: true, webauthn:extension:minPinLength: true, webauthn:extension:prf: true, webauthn:virtualAuthenticators: true}
Element: [[ChromeDriver: chrome on windows (3f76828015aa70d80a6ef62ffa4fde5d)] -&amp;gt; xpath: //li[contains(@class,&amp;apos;ant-pagination-next&amp;apos;) and not(contains(@class,&amp;apos;disabled&amp;apos;))]//a]
Session ID: 3f76828015aa70d80a6ef62ffa4fde5d">
      <![CDATA[org.openqa.selenium.ElementClickInterceptedException: element click intercepted: Element <a class="ant-pagination-item-link">...</a> is not clickable at point (875, 617). Other element would receive the click: <div class="spinner-bk">...</div>
  (Session info: chrome=145.0.7632.160)
Build info: version: '4.18.1', revision: 'b1d3319b48'
System info: os.name: 'Windows 11', os.arch: 'amd64', os.version: '10.0', java.version: '17.0.12'
Driver info: org.openqa.selenium.chrome.ChromeDriver
Command: [3f76828015aa70d80a6ef62ffa4fde5d, clickElement {id=f.3E291A0BD9A4A586024314B6FE262586.d.4DFC436625EE4DEB3A8634D06451C43A.e.62}]
Capabilities {acceptInsecureCerts: false, browserName: chrome, browserVersion: 145.0.7632.160, chrome: {chromedriverVersion: 145.0.7632.117 (de4e5d6e13b..., userDataDir: C:\Users\mahmo\AppData\Loca...}, fedcm:accounts: true, goog:chromeOptions: {debuggerAddress: localhost:53241}, goog:processID: 27312, networkConnectionEnabled: false, pageLoadStrategy: normal, platformName: windows, proxy: Proxy(), se:cdp: ws://localhost:53241/devtoo..., se:cdpVersion: 145.0.7632.160, setWindowRect: true, strictFileInteractability: false, timeouts: {implicit: 0, pageLoad: 300000, script: 30000}, unhandledPromptBehavior: dismiss and notify, webauthn:extension:credBlob: true, webauthn:extension:largeBlob: true, webauthn:extension:minPinLength: true, webauthn:extension:prf: true, webauthn:virtualAuthenticators: true}
Element: [[ChromeDriver: chrome on windows (3f76828015aa70d80a6ef62ffa4fde5d)] -> xpath: //li[contains(@class,'ant-pagination-next') and not(contains(@class,'disabled'))]//a]
Session ID: 3f76828015aa70d80a6ef62ffa4fde5d
at org.openqa.selenium.remote.ErrorCodec.decode(ErrorCodec.java:167)
at org.openqa.selenium.remote.codec.w3c.W3CHttpResponseCodec.decode(W3CHttpResponseCodec.java:138)
at org.openqa.selenium.remote.codec.w3c.W3CHttpResponseCodec.decode(W3CHttpResponseCodec.java:50)
at org.openqa.selenium.remote.HttpCommandExecutor.execute(HttpCommandExecutor.java:190)
at org.openqa.selenium.remote.service.DriverCommandExecutor.invokeExecute(DriverCommandExecutor.java:216)
at org.openqa.selenium.remote.service.DriverCommandExecutor.execute(DriverCommandExecutor.java:174)
at org.openqa.selenium.remote.RemoteWebDriver.execute(RemoteWebDriver.java:519)
at org.openqa.selenium.remote.RemoteWebElement.execute(RemoteWebElement.java:223)
at org.openqa.selenium.remote.RemoteWebElement.click(RemoteWebElement.java:76)
at pages.LocalGrantsAppPage.clickViewOnTransaction(LocalGrantsAppPage.java:221)
at stepdefs.E2EGrantsWorkflowSteps.clickViewOnTransactionByIndex(E2EGrantsWorkflowSteps.java:415)
at ✽.I click "عرض" button on transaction number "TX-05"(file:///D:/Eastern%20Automation%20Scripts/GrantRoyal_fixed_clean/src/test/resources/features/E2E_emad_AllAreas.feature:54)
... Removed 5 stack frames]]>
    </failure>
  </testcase> <!-- runScenario -->
  <testcase classname="io.cucumber.testng.AbstractTestNGCucumberTests" name="runScenario" time="98.789"/>
  <testcase classname="io.cucumber.testng.AbstractTestNGCucumberTests" name="runScenario" time="92.804"/>
  <testcase classname="io.cucumber.testng.AbstractTestNGCucumberTests" name="runScenario" time="48.613">
    <failure type="java.lang.RuntimeException" message="Transaction not found in any page: ٢١٦ / ١٤٤٧">
      <![CDATA[java.lang.RuntimeException: Transaction not found in any page: ٢١٦ / ١٤٤٧
at pages.LocalGrantsAppPage.clickViewOnTransaction(LocalGrantsAppPage.java:226)
at stepdefs.E2EGrantsWorkflowSteps.clickViewOnTransactionByIndex(E2EGrantsWorkflowSteps.java:415)
at ✽.I click "عرض" button on transaction number "TX-01"(file:///D:/Eastern%20Automation%20Scripts/GrantRoyal_fixed_clean/src/test/resources/features/E2E_emad_AllAreas.feature:94)
]]>
    </failure>
  </testcase> <!-- runScenario -->
  <testcase classname="io.cucumber.testng.AbstractTestNGCucumberTests" name="runScenario" time="15.71">
    <failure type="org.openqa.selenium.NoSuchSessionException" message="invalid session id: session deleted as the browser has closed the connection
from disconnected: Unable to receive message from renderer
  (Session info: chrome=145.0.7632.160)
Build info: version: &amp;apos;4.18.1&amp;apos;, revision: &amp;apos;b1d3319b48&amp;apos;
System info: os.name: &amp;apos;Windows 11&amp;apos;, os.arch: &amp;apos;amd64&amp;apos;, os.version: &amp;apos;10.0&amp;apos;, java.version: &amp;apos;17.0.12&amp;apos;
Driver info: org.openqa.selenium.chrome.ChromeDriver
Command: [2eba79f7c5b50a0328c4be5c8f296ddf, clickElement {id=f.436C52250253ADAA934B0CEDFB5CB14B.d.BF3F7F94E10B7406735FA201A3310A33.e.98}]
Capabilities {acceptInsecureCerts: false, browserName: chrome, browserVersion: 145.0.7632.160, chrome: {chromedriverVersion: 145.0.7632.117 (de4e5d6e13b..., userDataDir: C:\Users\mahmo\AppData\Loca...}, fedcm:accounts: true, goog:chromeOptions: {debuggerAddress: localhost:54438}, goog:processID: 45964, networkConnectionEnabled: false, pageLoadStrategy: normal, platformName: windows, proxy: Proxy(), se:cdp: ws://localhost:54438/devtoo..., se:cdpVersion: 145.0.7632.160, setWindowRect: true, strictFileInteractability: false, timeouts: {implicit: 0, pageLoad: 300000, script: 30000}, unhandledPromptBehavior: dismiss and notify, webauthn:extension:credBlob: true, webauthn:extension:largeBlob: true, webauthn:extension:minPinLength: true, webauthn:extension:prf: true, webauthn:virtualAuthenticators: true}
Element: [[ChromeDriver: chrome on windows (2eba79f7c5b50a0328c4be5c8f296ddf)] -&amp;gt; xpath: //a[contains(@href,&amp;apos;grantroyal&amp;apos;)]//button[contains(.,&amp;apos;الدخول&amp;apos;)]]
Session ID: 2eba79f7c5b50a0328c4be5c8f296ddf">
      <![CDATA[org.openqa.selenium.NoSuchSessionException: invalid session id: session deleted as the browser has closed the connection
from disconnected: Unable to receive message from renderer
  (Session info: chrome=145.0.7632.160)
Build info: version: '4.18.1', revision: 'b1d3319b48'
System info: os.name: 'Windows 11', os.arch: 'amd64', os.version: '10.0', java.version: '17.0.12'
Driver info: org.openqa.selenium.chrome.ChromeDriver
Command: [2eba79f7c5b50a0328c4be5c8f296ddf, clickElement {id=f.436C52250253ADAA934B0CEDFB5CB14B.d.BF3F7F94E10B7406735FA201A3310A33.e.98}]
Capabilities {acceptInsecureCerts: false, browserName: chrome, browserVersion: 145.0.7632.160, chrome: {chromedriverVersion: 145.0.7632.117 (de4e5d6e13b..., userDataDir: C:\Users\mahmo\AppData\Loca...}, fedcm:accounts: true, goog:chromeOptions: {debuggerAddress: localhost:54438}, goog:processID: 45964, networkConnectionEnabled: false, pageLoadStrategy: normal, platformName: windows, proxy: Proxy(), se:cdp: ws://localhost:54438/devtoo..., se:cdpVersion: 145.0.7632.160, setWindowRect: true, strictFileInteractability: false, timeouts: {implicit: 0, pageLoad: 300000, script: 30000}, unhandledPromptBehavior: dismiss and notify, webauthn:extension:credBlob: true, webauthn:extension:largeBlob: true, webauthn:extension:minPinLength: true, webauthn:extension:prf: true, webauthn:virtualAuthenticators: true}
Element: [[ChromeDriver: chrome on windows (2eba79f7c5b50a0328c4be5c8f296ddf)] -> xpath: //a[contains(@href,'grantroyal')]//button[contains(.,'الدخول')]]
Session ID: 2eba79f7c5b50a0328c4be5c8f296ddf
at org.openqa.selenium.remote.ErrorCodec.decode(ErrorCodec.java:167)
at org.openqa.selenium.remote.codec.w3c.W3CHttpResponseCodec.decode(W3CHttpResponseCodec.java:138)
at org.openqa.selenium.remote.codec.w3c.W3CHttpResponseCodec.decode(W3CHttpResponseCodec.java:50)
at org.openqa.selenium.remote.HttpCommandExecutor.execute(HttpCommandExecutor.java:190)
at org.openqa.selenium.remote.service.DriverCommandExecutor.invokeExecute(DriverCommandExecutor.java:216)
at org.openqa.selenium.remote.service.DriverCommandExecutor.execute(DriverCommandExecutor.java:174)
at org.openqa.selenium.remote.RemoteWebDriver.execute(RemoteWebDriver.java:519)
at org.openqa.selenium.remote.RemoteWebElement.execute(RemoteWebElement.java:223)
at org.openqa.selenium.remote.RemoteWebElement.click(RemoteWebElement.java:76)
at pages.AppsPage.clickGrantsAppCard(AppsPage.java:60)
at stepdefs.E2EGrantsWorkflowSteps.clickAppCard(E2EGrantsWorkflowSteps.java:109)
at ✽.I click on "المنح الملكية" app card(file:///D:/Eastern%20Automation%20Scripts/GrantRoyal_fixed_clean/src/test/resources/features/E2E_emad_AllAreas.feature:89)
... Removed 5 stack frames]]>
    </failure>
  </testcase> <!-- runScenario -->
  <testcase classname="io.cucumber.testng.AbstractTestNGCucumberTests" name="runScenario" time="14370.506">
    <failure type="org.openqa.selenium.TimeoutException" message="java.net.http.HttpTimeoutException: request timed out
Build info: version: &amp;apos;4.18.1&amp;apos;, revision: &amp;apos;b1d3319b48&amp;apos;
System info: os.name: &amp;apos;Windows 11&amp;apos;, os.arch: &amp;apos;amd64&amp;apos;, os.version: &amp;apos;10.0&amp;apos;, java.version: &amp;apos;17.0.12&amp;apos;
Driver info: org.openqa.selenium.chrome.ChromeDriver
Command: [8068e7709f48e36f5a150dd6cf306ec6, refresh {}]
Capabilities {acceptInsecureCerts: false, browserName: chrome, browserVersion: 145.0.7632.160, chrome: {chromedriverVersion: 145.0.7632.117 (de4e5d6e13b..., userDataDir: C:\Users\mahmo\AppData\Loca...}, fedcm:accounts: true, goog:chromeOptions: {debuggerAddress: localhost:60771}, goog:processID: 18888, networkConnectionEnabled: false, pageLoadStrategy: normal, platformName: windows, proxy: Proxy(), se:cdp: ws://localhost:60771/devtoo..., se:cdpVersion: 145.0.7632.160, setWindowRect: true, strictFileInteractability: false, timeouts: {implicit: 0, pageLoad: 300000, script: 30000}, unhandledPromptBehavior: dismiss and notify, webauthn:extension:credBlob: true, webauthn:extension:largeBlob: true, webauthn:extension:minPinLength: true, webauthn:extension:prf: true, webauthn:virtualAuthenticators: true}
Session ID: 8068e7709f48e36f5a150dd6cf306ec6">
      <![CDATA[org.openqa.selenium.TimeoutException: java.net.http.HttpTimeoutException: request timed out
Build info: version: '4.18.1', revision: 'b1d3319b48'
System info: os.name: 'Windows 11', os.arch: 'amd64', os.version: '10.0', java.version: '17.0.12'
Driver info: org.openqa.selenium.chrome.ChromeDriver
Command: [8068e7709f48e36f5a150dd6cf306ec6, refresh {}]
Capabilities {acceptInsecureCerts: false, browserName: chrome, browserVersion: 145.0.7632.160, chrome: {chromedriverVersion: 145.0.7632.117 (de4e5d6e13b..., userDataDir: C:\Users\mahmo\AppData\Loca...}, fedcm:accounts: true, goog:chromeOptions: {debuggerAddress: localhost:60771}, goog:processID: 18888, networkConnectionEnabled: false, pageLoadStrategy: normal, platformName: windows, proxy: Proxy(), se:cdp: ws://localhost:60771/devtoo..., se:cdpVersion: 145.0.7632.160, setWindowRect: true, strictFileInteractability: false, timeouts: {implicit: 0, pageLoad: 300000, script: 30000}, unhandledPromptBehavior: dismiss and notify, webauthn:extension:credBlob: true, webauthn:extension:largeBlob: true, webauthn:extension:minPinLength: true, webauthn:extension:prf: true, webauthn:virtualAuthenticators: true}
Session ID: 8068e7709f48e36f5a150dd6cf306ec6
at org.openqa.selenium.remote.http.jdk.JdkHttpClient.execute0(JdkHttpClient.java:393)
at org.openqa.selenium.remote.http.AddSeleniumUserAgent.lambda$apply$0(AddSeleniumUserAgent.java:42)
at org.openqa.selenium.remote.http.Filter.lambda$andFinally$1(Filter.java:55)
at org.openqa.selenium.remote.http.jdk.JdkHttpClient.execute(JdkHttpClient.java:359)
at org.openqa.selenium.remote.HttpCommandExecutor.execute(HttpCommandExecutor.java:187)
at org.openqa.selenium.remote.service.DriverCommandExecutor.invokeExecute(DriverCommandExecutor.java:216)
at org.openqa.selenium.remote.service.DriverCommandExecutor.execute(DriverCommandExecutor.java:174)
at org.openqa.selenium.remote.RemoteWebDriver.execute(RemoteWebDriver.java:519)
at org.openqa.selenium.remote.RemoteWebDriver.execute(RemoteWebDriver.java:592)
at org.openqa.selenium.remote.RemoteWebDriver.execute(RemoteWebDriver.java:596)
at org.openqa.selenium.remote.RemoteWebDriver$RemoteNavigation.refresh(RemoteWebDriver.java:1074)
at stepdefs.E2EGrantsWorkflowSteps.navigateToPortal(E2EGrantsWorkflowSteps.java:91)
at ✽.I navigate to the portal login page(file:///D:/Eastern%20Automation%20Scripts/GrantRoyal_fixed_clean/src/test/resources/features/E2E_emad_AllAreas.feature:86)
Caused by: java.net.http.HttpTimeoutException: request timed out
at java.net.http/jdk.internal.net.http.ResponseTimerEvent.handle(ResponseTimerEvent.java:63)
at java.net.http/jdk.internal.net.http.HttpClientImpl.purgeTimeoutsAndReturnNextDeadline(HttpClientImpl.java:1273)
at java.net.http/jdk.internal.net.http.HttpClientImpl$SelectorManager.run(HttpClientImpl.java:902)
]]>
    </failure>
  </testcase> <!-- runScenario -->
  <testcase classname="io.cucumber.testng.AbstractTestNGCucumberTests" name="runScenario" time="53.866">
    <failure type="java.lang.RuntimeException" message="Transaction not found in any page: ٢١٩ / ١٤٤٧">
      <![CDATA[java.lang.RuntimeException: Transaction not found in any page: ٢١٩ / ١٤٤٧
at pages.LocalGrantsAppPage.clickViewOnTransaction(LocalGrantsAppPage.java:226)
at stepdefs.E2EGrantsWorkflowSteps.clickViewOnTransactionByIndex(E2EGrantsWorkflowSteps.java:415)
at ✽.I click "عرض" button on transaction number "TX-04"(file:///D:/Eastern%20Automation%20Scripts/GrantRoyal_fixed_clean/src/test/resources/features/E2E_emad_AllAreas.feature:94)
]]>
    </failure>
  </testcase> <!-- runScenario -->
  <testcase classname="io.cucumber.testng.AbstractTestNGCucumberTests" name="runScenario" time="40.988">
    <failure type="java.lang.RuntimeException" message="Transaction not found in any page: ٢٢٠ / ١٤٤٧">
      <![CDATA[java.lang.RuntimeException: Transaction not found in any page: ٢٢٠ / ١٤٤٧
at pages.LocalGrantsAppPage.clickViewOnTransaction(LocalGrantsAppPage.java:226)
at stepdefs.E2EGrantsWorkflowSteps.clickViewOnTransactionByIndex(E2EGrantsWorkflowSteps.java:415)
at ✽.I click "عرض" button on transaction number "TX-05"(file:///D:/Eastern%20Automation%20Scripts/GrantRoyal_fixed_clean/src/test/resources/features/E2E_emad_AllAreas.feature:94)
]]>
    </failure>
  </testcase> <!-- runScenario -->
  <testcase classname="io.cucumber.testng.AbstractTestNGCucumberTests" name="runScenario" time="47.9"/>
  <testcase classname="io.cucumber.testng.AbstractTestNGCucumberTests" name="runScenario" time="29.338">
    <failure type="org.openqa.selenium.ElementClickInterceptedException" message="element click intercepted: Element &amp;lt;a class=&amp;quot;ant-pagination-item-link&amp;quot;&amp;gt;...&amp;lt;/a&amp;gt; is not clickable at point (719, 617). Other element would receive the click: &amp;lt;div class=&amp;quot;spinner-bk&amp;quot;&amp;gt;...&amp;lt;/div&amp;gt;
  (Session info: chrome=145.0.7632.160)
Build info: version: &amp;apos;4.18.1&amp;apos;, revision: &amp;apos;b1d3319b48&amp;apos;
System info: os.name: &amp;apos;Windows 11&amp;apos;, os.arch: &amp;apos;amd64&amp;apos;, os.version: &amp;apos;10.0&amp;apos;, java.version: &amp;apos;17.0.12&amp;apos;
Driver info: org.openqa.selenium.chrome.ChromeDriver
Command: [20a61e4abbea7fa1a9c58b59d9d668a1, clickElement {id=f.A6B89BFB016CE0EF03F7E55A672D0978.d.CF5281EBEF530326479C50CE9FD98061.e.33}]
Capabilities {acceptInsecureCerts: false, browserName: chrome, browserVersion: 145.0.7632.160, chrome: {chromedriverVersion: 145.0.7632.117 (de4e5d6e13b..., userDataDir: C:\Users\mahmo\AppData\Loca...}, fedcm:accounts: true, goog:chromeOptions: {debuggerAddress: localhost:56978}, goog:processID: 6568, networkConnectionEnabled: false, pageLoadStrategy: normal, platformName: windows, proxy: Proxy(), se:cdp: ws://localhost:56978/devtoo..., se:cdpVersion: 145.0.7632.160, setWindowRect: true, strictFileInteractability: false, timeouts: {implicit: 0, pageLoad: 300000, script: 30000}, unhandledPromptBehavior: dismiss and notify, webauthn:extension:credBlob: true, webauthn:extension:largeBlob: true, webauthn:extension:minPinLength: true, webauthn:extension:prf: true, webauthn:virtualAuthenticators: true}
Element: [[ChromeDriver: chrome on windows (20a61e4abbea7fa1a9c58b59d9d668a1)] -&amp;gt; xpath: //li[contains(@class,&amp;apos;ant-pagination-next&amp;apos;) and not(contains(@class,&amp;apos;disabled&amp;apos;))]//a]
Session ID: 20a61e4abbea7fa1a9c58b59d9d668a1">
      <![CDATA[org.openqa.selenium.ElementClickInterceptedException: element click intercepted: Element <a class="ant-pagination-item-link">...</a> is not clickable at point (719, 617). Other element would receive the click: <div class="spinner-bk">...</div>
  (Session info: chrome=145.0.7632.160)
Build info: version: '4.18.1', revision: 'b1d3319b48'
System info: os.name: 'Windows 11', os.arch: 'amd64', os.version: '10.0', java.version: '17.0.12'
Driver info: org.openqa.selenium.chrome.ChromeDriver
Command: [20a61e4abbea7fa1a9c58b59d9d668a1, clickElement {id=f.A6B89BFB016CE0EF03F7E55A672D0978.d.CF5281EBEF530326479C50CE9FD98061.e.33}]
Capabilities {acceptInsecureCerts: false, browserName: chrome, browserVersion: 145.0.7632.160, chrome: {chromedriverVersion: 145.0.7632.117 (de4e5d6e13b..., userDataDir: C:\Users\mahmo\AppData\Loca...}, fedcm:accounts: true, goog:chromeOptions: {debuggerAddress: localhost:56978}, goog:processID: 6568, networkConnectionEnabled: false, pageLoadStrategy: normal, platformName: windows, proxy: Proxy(), se:cdp: ws://localhost:56978/devtoo..., se:cdpVersion: 145.0.7632.160, setWindowRect: true, strictFileInteractability: false, timeouts: {implicit: 0, pageLoad: 300000, script: 30000}, unhandledPromptBehavior: dismiss and notify, webauthn:extension:credBlob: true, webauthn:extension:largeBlob: true, webauthn:extension:minPinLength: true, webauthn:extension:prf: true, webauthn:virtualAuthenticators: true}
Element: [[ChromeDriver: chrome on windows (20a61e4abbea7fa1a9c58b59d9d668a1)] -> xpath: //li[contains(@class,'ant-pagination-next') and not(contains(@class,'disabled'))]//a]
Session ID: 20a61e4abbea7fa1a9c58b59d9d668a1
at org.openqa.selenium.remote.ErrorCodec.decode(ErrorCodec.java:167)
at org.openqa.selenium.remote.codec.w3c.W3CHttpResponseCodec.decode(W3CHttpResponseCodec.java:138)
at org.openqa.selenium.remote.codec.w3c.W3CHttpResponseCodec.decode(W3CHttpResponseCodec.java:50)
at org.openqa.selenium.remote.HttpCommandExecutor.execute(HttpCommandExecutor.java:190)
at org.openqa.selenium.remote.service.DriverCommandExecutor.invokeExecute(DriverCommandExecutor.java:216)
at org.openqa.selenium.remote.service.DriverCommandExecutor.execute(DriverCommandExecutor.java:174)
at org.openqa.selenium.remote.RemoteWebDriver.execute(RemoteWebDriver.java:519)
at org.openqa.selenium.remote.RemoteWebElement.execute(RemoteWebElement.java:223)
at org.openqa.selenium.remote.RemoteWebElement.click(RemoteWebElement.java:76)
at pages.LocalGrantsAppPage.clickViewOnTransaction(LocalGrantsAppPage.java:221)
at stepdefs.E2EGrantsWorkflowSteps.clickViewOnTransactionByIndex(E2EGrantsWorkflowSteps.java:415)
at ✽.I click "عرض" button on transaction number "TX-07"(file:///D:/Eastern%20Automation%20Scripts/GrantRoyal_fixed_clean/src/test/resources/features/E2E_emad_AllAreas.feature:94)
... Removed 5 stack frames]]>
    </failure>
  </testcase> <!-- runScenario -->
  <testcase classname="io.cucumber.testng.AbstractTestNGCucumberTests" name="runScenario" time="40.902"/>
  <testcase classname="io.cucumber.testng.AbstractTestNGCucumberTests" name="runScenario" time="29.855"/>
  <testcase classname="io.cucumber.testng.AbstractTestNGCucumberTests" name="runScenario" time="26.354"/>
  <testcase classname="io.cucumber.testng.AbstractTestNGCucumberTests" name="runScenario" time="29.534"/>
  <testcase classname="io.cucumber.testng.AbstractTestNGCucumberTests" name="runScenario" time="29.932"/>
  <testcase classname="io.cucumber.testng.AbstractTestNGCucumberTests" name="runScenario" time="27.984"/>
  <testcase classname="io.cucumber.testng.AbstractTestNGCucumberTests" name="runScenario" time="301.439">
    <failure type="org.openqa.selenium.TimeoutException" message="java.util.concurrent.TimeoutException
Build info: version: &amp;apos;4.18.1&amp;apos;, revision: &amp;apos;b1d3319b48&amp;apos;
System info: os.name: &amp;apos;Windows 11&amp;apos;, os.arch: &amp;apos;amd64&amp;apos;, os.version: &amp;apos;10.0&amp;apos;, java.version: &amp;apos;17.0.12&amp;apos;
Driver info: org.openqa.selenium.chrome.ChromeDriver
Command: [ebae9d201449a0d94b25cc3ba307e9e7, get {url=https://geoservices1.syadtech.com/home/login}]
Capabilities {acceptInsecureCerts: false, browserName: chrome, browserVersion: 145.0.7632.160, chrome: {chromedriverVersion: 145.0.7632.117 (de4e5d6e13b..., userDataDir: C:\Users\mahmo\AppData\Loca...}, fedcm:accounts: true, goog:chromeOptions: {debuggerAddress: localhost:53037}, goog:processID: 16764, networkConnectionEnabled: false, pageLoadStrategy: normal, platformName: windows, proxy: Proxy(), se:cdp: ws://localhost:53037/devtoo..., se:cdpVersion: 145.0.7632.160, setWindowRect: true, strictFileInteractability: false, timeouts: {implicit: 0, pageLoad: 300000, script: 30000}, unhandledPromptBehavior: dismiss and notify, webauthn:extension:credBlob: true, webauthn:extension:largeBlob: true, webauthn:extension:minPinLength: true, webauthn:extension:prf: true, webauthn:virtualAuthenticators: true}
Session ID: ebae9d201449a0d94b25cc3ba307e9e7">
      <![CDATA[org.openqa.selenium.TimeoutException: java.util.concurrent.TimeoutException
Build info: version: '4.18.1', revision: 'b1d3319b48'
System info: os.name: 'Windows 11', os.arch: 'amd64', os.version: '10.0', java.version: '17.0.12'
Driver info: org.openqa.selenium.chrome.ChromeDriver
Command: [ebae9d201449a0d94b25cc3ba307e9e7, get {url=https://geoservices1.syadtech.com/home/login}]
Capabilities {acceptInsecureCerts: false, browserName: chrome, browserVersion: 145.0.7632.160, chrome: {chromedriverVersion: 145.0.7632.117 (de4e5d6e13b..., userDataDir: C:\Users\mahmo\AppData\Loca...}, fedcm:accounts: true, goog:chromeOptions: {debuggerAddress: localhost:53037}, goog:processID: 16764, networkConnectionEnabled: false, pageLoadStrategy: normal, platformName: windows, proxy: Proxy(), se:cdp: ws://localhost:53037/devtoo..., se:cdpVersion: 145.0.7632.160, setWindowRect: true, strictFileInteractability: false, timeouts: {implicit: 0, pageLoad: 300000, script: 30000}, unhandledPromptBehavior: dismiss and notify, webauthn:extension:credBlob: true, webauthn:extension:largeBlob: true, webauthn:extension:minPinLength: true, webauthn:extension:prf: true, webauthn:virtualAuthenticators: true}
Session ID: ebae9d201449a0d94b25cc3ba307e9e7
at org.openqa.selenium.remote.http.jdk.JdkHttpClient.execute0(JdkHttpClient.java:403)
at org.openqa.selenium.remote.http.AddSeleniumUserAgent.lambda$apply$0(AddSeleniumUserAgent.java:42)
at org.openqa.selenium.remote.http.Filter.lambda$andFinally$1(Filter.java:55)
at org.openqa.selenium.remote.http.jdk.JdkHttpClient.execute(JdkHttpClient.java:359)
at org.openqa.selenium.remote.HttpCommandExecutor.execute(HttpCommandExecutor.java:187)
at org.openqa.selenium.remote.service.DriverCommandExecutor.invokeExecute(DriverCommandExecutor.java:216)
at org.openqa.selenium.remote.service.DriverCommandExecutor.execute(DriverCommandExecutor.java:174)
at org.openqa.selenium.remote.RemoteWebDriver.execute(RemoteWebDriver.java:519)
at org.openqa.selenium.remote.RemoteWebDriver.get(RemoteWebDriver.java:301)
at stepdefs.E2EGrantsWorkflowSteps.navigateToPortal(E2EGrantsWorkflowSteps.java:90)
at ✽.I navigate to the portal login page(file:///D:/Eastern%20Automation%20Scripts/GrantRoyal_fixed_clean/src/test/resources/features/E2E_ibrahem_AllAreas.feature:10)
Caused by: java.util.concurrent.TimeoutException
at java.base/java.util.concurrent.CompletableFuture.timedGet(CompletableFuture.java:1960)
at java.base/java.util.concurrent.CompletableFuture.get(CompletableFuture.java:2095)
at org.openqa.selenium.remote.http.jdk.JdkHttpClient.execute0(JdkHttpClient.java:386)
at org.openqa.selenium.remote.http.AddSeleniumUserAgent.lambda$apply$0(AddSeleniumUserAgent.java:42)
at org.openqa.selenium.remote.http.Filter.lambda$andFinally$1(Filter.java:55)
at org.openqa.selenium.remote.http.jdk.JdkHttpClient.execute(JdkHttpClient.java:359)
at org.openqa.selenium.remote.HttpCommandExecutor.execute(HttpCommandExecutor.java:187)
at org.openqa.selenium.remote.service.DriverCommandExecutor.invokeExecute(DriverCommandExecutor.java:216)
at org.openqa.selenium.remote.service.DriverCommandExecutor.execute(DriverCommandExecutor.java:174)
at org.openqa.selenium.remote.RemoteWebDriver.execute(RemoteWebDriver.java:519)
at org.openqa.selenium.remote.RemoteWebDriver.get(RemoteWebDriver.java:301)
at stepdefs.E2EGrantsWorkflowSteps.navigateToPortal(E2EGrantsWorkflowSteps.java:90)
at io.cucumber.java.Invoker.doInvoke(Invoker.java:66)
at io.cucumber.java.Invoker.invoke(Invoker.java:24)
at io.cucumber.java.AbstractGlueDefinition.invokeMethod(AbstractGlueDefinition.java:47)
at io.cucumber.java.JavaStepDefinition.execute(JavaStepDefinition.java:29)
at io.cucumber.core.runner.CoreStepDefinition.execute(CoreStepDefinition.java:66)
at io.cucumber.core.runner.PickleStepDefinitionMatch.runStep(PickleStepDefinitionMatch.java:63)
at io.cucumber.core.runner.ExecutionMode$1.execute(ExecutionMode.java:10)
at io.cucumber.core.runner.TestStep.executeStep(TestStep.java:84)
at io.cucumber.core.runner.TestStep.run(TestStep.java:56)
at io.cucumber.core.runner.PickleStepTestStep.run(PickleStepTestStep.java:51)
at io.cucumber.core.runner.TestCase.run(TestCase.java:84)
at io.cucumber.core.runner.Runner.runPickle(Runner.java:75)
at io.cucumber.testng.TestNGCucumberRunner.lambda$runScenario$1(TestNGCucumberRunner.java:132)
at io.cucumber.core.runtime.CucumberExecutionContext.lambda$runTestCase$5(CucumberExecutionContext.java:137)
at io.cucumber.core.runtime.RethrowingThrowableCollector.executeAndThrow(RethrowingThrowableCollector.java:23)
at io.cucumber.core.runtime.CucumberExecutionContext.runTestCase(CucumberExecutionContext.java:137)
at io.cucumber.testng.TestNGCucumberRunner.runScenario(TestNGCucumberRunner.java:129)
at io.cucumber.testng.AbstractTestNGCucumberTests.runScenario(AbstractTestNGCucumberTests.java:35)
at java.base/java.util.ArrayList.forEach(ArrayList.java:1511)
... Removed 33 stack frames]]>
    </failure>
  </testcase> <!-- runScenario -->
  <testcase classname="io.cucumber.testng.AbstractTestNGCucumberTests" name="runScenario" time="61.76"/>
  <testcase classname="io.cucumber.testng.AbstractTestNGCucumberTests" name="runScenario" time="58.812"/>
  <testcase classname="io.cucumber.testng.AbstractTestNGCucumberTests" name="runScenario" time="62.034"/>
  <testcase classname="io.cucumber.testng.AbstractTestNGCucumberTests" name="runScenario" time="67.062"/>
  <testcase classname="io.cucumber.testng.AbstractTestNGCucumberTests" name="runScenario" time="69.664"/>
  <testcase classname="io.cucumber.testng.AbstractTestNGCucumberTests" name="runScenario" time="69.532"/>
  <testcase classname="io.cucumber.testng.AbstractTestNGCucumberTests" name="runScenario" time="19.538">
    <failure type="java.lang.RuntimeException" message="Index 6 out of range. Only 6 transactions saved.">
      <![CDATA[java.lang.RuntimeException: Index 6 out of range. Only 6 transactions saved.
at stepdefs.E2EGrantsWorkflowSteps.getTransactionNumberByIndex(E2EGrantsWorkflowSteps.java:428)
at stepdefs.E2EGrantsWorkflowSteps.clickViewOnTransactionByIndex(E2EGrantsWorkflowSteps.java:412)
at ✽.I click "عرض" button on transaction number "TX-07"(file:///D:/Eastern%20Automation%20Scripts/GrantRoyal_fixed_clean/src/test/resources/features/E2E_ibrahem_AllAreas.feature:54)
]]>
    </failure>
  </testcase> <!-- runScenario -->
  <testcase classname="io.cucumber.testng.AbstractTestNGCucumberTests" name="runScenario" time="38.436"/>
  <testcase classname="io.cucumber.testng.AbstractTestNGCucumberTests" name="runScenario" time="41.371"/>
  <testcase classname="io.cucumber.testng.AbstractTestNGCucumberTests" name="runScenario" time="41.171"/>
  <testcase classname="io.cucumber.testng.AbstractTestNGCucumberTests" name="runScenario" time="61.056"/>
  <testcase classname="io.cucumber.testng.AbstractTestNGCucumberTests" name="runScenario" time="65.823"/>
  <testcase classname="io.cucumber.testng.AbstractTestNGCucumberTests" name="runScenario" time="37.452"/>
  <testcase classname="io.cucumber.testng.AbstractTestNGCucumberTests" name="runScenario" time="40.298">
    <failure type="java.lang.RuntimeException" message="Index 6 out of range. Only 6 transactions saved.">
      <![CDATA[java.lang.RuntimeException: Index 6 out of range. Only 6 transactions saved.
at stepdefs.E2EGrantsWorkflowSteps.getTransactionNumberByIndex(E2EGrantsWorkflowSteps.java:428)
at stepdefs.E2EGrantsWorkflowSteps.clickViewOnTransactionByIndex(E2EGrantsWorkflowSteps.java:412)
at ✽.I click "عرض" button on transaction number "TX-07"(file:///D:/Eastern%20Automation%20Scripts/GrantRoyal_fixed_clean/src/test/resources/features/E2E_ibrahem_AllAreas.feature:94)
]]>
    </failure>
  </testcase> <!-- runScenario -->
  <testcase classname="io.cucumber.testng.AbstractTestNGCucumberTests" name="runScenario" time="37.483"/>
  <testcase classname="io.cucumber.testng.AbstractTestNGCucumberTests" name="runScenario" time="35.139"/>
  <testcase classname="io.cucumber.testng.AbstractTestNGCucumberTests" name="runScenario" time="40.877"/>
  <testcase classname="io.cucumber.testng.AbstractTestNGCucumberTests" name="runScenario" time="37.583"/>
  <testcase classname="io.cucumber.testng.AbstractTestNGCucumberTests" name="runScenario" time="29.024"/>
  <testcase classname="io.cucumber.testng.AbstractTestNGCucumberTests" name="runScenario" time="43.257"/>
  <testcase classname="io.cucumber.testng.AbstractTestNGCucumberTests" name="runScenario" time="62.274"/>
  <testcase classname="io.cucumber.testng.AbstractTestNGCucumberTests" name="runScenario" time="92.794"/>
  <testcase classname="io.cucumber.testng.AbstractTestNGCucumberTests" name="runScenario" time="301.283">
    <failure type="org.openqa.selenium.TimeoutException" message="java.util.concurrent.TimeoutException
Build info: version: &amp;apos;4.18.1&amp;apos;, revision: &amp;apos;b1d3319b48&amp;apos;
System info: os.name: &amp;apos;Windows 11&amp;apos;, os.arch: &amp;apos;amd64&amp;apos;, os.version: &amp;apos;10.0&amp;apos;, java.version: &amp;apos;17.0.12&amp;apos;
Driver info: org.openqa.selenium.chrome.ChromeDriver
Command: [2713f43bc8de6fa850fdd2e25c2c1af5, get {url=https://geoservices1.syadtech.com/home/login}]
Capabilities {acceptInsecureCerts: false, browserName: chrome, browserVersion: 145.0.7632.160, chrome: {chromedriverVersion: 145.0.7632.117 (de4e5d6e13b..., userDataDir: C:\Users\mahmo\AppData\Loca...}, fedcm:accounts: true, goog:chromeOptions: {debuggerAddress: localhost:64788}, goog:processID: 22368, networkConnectionEnabled: false, pageLoadStrategy: normal, platformName: windows, proxy: Proxy(), se:cdp: ws://localhost:64788/devtoo..., se:cdpVersion: 145.0.7632.160, setWindowRect: true, strictFileInteractability: false, timeouts: {implicit: 0, pageLoad: 300000, script: 30000}, unhandledPromptBehavior: dismiss and notify, webauthn:extension:credBlob: true, webauthn:extension:largeBlob: true, webauthn:extension:minPinLength: true, webauthn:extension:prf: true, webauthn:virtualAuthenticators: true}
Session ID: 2713f43bc8de6fa850fdd2e25c2c1af5">
      <![CDATA[org.openqa.selenium.TimeoutException: java.util.concurrent.TimeoutException
Build info: version: '4.18.1', revision: 'b1d3319b48'
System info: os.name: 'Windows 11', os.arch: 'amd64', os.version: '10.0', java.version: '17.0.12'
Driver info: org.openqa.selenium.chrome.ChromeDriver
Command: [2713f43bc8de6fa850fdd2e25c2c1af5, get {url=https://geoservices1.syadtech.com/home/login}]
Capabilities {acceptInsecureCerts: false, browserName: chrome, browserVersion: 145.0.7632.160, chrome: {chromedriverVersion: 145.0.7632.117 (de4e5d6e13b..., userDataDir: C:\Users\mahmo\AppData\Loca...}, fedcm:accounts: true, goog:chromeOptions: {debuggerAddress: localhost:64788}, goog:processID: 22368, networkConnectionEnabled: false, pageLoadStrategy: normal, platformName: windows, proxy: Proxy(), se:cdp: ws://localhost:64788/devtoo..., se:cdpVersion: 145.0.7632.160, setWindowRect: true, strictFileInteractability: false, timeouts: {implicit: 0, pageLoad: 300000, script: 30000}, unhandledPromptBehavior: dismiss and notify, webauthn:extension:credBlob: true, webauthn:extension:largeBlob: true, webauthn:extension:minPinLength: true, webauthn:extension:prf: true, webauthn:virtualAuthenticators: true}
Session ID: 2713f43bc8de6fa850fdd2e25c2c1af5
at org.openqa.selenium.remote.http.jdk.JdkHttpClient.execute0(JdkHttpClient.java:403)
at org.openqa.selenium.remote.http.AddSeleniumUserAgent.lambda$apply$0(AddSeleniumUserAgent.java:42)
at org.openqa.selenium.remote.http.Filter.lambda$andFinally$1(Filter.java:55)
at org.openqa.selenium.remote.http.jdk.JdkHttpClient.execute(JdkHttpClient.java:359)
at org.openqa.selenium.remote.HttpCommandExecutor.execute(HttpCommandExecutor.java:187)
at org.openqa.selenium.remote.service.DriverCommandExecutor.invokeExecute(DriverCommandExecutor.java:216)
at org.openqa.selenium.remote.service.DriverCommandExecutor.execute(DriverCommandExecutor.java:174)
at org.openqa.selenium.remote.RemoteWebDriver.execute(RemoteWebDriver.java:519)
at org.openqa.selenium.remote.RemoteWebDriver.get(RemoteWebDriver.java:301)
at stepdefs.E2EGrantsWorkflowSteps.navigateToPortal(E2EGrantsWorkflowSteps.java:90)
at ✽.I navigate to the portal login page(file:///D:/Eastern%20Automation%20Scripts/GrantRoyal_fixed_clean/src/test/resources/features/E2E_mahmoud_AllAreas.feature:46)
Caused by: java.util.concurrent.TimeoutException
at java.base/java.util.concurrent.CompletableFuture.timedGet(CompletableFuture.java:1960)
at java.base/java.util.concurrent.CompletableFuture.get(CompletableFuture.java:2095)
at org.openqa.selenium.remote.http.jdk.JdkHttpClient.execute0(JdkHttpClient.java:386)
at org.openqa.selenium.remote.http.AddSeleniumUserAgent.lambda$apply$0(AddSeleniumUserAgent.java:42)
at org.openqa.selenium.remote.http.Filter.lambda$andFinally$1(Filter.java:55)
at org.openqa.selenium.remote.http.jdk.JdkHttpClient.execute(JdkHttpClient.java:359)
at org.openqa.selenium.remote.HttpCommandExecutor.execute(HttpCommandExecutor.java:187)
at org.openqa.selenium.remote.service.DriverCommandExecutor.invokeExecute(DriverCommandExecutor.java:216)
at org.openqa.selenium.remote.service.DriverCommandExecutor.execute(DriverCommandExecutor.java:174)
at org.openqa.selenium.remote.RemoteWebDriver.execute(RemoteWebDriver.java:519)
at org.openqa.selenium.remote.RemoteWebDriver.get(RemoteWebDriver.java:301)
at stepdefs.E2EGrantsWorkflowSteps.navigateToPortal(E2EGrantsWorkflowSteps.java:90)
at io.cucumber.java.Invoker.doInvoke(Invoker.java:66)
at io.cucumber.java.Invoker.invoke(Invoker.java:24)
at io.cucumber.java.AbstractGlueDefinition.invokeMethod(AbstractGlueDefinition.java:47)
at io.cucumber.java.JavaStepDefinition.execute(JavaStepDefinition.java:29)
at io.cucumber.core.runner.CoreStepDefinition.execute(CoreStepDefinition.java:66)
at io.cucumber.core.runner.PickleStepDefinitionMatch.runStep(PickleStepDefinitionMatch.java:63)
at io.cucumber.core.runner.ExecutionMode$1.execute(ExecutionMode.java:10)
at io.cucumber.core.runner.TestStep.executeStep(TestStep.java:84)
at io.cucumber.core.runner.TestStep.run(TestStep.java:56)
at io.cucumber.core.runner.PickleStepTestStep.run(PickleStepTestStep.java:51)
at io.cucumber.core.runner.TestCase.run(TestCase.java:84)
at io.cucumber.core.runner.Runner.runPickle(Runner.java:75)
at io.cucumber.testng.TestNGCucumberRunner.lambda$runScenario$1(TestNGCucumberRunner.java:132)
at io.cucumber.core.runtime.CucumberExecutionContext.lambda$runTestCase$5(CucumberExecutionContext.java:137)
at io.cucumber.core.runtime.RethrowingThrowableCollector.executeAndThrow(RethrowingThrowableCollector.java:23)
at io.cucumber.core.runtime.CucumberExecutionContext.runTestCase(CucumberExecutionContext.java:137)
at io.cucumber.testng.TestNGCucumberRunner.runScenario(TestNGCucumberRunner.java:129)
at io.cucumber.testng.AbstractTestNGCucumberTests.runScenario(AbstractTestNGCucumberTests.java:35)
at java.base/java.util.ArrayList.forEach(ArrayList.java:1511)
... Removed 33 stack frames]]>
    </failure>
  </testcase> <!-- runScenario -->
  <testcase classname="io.cucumber.testng.AbstractTestNGCucumberTests" name="runScenario" time="79.847"/>
  <testcase classname="io.cucumber.testng.AbstractTestNGCucumberTests" name="runScenario" time="62.7"/>
  <testcase classname="io.cucumber.testng.AbstractTestNGCucumberTests" name="runScenario" time="62.743"/>
  <testcase classname="io.cucumber.testng.AbstractTestNGCucumberTests" name="runScenario" time="61.776"/>
  <testcase classname="io.cucumber.testng.AbstractTestNGCucumberTests" name="runScenario" time="64.815"/>
  <testcase classname="io.cucumber.testng.AbstractTestNGCucumberTests" name="runScenario" time="36.934"/>
  <testcase classname="io.cucumber.testng.AbstractTestNGCucumberTests" name="runScenario" time="35.487">
    <failure type="java.lang.RuntimeException" message="Transaction not found in any page: ٢٣٠ / ١٤٤٧">
      <![CDATA[java.lang.RuntimeException: Transaction not found in any page: ٢٣٠ / ١٤٤٧
at pages.LocalGrantsAppPage.clickViewOnTransaction(LocalGrantsAppPage.java:226)
at stepdefs.E2EGrantsWorkflowSteps.clickViewOnTransactionByIndex(E2EGrantsWorkflowSteps.java:415)
at ✽.I click "عرض" button on transaction number "TX-02"(file:///D:/Eastern%20Automation%20Scripts/GrantRoyal_fixed_clean/src/test/resources/features/E2E_mahmoud_AllAreas.feature:94)
]]>
    </failure>
  </testcase> <!-- runScenario -->
  <testcase classname="io.cucumber.testng.AbstractTestNGCucumberTests" name="runScenario" time="39.12"/>
  <testcase classname="io.cucumber.testng.AbstractTestNGCucumberTests" name="runScenario" time="39.466"/>
  <testcase classname="io.cucumber.testng.AbstractTestNGCucumberTests" name="runScenario" time="36.668"/>
  <testcase classname="io.cucumber.testng.AbstractTestNGCucumberTests" name="runScenario" time="36.337"/>
  <testcase classname="io.cucumber.testng.AbstractTestNGCucumberTests" name="runScenario" time="37.416"/>
  <testcase classname="io.cucumber.testng.AbstractTestNGCucumberTests" name="runScenario" time="28.94"/>
  <testcase classname="io.cucumber.testng.AbstractTestNGCucumberTests" name="runScenario" time="28.439"/>
  <testcase classname="io.cucumber.testng.AbstractTestNGCucumberTests" name="runScenario" time="76.677">
    <failure type="org.openqa.selenium.TimeoutException" message="Expected condition failed: waiting for visibility of element located by By.xpath: //div[@name=&amp;apos;ownerData&amp;apos; and contains(@class,&amp;apos;active&amp;apos;)] (tried for 15 second(s) with 500 milliseconds interval)
Build info: version: &amp;apos;4.18.1&amp;apos;, revision: &amp;apos;b1d3319b48&amp;apos;
System info: os.name: &amp;apos;Windows 11&amp;apos;, os.arch: &amp;apos;amd64&amp;apos;, os.version: &amp;apos;10.0&amp;apos;, java.version: &amp;apos;17.0.12&amp;apos;
Driver info: org.openqa.selenium.chrome.ChromeDriver
Capabilities {acceptInsecureCerts: false, browserName: chrome, browserVersion: 145.0.7632.160, chrome: {chromedriverVersion: 145.0.7632.117 (de4e5d6e13b..., userDataDir: C:\Users\mahmo\AppData\Loca...}, fedcm:accounts: true, goog:chromeOptions: {debuggerAddress: localhost:56187}, goog:processID: 45480, networkConnectionEnabled: false, pageLoadStrategy: normal, platformName: windows, proxy: Proxy(), se:cdp: ws://localhost:56187/devtoo..., se:cdpVersion: 145.0.7632.160, setWindowRect: true, strictFileInteractability: false, timeouts: {implicit: 0, pageLoad: 300000, script: 30000}, unhandledPromptBehavior: dismiss and notify, webauthn:extension:credBlob: true, webauthn:extension:largeBlob: true, webauthn:extension:minPinLength: true, webauthn:extension:prf: true, webauthn:virtualAuthenticators: true}
Session ID: f28bab277916a6028043f3fa894a3ef9">
      <![CDATA[org.openqa.selenium.TimeoutException: Expected condition failed: waiting for visibility of element located by By.xpath: //div[@name='ownerData' and contains(@class,'active')] (tried for 15 second(s) with 500 milliseconds interval)
Build info: version: '4.18.1', revision: 'b1d3319b48'
System info: os.name: 'Windows 11', os.arch: 'amd64', os.version: '10.0', java.version: '17.0.12'
Driver info: org.openqa.selenium.chrome.ChromeDriver
Capabilities {acceptInsecureCerts: false, browserName: chrome, browserVersion: 145.0.7632.160, chrome: {chromedriverVersion: 145.0.7632.117 (de4e5d6e13b..., userDataDir: C:\Users\mahmo\AppData\Loca...}, fedcm:accounts: true, goog:chromeOptions: {debuggerAddress: localhost:56187}, goog:processID: 45480, networkConnectionEnabled: false, pageLoadStrategy: normal, platformName: windows, proxy: Proxy(), se:cdp: ws://localhost:56187/devtoo..., se:cdpVersion: 145.0.7632.160, setWindowRect: true, strictFileInteractability: false, timeouts: {implicit: 0, pageLoad: 300000, script: 30000}, unhandledPromptBehavior: dismiss and notify, webauthn:extension:credBlob: true, webauthn:extension:largeBlob: true, webauthn:extension:minPinLength: true, webauthn:extension:prf: true, webauthn:virtualAuthenticators: true}
Session ID: f28bab277916a6028043f3fa894a3ef9
at org.openqa.selenium.support.ui.WebDriverWait.timeoutException(WebDriverWait.java:84)
at org.openqa.selenium.support.ui.FluentWait.until(FluentWait.java:228)
at pages.step1.OwnerDataPage.selectOwnerType(OwnerDataPage.java:82)
at stepdefs.E2EGrantsWorkflowSteps.selectOwnerType(E2EGrantsWorkflowSteps.java:146)
at ✽.I select owner type radio "فرد"(file:///D:/Eastern%20Automation%20Scripts/GrantRoyal_fixed_clean/src/test/resources/features/E2E_maldossary_AllAreas.feature:19)
]]>
    </failure>
  </testcase> <!-- runScenario -->
  <testcase classname="io.cucumber.testng.AbstractTestNGCucumberTests" name="runScenario" time="59.951"/>
  <testcase classname="io.cucumber.testng.AbstractTestNGCucumberTests" name="runScenario" time="40.34"/>
  <testcase classname="io.cucumber.testng.AbstractTestNGCucumberTests" name="runScenario" time="51.255">
    <failure type="org.openqa.selenium.TimeoutException" message="Expected condition failed: waiting for visibility of element located by By.xpath: //div[contains(@class,&amp;apos;ant-message&amp;apos;)]//span (tried for 15 second(s) with 500 milliseconds interval)
Build info: version: &amp;apos;4.18.1&amp;apos;, revision: &amp;apos;b1d3319b48&amp;apos;
System info: os.name: &amp;apos;Windows 11&amp;apos;, os.arch: &amp;apos;amd64&amp;apos;, os.version: &amp;apos;10.0&amp;apos;, java.version: &amp;apos;17.0.12&amp;apos;
Driver info: org.openqa.selenium.chrome.ChromeDriver
Capabilities {acceptInsecureCerts: false, browserName: chrome, browserVersion: 145.0.7632.160, chrome: {chromedriverVersion: 145.0.7632.117 (de4e5d6e13b..., userDataDir: C:\Users\mahmo\AppData\Loca...}, fedcm:accounts: true, goog:chromeOptions: {debuggerAddress: localhost:59717}, goog:processID: 47916, networkConnectionEnabled: false, pageLoadStrategy: normal, platformName: windows, proxy: Proxy(), se:cdp: ws://localhost:59717/devtoo..., se:cdpVersion: 145.0.7632.160, setWindowRect: true, strictFileInteractability: false, timeouts: {implicit: 0, pageLoad: 300000, script: 30000}, unhandledPromptBehavior: dismiss and notify, webauthn:extension:credBlob: true, webauthn:extension:largeBlob: true, webauthn:extension:minPinLength: true, webauthn:extension:prf: true, webauthn:virtualAuthenticators: true}
Session ID: d3de94f4e16cfa27e83ea408ff7536a7">
      <![CDATA[org.openqa.selenium.TimeoutException: Expected condition failed: waiting for visibility of element located by By.xpath: //div[contains(@class,'ant-message')]//span (tried for 15 second(s) with 500 milliseconds interval)
Build info: version: '4.18.1', revision: 'b1d3319b48'
System info: os.name: 'Windows 11', os.arch: 'amd64', os.version: '10.0', java.version: '17.0.12'
Driver info: org.openqa.selenium.chrome.ChromeDriver
[...]
at org.openqa.selenium.remote.http.jdk.JdkHttpClient.execute(JdkHttpClient.java:359)
at org.openqa.selenium.remote.HttpCommandExecutor.execute(HttpCommandExecutor.java:187)
at org.openqa.selenium.remote.service.DriverCommandExecutor.invokeExecute(DriverCommandExecutor.java:216)
at org.openqa.selenium.remote.service.DriverCommandExecutor.execute(DriverCommandExecutor.java:174)
at org.openqa.selenium.remote.RemoteWebDriver.execute(RemoteWebDriver.java:519)
at org.openqa.selenium.remote.RemoteWebDriver.get(RemoteWebDriver.java:301)
at stepdefs.E2EGrantsWorkflowSteps.navigateToPortal(E2EGrantsWorkflowSteps.java:90)
at ✽.I navigate to the portal login page(file:///D:/Eastern%20Automation%20Scripts/GrantRoyal_fixed_clean/src/test/resources/features/E2E_ownertest_AllAreas.feature:10)
Caused by: java.util.concurrent.TimeoutException
at java.base/java.util.concurrent.CompletableFuture.timedGet(CompletableFuture.java:1960)
at java.base/java.util.concurrent.CompletableFuture.get(CompletableFuture.java:2095)
at org.openqa.selenium.remote.http.jdk.JdkHttpClient.execute0(JdkHttpClient.java:386)
at org.openqa.selenium.remote.http.AddSeleniumUserAgent.lambda$apply$0(AddSeleniumUserAgent.java:42)
at org.openqa.selenium.remote.http.Filter.lambda$andFinally$1(Filter.java:55)
at org.openqa.selenium.remote.http.jdk.JdkHttpClient.execute(JdkHttpClient.java:359)
at org.openqa.selenium.remote.HttpCommandExecutor.execute(HttpCommandExecutor.java:187)
at org.openqa.selenium.remote.service.DriverCommandExecutor.invokeExecute(DriverCommandExecutor.java:216)
at org.openqa.selenium.remote.service.DriverCommandExecutor.execute(DriverCommandExecutor.java:174)
at org.openqa.selenium.remote.RemoteWebDriver.execute(RemoteWebDriver.java:519)
at org.openqa.selenium.remote.RemoteWebDriver.get(RemoteWebDriver.java:301)
at stepdefs.E2EGrantsWorkflowSteps.navigateToPortal(E2EGrantsWorkflowSteps.java:90)
at io.cucumber.java.Invoker.doInvoke(Invoker.java:66)
at io.cucumber.java.Invoker.invoke(Invoker.java:24)
at io.cucumber.java.AbstractGlueDefinition.invokeMethod(AbstractGlueDefinition.java:47)
at io.cucumber.java.JavaStepDefinition.execute(JavaStepDefinition.java:29)
at io.cucumber.core.runner.CoreStepDefinition.execute(CoreStepDefinition.java:66)
at io.cucumber.core.runner.PickleStepDefinitionMatch.runStep(PickleStepDefinitionMatch.java:63)
at io.cucumber.core.runner.ExecutionMode$1.execute(ExecutionMode.java:10)
at io.cucumber.core.runner.TestStep.executeStep(TestStep.java:84)
at io.cucumber.core.runner.TestStep.run(TestStep.java:56)
at io.cucumber.core.runner.PickleStepTestStep.run(PickleStepTestStep.java:51)
at io.cucumber.core.runner.TestCase.run(TestCase.java:84)
at io.cucumber.core.runner.Runner.runPickle(Runner.java:75)
at io.cucumber.testng.TestNGCucumberRunner.lambda$runScenario$1(TestNGCucumberRunner.java:132)
at io.cucumber.core.runtime.CucumberExecutionContext.lambda$runTestCase$5(CucumberExecutionContext.java:137)
at io.cucumber.core.runtime.RethrowingThrowableCollector.executeAndThrow(RethrowingThrowableCollector.java:23)
at io.cucumber.core.runtime.CucumberExecutionContext.runTestCase(CucumberExecutionContext.java:137)
at io.cucumber.testng.TestNGCucumberRunner.runScenario(TestNGCucumberRunner.java:129)
at io.cucumber.testng.AbstractTestNGCucumberTests.runScenario(AbstractTestNGCucumberTests.java:35)
at java.base/java.util.ArrayList.forEach(ArrayList.java:1511)
... Removed 33 stack frames]]>
    </failure>
  </testcase> <!-- runScenario -->
  <testcase classname="io.cucumber.testng.AbstractTestNGCucumberTests" name="runScenario" time="20.464">
    <failure type="java.lang.AssertionError" message="Apps page was not loaded after login. expected [true] but found [false]">
      <![CDATA[java.lang.AssertionError: Apps page was not loaded after login. expected [true] but found [false]
at stepdefs.E2EGrantsWorkflowSteps.verifyAppsPage(E2EGrantsWorkflowSteps.java:104)
at ✽.I should be redirected to the apps page(file:///D:/Eastern%20Automation%20Scripts/GrantRoyal_fixed_clean/src/test/resources/features/E2E_ownertest_AllAreas.feature:12)
... Removed 3 stack frames]]>
    </failure>
  </testcase> <!-- runScenario -->
  <testcase classname="io.cucumber.testng.AbstractTestNGCucumberTests" name="runScenario" time="24.975">
    <failure type="java.lang.AssertionError" message="Apps page was not loaded after login. expected [true] but found [false]">
      <![CDATA[java.lang.AssertionError: Apps page was not loaded after login. expected [true] but found [false]
at stepdefs.E2EGrantsWorkflowSteps.verifyAppsPage(E2EGrantsWorkflowSteps.java:104)
at ✽.I should be redirected to the apps page(file:///D:/Eastern%20Automation%20Scripts/GrantRoyal_fixed_clean/src/test/resources/features/E2E_ownertest_AllAreas.feature:12)
... Removed 3 stack frames]]>
    </failure>
  </testcase> <!-- runScenario -->
  <testcase classname="io.cucumber.testng.AbstractTestNGCucumberTests" name="runScenario" time="3.112">
    <failure type="org.openqa.selenium.TimeoutException" message="timeout
from aborted by navigation: Not attached to an active page
  (Session info: chrome=145.0.7632.160)
Build info: version: &amp;apos;4.18.1&amp;apos;, revision: &amp;apos;b1d3319b48&amp;apos;
System info: os.name: &amp;apos;Windows 11&amp;apos;, os.arch: &amp;apos;amd64&amp;apos;, os.version: &amp;apos;10.0&amp;apos;, java.version: &amp;apos;17.0.12&amp;apos;
Driver info: org.openqa.selenium.chrome.ChromeDriver
Command: [b3110ea6633f33c72cabb53c40ef8968, refresh {}]
Capabilities {acceptInsecureCerts: false, browserName: chrome, browserVersion: 145.0.7632.160, chrome: {chromedriverVersion: 145.0.7632.117 (de4e5d6e13b..., userDataDir: C:\Users\mahmo\AppData\Loca...}, fedcm:accounts: true, goog:chromeOptions: {debuggerAddress: localhost:51109}, goog:processID: 22592, networkConnectionEnabled: false, pageLoadStrategy: normal, platformName: windows, proxy: Proxy(), se:cdp: ws://localhost:51109/devtoo..., se:cdpVersion: 145.0.7632.160, setWindowRect: true, strictFileInteractability: false, timeouts: {implicit: 0, pageLoad: 300000, script: 30000}, unhandledPromptBehavior: dismiss and notify, webauthn:extension:credBlob: true, webauthn:extension:largeBlob: true, webauthn:extension:minPinLength: true, webauthn:extension:prf: true, webauthn:virtualAuthenticators: true}
Session ID: b3110ea6633f33c72cabb53c40ef8968">
      <![CDATA[org.openqa.selenium.TimeoutException: timeout
from aborted by navigation: Not attached to an active page
  (Session info: chrome=145.0.7632.160)
Build info: version: '4.18.1', revision: 'b1d3319b48'
System info: os.name: 'Windows 11', os.arch: 'amd64', os.version: '10.0', java.version: '17.0.12'
Driver info: org.openqa.selenium.chrome.ChromeDriver
Command: [b3110ea6633f33c72cabb53c40ef8968, refresh {}]
Capabilities {acceptInsecureCerts: false, browserName: chrome, browserVersion: 145.0.7632.160, chrome: {chromedriverVersion: 145.0.7632.117 (de4e5d6e13b..., userDataDir: C:\Users\mahmo\AppData\Loca...}, fedcm:accounts: true, goog:chromeOptions: {debuggerAddress: localhost:51109}, goog:processID: 22592, networkConnectionEnabled: false, pageLoadStrategy: normal, platformName: windows, proxy: Proxy(), se:cdp: ws://localhost:51109/devtoo..., se:cdpVersion: 145.0.7632.160, setWindowRect: true, strictFileInteractability: false, timeouts: {implicit: 0, pageLoad: 300000, script: 30000}, unhandledPromptBehavior: dismiss and notify, webauthn:extension:credBlob: true, webauthn:extension:largeBlob: true, webauthn:extension:minPinLength: true, webauthn:extension:prf: true, webauthn:virtualAuthenticators: true}
Session ID: b3110ea6633f33c72cabb53c40ef8968
at org.openqa.selenium.remote.ErrorCodec.decode(ErrorCodec.java:167)
at org.openqa.selenium.remote.codec.w3c.W3CHttpResponseCodec.decode(W3CHttpResponseCodec.java:138)
at org.openqa.selenium.remote.codec.w3c.W3CHttpResponseCodec.decode(W3CHttpResponseCodec.java:50)
at org.openqa.selenium.remote.HttpCommandExecutor.execute(HttpCommandExecutor.java:190)
at org.openqa.selenium.remote.service.DriverCommandExecutor.invokeExecute(DriverCommandExecutor.java:216)
at org.openqa.selenium.remote.service.DriverCommandExecutor.execute(DriverCommandExecutor.java:174)
at org.openqa.selenium.remote.RemoteWebDriver.execute(RemoteWebDriver.java:519)
at org.openqa.selenium.remote.RemoteWebDriver.execute(RemoteWebDriver.java:592)
at org.openqa.selenium.remote.RemoteWebDriver.execute(RemoteWebDriver.java:596)
at org.openqa.selenium.remote.RemoteWebDriver$RemoteNavigation.refresh(RemoteWebDriver.java:1074)
at stepdefs.E2EGrantsWorkflowSteps.navigateToPortal(E2EGrantsWorkflowSteps.java:91)
at ✽.I navigate to the portal login page(file:///D:/Eastern%20Automation%20Scripts/GrantRoyal_fixed_clean/src/test/resources/features/E2E_ownertest_AllAreas.feature:10)
... Removed 5 stack frames]]>
    </failure>
  </testcase> <!-- runScenario -->
  <testcase classname="io.cucumber.testng.AbstractTestNGCucumberTests" name="runScenario" time="21.311">
    <failure type="java.lang.AssertionError" message="Apps page was not loaded after login. expected [true] but found [false]">
      <![CDATA[java.lang.AssertionError: Apps page was not loaded after login. expected [true] but found [false]
at stepdefs.E2EGrantsWorkflowSteps.verifyAppsPage(E2EGrantsWorkflowSteps.java:104)
at ✽.I should be redirected to the apps page(file:///D:/Eastern%20Automation%20Scripts/GrantRoyal_fixed_clean/src/test/resources/features/E2E_ownertest_AllAreas.feature:12)
... Removed 3 stack frames]]>
    </failure>
  </testcase> <!-- runScenario -->
  <testcase classname="io.cucumber.testng.AbstractTestNGCucumberTests" name="runScenario" time="20.94">
    <failure type="java.lang.RuntimeException" message="transaction_numbers.txt not found — run Step 1 first.">
      <![CDATA[java.lang.RuntimeException: transaction_numbers.txt not found — run Step 1 first.
at stepdefs.E2EGrantsWorkflowSteps.getTransactionNumberByIndex(E2EGrantsWorkflowSteps.java:422)
at stepdefs.E2EGrantsWorkflowSteps.clickViewOnTransactionByIndex(E2EGrantsWorkflowSteps.java:412)
at ✽.I click "عرض" button on transaction number "TX-01"(file:///D:/Eastern%20Automation%20Scripts/GrantRoyal_fixed_clean/src/test/resources/features/E2E_ownertest_AllAreas.feature:54)
]]>
    </failure>
  </testcase> <!-- runScenario -->
  <testcase classname="io.cucumber.testng.AbstractTestNGCucumberTests" name="runScenario" time="19.773">
    <failure type="java.lang.RuntimeException" message="transaction_numbers.txt not found — run Step 1 first.">
      <![CDATA[java.lang.RuntimeException: transaction_numbers.txt not found — run Step 1 first.
at stepdefs.E2EGrantsWorkflowSteps.getTransactionNumberByIndex(E2EGrantsWorkflowSteps.java:422)
at stepdefs.E2EGrantsWorkflowSteps.clickViewOnTransactionByIndex(E2EGrantsWorkflowSteps.java:412)
at ✽.I click "عرض" button on transaction number "TX-02"(file:///D:/Eastern%20Automation%20Scripts/GrantRoyal_fixed_clean/src/test/resources/features/E2E_ownertest_AllAreas.feature:54)
]]>
    </failure>
  </testcase> <!-- runScenario -->
  <testcase classname="io.cucumber.testng.AbstractTestNGCucumberTests" name="runScenario" time="20.071">
    <failure type="java.lang.RuntimeException" message="transaction_numbers.txt not found — run Step 1 first.">
      <![CDATA[java.lang.RuntimeException: transaction_numbers.txt not found — run Step 1 first.
at stepdefs.E2EGrantsWorkflowSteps.getTransactionNumberByIndex(E2EGrantsWorkflowSteps.java:422)
at stepdefs.E2EGrantsWorkflowSteps.clickViewOnTransactionByIndex(E2EGrantsWorkflowSteps.java:412)
at ✽.I click "عرض" button on transaction number "TX-03"(file:///D:/Eastern%20Automation%20Scripts/GrantRoyal_fixed_clean/src/test/resources/features/E2E_ownertest_AllAreas.feature:54)
]]>
    </failure>
  </testcase> <!-- runScenario -->
  <testcase classname="io.cucumber.testng.AbstractTestNGCucumberTests" name="runScenario" time="25.026">
    <failure type="java.lang.RuntimeException" message="transaction_numbers.txt not found — run Step 1 first.">
      <![CDATA[java.lang.RuntimeException: transaction_numbers.txt not found — run Step 1 first.
at stepdefs.E2EGrantsWorkflowSteps.getTransactionNumberByIndex(E2EGrantsWorkflowSteps.java:422)
at stepdefs.E2EGrantsWorkflowSteps.clickViewOnTransactionByIndex(E2EGrantsWorkflowSteps.java:412)
at ✽.I click "عرض" button on transaction number "TX-04"(file:///D:/Eastern%20Automation%20Scripts/GrantRoyal_fixed_clean/src/test/resources/features/E2E_ownertest_AllAreas.feature:54)
]]>
    </failure>
  </testcase> <!-- runScenario -->
  <testcase classname="io.cucumber.testng.AbstractTestNGCucumberTests" name="runScenario" time="18.841">
    <failure type="java.lang.RuntimeException" message="transaction_numbers.txt not found — run Step 1 first.">
      <![CDATA[java.lang.RuntimeException: transaction_numbers.txt not found — run Step 1 first.
at stepdefs.E2EGrantsWorkflowSteps.getTransactionNumberByIndex(E2EGrantsWorkflowSteps.java:422)
at stepdefs.E2EGrantsWorkflowSteps.clickViewOnTransactionByIndex(E2EGrantsWorkflowSteps.java:412)
at ✽.I click "عرض" button on transaction number "TX-05"(file:///D:/Eastern%20Automation%20Scripts/GrantRoyal_fixed_clean/src/test/resources/features/E2E_ownertest_AllAreas.feature:54)
]]>
    </failure>
  </testcase> <!-- runScenario -->
  <testcase classname="io.cucumber.testng.AbstractTestNGCucumberTests" name="runScenario" time="20.128">
    <failure type="java.lang.AssertionError" message="Apps page was not loaded after login. expected [true] but found [false]">
      <![CDATA[java.lang.AssertionError: Apps page was not loaded after login. expected [true] but found [false]
at stepdefs.E2EGrantsWorkflowSteps.verifyAppsPage(E2EGrantsWorkflowSteps.java:104)
at ✽.I should be redirected to the apps page(file:///D:/Eastern%20Automation%20Scripts/GrantRoyal_fixed_clean/src/test/resources/features/E2E_ownertest_AllAreas.feature:48)
... Removed 3 stack frames]]>
    </failure>
  </testcase> <!-- runScenario -->
  <testcase classname="io.cucumber.testng.AbstractTestNGCucumberTests" name="runScenario" time="21.196">
    <failure type="java.lang.RuntimeException" message="transaction_numbers.txt not found — run Step 1 first.">
      <![CDATA[java.lang.RuntimeException: transaction_numbers.txt not found — run Step 1 first.
at stepdefs.E2EGrantsWorkflowSteps.getTransactionNumberByIndex(E2EGrantsWorkflowSteps.java:422)
at stepdefs.E2EGrantsWorkflowSteps.clickViewOnTransactionByIndex(E2EGrantsWorkflowSteps.java:412)
at ✽.I click "عرض" button on transaction number "TX-07"(file:///D:/Eastern%20Automation%20Scripts/GrantRoyal_fixed_clean/src/test/resources/features/E2E_ownertest_AllAreas.feature:54)
]]>
    </failure>
  </testcase> <!-- runScenario -->
  <testcase classname="io.cucumber.testng.AbstractTestNGCucumberTests" name="runScenario" time="20.656">
    <failure type="java.lang.RuntimeException" message="transaction_numbers.txt not found — run Step 1 first.">
      <![CDATA[java.lang.RuntimeException: transaction_numbers.txt not found — run Step 1 first.
at stepdefs.E2EGrantsWorkflowSteps.getTransactionNumberByIndex(E2EGrantsWorkflowSteps.java:422)
at stepdefs.E2EGrantsWorkflowSteps.clickViewOnTransactionByIndex(E2EGrantsWorkflowSteps.java:412)
at ✽.I click "عرض" button on transaction number "TX-01"(file:///D:/Eastern%20Automation%20Scripts/GrantRoyal_fixed_clean/src/test/resources/features/E2E_ownertest_AllAreas.feature:94)
]]>
    </failure>
  </testcase> <!-- runScenario -->
  <testcase classname="io.cucumber.testng.AbstractTestNGCucumberTests" name="runScenario" time="21.789">
    <failure type="java.lang.RuntimeException" message="transaction_numbers.txt not found — run Step 1 first.">
      <![CDATA[java.lang.RuntimeException: transaction_numbers.txt not found — run Step 1 first.
at stepdefs.E2EGrantsWorkflowSteps.getTransactionNumberByIndex(E2EGrantsWorkflowSteps.java:422)
at stepdefs.E2EGrantsWorkflowSteps.clickViewOnTransactionByIndex(E2EGrantsWorkflowSteps.java:412)
at ✽.I click "عرض" button on transaction number "TX-02"(file:///D:/Eastern%20Automation%20Scripts/GrantRoyal_fixed_clean/src/test/resources/features/E2E_ownertest_AllAreas.feature:94)
]]>
    </failure>
  </testcase> <!-- runScenario -->
  <testcase classname="io.cucumber.testng.AbstractTestNGCucumberTests" name="runScenario" time="20.297">
    <failure type="java.lang.RuntimeException" message="transaction_numbers.txt not found — run Step 1 first.">
      <![CDATA[java.lang.RuntimeException: transaction_numbers.txt not found — run Step 1 first.
at stepdefs.E2EGrantsWorkflowSteps.getTransactionNumberByIndex(E2EGrantsWorkflowSteps.java:422)
at stepdefs.E2EGrantsWorkflowSteps.clickViewOnTransactionByIndex(E2EGrantsWorkflowSteps.java:412)
at ✽.I click "عرض" button on transaction number "TX-03"(file:///D:/Eastern%20Automation%20Scripts/GrantRoyal_fixed_clean/src/test/resources/features/E2E_ownertest_AllAreas.feature:94)
]]>
    </failure>
  </testcase> <!-- runScenario -->
  <testcase classname="io.cucumber.testng.AbstractTestNGCucumberTests" name="runScenario" time="17.247">
    <failure type="java.lang.RuntimeException" message="transaction_numbers.txt not found — run Step 1 first.">
      <![CDATA[java.lang.RuntimeException: transaction_numbers.txt not found — run Step 1 first.
at stepdefs.E2EGrantsWorkflowSteps.getTransactionNumberByIndex(E2EGrantsWorkflowSteps.java:422)
at stepdefs.E2EGrantsWorkflowSteps.clickViewOnTransactionByIndex(E2EGrantsWorkflowSteps.java:412)
at ✽.I click "عرض" button on transaction number "TX-04"(file:///D:/Eastern%20Automation%20Scripts/GrantRoyal_fixed_clean/src/test/resources/features/E2E_ownertest_AllAreas.feature:94)
]]>
    </failure>
  </testcase> <!-- runScenario -->
  <testcase classname="io.cucumber.testng.AbstractTestNGCucumberTests" name="runScenario" time="20.001">
    <failure type="java.lang.RuntimeException" message="transaction_numbers.txt not found — run Step 1 first.">
      <![CDATA[java.lang.RuntimeException: transaction_numbers.txt not found — run Step 1 first.
at stepdefs.E2EGrantsWorkflowSteps.getTransactionNumberByIndex(E2EGrantsWorkflowSteps.java:422)
at stepdefs.E2EGrantsWorkflowSteps.clickViewOnTransactionByIndex(E2EGrantsWorkflowSteps.java:412)
at ✽.I click "عرض" button on transaction number "TX-05"(file:///D:/Eastern%20Automation%20Scripts/GrantRoyal_fixed_clean/src/test/resources/features/E2E_ownertest_AllAreas.feature:94)
]]>
    </failure>
  </testcase> <!-- runScenario -->
  <testcase classname="io.cucumber.testng.AbstractTestNGCucumberTests" name="runScenario" time="21.334">
    <failure type="java.lang.RuntimeException" message="transaction_numbers.txt not found — run Step 1 first.">
      <![CDATA[java.lang.RuntimeException: transaction_numbers.txt not found — run Step 1 first.
at stepdefs.E2EGrantsWorkflowSteps.getTransactionNumberByIndex(E2EGrantsWorkflowSteps.java:422)
at stepdefs.E2EGrantsWorkflowSteps.clickViewOnTransactionByIndex(E2EGrantsWorkflowSteps.java:412)
at ✽.I click "عرض" button on transaction number "TX-06"(file:///D:/Eastern%20Automation%20Scripts/GrantRoyal_fixed_clean/src/test/resources/features/E2E_ownertest_AllAreas.feature:94)
]]>
    </failure>
  </testcase> <!-- runScenario -->
  <testcase classname="io.cucumber.testng.AbstractTestNGCucumberTests" name="runScenario" time="17.796">
    <failure type="java.lang.RuntimeException" message="transaction_numbers.txt not found — run Step 1 first.">
      <![CDATA[java.lang.RuntimeException: transaction_numbers.txt not found — run Step 1 first.
at stepdefs.E2EGrantsWorkflowSteps.getTransactionNumberByIndex(E2EGrantsWorkflowSteps.java:422)
at stepdefs.E2EGrantsWorkflowSteps.clickViewOnTransactionByIndex(E2EGrantsWorkflowSteps.java:412)
at ✽.I click "عرض" button on transaction number "TX-07"(file:///D:/Eastern%20Automation%20Scripts/GrantRoyal_fixed_clean/src/test/resources/features/E2E_ownertest_AllAreas.feature:94)
]]>
    </failure>
  </testcase> <!-- runScenario -->
</testsuite> <!-- E2E Workflow — Steps 1→2→3 -->
