-------------------------------------------------------------------------------
Test set: TestSuite
-------------------------------------------------------------------------------
Tests run: 168, Failures: 74, Errors: 0, Skipped: 0, Time elapsed: 22208 s <<< FAILURE! -- in TestSuite
runners.E2ETestRunner.runScenario["TC-E2E-01-RANDOM — Citizen abdullah submits grant with مساحة ٣٠ × ٣٠", "E2E Grant Workflow — RandomDist"](3) -- Time elapsed: 20.20 s <<< FAILURE!
java.lang.AssertionError: Apps page was not loaded after login. expected [true] but found [false]
	at org.testng.Assert.fail(Assert.java:111)
	at org.testng.Assert.failNotEquals(Assert.java:1578)
	at org.testng.Assert.assertTrue(Assert.java:57)
	at stepdefs.E2EGrantsWorkflowSteps.verifyAppsPage(E2EGrantsWorkflowSteps.java:104)
	at ✽.I should be redirected to the apps page(file:///D:/Eastern%20Automation%20Scripts/GrantRoyal_fixed_clean/src/test/resources/features/E2E_RandomDistribution.feature:12)

runners.E2ETestRunner.runScenario["TC-E2E-01-RANDOM — Citizen ownertest submits grant with مساحة ٥٠ × ٥٠", "E2E Grant Workflow — RandomDist"](4) -- Time elapsed: 20.86 s <<< FAILURE!
java.lang.AssertionError: Apps page was not loaded after login. expected [true] but found [false]
	at org.testng.Assert.fail(Assert.java:111)
	at org.testng.Assert.failNotEquals(Assert.java:1578)
	at org.testng.Assert.assertTrue(Assert.java:57)
	at stepdefs.E2EGrantsWorkflowSteps.verifyAppsPage(E2EGrantsWorkflowSteps.java:104)
	at ✽.I should be redirected to the apps page(file:///D:/Eastern%20Automation%20Scripts/GrantRoyal_fixed_clean/src/test/resources/features/E2E_RandomDistribution.feature:12)

runners.E2ETestRunner.runScenario["TC-E2E-02-RANDOM — Grant Employee processes transaction TX-06", "E2E Grant Workflow — RandomDist"](13) -- Time elapsed: 32.25 s <<< FAILURE!
java.lang.RuntimeException: Index 5 out of range. Only 5 transactions saved.
	at stepdefs.E2EGrantsWorkflowSteps.getTransactionNumberByIndex(E2EGrantsWorkflowSteps.java:428)
	at stepdefs.E2EGrantsWorkflowSteps.clickViewOnTransactionByIndex(E2EGrantsWorkflowSteps.java:412)
	at ✽.I click "عرض" button on transaction number "TX-06"(file:///D:/Eastern%20Automation%20Scripts/GrantRoyal_fixed_clean/src/test/resources/features/E2E_RandomDistribution.feature:54)

runners.E2ETestRunner.runScenario["TC-E2E-02-RANDOM — Grant Employee processes transaction TX-07", "E2E Grant Workflow — RandomDist"](14) -- Time elapsed: 43.32 s <<< FAILURE!
java.lang.RuntimeException: Index 6 out of range. Only 5 transactions saved.
	at stepdefs.E2EGrantsWorkflowSteps.getTransactionNumberByIndex(E2EGrantsWorkflowSteps.java:428)
	at stepdefs.E2EGrantsWorkflowSteps.clickViewOnTransactionByIndex(E2EGrantsWorkflowSteps.java:412)
	at ✽.I click "عرض" button on transaction number "TX-07"(file:///D:/Eastern%20Automation%20Scripts/GrantRoyal_fixed_clean/src/test/resources/features/E2E_RandomDistribution.feature:54)

runners.E2ETestRunner.runScenario["TC-E2E-03-RANDOM — Grant Manager finalizes transaction TX-06", "E2E Grant Workflow — RandomDist"](20) -- Time elapsed: 26.85 s <<< FAILURE!
java.lang.RuntimeException: Index 5 out of range. Only 5 transactions saved.
	at stepdefs.E2EGrantsWorkflowSteps.getTransactionNumberByIndex(E2EGrantsWorkflowSteps.java:428)
	at stepdefs.E2EGrantsWorkflowSteps.clickViewOnTransactionByIndex(E2EGrantsWorkflowSteps.java:412)
	at ✽.I click "عرض" button on transaction number "TX-06"(file:///D:/Eastern%20Automation%20Scripts/GrantRoyal_fixed_clean/src/test/resources/features/E2E_RandomDistribution.feature:94)

runners.E2ETestRunner.runScenario["TC-E2E-03-RANDOM — Grant Manager finalizes transaction TX-07", "E2E Grant Workflow — RandomDist"](21) -- Time elapsed: 27.18 s <<< FAILURE!
java.lang.RuntimeException: Index 6 out of range. Only 5 transactions saved.
	at stepdefs.E2EGrantsWorkflowSteps.getTransactionNumberByIndex(E2EGrantsWorkflowSteps.java:428)
	at stepdefs.E2EGrantsWorkflowSteps.clickViewOnTransactionByIndex(E2EGrantsWorkflowSteps.java:412)
	at ✽.I click "عرض" button on transaction number "TX-07"(file:///D:/Eastern%20Automation%20Scripts/GrantRoyal_fixed_clean/src/test/resources/features/E2E_RandomDistribution.feature:94)

runners.E2ETestRunner.runScenario["TC-E2E-01-ABDULLAH — Citizen abdullah submits grant with مساحة ٢٠٠ × ٢٠٠", "E2E Grant Workflow — User_ABDULLAH"](22) -- Time elapsed: 24.18 s <<< FAILURE!
java.lang.AssertionError: Apps page was not loaded after login. expected [true] but found [false]
	at org.testng.Assert.fail(Assert.java:111)
	at org.testng.Assert.failNotEquals(Assert.java:1578)
	at org.testng.Assert.assertTrue(Assert.java:57)
	at stepdefs.E2EGrantsWorkflowSteps.verifyAppsPage(E2EGrantsWorkflowSteps.java:104)
	at ✽.I should be redirected to the apps page(file:///D:/Eastern%20Automation%20Scripts/GrantRoyal_fixed_clean/src/test/resources/features/E2E_abdullah_AllAreas.feature:12)

runners.E2ETestRunner.runScenario["TC-E2E-01-ABDULLAH — Citizen abdullah submits grant with مساحة ١٠٠ × ١٠٠", "E2E Grant Workflow — User_ABDULLAH"](23) -- Time elapsed: 62.90 s <<< FAILURE!
java.lang.AssertionError: Apps page was not loaded after login. expected [true] but found [false]
	at org.testng.Assert.fail(Assert.java:111)
	at org.testng.Assert.failNotEquals(Assert.java:1578)
	at org.testng.Assert.assertTrue(Assert.java:57)
	at stepdefs.E2EGrantsWorkflowSteps.verifyAppsPage(E2EGrantsWorkflowSteps.java:104)
	at ✽.I should be redirected to the apps page(file:///D:/Eastern%20Automation%20Scripts/GrantRoyal_fixed_clean/src/test/resources/features/E2E_abdullah_AllAreas.feature:12)

runners.E2ETestRunner.runScenario["TC-E2E-01-ABDULLAH — Citizen abdullah submits grant with مساحة ٥٠ × ٥٠", "E2E Grant Workflow — User_ABDULLAH"](24) -- Time elapsed: 28.31 s <<< FAILURE!
java.lang.AssertionError: Apps page was not loaded after login. expected [true] but found [false]
	at org.testng.Assert.fail(Assert.java:111)
	at org.testng.Assert.failNotEquals(Assert.java:1578)
	at org.testng.Assert.assertTrue(Assert.java:57)
	at stepdefs.E2EGrantsWorkflowSteps.verifyAppsPage(E2EGrantsWorkflowSteps.java:104)
	at ✽.I should be redirected to the apps page(file:///D:/Eastern%20Automation%20Scripts/GrantRoyal_fixed_clean/src/test/resources/features/E2E_abdullah_AllAreas.feature:12)

runners.E2ETestRunner.runScenario["TC-E2E-01-ABDULLAH — Citizen abdullah submits grant with مساحة ٤٠ × ٤٠", "E2E Grant Workflow — User_ABDULLAH"](25) -- Time elapsed: 30.80 s <<< FAILURE!
java.lang.AssertionError: Apps page was not loaded after login. expected [true] but found [false]
	at org.testng.Assert.fail(Assert.java:111)
	at org.testng.Assert.failNotEquals(Assert.java:1578)
	at org.testng.Assert.assertTrue(Assert.java:57)
	at stepdefs.E2EGrantsWorkflowSteps.verifyAppsPage(E2EGrantsWorkflowSteps.java:104)
	at ✽.I should be redirected to the apps page(file:///D:/Eastern%20Automation%20Scripts/GrantRoyal_fixed_clean/src/test/resources/features/E2E_abdullah_AllAreas.feature:12)

runners.E2ETestRunner.runScenario["TC-E2E-01-ABDULLAH — Citizen abdullah submits grant with مساحة ٣٠ × ٣٠", "E2E Grant Workflow — User_ABDULLAH"](26) -- Time elapsed: 38.12 s <<< FAILURE!
java.lang.AssertionError: Apps page was not loaded after login. expected [true] but found [false]
	at org.testng.Assert.fail(Assert.java:111)
	at org.testng.Assert.failNotEquals(Assert.java:1578)
	at org.testng.Assert.assertTrue(Assert.java:57)
	at stepdefs.E2EGrantsWorkflowSteps.verifyAppsPage(E2EGrantsWorkflowSteps.java:104)
	at ✽.I should be redirected to the apps page(file:///D:/Eastern%20Automation%20Scripts/GrantRoyal_fixed_clean/src/test/resources/features/E2E_abdullah_AllAreas.feature:12)

runners.E2ETestRunner.runScenario["TC-E2E-01-ABDULLAH — Citizen abdullah submits grant with مساحة ٢٥ × ٢٥", "E2E Grant Workflow — User_ABDULLAH"](27) -- Time elapsed: 28.97 s <<< FAILURE!
java.lang.AssertionError: Apps page was not loaded after login. expected [true] but found [false]
	at org.testng.Assert.fail(Assert.java:111)
	at org.testng.Assert.failNotEquals(Assert.java:1578)
	at org.testng.Assert.assertTrue(Assert.java:57)
	at stepdefs.E2EGrantsWorkflowSteps.verifyAppsPage(E2EGrantsWorkflowSteps.java:104)
	at ✽.I should be redirected to the apps page(file:///D:/Eastern%20Automation%20Scripts/GrantRoyal_fixed_clean/src/test/resources/features/E2E_abdullah_AllAreas.feature:12)

runners.E2ETestRunner.runScenario["TC-E2E-01-ABDULLAH — Citizen abdullah submits grant with مساحة ٢٠ × ٢٠", "E2E Grant Workflow — User_ABDULLAH"](28) -- Time elapsed: 32.65 s <<< FAILURE!
java.lang.AssertionError: Apps page was not loaded after login. expected [true] but found [false]
	at org.testng.Assert.fail(Assert.java:111)
	at org.testng.Assert.failNotEquals(Assert.java:1578)
	at org.testng.Assert.assertTrue(Assert.java:57)
	at stepdefs.E2EGrantsWorkflowSteps.verifyAppsPage(E2EGrantsWorkflowSteps.java:104)
	at ✽.I should be redirected to the apps page(file:///D:/Eastern%20Automation%20Scripts/GrantRoyal_fixed_clean/src/test/resources/features/E2E_abdullah_AllAreas.feature:12)

runners.E2ETestRunner.runScenario["TC-E2E-02-ABDULLAH — Grant Employee processes transaction TX-01", "E2E Grant Workflow — User_ABDULLAH"](29) -- Time elapsed: 32.68 s <<< FAILURE!
java.lang.RuntimeException: transaction_numbers.txt not found — run Step 1 first.
	at stepdefs.E2EGrantsWorkflowSteps.getTransactionNumberByIndex(E2EGrantsWorkflowSteps.java:422)
	at stepdefs.E2EGrantsWorkflowSteps.clickViewOnTransactionByIndex(E2EGrantsWorkflowSteps.java:412)
	at ✽.I click "عرض" button on transaction number "TX-01"(file:///D:/Eastern%20Automation%20Scripts/GrantRoyal_fixed_clean/src/test/resources/features/E2E_abdullah_AllAreas.feature:54)

runners.E2ETestRunner.runScenario["TC-E2E-02-ABDULLAH — Grant Employee processes transaction TX-02", "E2E Grant Workflow — User_ABDULLAH"](30) -- Time elapsed: 47.62 s <<< FAILURE!
java.lang.RuntimeException: transaction_numbers.txt not found — run Step 1 first.
	at stepdefs.E2EGrantsWorkflowSteps.getTransactionNumberByIndex(E2EGrantsWorkflowSteps.java:422)
	at stepdefs.E2EGrantsWorkflowSteps.clickViewOnTransactionByIndex(E2EGrantsWorkflowSteps.java:412)
	at ✽.I click "عرض" button on transaction number "TX-02"(file:///D:/Eastern%20Automation%20Scripts/GrantRoyal_fixed_clean/src/test/resources/features/E2E_abdullah_AllAreas.feature:54)

runners.E2ETestRunner.runScenario["TC-E2E-02-ABDULLAH — Grant Employee processes transaction TX-03", "E2E Grant Workflow — User_ABDULLAH"](31) -- Time elapsed: 37.39 s <<< FAILURE!
java.lang.RuntimeException: transaction_numbers.txt not found — run Step 1 first.
	at stepdefs.E2EGrantsWorkflowSteps.getTransactionNumberByIndex(E2EGrantsWorkflowSteps.java:422)
	at stepdefs.E2EGrantsWorkflowSteps.clickViewOnTransactionByIndex(E2EGrantsWorkflowSteps.java:412)
	at ✽.I click "عرض" button on transaction number "TX-03"(file:///D:/Eastern%20Automation%20Scripts/GrantRoyal_fixed_clean/src/test/resources/features/E2E_abdullah_AllAreas.feature:54)

runners.E2ETestRunner.runScenario["TC-E2E-02-ABDULLAH — Grant Employee processes transaction TX-04", "E2E Grant Workflow — User_ABDULLAH"](32) -- Time elapsed: 34.04 s <<< FAILURE!
java.lang.RuntimeException: transaction_numbers.txt not found — run Step 1 first.
	at stepdefs.E2EGrantsWorkflowSteps.getTransactionNumberByIndex(E2EGrantsWorkflowSteps.java:422)
	at stepdefs.E2EGrantsWorkflowSteps.clickViewOnTransactionByIndex(E2EGrantsWorkflowSteps.java:412)
	at ✽.I click "عرض" button on transaction number "TX-04"(file:///D:/Eastern%20Automation%20Scripts/GrantRoyal_fixed_clean/src/test/resources/features/E2E_abdullah_AllAreas.feature:54)

runners.E2ETestRunner.runScenario["TC-E2E-02-ABDULLAH — Grant Employee processes transaction TX-05", "E2E Grant Workflow — User_ABDULLAH"](33) -- Time elapsed: 37.34 s <<< FAILURE!
java.lang.RuntimeException: transaction_numbers.txt not found — run Step 1 first.
	at stepdefs.E2EGrantsWorkflowSteps.getTransactionNumberByIndex(E2EGrantsWorkflowSteps.java:422)
	at stepdefs.E2EGrantsWorkflowSteps.clickViewOnTransactionByIndex(E2EGrantsWorkflowSteps.java:412)
	at ✽.I click "عرض" button on transaction number "TX-05"(file:///D:/Eastern%20Automation%20Scripts/GrantRoyal_fixed_clean/src/test/resources/features/E2E_abdullah_AllAreas.feature:54)

runners.E2ETestRunner.runScenario["TC-E2E-02-ABDULLAH — Grant Employee processes transaction TX-06", "E2E Grant Workflow — User_ABDULLAH"](34) -- Time elapsed: 43.59 s <<< FAILURE!
java.lang.RuntimeException: transaction_numbers.txt not found — run Step 1 first.
	at stepdefs.E2EGrantsWorkflowSteps.getTransactionNumberByIndex(E2EGrantsWorkflowSteps.java:422)
	at stepdefs.E2EGrantsWorkflowSteps.clickViewOnTransactionByIndex(E2EGrantsWorkflowSteps.java:412)
	at ✽.I click "عرض" button on transaction number "TX-06"(file:///D:/Eastern%20Automation%20Scripts/GrantRoyal_fixed_clean/src/test/resources/features/E2E_abdullah_AllAreas.feature:54)

runners.E2ETestRunner.runScenario["TC-E2E-02-ABDULLAH — Grant Employee processes transaction TX-07", "E2E Grant Workflow — User_ABDULLAH"](35) -- Time elapsed: 106.6 s <<< FAILURE!
org.openqa.selenium.TimeoutException: Expected condition failed: waiting for presence of element located by: By.xpath: //*[contains(text(),'المعاملات الواردة')] (tried for 10 second(s) with 500 milliseconds interval)
	at org.openqa.selenium.support.ui.WebDriverWait.timeoutException(WebDriverWait.java:84)
	at org.openqa.selenium.support.ui.FluentWait.until(FluentWait.java:228)
	at pages.LocalGrantsAppPage.clickIncomingTransactions(LocalGrantsAppPage.java:120)
	at stepdefs.E2EGrantsWorkflowSteps.clickSidebarLink(E2EGrantsWorkflowSteps.java:260)
	at ✽.I click on "المعاملات الواردة" from the sidebar(file:///D:/Eastern%20Automation%20Scripts/GrantRoyal_fixed_clean/src/test/resources/features/E2E_abdullah_AllAreas.feature:53)
Caused by: org.openqa.selenium.NoSuchElementException: no such element: Unable to locate element: {"method":"xpath","selector":"//*[contains(text(),'المعاملات الواردة')]"}
  (Session info: chrome=145.0.7632.160)
For documentation on this error, please visit: https://www.selenium.dev/documentation/webdriver/troubleshooting/errors#no-such-element-exception
Build info: version: '4.18.1', revision: 'b1d3319b48'
System info: os.name: 'Windows 11', os.arch: 'amd64', os.version: '10.0', java.version: '17.0.12'
Driver info: org.openqa.selenium.chrome.ChromeDriver
Command: [412f29880868d15776b0db3e8729141c, findElement {value=//*[contains(text(),'المعاملات الواردة')], using=xpath}]
Capabilities {acceptInsecureCerts: false, browserName: chrome, browserVersion: 145.0.7632.160, chrome: {chromedriverVersion: 145.0.7632.117 (de4e5d6e13b..., userDataDir: C:\Users\mahmo\AppData\Loca...}, fedcm:accounts: true, goog:chromeOptions: {debuggerAddress: localhost:53486}, goog:processID: 29768, networkConnectionEnabled: false, pageLoadStrategy: normal, platformName: windows, proxy: Proxy(), se:cdp: ws://localhost:53486/devtoo..., se:cdpVersion: 145.0.7632.160, setWindowRect: true, strictFileInteractability: false, timeouts: {implicit: 0, pageLoad: 300000, script: 30000}, unhandledPromptBehavior: dismiss and notify, webauthn:extension:credBlob: true, webauthn:extension:largeBlob: true, webauthn:extension:minPinLength: true, webauthn:extension:prf: true, webauthn:virtualAuthenticators: true}
Session ID: 412f29880868d15776b0db3e8729141c
	at jdk.internal.reflect.GeneratedConstructorAccessor13.newInstance(Unknown Source)
	at java.base/jdk.internal.reflect.DelegatingConstructorAccessorImpl.newInstance(DelegatingConstructorAccessorImpl.java:45)
	at java.base/java.lang.reflect.Constructor.newInstanceWithCaller(Constructor.java:499)
	at java.base/java.lang.reflect.Constructor.newInstance(Constructor.java:480)
	at org.openqa.selenium.remote.ErrorCodec.decode(ErrorCodec.java:167)
	at org.openqa.selenium.remote.codec.w3c.W3CHttpResponseCodec.decode(W3CHttpResponseCodec.java:138)
	at org.openqa.selenium.remote.codec.w3c.W3CHttpResponseCodec.decode(W3CHttpResponseCodec.java:50)
	at org.openqa.selenium.remote.HttpCommandExecutor.execute(HttpCommandExecutor.java:190)
	at org.openqa.selenium.remote.service.DriverCommandExecutor.invokeExecute(DriverCommandExecutor.java:216)
	at org.openqa.selenium.remote.service.DriverCommandExecutor.execute(DriverCommandExecutor.java:174)
	at org.openqa.selenium.remote.RemoteWebDriver.execute(RemoteWebDriver.java:519)
	at org.openqa.selenium.remote.ElementLocation$ElementFinder$2.findElement(ElementLocation.java:165)
	at org.openqa.selenium.remote.ElementLocation.findElement(ElementLocation.java:59)
	at org.openqa.selenium.remote.RemoteWebDriver.findElement(RemoteWebDriver.java:356)
	at org.openqa.selenium.remote.RemoteWebDriver.findElement(RemoteWebDriver.java:350)
	at org.openqa.selenium.support.ui.ExpectedConditions$6.apply(ExpectedConditions.java:171)
	at org.openqa.selenium.support.ui.ExpectedConditions$6.apply(ExpectedConditions.java:168)
	at org.openqa.selenium.support.ui.FluentWait.until(FluentWait.java:203)
	at pages.LocalGrantsAppPage.clickIncomingTransactions(LocalGrantsAppPage.java:120)
	at stepdefs.E2EGrantsWorkflowSteps.clickSidebarLink(E2EGrantsWorkflowSteps.java:260)
	at jdk.internal.reflect.GeneratedMethodAccessor189.invoke(Unknown Source)
	at java.base/jdk.internal.reflect.DelegatingMethodAccessorImpl.invoke(DelegatingMethodAccessorImpl.java:43)
	at java.base/java.lang.reflect.Method.invoke(Method.java:568)
	at io.cucumber.java.Invoker.doInvoke(Invoker.java:66)
	at io.cucumber.java.Invoker.invoke(Invoker.java:24)
	at io.cucumber.java.AbstractGlueDefinition.invokeMethod(AbstractGlueDefinition.java:47)
	at io.cucumber.java.JavaStepDefinition.execute(JavaStepDefinition.java:29)
	at io.cucumber.core.runner.CoreStepDefinition.execute(CoreStepDefinition.java:66)
	at io.cucumber.core.runner.PickleStepDefinitionMatch.runStep(PickleStepDefinitionMatch.java:63)
	at io.cucumber.core.runner.ExecutionMode$1.execute(ExecutionMode.java:10)
	at io.cucumber.core.runner.TestStep.executeStep(TestStep.java:84)
	at io.cucumber.core.runner.TestStep.run(TestStep.java:56)
	at io.cucumber.core.runner.PickleStepTestStep.run(PickleStepTestStep.java:51)
	at io.cucumber.core.runner.TestCase.run(TestCase.java:84)
	at io.cucumber.core.runner.Runner.runPickle(Runner.java:75)
	at io.cucumber.testng.TestNGCucumberRunner.lambda$runScenario$1(TestNGCucumberRunner.java:132)
	at io.cucumber.core.runtime.CucumberExecutionContext.lambda$runTestCase$5(CucumberExecutionContext.java:137)
	at io.cucumber.core.runtime.RethrowingThrowableCollector.executeAndThrow(RethrowingThrowableCollector.java:23)
	at io.cucumber.core.runtime.CucumberExecutionContext.runTestCase(CucumberExecutionContext.java:137)
	at io.cucumber.testng.TestNGCucumberRunner.runScenario(TestNGCucumberRunner.java:129)
	at io.cucumber.testng.AbstractTestNGCucumberTests.runScenario(AbstractTestNGCucumberTests.java:35)
	at jdk.internal.reflect.GeneratedMethodAccessor136.invoke(Unknown Source)
	at java.base/jdk.internal.reflect.DelegatingMethodAccessorImpl.invoke(DelegatingMethodAccessorImpl.java:43)
	at java.base/java.lang.reflect.Method.invoke(Method.java:568)
	at org.testng.internal.invokers.MethodInvocationHelper.invokeMethod(MethodInvocationHelper.java:139)
	at org.testng.internal.invokers.TestInvoker.invokeMethod(TestInvoker.java:664)
	at org.testng.internal.invokers.TestInvoker.invokeTestMethod(TestInvoker.java:228)
	at org.testng.internal.invokers.MethodRunner.runInSequence(MethodRunner.java:63)
	at org.testng.internal.invokers.TestInvoker$MethodInvocationAgent.invoke(TestInvoker.java:961)
	at org.testng.internal.invokers.TestInvoker.invokeTestMethods(TestInvoker.java:201)
	at org.testng.internal.invokers.TestMethodWorker.invokeTestMethods(TestMethodWorker.java:148)
	at org.testng.internal.invokers.TestMethodWorker.run(TestMethodWorker.java:128)
	at java.base/java.util.ArrayList.forEach(ArrayList.java:1511)
	at org.testng.TestRunner.privateRun(TestRunner.java:819)
	at org.testng.TestRunner.run(TestRunner.java:619)
	at org.testng.SuiteRunner.runTest(SuiteRunner.java:443)
	at org.testng.SuiteRunner.runSequentially(SuiteRunner.java:437)
	at org.testng.SuiteRunner.privateRun(SuiteRunner.java:397)
	at org.testng.SuiteRunner.run(SuiteRunner.java:336)
	at org.testng.SuiteRunnerWorker.runSuite(SuiteRunnerWorker.java:52)
	at org.testng.SuiteRunnerWorker.run(SuiteRunnerWorker.java:95)
	at org.testng.TestNG.runSuitesSequentially(TestNG.java:1301)
	at org.testng.TestNG.runSuitesLocally(TestNG.java:1228)
	at org.testng.TestNG.runSuites(TestNG.java:1134)
	at org.testng.TestNG.run(TestNG.java:1101)
	at org.apache.maven.surefire.testng.TestNGExecutor.run(TestNGExecutor.java:308)
	at org.apache.maven.surefire.testng.TestNGXmlTestSuite.execute(TestNGXmlTestSuite.java:71)
	at org.apache.maven.surefire.testng.TestNGProvider.invoke(TestNGProvider.java:113)
	at org.apache.maven.surefire.booter.ForkedBooter.runSuitesInProcess(ForkedBooter.java:385)
	at org.apache.maven.surefire.booter.ForkedBooter.execute(ForkedBooter.java:162)
	at org.apache.maven.surefire.booter.ForkedBooter.run(ForkedBooter.java:507)
	at org.apache.maven.surefire.booter.ForkedBooter.main(ForkedBooter.java:495)

runners.E2ETestRunner.runScenario["TC-E2E-03-ABDULLAH — Grant Manager finalizes transaction TX-01", "E2E Grant Workflow — User_ABDULLAH"](36) -- Time elapsed: 23.30 s <<< FAILURE!
org.openqa.selenium.TimeoutException: 
Expected condition failed: waiting for visibility of element located by By.xpath: //button[contains(.,'تسجيل الدخول')] (tried for 20 second(s) with 500 milliseconds interval)
Build info: version: '4.18.1', revision: 'b1d3319b48'
System info: os.name: 'Windows 11', os.arch: 'amd64', os.version: '10.0', java.version: '17.0.12'
Driver info: org.openqa.selenium.chrome.ChromeDriver
Capabilities {acceptInsecureCerts: false, browserName: chrome, browserVersion: 145.0.7632.160, chrome: {chromedriverVersion: 145.0.7632.117 (de4e5d6e13b..., userDataDir: C:\Users\mahmo\AppData\Loca...}, fedcm:accounts: true, goog:chromeOptions: {debuggerAddress: localhost:61379}, goog:processID: 47712, networkConnectionEnabled: false, pageLoadStrategy: normal, platformName: windows, proxy: Proxy(), se:cdp: ws://localhost:61379/devtoo..., se:cdpVersion: 145.0.7632.160, setWindowRect: true, strictFileInteractability: false, timeouts: {implicit: 0, pageLoad: 300000, script: 30000}, unhandledPromptBehavior: dismiss and notify, webauthn:extension:credBlob: true, webauthn:extension:largeBlob: true, webauthn:extension:minPinLength: true, webauthn:extension:prf: true, webauthn:virtualAuthenticators: true}
Session ID: 43fbb243578b701b61d50243c1fa7fff
	at org.openqa.selenium.support.ui.WebDriverWait.timeoutException(WebDriverWait.java:84)
	at org.openqa.selenium.support.ui.FluentWait.until(FluentWait.java:228)
	at pages.LoginPage.login(LoginPage.java:58)
	at stepdefs.E2EGrantsWorkflowSteps.login(E2EGrantsWorkflowSteps.java:98)
	at ✽.I login with username "grant_manager" and password "Aa1357@a"(file:///D:/Eastern%20Automation%20Scripts/GrantRoyal_fixed_clean/src/test/resources/features/E2E_abdullah_AllAreas.feature:87)

runners.E2ETestRunner.runScenario["TC-E2E-03-ABDULLAH — Grant Manager finalizes transaction TX-02", "E2E Grant Workflow — User_ABDULLAH"](37) -- Time elapsed: 22.25 s <<< FAILURE!
org.openqa.selenium.TimeoutException: 
Expected condition failed: waiting for visibility of element located by By.xpath: //button[contains(.,'تسجيل الدخول')] (tried for 20 second(s) with 500 milliseconds interval)
Build info: version: '4.18.1', revision: 'b1d3319b48'
System info: os.name: 'Windows 11', os.arch: 'amd64', os.version: '10.0', java.version: '17.0.12'
Driver info: org.openqa.selenium.chrome.ChromeDriver
Capabilities {acceptInsecureCerts: false, browserName: chrome, browserVersion: 145.0.7632.160, chrome: {chromedriverVersion: 145.0.7632.117 (de4e5d6e13b..., userDataDir: C:\Users\mahmo\AppData\Loca...}, fedcm:accounts: true, goog:chromeOptions: {debuggerAddress: localhost:57547}, goog:processID: 46844, networkConnectionEnabled: false, pageLoadStrategy: normal, platformName: windows, proxy: Proxy(), se:cdp: ws://localhost:57547/devtoo..., se:cdpVersion: 145.0.7632.160, setWindowRect: true, strictFileInteractability: false, timeouts: {implicit: 0, pageLoad: 300000, script: 30000}, unhandledPromptBehavior: dismiss and notify, webauthn:extension:credBlob: true, webauthn:extension:largeBlob: true, webauthn:extension:minPinLength: true, webauthn:extension:prf: true, webauthn:virtualAuthenticators: true}
Session ID: 79efc5651a4aefca363d744f4353c319
	at org.openqa.selenium.support.ui.WebDriverWait.timeoutException(WebDriverWait.java:84)
	at org.openqa.selenium.support.ui.FluentWait.until(FluentWait.java:228)
	at pages.LoginPage.login(LoginPage.java:58)
	at stepdefs.E2EGrantsWorkflowSteps.login(E2EGrantsWorkflowSteps.java:98)
	at ✽.I login with username "grant_manager" and password "Aa1357@a"(file:///D:/Eastern%20Automation%20Scripts/GrantRoyal_fixed_clean/src/test/resources/features/E2E_abdullah_AllAreas.feature:87)

runners.E2ETestRunner.runScenario["TC-E2E-03-ABDULLAH — Grant Manager finalizes transaction TX-03", "E2E Grant Workflow — User_ABDULLAH"](38) -- Time elapsed: 39.29 s <<< FAILURE!
java.lang.RuntimeException: transaction_numbers.txt not found — run Step 1 first.
	at stepdefs.E2EGrantsWorkflowSteps.getTransactionNumberByIndex(E2EGrantsWorkflowSteps.java:422)
	at stepdefs.E2EGrantsWorkflowSteps.clickViewOnTransactionByIndex(E2EGrantsWorkflowSteps.java:412)
	at ✽.I click "عرض" button on transaction number "TX-03"(file:///D:/Eastern%20Automation%20Scripts/GrantRoyal_fixed_clean/src/test/resources/features/E2E_abdullah_AllAreas.feature:94)

runners.E2ETestRunner.runScenario["TC-E2E-03-ABDULLAH — Grant Manager finalizes transaction TX-04", "E2E Grant Workflow — User_ABDULLAH"](39) -- Time elapsed: 41.21 s <<< FAILURE!
java.lang.RuntimeException: transaction_numbers.txt not found — run Step 1 first.
	at stepdefs.E2EGrantsWorkflowSteps.getTransactionNumberByIndex(E2EGrantsWorkflowSteps.java:422)
	at stepdefs.E2EGrantsWorkflowSteps.clickViewOnTransactionByIndex(E2EGrantsWorkflowSteps.java:412)
	at ✽.I click "عرض" button on transaction number "TX-04"(file:///D:/Eastern%20Automation%20Scripts/GrantRoyal_fixed_clean/src/test/resources/features/E2E_abdullah_AllAreas.feature:94)

runners.E2ETestRunner.runScenario["TC-E2E-03-ABDULLAH — Grant Manager finalizes transaction TX-05", "E2E Grant Workflow — User_ABDULLAH"](40) -- Time elapsed: 36.78 s <<< FAILURE!
java.lang.RuntimeException: transaction_numbers.txt not found — run Step 1 first.
	at stepdefs.E2EGrantsWorkflowSteps.getTransactionNumberByIndex(E2EGrantsWorkflowSteps.java:422)
	at stepdefs.E2EGrantsWorkflowSteps.clickViewOnTransactionByIndex(E2EGrantsWorkflowSteps.java:412)
	at ✽.I click "عرض" button on transaction number "TX-05"(file:///D:/Eastern%20Automation%20Scripts/GrantRoyal_fixed_clean/src/test/resources/features/E2E_abdullah_AllAreas.feature:94)

runners.E2ETestRunner.runScenario["TC-E2E-03-ABDULLAH — Grant Manager finalizes transaction TX-06", "E2E Grant Workflow — User_ABDULLAH"](41) -- Time elapsed: 26.82 s <<< FAILURE!
java.lang.RuntimeException: transaction_numbers.txt not found — run Step 1 first.
	at stepdefs.E2EGrantsWorkflowSteps.getTransactionNumberByIndex(E2EGrantsWorkflowSteps.java:422)
	at stepdefs.E2EGrantsWorkflowSteps.clickViewOnTransactionByIndex(E2EGrantsWorkflowSteps.java:412)
	at ✽.I click "عرض" button on transaction number "TX-06"(file:///D:/Eastern%20Automation%20Scripts/GrantRoyal_fixed_clean/src/test/resources/features/E2E_abdullah_AllAreas.feature:94)

runners.E2ETestRunner.runScenario["TC-E2E-03-ABDULLAH — Grant Manager finalizes transaction TX-07", "E2E Grant Workflow — User_ABDULLAH"](42) -- Time elapsed: 24.60 s <<< FAILURE!
java.lang.RuntimeException: transaction_numbers.txt not found — run Step 1 first.
	at stepdefs.E2EGrantsWorkflowSteps.getTransactionNumberByIndex(E2EGrantsWorkflowSteps.java:422)
	at stepdefs.E2EGrantsWorkflowSteps.clickViewOnTransactionByIndex(E2EGrantsWorkflowSteps.java:412)
	at ✽.I click "عرض" button on transaction number "TX-07"(file:///D:/Eastern%20Automation%20Scripts/GrantRoyal_fixed_clean/src/test/resources/features/E2E_abdullah_AllAreas.feature:94)

runners.E2ETestRunner.runScenario["TC-E2E-02-EMAD — Grant Employee processes transaction TX-01", "E2E Grant Workflow — User_EMAD"](50) -- Time elapsed: 33.24 s <<< FAILURE!
java.lang.RuntimeException: Transaction not found in any page: ٢١٦ / ١٤٤٧
	at pages.LocalGrantsAppPage.clickViewOnTransaction(LocalGrantsAppPage.java:226)
	at stepdefs.E2EGrantsWorkflowSteps.clickViewOnTransactionByIndex(E2EGrantsWorkflowSteps.java:415)
	at ✽.I click "عرض" button on transaction number "TX-01"(file:///D:/Eastern%20Automation%20Scripts/GrantRoyal_fixed_clean/src/test/resources/features/E2E_emad_AllAreas.feature:54)

runners.E2ETestRunner.runScenario["TC-E2E-02-EMAD — Grant Employee processes transaction TX-04", "E2E Grant Workflow — User_EMAD"](53) -- Time elapsed: 39.48 s <<< FAILURE!
java.lang.RuntimeException: Transaction not found in any page: ٢١٩ / ١٤٤٧
	at pages.LocalGrantsAppPage.clickViewOnTransaction(LocalGrantsAppPage.java:226)
	at stepdefs.E2EGrantsWorkflowSteps.clickViewOnTransactionByIndex(E2EGrantsWorkflowSteps.java:415)
	at ✽.I click "عرض" button on transaction number "TX-04"(file:///D:/Eastern%20Automation%20Scripts/GrantRoyal_fixed_clean/src/test/resources/features/E2E_emad_AllAreas.feature:54)

runners.E2ETestRunner.runScenario["TC-E2E-02-EMAD — Grant Employee processes transaction TX-05", "E2E Grant Workflow — User_EMAD"](54) -- Time elapsed: 67.92 s <<< FAILURE!
org.openqa.selenium.ElementClickInterceptedException: 
element click intercepted: Element <a class="ant-pagination-item-link">...</a> is not clickable at point (875, 617). Other element would receive the click: <div class="spinner-bk">...</div>
  (Session info: chrome=145.0.7632.160)
Build info: version: '4.18.1', revision: 'b1d3319b48'
System info: os.name: 'Windows 11', os.arch: 'amd64', os.version: '10.0', java.version: '17.0.12'
Driver info: org.openqa.selenium.chrome.ChromeDriver
Command: [3f76828015aa70d80a6ef62ffa4fde5d, clickElement {id=f.3E291A0BD9A4A586024314B6FE262586.d.4DFC436625EE4DEB3A8634D06451C43A.e.62}]
Capabilities {acceptInsecureCerts: false, browserName: chrome, browserVersion: 145.0.7632.160, chrome: {chromedriverVersion: 145.0.7632.117 (de4e5d6e13b..., userDataDir: C:\Users\mahmo\AppData\Loca...}, fedcm:accounts: true, goog:chromeOptions: {debuggerAddress: localhost:53241}, goog:processID: 27312, networkConnectionEnabled: false, pageLoadStrategy: normal, platformName: windows, proxy: Proxy(), se:cdp: ws://localhost:53241/devtoo..., se:cdpVersion: 145.0.7632.160, setWindowRect: true, strictFileInteractability: false, timeouts: {implicit: 0, pageLoad: 300000, script: 30000}, unhandledPromptBehavior: dismiss and notify, webauthn:extension:credBlob: true, webauthn:extension:largeBlob: true, webauthn:extension:minPinLength: true, webauthn:extension:prf: true, webauthn:virtualAuthenticators: true}
Element: [[ChromeDriver: chrome on windows (3f76828015aa70d80a6ef62ffa4fde5d)] -> xpath: //li[contains(@class,'ant-pagination-next') and not(contains(@class,'disabled'))]//a]
Session ID: 3f76828015aa70d80a6ef62ffa4fde5d
	at java.base/jdk.internal.reflect.NativeConstructorAccessorImpl.newInstance0(Native Method)
	at java.base/jdk.internal.reflect.NativeConstructorAccessorImpl.newInstance(NativeConstructorAccessorImpl.java:77)
	at java.base/jdk.internal.reflect.DelegatingConstructorAccessorImpl.newInstance(DelegatingConstructorAccessorImpl.java:45)
	at java.base/java.lang.reflect.Constructor.newInstanceWithCaller(Constructor.java:499)
	at java.base/java.lang.reflect.Constructor.newInstance(Constructor.java:480)
	at org.openqa.selenium.remote.ErrorCodec.decode(ErrorCodec.java:167)
	at org.openqa.selenium.remote.codec.w3c.W3CHttpResponseCodec.decode(W3CHttpResponseCodec.java:138)
	at org.openqa.selenium.remote.codec.w3c.W3CHttpResponseCodec.decode(W3CHttpResponseCodec.java:50)
	at org.openqa.selenium.remote.HttpCommandExecutor.execute(HttpCommandExecutor.java:190)
	at org.openqa.selenium.remote.service.DriverCommandExecutor.invokeExecute(DriverCommandExecutor.java:216)
	at org.openqa.selenium.remote.service.DriverCommandExecutor.execute(DriverCommandExecutor.java:174)
	at org.openqa.selenium.remote.RemoteWebDriver.execute(RemoteWebDriver.java:519)
	at org.openqa.selenium.remote.RemoteWebElement.execute(RemoteWebElement.java:223)
	at org.openqa.selenium.remote.RemoteWebElement.click(RemoteWebElement.java:76)
	at pages.LocalGrantsAppPage.clickViewOnTransaction(LocalGrantsAppPage.java:221)
	at stepdefs.E2EGrantsWorkflowSteps.clickViewOnTransactionByIndex(E2EGrantsWorkflowSteps.java:415)
	at ✽.I click "عرض" button on transaction number "TX-05"(file:///D:/Eastern%20Automation%20Scripts/GrantRoyal_fixed_clean/src/test/resources/features/E2E_emad_AllAreas.feature:54)

runners.E2ETestRunner.runScenario["TC-E2E-03-EMAD — Grant Manager finalizes transaction TX-01", "E2E Grant Workflow — User_EMAD"](57) -- Time elapsed: 48.60 s <<< FAILURE!
java.lang.RuntimeException: Transaction not found in any page: ٢١٦ / ١٤٤٧
	at pages.LocalGrantsAppPage.clickViewOnTransaction(LocalGrantsAppPage.java:226)
	at stepdefs.E2EGrantsWorkflowSteps.clickViewOnTransactionByIndex(E2EGrantsWorkflowSteps.java:415)
	at ✽.I click "عرض" button on transaction number "TX-01"(file:///D:/Eastern%20Automation%20Scripts/GrantRoyal_fixed_clean/src/test/resources/features/E2E_emad_AllAreas.feature:94)

runners.E2ETestRunner.runScenario["TC-E2E-03-EMAD — Grant Manager finalizes transaction TX-02", "E2E Grant Workflow — User_EMAD"](58) -- Time elapsed: 15.72 s <<< FAILURE!
org.openqa.selenium.NoSuchSessionException: 
invalid session id: session deleted as the browser has closed the connection
from disconnected: Unable to receive message from renderer
  (Session info: chrome=145.0.7632.160)
Build info: version: '4.18.1', revision: 'b1d3319b48'
System info: os.name: 'Windows 11', os.arch: 'amd64', os.version: '10.0', java.version: '17.0.12'
Driver info: org.openqa.selenium.chrome.ChromeDriver
Command: [2eba79f7c5b50a0328c4be5c8f296ddf, clickElement {id=f.436C52250253ADAA934B0CEDFB5CB14B.d.BF3F7F94E10B7406735FA201A3310A33.e.98}]
Capabilities {acceptInsecureCerts: false, browserName: chrome, browserVersion: 145.0.7632.160, chrome: {chromedriverVersion: 145.0.7632.117 (de4e5d6e13b..., userDataDir: C:\Users\mahmo\AppData\Loca...}, fedcm:accounts: true, goog:chromeOptions: {debuggerAddress: localhost:54438}, goog:processID: 45964, networkConnectionEnabled: false, pageLoadStrategy: normal, platformName: windows, proxy: Proxy(), se:cdp: ws://localhost:54438/devtoo..., se:cdpVersion: 145.0.7632.160, setWindowRect: true, strictFileInteractability: false, timeouts: {implicit: 0, pageLoad: 300000, script: 30000}, unhandledPromptBehavior: dismiss and notify, webauthn:extension:credBlob: true, webauthn:extension:largeBlob: true, webauthn:extension:minPinLength: true, webauthn:extension:prf: true, webauthn:virtualAuthenticators: true}
Element: [[ChromeDriver: chrome on windows (2eba79f7c5b50a0328c4be5c8f296ddf)] -> xpath: //a[contains(@href,'grantroyal')]//button[contains(.,'الدخول')]]
Session ID: 2eba79f7c5b50a0328c4be5c8f296ddf
	at java.base/jdk.internal.reflect.NativeConstructorAccessorImpl.newInstance0(Native Method)
	at java.base/jdk.internal.reflect.NativeConstructorAccessorImpl.newInstance(NativeConstructorAccessorImpl.java:77)
	at java.base/jdk.internal.reflect.DelegatingConstructorAccessorImpl.newInstance(DelegatingConstructorAccessorImpl.java:45)
	at java.base/java.lang.reflect.Constructor.newInstanceWithCaller(Constructor.java:499)
	at java.base/java.lang.reflect.Constructor.newInstance(Constructor.java:480)
	at org.openqa.selenium.remote.ErrorCodec.decode(ErrorCodec.java:167)
	at org.openqa.selenium.remote.codec.w3c.W3CHttpResponseCodec.decode(W3CHttpResponseCodec.java:138)
	at org.openqa.selenium.remote.codec.w3c.W3CHttpResponseCodec.decode(W3CHttpResponseCodec.java:50)
	at org.openqa.selenium.remote.HttpCommandExecutor.execute(HttpCommandExecutor.java:190)
	at org.openqa.selenium.remote.service.DriverCommandExecutor.invokeExecute(DriverCommandExecutor.java:216)
	at org.openqa.selenium.remote.service.DriverCommandExecutor.execute(DriverCommandExecutor.java:174)
	at org.openqa.selenium.remote.RemoteWebDriver.execute(RemoteWebDriver.java:519)
	at org.openqa.selenium.remote.RemoteWebElement.execute(RemoteWebElement.java:223)
	at org.openqa.selenium.remote.RemoteWebElement.click(RemoteWebElement.java:76)
	at pages.AppsPage.clickGrantsAppCard(AppsPage.java:60)
	at stepdefs.E2EGrantsWorkflowSteps.clickAppCard(E2EGrantsWorkflowSteps.java:109)
	at ✽.I click on "المنح الملكية" app card(file:///D:/Eastern%20Automation%20Scripts/GrantRoyal_fixed_clean/src/test/resources/features/E2E_emad_AllAreas.feature:89)

runners.E2ETestRunner.runScenario["TC-E2E-03-EMAD — Grant Manager finalizes transaction TX-03", "E2E Grant Workflow — User_EMAD"](59) -- Time elapsed: 14370 s <<< FAILURE!
org.openqa.selenium.TimeoutException: 
java.net.http.HttpTimeoutException: request timed out
Build info: version: '4.18.1', revision: 'b1d3319b48'
System info: os.name: 'Windows 11', os.arch: 'amd64', os.version: '10.0', java.version: '17.0.12'
Driver info: org.openqa.selenium.chrome.ChromeDriver
Command: [8068e7709f48e36f5a150dd6cf306ec6, refresh {}]
Capabilities {acceptInsecureCerts: false, browserName: chrome, browserVersion: 145.0.7632.160, chrome: {chromedriverVersion: 145.0.7632.117 (de4e5d6e13b..., userDataDir: C:\Users\mahmo\AppData\Loca...}, fedcm:accounts: true, goog:chromeOptions: {debuggerAddress: localhost:60771}, goog:processID: 18888, networkConnectionEnabled: false, pageLoadStrategy: normal, platformName: windows, proxy: Proxy(), se:cdp: ws://localhost:60771/devtoo..., se:cdpVersion: 145.0.7632.160, setWindowRect: true, strictFileInteractability: false, timeouts: {implicit: 0, pageLoad: 300000, script: 30000}, unhandledPromptBehavior: dismiss and notify, webauthn:extension:credBlob: true, webauthn:extension:largeBlob: true, webauthn:extension:minPinLength: true, webauthn:extension:prf: true, webauthn:virtualAuthenticators: true}
Session ID: 8068e7709f48e36f5a150dd6cf306ec6
	at org.openqa.selenium.remote.http.jdk.JdkHttpClient.execute0(JdkHttpClient.java:393)
	at org.openqa.selenium.remote.http.AddSeleniumUserAgent.lambda$apply$0(AddSeleniumUserAgent.java:42)
	at org.openqa.selenium.remote.http.Filter.lambda$andFinally$1(Filter.java:55)
	at org.openqa.selenium.remote.http.jdk.JdkHttpClient.execute(JdkHttpClient.java:359)
	at org.openqa.selenium.remote.HttpCommandExecutor.execute(HttpCommandExecutor.java:187)
	at org.openqa.selenium.remote.service.DriverCommandExecutor.invokeExecute(DriverCommandExecutor.java:216)
	at org.openqa.selenium.remote.service.DriverCommandExecutor.execute(DriverCommandExecutor.java:174)
	at org.openqa.selenium.remote.RemoteWebDriver.execute(RemoteWebDriver.java:519)
	at org.openqa.selenium.remote.RemoteWebDriver.execute(RemoteWebDriver.java:592)
	at org.openqa.selenium.remote.RemoteWebDriver.execute(RemoteWebDriver.java:596)
	at org.openqa.selenium.remote.RemoteWebDriver$RemoteNavigation.refresh(RemoteWebDriver.java:1074)
	at stepdefs.E2EGrantsWorkflowSteps.navigateToPortal(E2EGrantsWorkflowSteps.java:91)
	at ✽.I navigate to the portal login page(file:///D:/Eastern%20Automation%20Scripts/GrantRoyal_fixed_clean/src/test/resources/features/E2E_emad_AllAreas.feature:86)
Caused by: java.net.http.HttpTimeoutException: request timed out
	at java.net.http/jdk.internal.net.http.ResponseTimerEvent.handle(ResponseTimerEvent.java:63)
	at java.net.http/jdk.internal.net.http.HttpClientImpl.purgeTimeoutsAndReturnNextDeadline(HttpClientImpl.java:1273)
	at java.net.http/jdk.internal.net.http.HttpClientImpl$SelectorManager.run(HttpClientImpl.java:902)

runners.E2ETestRunner.runScenario["TC-E2E-03-EMAD — Grant Manager finalizes transaction TX-04", "E2E Grant Workflow — User_EMAD"](60) -- Time elapsed: 53.87 s <<< FAILURE!
java.lang.RuntimeException: Transaction not found in any page: ٢١٩ / ١٤٤٧
	at pages.LocalGrantsAppPage.clickViewOnTransaction(LocalGrantsAppPage.java:226)
	at stepdefs.E2EGrantsWorkflowSteps.clickViewOnTransactionByIndex(E2EGrantsWorkflowSteps.java:415)
	at ✽.I click "عرض" button on transaction number "TX-04"(file:///D:/Eastern%20Automation%20Scripts/GrantRoyal_fixed_clean/src/test/resources/features/E2E_emad_AllAreas.feature:94)

runners.E2ETestRunner.runScenario["TC-E2E-03-EMAD — Grant Manager finalizes transaction TX-05", "E2E Grant Workflow — User_EMAD"](61) -- Time elapsed: 40.99 s <<< FAILURE!
java.lang.RuntimeException: Transaction not found in any page: ٢٢٠ / ١٤٤٧
	at pages.LocalGrantsAppPage.clickViewOnTransaction(LocalGrantsAppPage.java:226)
	at stepdefs.E2EGrantsWorkflowSteps.clickViewOnTransactionByIndex(E2EGrantsWorkflowSteps.java:415)
	at ✽.I click "عرض" button on transaction number "TX-05"(file:///D:/Eastern%20Automation%20Scripts/GrantRoyal_fixed_clean/src/test/resources/features/E2E_emad_AllAreas.feature:94)

runners.E2ETestRunner.runScenario["TC-E2E-03-EMAD — Grant Manager finalizes transaction TX-07", "E2E Grant Workflow — User_EMAD"](63) -- Time elapsed: 29.34 s <<< FAILURE!
org.openqa.selenium.ElementClickInterceptedException: 
element click intercepted: Element <a class="ant-pagination-item-link">...</a> is not clickable at point (719, 617). Other element would receive the click: <div class="spinner-bk">...</div>
  (Session info: chrome=145.0.7632.160)
Build info: version: '4.18.1', revision: 'b1d3319b48'
System info: os.name: 'Windows 11', os.arch: 'amd64', os.version: '10.0', java.version: '17.0.12'
Driver info: org.openqa.selenium.chrome.ChromeDriver
Command: [20a61e4abbea7fa1a9c58b59d9d668a1, clickElement {id=f.A6B89BFB016CE0EF03F7E55A672D0978.d.CF5281EBEF530326479C50CE9FD98061.e.33}]
Capabilities {acceptInsecureCerts: false, browserName: chrome, browserVersion: 145.0.7632.160, chrome: {chromedriverVersion: 145.0.7632.117 (de4e5d6e13b..., userDataDir: C:\Users\mahmo\AppData\Loca...}, fedcm:accounts: true, goog:chromeOptions: {debuggerAddress: localhost:56978}, goog:processID: 6568, networkConnectionEnabled: false, pageLoadStrategy: normal, platformName: windows, proxy: Proxy(), se:cdp: ws://localhost:56978/devtoo..., se:cdpVersion: 145.0.7632.160, setWindowRect: true, strictFileInteractability: false, timeouts: {implicit: 0, pageLoad: 300000, script: 30000}, unhandledPromptBehavior: dismiss and notify, webauthn:extension:credBlob: true, webauthn:extension:largeBlob: true, webauthn:extension:minPinLength: true, webauthn:extension:prf: true, webauthn:virtualAuthenticators: true}
Element: [[ChromeDriver: chrome on windows (20a61e4abbea7fa1a9c58b59d9d668a1)] -> xpath: //li[contains(@class,'ant-pagination-next') and not(contains(@class,'disabled'))]//a]
Session ID: 20a61e4abbea7fa1a9c58b59d9d668a1
	at java.base/jdk.internal.reflect.NativeConstructorAccessorImpl.newInstance0(Native Method)
	at java.base/jdk.internal.reflect.NativeConstructorAccessorImpl.newInstance(NativeConstructorAccessorImpl.java:77)
	at java.base/jdk.internal.reflect.DelegatingConstructorAccessorImpl.newInstance(DelegatingConstructorAccessorImpl.java:45)
	at java.base/java.lang.reflect.Constructor.newInstanceWithCaller(Constructor.java:499)
	at java.base/java.lang.reflect.Constructor.newInstance(Constructor.java:480)
	at org.openqa.selenium.remote.ErrorCodec.decode(ErrorCodec.java:167)
	at org.openqa.selenium.remote.codec.w3c.W3CHttpResponseCodec.decode(W3CHttpResponseCodec.java:138)
	at org.openqa.selenium.remote.codec.w3c.W3CHttpResponseCodec.decode(W3CHttpResponseCodec.java:50)
	at org.openqa.selenium.remote.HttpCommandExecutor.execute(HttpCommandExecutor.java:190)
	at org.openqa.selenium.remote.service.DriverCommandExecutor.invokeExecute(DriverCommandExecutor.java:216)
	at org.openqa.selenium.remote.service.DriverCommandExecutor.execute(DriverCommandExecutor.java:174)
	at org.openqa.selenium.remote.RemoteWebDriver.execute(RemoteWebDriver.java:519)
	at org.openqa.selenium.remote.RemoteWebElement.execute(RemoteWebElement.java:223)
	at org.openqa.selenium.remote.RemoteWebElement.click(RemoteWebElement.java:76)
	at pages.LocalGrantsAppPage.clickViewOnTransaction(LocalGrantsAppPage.java:221)
	at stepdefs.E2EGrantsWorkflowSteps.clickViewOnTransactionByIndex(E2EGrantsWorkflowSteps.java:415)
	at ✽.I click "عرض" button on transaction number "TX-07"(file:///D:/Eastern%20Automation%20Scripts/GrantRoyal_fixed_clean/src/test/resources/features/E2E_emad_AllAreas.feature:94)

runners.E2ETestRunner.runScenario["TC-E2E-01-IBRAHEM — Citizen ibrahem submits grant with مساحة ٢٠ × ٢٠", "E2E Grant Workflow — User_IBRAHEM"](70) -- Time elapsed: 301.4 s <<< FAILURE!
org.openqa.selenium.TimeoutException: 
java.util.concurrent.TimeoutException
Build info: version: '4.18.1', revision: 'b1d3319b48'
System info: os.name: 'Windows 11', os.arch: 'amd64', os.version: '10.0', java.version: '17.0.12'
Driver info: org.openqa.selenium.chrome.ChromeDriver
Command: [ebae9d201449a0d94b25cc3ba307e9e7, get {url=https://geoservices1.syadtech.com/home/login}]
Capabilities {acceptInsecureCerts: false, browserName: chrome, browserVersion: 145.0.7632.160, chrome: {chromedriverVersion: 145.0.7632.117 (de4e5d6e13b..., userDataDir: C:\Users\mahmo\AppData\Loca...}, fedcm:accounts: true, goog:chromeOptions: {debuggerAddress: localhost:53037}, goog:processID: 16764, networkConnectionEnabled: false, pageLoadStrategy: normal, platformName: windows, proxy: Proxy(), se:cdp: ws://localhost:53037/devtoo..., se:cdpVersion: 145.0.7632.160, setWindowRect: true, strictFileInteractability: false, timeouts: {implicit: 0, pageLoad: 300000, script: 30000}, unhandledPromptBehavior: dismiss and notify, webauthn:extension:credBlob: true, webauthn:extension:largeBlob: true, webauthn:extension:minPinLength: true, webauthn:extension:prf: true, webauthn:virtualAuthenticators: true}
Session ID: ebae9d201449a0d94b25cc3ba307e9e7
	at org.openqa.selenium.remote.http.jdk.JdkHttpClient.execute0(JdkHttpClient.java:403)
	at org.openqa.selenium.remote.http.AddSeleniumUserAgent.lambda$apply$0(AddSeleniumUserAgent.java:42)
	at org.openqa.selenium.remote.http.Filter.lambda$andFinally$1(Filter.java:55)
	at org.openqa.selenium.remote.http.jdk.JdkHttpClient.execute(JdkHttpClient.java:359)
	at org.openqa.selenium.remote.HttpCommandExecutor.execute(HttpCommandExecutor.java:187)
	at org.openqa.selenium.remote.service.DriverCommandExecutor.invokeExecute(DriverCommandExecutor.java:216)
	at org.openqa.selenium.remote.service.DriverCommandExecutor.execute(DriverCommandExecutor.java:174)
	at org.openqa.selenium.remote.RemoteWebDriver.execute(RemoteWebDriver.java:519)
	at org.openqa.selenium.remote.RemoteWebDriver.get(RemoteWebDriver.java:301)
	at stepdefs.E2EGrantsWorkflowSteps.navigateToPortal(E2EGrantsWorkflowSteps.java:90)
	at ✽.I navigate to the portal login page(file:///D:/Eastern%20Automation%20Scripts/GrantRoyal_fixed_clean/src/test/resources/features/E2E_ibrahem_AllAreas.feature:10)
Caused by: java.util.concurrent.TimeoutException
	at java.base/java.util.concurrent.CompletableFuture.timedGet(CompletableFuture.java:1960)
	at java.base/java.util.concurrent.CompletableFuture.get(CompletableFuture.java:2095)
	at org.openqa.selenium.remote.http.jdk.JdkHttpClient.execute0(JdkHttpClient.java:386)
	at org.openqa.selenium.remote.http.AddSeleniumUserAgent.lambda$apply$0(AddSeleniumUserAgent.java:42)
	at org.openqa.selenium.remote.http.Filter.lambda$andFinally$1(Filter.java:55)
	at org.openqa.selenium.remote.http.jdk.JdkHttpClient.execute(JdkHttpClient.java:359)
	at org.openqa.selenium.remote.HttpCommandExecutor.execute(HttpCommandExecutor.java:187)
	at org.openqa.selenium.remote.service.DriverCommandExecutor.invokeExecute(DriverCommandExecutor.java:216)
	at org.openqa.selenium.remote.service.DriverCommandExecutor.execute(DriverCommandExecutor.java:174)
	at org.openqa.selenium.remote.RemoteWebDriver.execute(RemoteWebDriver.java:519)
	at org.openqa.selenium.remote.RemoteWebDriver.get(RemoteWebDriver.java:301)
	at stepdefs.E2EGrantsWorkflowSteps.navigateToPortal(E2EGrantsWorkflowSteps.java:90)
	at jdk.internal.reflect.GeneratedMethodAccessor147.invoke(Unknown Source)
	at java.base/jdk.internal.reflect.DelegatingMethodAccessorImpl.invoke(DelegatingMethodAccessorImpl.java:43)
	at java.base/java.lang.reflect.Method.invoke(Method.java:568)
	at io.cucumber.java.Invoker.doInvoke(Invoker.java:66)
	at io.cucumber.java.Invoker.invoke(Invoker.java:24)
	at io.cucumber.java.AbstractGlueDefinition.invokeMethod(AbstractGlueDefinition.java:47)
	at io.cucumber.java.JavaStepDefinition.execute(JavaStepDefinition.java:29)
	at io.cucumber.core.runner.CoreStepDefinition.execute(CoreStepDefinition.java:66)
	at io.cucumber.core.runner.PickleStepDefinitionMatch.runStep(PickleStepDefinitionMatch.java:63)
	at io.cucumber.core.runner.ExecutionMode$1.execute(ExecutionMode.java:10)
	at io.cucumber.core.runner.TestStep.executeStep(TestStep.java:84)
	at io.cucumber.core.runner.TestStep.run(TestStep.java:56)
	at io.cucumber.core.runner.PickleStepTestStep.run(PickleStepTestStep.java:51)
	at io.cucumber.core.runner.TestCase.run(TestCase.java:84)
	at io.cucumber.core.runner.Runner.runPickle(Runner.java:75)
	at io.cucumber.testng.TestNGCucumberRunner.lambda$runScenario$1(TestNGCucumberRunner.java:132)
	at io.cucumber.core.runtime.CucumberExecutionContext.lambda$runTestCase$5(CucumberExecutionContext.java:137)
	at io.cucumber.core.runtime.RethrowingThrowableCollector.executeAndThrow(RethrowingThrowableCollector.java:23)
	at io.cucumber.core.runtime.CucumberExecutionContext.runTestCase(CucumberExecutionContext.java:137)
	at io.cucumber.testng.TestNGCucumberRunner.runScenario(TestNGCucumberRunner.java:129)
	at io.cucumber.testng.AbstractTestNGCucumberTests.runScenario(AbstractTestNGCucumberTests.java:35)
	at jdk.internal.reflect.GeneratedMethodAccessor136.invoke(Unknown Source)
	at java.base/jdk.internal.reflect.DelegatingMethodAccessorImpl.invoke(DelegatingMethodAccessorImpl.java:43)
	at java.base/java.lang.reflect.Method.invoke(Method.java:568)
	at org.testng.internal.invokers.MethodInvocationHelper.invokeMethod(MethodInvocationHelper.java:139)
	at org.testng.internal.invokers.TestInvoker.invokeMethod(TestInvoker.java:664)
	at org.testng.internal.invokers.TestInvoker.invokeTestMethod(TestInvoker.java:228)
	at org.testng.internal.invokers.MethodRunner.runInSequence(MethodRunner.java:63)
	at org.testng.internal.invokers.TestInvoker$MethodInvocationAgent.invoke(TestInvoker.java:961)
	at org.testng.internal.invokers.TestInvoker.invokeTestMethods(TestInvoker.java:201)
	at org.testng.internal.invokers.TestMethodWorker.invokeTestMethods(TestMethodWorker.java:148)
	at org.testng.internal.invokers.TestMethodWorker.run(TestMethodWorker.java:128)
	at java.base/java.util.ArrayList.forEach(ArrayList.java:1511)
	at org.testng.TestRunner.privateRun(TestRunner.java:819)
	at org.testng.TestRunner.run(TestRunner.java:619)
	at org.testng.SuiteRunner.runTest(SuiteRunner.java:443)
	at org.testng.SuiteRunner.runSequentially(SuiteRunner.java:437)
	at org.testng.SuiteRunner.privateRun(SuiteRunner.java:397)
	at org.testng.SuiteRunner.run(SuiteRunner.java:336)
	at org.testng.SuiteRunnerWorker.runSuite(SuiteRunnerWorker.java:52)
	at org.testng.SuiteRunnerWorker.run(SuiteRunnerWorker.java:95)
	at org.testng.TestNG.runSuitesSequentially(TestNG.java:1301)
	at org.testng.TestNG.runSuitesLocally(TestNG.java:1228)
	at org.testng.TestNG.runSuites(TestNG.java:1134)
	at org.testng.TestNG.run(TestNG.java:1101)
	at org.apache.maven.surefire.testng.TestNGExecutor.run(TestNGExecutor.java:308)
	at org.apache.maven.surefire.testng.TestNGXmlTestSuite.execute(TestNGXmlTestSuite.java:71)
	at org.apache.maven.surefire.testng.TestNGProvider.invoke(TestNGProvider.java:113)
	at org.apache.maven.surefire.booter.ForkedBooter.runSuitesInProcess(ForkedBooter.java:385)
	at org.apache.maven.surefire.booter.ForkedBooter.execute(ForkedBooter.java:162)
	at org.apache.maven.surefire.booter.ForkedBooter.run(ForkedBooter.java:507)
	at org.apache.maven.surefire.booter.ForkedBooter.main(ForkedBooter.java:495)

runners.E2ETestRunner.runScenario["TC-E2E-02-IBRAHEM — Grant Employee processes transaction TX-07", "E2E Grant Workflow — User_IBRAHEM"](77) -- Time elapsed: 19.54 s <<< FAILURE!
java.lang.RuntimeException: Index 6 out of range. Only 6 transactions saved.
	at stepdefs.E2EGrantsWorkflowSteps.getTransactionNumberByIndex(E2EGrantsWorkflowSteps.java:428)
	at stepdefs.E2EGrantsWorkflowSteps.clickViewOnTransactionByIndex(E2EGrantsWorkflowSteps.java:412)
	at ✽.I click "عرض" button on transaction number "TX-07"(file:///D:/Eastern%20Automation%20Scripts/GrantRoyal_fixed_clean/src/test/resources/features/E2E_ibrahem_AllAreas.feature:54)

runners.E2ETestRunner.runScenario["TC-E2E-03-IBRAHEM — Grant Manager finalizes transaction TX-07", "E2E Grant Workflow — User_IBRAHEM"](84) -- Time elapsed: 40.31 s <<< FAILURE!
java.lang.RuntimeException: Index 6 out of range. Only 6 transactions saved.
	at stepdefs.E2EGrantsWorkflowSteps.getTransactionNumberByIndex(E2EGrantsWorkflowSteps.java:428)
	at stepdefs.E2EGrantsWorkflowSteps.clickViewOnTransactionByIndex(E2EGrantsWorkflowSteps.java:412)
	at ✽.I click "عرض" button on transaction number "TX-07"(file:///D:/Eastern%20Automation%20Scripts/GrantRoyal_fixed_clean/src/test/resources/features/E2E_ibrahem_AllAreas.feature:94)

runners.E2ETestRunner.runScenario["TC-E2E-02-MAHMOUD — Grant Employee processes transaction TX-02", "E2E Grant Workflow — User_MAHMOUD"](93) -- Time elapsed: 301.3 s <<< FAILURE!
org.openqa.selenium.TimeoutException: 
java.util.concurrent.TimeoutException
Build info: version: '4.18.1', revision: 'b1d3319b48'
System info: os.name: 'Windows 11', os.arch: 'amd64', os.version: '10.0', java.version: '17.0.12'
Driver info: org.openqa.selenium.chrome.ChromeDriver
Command: [2713f43bc8de6fa850fdd2e25c2c1af5, get {url=https://geoservices1.syadtech.com/home/login}]
Capabilities {acceptInsecureCerts: false, browserName: chrome, browserVersion: 145.0.7632.160, chrome: {chromedriverVersion: 145.0.7632.117 (de4e5d6e13b..., userDataDir: C:\Users\mahmo\AppData\Loca...}, fedcm:accounts: true, goog:chromeOptions: {debuggerAddress: localhost:64788}, goog:processID: 22368, networkConnectionEnabled: false, pageLoadStrategy: normal, platformName: windows, proxy: Proxy(), se:cdp: ws://localhost:64788/devtoo..., se:cdpVersion: 145.0.7632.160, setWindowRect: true, strictFileInteractability: false, timeouts: {implicit: 0, pageLoad: 300000, script: 30000}, unhandledPromptBehavior: dismiss and notify, webauthn:extension:credBlob: true, webauthn:extension:largeBlob: true, webauthn:extension:minPinLength: true, webauthn:extension:prf: true, webauthn:virtualAuthenticators: true}
Session ID: 2713f43bc8de6fa850fdd2e25c2c1af5
	at org.openqa.selenium.remote.http.jdk.JdkHttpClient.execute0(JdkHttpClient.java:403)
	at org.openqa.selenium.remote.http.AddSeleniumUserAgent.lambda$apply$0(AddSeleniumUserAgent.java:42)
	at org.openqa.selenium.remote.http.Filter.lambda$andFinally$1(Filter.java:55)
	at org.openqa.selenium.remote.http.jdk.JdkHttpClient.execute(JdkHttpClient.java:359)
	at org.openqa.selenium.remote.HttpCommandExecutor.execute(HttpCommandExecutor.java:187)
	at org.openqa.selenium.remote.service.DriverCommandExecutor.invokeExecute(DriverCommandExecutor.java:216)
	at org.openqa.selenium.remote.service.DriverCommandExecutor.execute(DriverCommandExecutor.java:174)
	at org.openqa.selenium.remote.RemoteWebDriver.execute(RemoteWebDriver.java:519)
	at org.openqa.selenium.remote.RemoteWebDriver.get(RemoteWebDriver.java:301)
	at stepdefs.E2EGrantsWorkflowSteps.navigateToPortal(E2EGrantsWorkflowSteps.java:90)
	at ✽.I navigate to the portal login page(file:///D:/Eastern%20Automation%20Scripts/GrantRoyal_fixed_clean/src/test/resources/features/E2E_mahmoud_AllAreas.feature:46)
Caused by: java.util.concurrent.TimeoutException
	at java.base/java.util.concurrent.CompletableFuture.timedGet(CompletableFuture.java:1960)
	at java.base/java.util.concurrent.CompletableFuture.get(CompletableFuture.java:2095)
	at org.openqa.selenium.remote.http.jdk.JdkHttpClient.execute0(JdkHttpClient.java:386)
	at org.openqa.selenium.remote.http.AddSeleniumUserAgent.lambda$apply$0(AddSeleniumUserAgent.java:42)
	at org.openqa.selenium.remote.http.Filter.lambda$andFinally$1(Filter.java:55)
	at org.openqa.selenium.remote.http.jdk.JdkHttpClient.execute(JdkHttpClient.java:359)
	at org.openqa.selenium.remote.HttpCommandExecutor.execute(HttpCommandExecutor.java:187)
	at org.openqa.selenium.remote.service.DriverCommandExecutor.invokeExecute(DriverCommandExecutor.java:216)
	at org.openqa.selenium.remote.service.DriverCommandExecutor.execute(DriverCommandExecutor.java:174)
	at org.openqa.selenium.remote.RemoteWebDriver.execute(RemoteWebDriver.java:519)
	at org.openqa.selenium.remote.RemoteWebDriver.get(RemoteWebDriver.java:301)
	at stepdefs.E2EGrantsWorkflowSteps.navigateToPortal(E2EGrantsWorkflowSteps.java:90)
	at jdk.internal.reflect.GeneratedMethodAccessor147.invoke(Unknown Source)
	at java.base/jdk.internal.reflect.DelegatingMethodAccessorImpl.invoke(DelegatingMethodAccessorImpl.java:43)
	at java.base/java.lang.reflect.Method.invoke(Method.java:568)
	at io.cucumber.java.Invoker.doInvoke(Invoker.java:66)
	at io.cucumber.java.Invoker.invoke(Invoker.java:24)
	at io.cucumber.java.AbstractGlueDefinition.invokeMethod(AbstractGlueDefinition.java:47)
	at io.cucumber.java.JavaStepDefinition.execute(JavaStepDefinition.java:29)
	at io.cucumber.core.runner.CoreStepDefinition.execute(CoreStepDefinition.java:66)
	at io.cucumber.core.runner.PickleStepDefinitionMatch.runStep(PickleStepDefinitionMatch.java:63)
	at io.cucumber.core.runner.ExecutionMode$1.execute(ExecutionMode.java:10)
	at io.cucumber.core.runner.TestStep.executeStep(TestStep.java:84)
	at io.cucumber.core.runner.TestStep.run(TestStep.java:56)
	at io.cucumber.core.runner.PickleStepTestStep.run(PickleStepTestStep.java:51)
	at io.cucumber.core.runner.TestCase.run(TestCase.java:84)
	at io.cucumber.core.runner.Runner.runPickle(Runner.java:75)
	at io.cucumber.testng.TestNGCucumberRunner.lambda$runScenario$1(TestNGCucumberRunner.java:132)
	at io.cucumber.core.runtime.CucumberExecutionContext.lambda$runTestCase$5(CucumberExecutionContext.java:137)
	at io.cucumber.core.runtime.RethrowingThrowableCollector.executeAndThrow(RethrowingThrowableCollector.java:23)
	at io.cucumber.core.runtime.CucumberExecutionContext.runTestCase(CucumberExecutionContext.java:137)
	at io.cucumber.testng.TestNGCucumberRunner.runScenario(TestNGCucumberRunner.java:129)
	at io.cucumber.testng.AbstractTestNGCucumberTests.runScenario(AbstractTestNGCucumberTests.java:35)
	at jdk.internal.reflect.GeneratedMethodAccessor136.invoke(Unknown Source)
	at java.base/jdk.internal.reflect.DelegatingMethodAccessorImpl.invoke(DelegatingMethodAccessorImpl.java:43)
	at java.base/java.lang.reflect.Method.invoke(Method.java:568)
	at org.testng.internal.invokers.MethodInvocationHelper.invokeMethod(MethodInvocationHelper.java:139)
	at org.testng.internal.invokers.TestInvoker.invokeMethod(TestInvoker.java:664)
	at org.testng.internal.invokers.TestInvoker.invokeTestMethod(TestInvoker.java:228)
	at org.testng.internal.invokers.MethodRunner.runInSequence(MethodRunner.java:63)
	at org.testng.internal.invokers.TestInvoker$MethodInvocationAgent.invoke(TestInvoker.java:961)
	at org.testng.internal.invokers.TestInvoker.invokeTestMethods(TestInvoker.java:201)
	at org.testng.internal.invokers.TestMethodWorker.invokeTestMethods(TestMethodWorker.java:148)
	at org.testng.internal.invokers.TestMethodWorker.run(TestMethodWorker.java:128)
	at java.base/java.util.ArrayList.forEach(ArrayList.java:1511)
	at org.testng.TestRunner.privateRun(TestRunner.java:819)
	at org.testng.TestRunner.run(TestRunner.java:619)
	at org.testng.SuiteRunner.runTest(SuiteRunner.java:443)
	at org.testng.SuiteRunner.runSequentially(SuiteRunner.java:437)
	at org.testng.SuiteRunner.privateRun(SuiteRunner.java:397)
	at org.testng.SuiteRunner.run(SuiteRunner.java:336)
	at org.testng.SuiteRunnerWorker.runSuite(SuiteRunnerWorker.java:52)
	at org.testng.SuiteRunnerWorker.run(SuiteRunnerWorker.java:95)
	at org.testng.TestNG.runSuitesSequentially(TestNG.java:1301)
	at org.testng.TestNG.runSuitesLocally(TestNG.java:1228)
	at org.testng.TestNG.runSuites(TestNG.java:1134)
	at org.testng.TestNG.run(TestNG.java:1101)
	at org.apache.maven.surefire.testng.TestNGExecutor.run(TestNGExecutor.java:308)
	at org.apache.maven.surefire.testng.TestNGXmlTestSuite.execute(TestNGXmlTestSuite.java:71)
	at org.apache.maven.surefire.testng.TestNGProvider.invoke(TestNGProvider.java:113)
	at org.apache.maven.surefire.booter.ForkedBooter.runSuitesInProcess(ForkedBooter.java:385)
	at org.apache.maven.surefire.booter.ForkedBooter.execute(ForkedBooter.java:162)
	at org.apache.maven.surefire.booter.ForkedBooter.run(ForkedBooter.java:507)
	at org.apache.maven.surefire.booter.ForkedBooter.main(ForkedBooter.java:495)

runners.E2ETestRunner.runScenario["TC-E2E-03-MAHMOUD — Grant Manager finalizes transaction TX-02", "E2E Grant Workflow — User_MAHMOUD"](100) -- Time elapsed: 35.49 s <<< FAILURE!
java.lang.RuntimeException: Transaction not found in any page: ٢٣٠ / ١٤٤٧
	at pages.LocalGrantsAppPage.clickViewOnTransaction(LocalGrantsAppPage.java:226)
	at stepdefs.E2EGrantsWorkflowSteps.clickViewOnTransactionByIndex(E2EGrantsWorkflowSteps.java:415)
	at ✽.I click "عرض" button on transaction number "TX-02"(file:///D:/Eastern%20Automation%20Scripts/GrantRoyal_fixed_clean/src/test/resources/features/E2E_mahmoud_AllAreas.feature:94)

runners.E2ETestRunner.runScenario["TC-E2E-01-MALDOSSARY — Citizen maldossary submits grant with مساحة ٥٠ × ٥٠", "E2E Grant Workflow — User_MALDOSSARY"](108) -- Time elapsed: 76.68 s <<< FAILURE!
org.openqa.selenium.TimeoutException: 
Expected condition failed: waiting for visibility of element located by By.xpath: //div[@name='ownerData' and contains(@class,'active')] (tried for 15 second(s) with 500 milliseconds interval)
Build info: version: '4.18.1', revision: 'b1d3319b48'
System info: os.name: 'Windows 11', os.arch: 'amd64', os.version: '10.0', java.version: '17.0.12'
Driver info: org.openqa.selenium.chrome.ChromeDriver
Capabilities {acceptInsecureCerts: false, browserName: chrome, browserVersion: 145.0.7632.160, chrome: {chromedriverVersion: 145.0.7632.117 (de4e5d6e13b..., userDataDir: C:\Users\mahmo\AppData\Loca...}, fedcm:accounts: true, goog:chromeOptions: {debuggerAddress: localhost:56187}, goog:processID: 45480, networkConnectionEnabled: false, pageLoadStrategy: normal, platformName: windows, proxy: Proxy(), se:cdp: ws://localhost:56187/devtoo..., se:cdpVersion: 145.0.7632.160, setWindowRect: true, strictFileInteractability: false, timeouts: {implicit: 0, pageLoad: 300000, script: 30000}, unhandledPromptBehavior: dismiss and notify, webauthn:extension:credBlob: true, webauthn:extension:largeBlob: true, webauthn:extension:minPinLength: true, webauthn:extension:prf: true, webauthn:virtualAuthenticators: true}
Session ID: f28bab277916a6028043f3fa894a3ef9
	at org.openqa.selenium.support.ui.WebDriverWait.timeoutException(WebDriverWait.java:84)
	at org.openqa.selenium.support.ui.FluentWait.until(FluentWait.java:228)
	at pages.step1.OwnerDataPage.selectOwnerType(OwnerDataPage.java:82)
	at stepdefs.E2EGrantsWorkflowSteps.selectOwnerType(E2EGrantsWorkflowSteps.java:146)
	at ✽.I select owner type radio "فرد"(file:///D:/Eastern%20Automation%20Scripts/GrantRoyal_fixed_clean/src/test/resources/features/E2E_maldossary_AllAreas.feature:19)

runners.E2ETestRunner.runScenario["TC-E2E-01-MALDOSSARY — Citizen maldossary submits grant with مساحة ٢٥ × ٢٥", "E2E Grant Workflow — User_MALDOSSARY"](111) -- Time elapsed: 51.26 s <<< FAILURE!
org.openqa.selenium.TimeoutException: 
Expected condition failed: waiting for visibility of element located by By.xpath: //div[contains(@class,'ant-message')]//span (tried for 15 second(s) with 500 milliseconds interval)
Build info: version: '4.18.1', revision: 'b1d3319b48'
System info: os.name: 'Windows 11', os.arch: 'amd64', os.version: '10.0', java.version: '17.0.12'
Driver info: org.openqa.selenium.chrome.ChromeDriver
Capabilities {acceptInsecureCerts: false, browserName: chrome, browserVersion: 145.0.7632.160, chrome: {chromedriverVersion: 145.0.7632.117 (de4e5d6e13b..., userDataDir: C:\Users\mahmo\AppData\Loca...}, fedcm:accounts: true, goog:chromeOptions: {debuggerAddress: localhost:59717}, goog:processID: 47916, networkConnectionEnabled: false, pageLoadStrategy: normal, platformName: windows, proxy: Proxy(), se:cdp: ws://localhost:59717/devtoo..., se:cdpVersion: 145.0.7632.160, setWindowRect: true, strictFileInteractability: false, timeouts: {implicit: 0, pageLoad: 300000, script: 30000}, unhandledPromptBehavior: dismiss and notify, webauthn:extension:credBlob: true, webauthn:extension:largeBlob: true, webauthn:extension:minPinLength: true, webauthn:extension:prf: true, webauthn:virtualAuthenticators: true}
Session ID: d3de94f4e16cfa27e83ea408ff7536a7
	at org.openqa.selenium.support.ui.WebDriverWait.timeoutException(WebDriverWait.java:84)
	at org.openqa.selenium.support.ui.FluentWait.until(FluentWait.java:228)
	at pages.LocalGrantsAppPage.getSuccessMessageText(LocalGrantsAppPage.java:163)
	at pages.LocalGrantsAppPage.isSuccessMessageDisplayed(LocalGrantsAppPage.java:179)
	at stepdefs.E2EGrantsWorkflowSteps.verifySuccessMessage(E2EGrantsWorkflowSteps.java:229)
	at ✽.I should see success message containing "تم حفظ وارسال المعاملة بنجاح"(file:///D:/Eastern%20Automation%20Scripts/GrantRoyal_fixed_clean/src/test/resources/features/E2E_maldossary_AllAreas.feature:31)

runners.E2ETestRunner.runScenario["TC-E2E-02-MALDOSSARY — Grant Employee processes transaction TX-03", "E2E Grant Workflow — User_MALDOSSARY"](115) -- Time elapsed: 34.01 s <<< FAILURE!
org.openqa.selenium.ElementClickInterceptedException: 
element click intercepted: Element <a class="ant-pagination-item-link">...</a> is not clickable at point (875, 617). Other element would receive the click: <div class="spinner-bk">...</div>
  (Session info: chrome=145.0.7632.160)
Build info: version: '4.18.1', revision: 'b1d3319b48'
System info: os.name: 'Windows 11', os.arch: 'amd64', os.version: '10.0', java.version: '17.0.12'
Driver info: org.openqa.selenium.chrome.ChromeDriver
Command: [42ebb103c14246bfad8d9aba360c6448, clickElement {id=f.3137E41C3E79717395607AC1A74826C8.d.6F1A568CD9B5A077B01E3C5B71F88AD6.e.55}]
Capabilities {acceptInsecureCerts: false, browserName: chrome, browserVersion: 145.0.7632.160, chrome: {chromedriverVersion: 145.0.7632.117 (de4e5d6e13b..., userDataDir: C:\Users\mahmo\AppData\Loca...}, fedcm:accounts: true, goog:chromeOptions: {debuggerAddress: localhost:60084}, goog:processID: 37580, networkConnectionEnabled: false, pageLoadStrategy: normal, platformName: windows, proxy: Proxy(), se:cdp: ws://localhost:60084/devtoo..., se:cdpVersion: 145.0.7632.160, setWindowRect: true, strictFileInteractability: false, timeouts: {implicit: 0, pageLoad: 300000, script: 30000}, unhandledPromptBehavior: dismiss and notify, webauthn:extension:credBlob: true, webauthn:extension:largeBlob: true, webauthn:extension:minPinLength: true, webauthn:extension:prf: true, webauthn:virtualAuthenticators: true}
Element: [[ChromeDriver: chrome on windows (42ebb103c14246bfad8d9aba360c6448)] -> xpath: //li[contains(@class,'ant-pagination-next') and not(contains(@class,'disabled'))]//a]
Session ID: 42ebb103c14246bfad8d9aba360c6448
	at java.base/jdk.internal.reflect.NativeConstructorAccessorImpl.newInstance0(Native Method)
	at java.base/jdk.internal.reflect.NativeConstructorAccessorImpl.newInstance(NativeConstructorAccessorImpl.java:77)
	at java.base/jdk.internal.reflect.DelegatingConstructorAccessorImpl.newInstance(DelegatingConstructorAccessorImpl.java:45)
	at java.base/java.lang.reflect.Constructor.newInstanceWithCaller(Constructor.java:499)
	at java.base/java.lang.reflect.Constructor.newInstance(Constructor.java:480)
	at org.openqa.selenium.remote.ErrorCodec.decode(ErrorCodec.java:167)
	at org.openqa.selenium.remote.codec.w3c.W3CHttpResponseCodec.decode(W3CHttpResponseCodec.java:138)
	at org.openqa.selenium.remote.codec.w3c.W3CHttpResponseCodec.decode(W3CHttpResponseCodec.java:50)
	at org.openqa.selenium.remote.HttpCommandExecutor.execute(HttpCommandExecutor.java:190)
	at org.openqa.selenium.remote.service.DriverCommandExecutor.invokeExecute(DriverCommandExecutor.java:216)
	at org.openqa.selenium.remote.service.DriverCommandExecutor.execute(DriverCommandExecutor.java:174)
	at org.openqa.selenium.remote.RemoteWebDriver.execute(RemoteWebDriver.java:519)
	at org.openqa.selenium.remote.RemoteWebElement.execute(RemoteWebElement.java:223)
	at org.openqa.selenium.remote.RemoteWebElement.click(RemoteWebElement.java:76)
	at pages.LocalGrantsAppPage.clickViewOnTransaction(LocalGrantsAppPage.java:221)
	at stepdefs.E2EGrantsWorkflowSteps.clickViewOnTransactionByIndex(E2EGrantsWorkflowSteps.java:415)
	at ✽.I click "عرض" button on transaction number "TX-03"(file:///D:/Eastern%20Automation%20Scripts/GrantRoyal_fixed_clean/src/test/resources/features/E2E_maldossary_AllAreas.feature:54)

runners.E2ETestRunner.runScenario["TC-E2E-02-MALDOSSARY — Grant Employee processes transaction TX-04", "E2E Grant Workflow — User_MALDOSSARY"](116) -- Time elapsed: 32.15 s <<< FAILURE!
org.openqa.selenium.TimeoutException: 
Expected condition failed: waiting for visibility of element located by By.xpath: //button[contains(.,'تسجيل الدخول')] (tried for 20 second(s) with 500 milliseconds interval)
Build info: version: '4.18.1', revision: 'b1d3319b48'
System info: os.name: 'Windows 11', os.arch: 'amd64', os.version: '10.0', java.version: '17.0.12'
Driver info: org.openqa.selenium.chrome.ChromeDriver
Capabilities {acceptInsecureCerts: false, browserName: chrome, browserVersion: 145.0.7632.160, chrome: {chromedriverVersion: 145.0.7632.117 (de4e5d6e13b..., userDataDir: C:\Users\mahmo\AppData\Loca...}, fedcm:accounts: true, goog:chromeOptions: {debuggerAddress: localhost:54644}, goog:processID: 46532, networkConnectionEnabled: false, pageLoadStrategy: normal, platformName: windows, proxy: Proxy(), se:cdp: ws://localhost:54644/devtoo..., se:cdpVersion: 145.0.7632.160, setWindowRect: true, strictFileInteractability: false, timeouts: {implicit: 0, pageLoad: 300000, script: 30000}, unhandledPromptBehavior: dismiss and notify, webauthn:extension:credBlob: true, webauthn:extension:largeBlob: true, webauthn:extension:minPinLength: true, webauthn:extension:prf: true, webauthn:virtualAuthenticators: true}
Session ID: e4b55e3273a399382341810764099dab
	at org.openqa.selenium.support.ui.WebDriverWait.timeoutException(WebDriverWait.java:84)
	at org.openqa.selenium.support.ui.FluentWait.until(FluentWait.java:228)
	at pages.LoginPage.login(LoginPage.java:58)
	at stepdefs.E2EGrantsWorkflowSteps.login(E2EGrantsWorkflowSteps.java:98)
	at ✽.I login with username "grant_emp" and password "Aa1357@a"(file:///D:/Eastern%20Automation%20Scripts/GrantRoyal_fixed_clean/src/test/resources/features/E2E_maldossary_AllAreas.feature:47)

runners.E2ETestRunner.runScenario["TC-E2E-02-MALDOSSARY — Grant Employee processes transaction TX-05", "E2E Grant Workflow — User_MALDOSSARY"](117) -- Time elapsed: 38.06 s <<< FAILURE!
org.openqa.selenium.WebDriverException: 
unknown error: net::ERR_CONNECTION_RESET
  (Session info: chrome=145.0.7632.160)
Build info: version: '4.18.1', revision: 'b1d3319b48'
System info: os.name: 'Windows 11', os.arch: 'amd64', os.version: '10.0', java.version: '17.0.12'
Driver info: org.openqa.selenium.chrome.ChromeDriver
Command: [e5f21d6619e0050a44af471f3354e9c4, get {url=https://geoservices1.syadtech.com/home/login}]
Capabilities {acceptInsecureCerts: false, browserName: chrome, browserVersion: 145.0.7632.160, chrome: {chromedriverVersion: 145.0.7632.117 (de4e5d6e13b..., userDataDir: C:\Users\mahmo\AppData\Loca...}, fedcm:accounts: true, goog:chromeOptions: {debuggerAddress: localhost:62709}, goog:processID: 31796, networkConnectionEnabled: false, pageLoadStrategy: normal, platformName: windows, proxy: Proxy(), se:cdp: ws://localhost:62709/devtoo..., se:cdpVersion: 145.0.7632.160, setWindowRect: true, strictFileInteractability: false, timeouts: {implicit: 0, pageLoad: 300000, script: 30000}, unhandledPromptBehavior: dismiss and notify, webauthn:extension:credBlob: true, webauthn:extension:largeBlob: true, webauthn:extension:minPinLength: true, webauthn:extension:prf: true, webauthn:virtualAuthenticators: true}
Session ID: e5f21d6619e0050a44af471f3354e9c4
	at java.base/jdk.internal.reflect.NativeConstructorAccessorImpl.newInstance0(Native Method)
	at java.base/jdk.internal.reflect.NativeConstructorAccessorImpl.newInstance(NativeConstructorAccessorImpl.java:77)
	at java.base/jdk.internal.reflect.DelegatingConstructorAccessorImpl.newInstance(DelegatingConstructorAccessorImpl.java:45)
	at java.base/java.lang.reflect.Constructor.newInstanceWithCaller(Constructor.java:499)
	at java.base/java.lang.reflect.Constructor.newInstance(Constructor.java:480)
	at org.openqa.selenium.remote.ErrorCodec.decode(ErrorCodec.java:167)
	at org.openqa.selenium.remote.codec.w3c.W3CHttpResponseCodec.decode(W3CHttpResponseCodec.java:138)
	at org.openqa.selenium.remote.codec.w3c.W3CHttpResponseCodec.decode(W3CHttpResponseCodec.java:50)
	at org.openqa.selenium.remote.HttpCommandExecutor.execute(HttpCommandExecutor.java:190)
	at org.openqa.selenium.remote.service.DriverCommandExecutor.invokeExecute(DriverCommandExecutor.java:216)
	at org.openqa.selenium.remote.service.DriverCommandExecutor.execute(DriverCommandExecutor.java:174)
	at org.openqa.selenium.remote.RemoteWebDriver.execute(RemoteWebDriver.java:519)
	at org.openqa.selenium.remote.RemoteWebDriver.get(RemoteWebDriver.java:301)
	at stepdefs.E2EGrantsWorkflowSteps.navigateToPortal(E2EGrantsWorkflowSteps.java:90)
	at ✽.I navigate to the portal login page(file:///D:/Eastern%20Automation%20Scripts/GrantRoyal_fixed_clean/src/test/resources/features/E2E_maldossary_AllAreas.feature:46)

runners.E2ETestRunner.runScenario["TC-E2E-02-MALDOSSARY — Grant Employee processes transaction TX-06", "E2E Grant Workflow — User_MALDOSSARY"](118) -- Time elapsed: 52.34 s <<< FAILURE!
java.lang.RuntimeException: Index 5 out of range. Only 5 transactions saved.
	at stepdefs.E2EGrantsWorkflowSteps.getTransactionNumberByIndex(E2EGrantsWorkflowSteps.java:428)
	at stepdefs.E2EGrantsWorkflowSteps.clickViewOnTransactionByIndex(E2EGrantsWorkflowSteps.java:412)
	at ✽.I click "عرض" button on transaction number "TX-06"(file:///D:/Eastern%20Automation%20Scripts/GrantRoyal_fixed_clean/src/test/resources/features/E2E_maldossary_AllAreas.feature:54)

runners.E2ETestRunner.runScenario["TC-E2E-02-MALDOSSARY — Grant Employee processes transaction TX-07", "E2E Grant Workflow — User_MALDOSSARY"](119) -- Time elapsed: 20.70 s <<< FAILURE!
java.lang.RuntimeException: Index 6 out of range. Only 5 transactions saved.
	at stepdefs.E2EGrantsWorkflowSteps.getTransactionNumberByIndex(E2EGrantsWorkflowSteps.java:428)
	at stepdefs.E2EGrantsWorkflowSteps.clickViewOnTransactionByIndex(E2EGrantsWorkflowSteps.java:412)
	at ✽.I click "عرض" button on transaction number "TX-07"(file:///D:/Eastern%20Automation%20Scripts/GrantRoyal_fixed_clean/src/test/resources/features/E2E_maldossary_AllAreas.feature:54)

runners.E2ETestRunner.runScenario["TC-E2E-03-MALDOSSARY — Grant Manager finalizes transaction TX-03", "E2E Grant Workflow — User_MALDOSSARY"](122) -- Time elapsed: 35.91 s <<< FAILURE!
java.lang.RuntimeException: Transaction not found in any page: ٢٣٨ / ١٤٤٧
	at pages.LocalGrantsAppPage.clickViewOnTransaction(LocalGrantsAppPage.java:226)
	at stepdefs.E2EGrantsWorkflowSteps.clickViewOnTransactionByIndex(E2EGrantsWorkflowSteps.java:415)
	at ✽.I click "عرض" button on transaction number "TX-03"(file:///D:/Eastern%20Automation%20Scripts/GrantRoyal_fixed_clean/src/test/resources/features/E2E_maldossary_AllAreas.feature:94)

runners.E2ETestRunner.runScenario["TC-E2E-03-MALDOSSARY — Grant Manager finalizes transaction TX-04", "E2E Grant Workflow — User_MALDOSSARY"](123) -- Time elapsed: 34.26 s <<< FAILURE!
java.lang.RuntimeException: Transaction not found in any page: ٢٣٩ / ١٤٤٧
	at pages.LocalGrantsAppPage.clickViewOnTransaction(LocalGrantsAppPage.java:226)
	at stepdefs.E2EGrantsWorkflowSteps.clickViewOnTransactionByIndex(E2EGrantsWorkflowSteps.java:415)
	at ✽.I click "عرض" button on transaction number "TX-04"(file:///D:/Eastern%20Automation%20Scripts/GrantRoyal_fixed_clean/src/test/resources/features/E2E_maldossary_AllAreas.feature:94)

runners.E2ETestRunner.runScenario["TC-E2E-03-MALDOSSARY — Grant Manager finalizes transaction TX-05", "E2E Grant Workflow — User_MALDOSSARY"](124) -- Time elapsed: 37.54 s <<< FAILURE!
java.lang.RuntimeException: Transaction not found in any page: ٢٤٠ / ١٤٤٧
	at pages.LocalGrantsAppPage.clickViewOnTransaction(LocalGrantsAppPage.java:226)
	at stepdefs.E2EGrantsWorkflowSteps.clickViewOnTransactionByIndex(E2EGrantsWorkflowSteps.java:415)
	at ✽.I click "عرض" button on transaction number "TX-05"(file:///D:/Eastern%20Automation%20Scripts/GrantRoyal_fixed_clean/src/test/resources/features/E2E_maldossary_AllAreas.feature:94)

runners.E2ETestRunner.runScenario["TC-E2E-03-MALDOSSARY — Grant Manager finalizes transaction TX-06", "E2E Grant Workflow — User_MALDOSSARY"](125) -- Time elapsed: 17.69 s <<< FAILURE!
java.lang.RuntimeException: Index 5 out of range. Only 5 transactions saved.
	at stepdefs.E2EGrantsWorkflowSteps.getTransactionNumberByIndex(E2EGrantsWorkflowSteps.java:428)
	at stepdefs.E2EGrantsWorkflowSteps.clickViewOnTransactionByIndex(E2EGrantsWorkflowSteps.java:412)
	at ✽.I click "عرض" button on transaction number "TX-06"(file:///D:/Eastern%20Automation%20Scripts/GrantRoyal_fixed_clean/src/test/resources/features/E2E_maldossary_AllAreas.feature:94)

runners.E2ETestRunner.runScenario["TC-E2E-03-MALDOSSARY — Grant Manager finalizes transaction TX-07", "E2E Grant Workflow — User_MALDOSSARY"](126) -- Time elapsed: 20.58 s <<< FAILURE!
java.lang.RuntimeException: Index 6 out of range. Only 5 transactions saved.
	at stepdefs.E2EGrantsWorkflowSteps.getTransactionNumberByIndex(E2EGrantsWorkflowSteps.java:428)
	at stepdefs.E2EGrantsWorkflowSteps.clickViewOnTransactionByIndex(E2EGrantsWorkflowSteps.java:412)
	at ✽.I click "عرض" button on transaction number "TX-07"(file:///D:/Eastern%20Automation%20Scripts/GrantRoyal_fixed_clean/src/test/resources/features/E2E_maldossary_AllAreas.feature:94)

runners.E2ETestRunner.runScenario["TC-E2E-01-OWNERTEST — Citizen ownertest submits grant with مساحة ٢٠٠ × ٢٠٠", "E2E Grant Workflow — User_OWNERTEST"](148) -- Time elapsed: 19.94 s <<< FAILURE!
java.lang.AssertionError: Apps page was not loaded after login. expected [true] but found [false]
	at org.testng.Assert.fail(Assert.java:111)
	at org.testng.Assert.failNotEquals(Assert.java:1578)
	at org.testng.Assert.assertTrue(Assert.java:57)
	at stepdefs.E2EGrantsWorkflowSteps.verifyAppsPage(E2EGrantsWorkflowSteps.java:104)
	at ✽.I should be redirected to the apps page(file:///D:/Eastern%20Automation%20Scripts/GrantRoyal_fixed_clean/src/test/resources/features/E2E_ownertest_AllAreas.feature:12)

runners.E2ETestRunner.runScenario["TC-E2E-01-OWNERTEST — Citizen ownertest submits grant with مساحة ١٠٠ × ١٠٠", "E2E Grant Workflow — User_OWNERTEST"](149) -- Time elapsed: 20.03 s <<< FAILURE!
java.lang.AssertionError: Apps page was not loaded after login. expected [true] but found [false]
	at org.testng.Assert.fail(Assert.java:111)
	at org.testng.Assert.failNotEquals(Assert.java:1578)
	at org.testng.Assert.assertTrue(Assert.java:57)
	at stepdefs.E2EGrantsWorkflowSteps.verifyAppsPage(E2EGrantsWorkflowSteps.java:104)
[...]
	at org.openqa.selenium.remote.service.DriverCommandExecutor.execute(DriverCommandExecutor.java:174)
	at org.openqa.selenium.remote.RemoteWebDriver.execute(RemoteWebDriver.java:519)
	at org.openqa.selenium.remote.RemoteWebDriver.get(RemoteWebDriver.java:301)
	at stepdefs.E2EGrantsWorkflowSteps.navigateToPortal(E2EGrantsWorkflowSteps.java:90)
	at ✽.I navigate to the portal login page(file:///D:/Eastern%20Automation%20Scripts/GrantRoyal_fixed_clean/src/test/resources/features/E2E_ownertest_AllAreas.feature:10)
Caused by: java.util.concurrent.TimeoutException
	at java.base/java.util.concurrent.CompletableFuture.timedGet(CompletableFuture.java:1960)
	at java.base/java.util.concurrent.CompletableFuture.get(CompletableFuture.java:2095)
	at org.openqa.selenium.remote.http.jdk.JdkHttpClient.execute0(JdkHttpClient.java:386)
	at org.openqa.selenium.remote.http.AddSeleniumUserAgent.lambda$apply$0(AddSeleniumUserAgent.java:42)
	at org.openqa.selenium.remote.http.Filter.lambda$andFinally$1(Filter.java:55)
	at org.openqa.selenium.remote.http.jdk.JdkHttpClient.execute(JdkHttpClient.java:359)
	at org.openqa.selenium.remote.HttpCommandExecutor.execute(HttpCommandExecutor.java:187)
	at org.openqa.selenium.remote.service.DriverCommandExecutor.invokeExecute(DriverCommandExecutor.java:216)
	at org.openqa.selenium.remote.service.DriverCommandExecutor.execute(DriverCommandExecutor.java:174)
	at org.openqa.selenium.remote.RemoteWebDriver.execute(RemoteWebDriver.java:519)
	at org.openqa.selenium.remote.RemoteWebDriver.get(RemoteWebDriver.java:301)
	at stepdefs.E2EGrantsWorkflowSteps.navigateToPortal(E2EGrantsWorkflowSteps.java:90)
	at jdk.internal.reflect.GeneratedMethodAccessor147.invoke(Unknown Source)
	at java.base/jdk.internal.reflect.DelegatingMethodAccessorImpl.invoke(DelegatingMethodAccessorImpl.java:43)
	at java.base/java.lang.reflect.Method.invoke(Method.java:568)
	at io.cucumber.java.Invoker.doInvoke(Invoker.java:66)
	at io.cucumber.java.Invoker.invoke(Invoker.java:24)
	at io.cucumber.java.AbstractGlueDefinition.invokeMethod(AbstractGlueDefinition.java:47)
	at io.cucumber.java.JavaStepDefinition.execute(JavaStepDefinition.java:29)
	at io.cucumber.core.runner.CoreStepDefinition.execute(CoreStepDefinition.java:66)
	at io.cucumber.core.runner.PickleStepDefinitionMatch.runStep(PickleStepDefinitionMatch.java:63)
	at io.cucumber.core.runner.ExecutionMode$1.execute(ExecutionMode.java:10)
	at io.cucumber.core.runner.TestStep.executeStep(TestStep.java:84)
	at io.cucumber.core.runner.TestStep.run(TestStep.java:56)
	at io.cucumber.core.runner.PickleStepTestStep.run(PickleStepTestStep.java:51)
	at io.cucumber.core.runner.TestCase.run(TestCase.java:84)
	at io.cucumber.core.runner.Runner.runPickle(Runner.java:75)
	at io.cucumber.testng.TestNGCucumberRunner.lambda$runScenario$1(TestNGCucumberRunner.java:132)
	at io.cucumber.core.runtime.CucumberExecutionContext.lambda$runTestCase$5(CucumberExecutionContext.java:137)
	at io.cucumber.core.runtime.RethrowingThrowableCollector.executeAndThrow(RethrowingThrowableCollector.java:23)
	at io.cucumber.core.runtime.CucumberExecutionContext.runTestCase(CucumberExecutionContext.java:137)
	at io.cucumber.testng.TestNGCucumberRunner.runScenario(TestNGCucumberRunner.java:129)
	at io.cucumber.testng.AbstractTestNGCucumberTests.runScenario(AbstractTestNGCucumberTests.java:35)
	at jdk.internal.reflect.GeneratedMethodAccessor136.invoke(Unknown Source)
	at java.base/jdk.internal.reflect.DelegatingMethodAccessorImpl.invoke(DelegatingMethodAccessorImpl.java:43)
	at java.base/java.lang.reflect.Method.invoke(Method.java:568)
	at org.testng.internal.invokers.MethodInvocationHelper.invokeMethod(MethodInvocationHelper.java:139)
	at org.testng.internal.invokers.TestInvoker.invokeMethod(TestInvoker.java:664)
	at org.testng.internal.invokers.TestInvoker.invokeTestMethod(TestInvoker.java:228)
	at org.testng.internal.invokers.MethodRunner.runInSequence(MethodRunner.java:63)
	at org.testng.internal.invokers.TestInvoker$MethodInvocationAgent.invoke(TestInvoker.java:961)
	at org.testng.internal.invokers.TestInvoker.invokeTestMethods(TestInvoker.java:201)
	at org.testng.internal.invokers.TestMethodWorker.invokeTestMethods(TestMethodWorker.java:148)
	at org.testng.internal.invokers.TestMethodWorker.run(TestMethodWorker.java:128)
	at java.base/java.util.ArrayList.forEach(ArrayList.java:1511)
	at org.testng.TestRunner.privateRun(TestRunner.java:819)
	at org.testng.TestRunner.run(TestRunner.java:619)
	at org.testng.SuiteRunner.runTest(SuiteRunner.java:443)
	at org.testng.SuiteRunner.runSequentially(SuiteRunner.java:437)
	at org.testng.SuiteRunner.privateRun(SuiteRunner.java:397)
	at org.testng.SuiteRunner.run(SuiteRunner.java:336)
	at org.testng.SuiteRunnerWorker.runSuite(SuiteRunnerWorker.java:52)
	at org.testng.SuiteRunnerWorker.run(SuiteRunnerWorker.java:95)
	at org.testng.TestNG.runSuitesSequentially(TestNG.java:1301)
	at org.testng.TestNG.runSuitesLocally(TestNG.java:1228)
	at org.testng.TestNG.runSuites(TestNG.java:1134)
	at org.testng.TestNG.run(TestNG.java:1101)
	at org.apache.maven.surefire.testng.TestNGExecutor.run(TestNGExecutor.java:308)
	at org.apache.maven.surefire.testng.TestNGXmlTestSuite.execute(TestNGXmlTestSuite.java:71)
	at org.apache.maven.surefire.testng.TestNGProvider.invoke(TestNGProvider.java:113)
	at org.apache.maven.surefire.booter.ForkedBooter.runSuitesInProcess(ForkedBooter.java:385)
	at org.apache.maven.surefire.booter.ForkedBooter.execute(ForkedBooter.java:162)
	at org.apache.maven.surefire.booter.ForkedBooter.run(ForkedBooter.java:507)
	at org.apache.maven.surefire.booter.ForkedBooter.main(ForkedBooter.java:495)

runners.E2ETestRunner.runScenario["TC-E2E-01-OWNERTEST — Citizen ownertest submits grant with مساحة ٤٠ × ٤٠", "E2E Grant Workflow — User_OWNERTEST"](151) -- Time elapsed: 20.46 s <<< FAILURE!
java.lang.AssertionError: Apps page was not loaded after login. expected [true] but found [false]
	at org.testng.Assert.fail(Assert.java:111)
	at org.testng.Assert.failNotEquals(Assert.java:1578)
	at org.testng.Assert.assertTrue(Assert.java:57)
	at stepdefs.E2EGrantsWorkflowSteps.verifyAppsPage(E2EGrantsWorkflowSteps.java:104)
	at ✽.I should be redirected to the apps page(file:///D:/Eastern%20Automation%20Scripts/GrantRoyal_fixed_clean/src/test/resources/features/E2E_ownertest_AllAreas.feature:12)

runners.E2ETestRunner.runScenario["TC-E2E-01-OWNERTEST — Citizen ownertest submits grant with مساحة ٣٠ × ٣٠", "E2E Grant Workflow — User_OWNERTEST"](152) -- Time elapsed: 24.97 s <<< FAILURE!
java.lang.AssertionError: Apps page was not loaded after login. expected [true] but found [false]
	at org.testng.Assert.fail(Assert.java:111)
	at org.testng.Assert.failNotEquals(Assert.java:1578)
	at org.testng.Assert.assertTrue(Assert.java:57)
	at stepdefs.E2EGrantsWorkflowSteps.verifyAppsPage(E2EGrantsWorkflowSteps.java:104)
	at ✽.I should be redirected to the apps page(file:///D:/Eastern%20Automation%20Scripts/GrantRoyal_fixed_clean/src/test/resources/features/E2E_ownertest_AllAreas.feature:12)

runners.E2ETestRunner.runScenario["TC-E2E-01-OWNERTEST — Citizen ownertest submits grant with مساحة ٢٥ × ٢٥", "E2E Grant Workflow — User_OWNERTEST"](153) -- Time elapsed: 3.112 s <<< FAILURE!
org.openqa.selenium.TimeoutException: 
timeout
from aborted by navigation: Not attached to an active page
  (Session info: chrome=145.0.7632.160)
Build info: version: '4.18.1', revision: 'b1d3319b48'
System info: os.name: 'Windows 11', os.arch: 'amd64', os.version: '10.0', java.version: '17.0.12'
Driver info: org.openqa.selenium.chrome.ChromeDriver
Command: [b3110ea6633f33c72cabb53c40ef8968, refresh {}]
Capabilities {acceptInsecureCerts: false, browserName: chrome, browserVersion: 145.0.7632.160, chrome: {chromedriverVersion: 145.0.7632.117 (de4e5d6e13b..., userDataDir: C:\Users\mahmo\AppData\Loca...}, fedcm:accounts: true, goog:chromeOptions: {debuggerAddress: localhost:51109}, goog:processID: 22592, networkConnectionEnabled: false, pageLoadStrategy: normal, platformName: windows, proxy: Proxy(), se:cdp: ws://localhost:51109/devtoo..., se:cdpVersion: 145.0.7632.160, setWindowRect: true, strictFileInteractability: false, timeouts: {implicit: 0, pageLoad: 300000, script: 30000}, unhandledPromptBehavior: dismiss and notify, webauthn:extension:credBlob: true, webauthn:extension:largeBlob: true, webauthn:extension:minPinLength: true, webauthn:extension:prf: true, webauthn:virtualAuthenticators: true}
Session ID: b3110ea6633f33c72cabb53c40ef8968
	at java.base/jdk.internal.reflect.NativeConstructorAccessorImpl.newInstance0(Native Method)
	at java.base/jdk.internal.reflect.NativeConstructorAccessorImpl.newInstance(NativeConstructorAccessorImpl.java:77)
	at java.base/jdk.internal.reflect.DelegatingConstructorAccessorImpl.newInstance(DelegatingConstructorAccessorImpl.java:45)
	at java.base/java.lang.reflect.Constructor.newInstanceWithCaller(Constructor.java:499)
	at java.base/java.lang.reflect.Constructor.newInstance(Constructor.java:480)
	at org.openqa.selenium.remote.ErrorCodec.decode(ErrorCodec.java:167)
	at org.openqa.selenium.remote.codec.w3c.W3CHttpResponseCodec.decode(W3CHttpResponseCodec.java:138)
	at org.openqa.selenium.remote.codec.w3c.W3CHttpResponseCodec.decode(W3CHttpResponseCodec.java:50)
	at org.openqa.selenium.remote.HttpCommandExecutor.execute(HttpCommandExecutor.java:190)
	at org.openqa.selenium.remote.service.DriverCommandExecutor.invokeExecute(DriverCommandExecutor.java:216)
	at org.openqa.selenium.remote.service.DriverCommandExecutor.execute(DriverCommandExecutor.java:174)
	at org.openqa.selenium.remote.RemoteWebDriver.execute(RemoteWebDriver.java:519)
	at org.openqa.selenium.remote.RemoteWebDriver.execute(RemoteWebDriver.java:592)
	at org.openqa.selenium.remote.RemoteWebDriver.execute(RemoteWebDriver.java:596)
	at org.openqa.selenium.remote.RemoteWebDriver$RemoteNavigation.refresh(RemoteWebDriver.java:1074)
	at stepdefs.E2EGrantsWorkflowSteps.navigateToPortal(E2EGrantsWorkflowSteps.java:91)
	at ✽.I navigate to the portal login page(file:///D:/Eastern%20Automation%20Scripts/GrantRoyal_fixed_clean/src/test/resources/features/E2E_ownertest_AllAreas.feature:10)

runners.E2ETestRunner.runScenario["TC-E2E-01-OWNERTEST — Citizen ownertest submits grant with مساحة ٢٠ × ٢٠", "E2E Grant Workflow — User_OWNERTEST"](154) -- Time elapsed: 21.31 s <<< FAILURE!
java.lang.AssertionError: Apps page was not loaded after login. expected [true] but found [false]
	at org.testng.Assert.fail(Assert.java:111)
	at org.testng.Assert.failNotEquals(Assert.java:1578)
	at org.testng.Assert.assertTrue(Assert.java:57)
	at stepdefs.E2EGrantsWorkflowSteps.verifyAppsPage(E2EGrantsWorkflowSteps.java:104)
	at ✽.I should be redirected to the apps page(file:///D:/Eastern%20Automation%20Scripts/GrantRoyal_fixed_clean/src/test/resources/features/E2E_ownertest_AllAreas.feature:12)

runners.E2ETestRunner.runScenario["TC-E2E-02-OWNERTEST — Grant Employee processes transaction TX-01", "E2E Grant Workflow — User_OWNERTEST"](155) -- Time elapsed: 20.94 s <<< FAILURE!
java.lang.RuntimeException: transaction_numbers.txt not found — run Step 1 first.
	at stepdefs.E2EGrantsWorkflowSteps.getTransactionNumberByIndex(E2EGrantsWorkflowSteps.java:422)
	at stepdefs.E2EGrantsWorkflowSteps.clickViewOnTransactionByIndex(E2EGrantsWorkflowSteps.java:412)
	at ✽.I click "عرض" button on transaction number "TX-01"(file:///D:/Eastern%20Automation%20Scripts/GrantRoyal_fixed_clean/src/test/resources/features/E2E_ownertest_AllAreas.feature:54)

runners.E2ETestRunner.runScenario["TC-E2E-02-OWNERTEST — Grant Employee processes transaction TX-02", "E2E Grant Workflow — User_OWNERTEST"](156) -- Time elapsed: 19.77 s <<< FAILURE!
java.lang.RuntimeException: transaction_numbers.txt not found — run Step 1 first.
	at stepdefs.E2EGrantsWorkflowSteps.getTransactionNumberByIndex(E2EGrantsWorkflowSteps.java:422)
	at stepdefs.E2EGrantsWorkflowSteps.clickViewOnTransactionByIndex(E2EGrantsWorkflowSteps.java:412)
	at ✽.I click "عرض" button on transaction number "TX-02"(file:///D:/Eastern%20Automation%20Scripts/GrantRoyal_fixed_clean/src/test/resources/features/E2E_ownertest_AllAreas.feature:54)

runners.E2ETestRunner.runScenario["TC-E2E-02-OWNERTEST — Grant Employee processes transaction TX-03", "E2E Grant Workflow — User_OWNERTEST"](157) -- Time elapsed: 20.07 s <<< FAILURE!
java.lang.RuntimeException: transaction_numbers.txt not found — run Step 1 first.
	at stepdefs.E2EGrantsWorkflowSteps.getTransactionNumberByIndex(E2EGrantsWorkflowSteps.java:422)
	at stepdefs.E2EGrantsWorkflowSteps.clickViewOnTransactionByIndex(E2EGrantsWorkflowSteps.java:412)
	at ✽.I click "عرض" button on transaction number "TX-03"(file:///D:/Eastern%20Automation%20Scripts/GrantRoyal_fixed_clean/src/test/resources/features/E2E_ownertest_AllAreas.feature:54)

runners.E2ETestRunner.runScenario["TC-E2E-02-OWNERTEST — Grant Employee processes transaction TX-04", "E2E Grant Workflow — User_OWNERTEST"](158) -- Time elapsed: 25.03 s <<< FAILURE!
java.lang.RuntimeException: transaction_numbers.txt not found — run Step 1 first.
	at stepdefs.E2EGrantsWorkflowSteps.getTransactionNumberByIndex(E2EGrantsWorkflowSteps.java:422)
	at stepdefs.E2EGrantsWorkflowSteps.clickViewOnTransactionByIndex(E2EGrantsWorkflowSteps.java:412)
	at ✽.I click "عرض" button on transaction number "TX-04"(file:///D:/Eastern%20Automation%20Scripts/GrantRoyal_fixed_clean/src/test/resources/features/E2E_ownertest_AllAreas.feature:54)

runners.E2ETestRunner.runScenario["TC-E2E-02-OWNERTEST — Grant Employee processes transaction TX-05", "E2E Grant Workflow — User_OWNERTEST"](159) -- Time elapsed: 18.84 s <<< FAILURE!
java.lang.RuntimeException: transaction_numbers.txt not found — run Step 1 first.
	at stepdefs.E2EGrantsWorkflowSteps.getTransactionNumberByIndex(E2EGrantsWorkflowSteps.java:422)
	at stepdefs.E2EGrantsWorkflowSteps.clickViewOnTransactionByIndex(E2EGrantsWorkflowSteps.java:412)
	at ✽.I click "عرض" button on transaction number "TX-05"(file:///D:/Eastern%20Automation%20Scripts/GrantRoyal_fixed_clean/src/test/resources/features/E2E_ownertest_AllAreas.feature:54)

runners.E2ETestRunner.runScenario["TC-E2E-02-OWNERTEST — Grant Employee processes transaction TX-06", "E2E Grant Workflow — User_OWNERTEST"](160) -- Time elapsed: 20.13 s <<< FAILURE!
java.lang.AssertionError: Apps page was not loaded after login. expected [true] but found [false]
	at org.testng.Assert.fail(Assert.java:111)
	at org.testng.Assert.failNotEquals(Assert.java:1578)
	at org.testng.Assert.assertTrue(Assert.java:57)
	at stepdefs.E2EGrantsWorkflowSteps.verifyAppsPage(E2EGrantsWorkflowSteps.java:104)
	at ✽.I should be redirected to the apps page(file:///D:/Eastern%20Automation%20Scripts/GrantRoyal_fixed_clean/src/test/resources/features/E2E_ownertest_AllAreas.feature:48)

runners.E2ETestRunner.runScenario["TC-E2E-02-OWNERTEST — Grant Employee processes transaction TX-07", "E2E Grant Workflow — User_OWNERTEST"](161) -- Time elapsed: 21.19 s <<< FAILURE!
java.lang.RuntimeException: transaction_numbers.txt not found — run Step 1 first.
	at stepdefs.E2EGrantsWorkflowSteps.getTransactionNumberByIndex(E2EGrantsWorkflowSteps.java:422)
	at stepdefs.E2EGrantsWorkflowSteps.clickViewOnTransactionByIndex(E2EGrantsWorkflowSteps.java:412)
	at ✽.I click "عرض" button on transaction number "TX-07"(file:///D:/Eastern%20Automation%20Scripts/GrantRoyal_fixed_clean/src/test/resources/features/E2E_ownertest_AllAreas.feature:54)

runners.E2ETestRunner.runScenario["TC-E2E-03-OWNERTEST — Grant Manager finalizes transaction TX-01", "E2E Grant Workflow — User_OWNERTEST"](162) -- Time elapsed: 20.66 s <<< FAILURE!
java.lang.RuntimeException: transaction_numbers.txt not found — run Step 1 first.
	at stepdefs.E2EGrantsWorkflowSteps.getTransactionNumberByIndex(E2EGrantsWorkflowSteps.java:422)
	at stepdefs.E2EGrantsWorkflowSteps.clickViewOnTransactionByIndex(E2EGrantsWorkflowSteps.java:412)
	at ✽.I click "عرض" button on transaction number "TX-01"(file:///D:/Eastern%20Automation%20Scripts/GrantRoyal_fixed_clean/src/test/resources/features/E2E_ownertest_AllAreas.feature:94)

runners.E2ETestRunner.runScenario["TC-E2E-03-OWNERTEST — Grant Manager finalizes transaction TX-02", "E2E Grant Workflow — User_OWNERTEST"](163) -- Time elapsed: 21.79 s <<< FAILURE!
java.lang.RuntimeException: transaction_numbers.txt not found — run Step 1 first.
	at stepdefs.E2EGrantsWorkflowSteps.getTransactionNumberByIndex(E2EGrantsWorkflowSteps.java:422)
	at stepdefs.E2EGrantsWorkflowSteps.clickViewOnTransactionByIndex(E2EGrantsWorkflowSteps.java:412)
	at ✽.I click "عرض" button on transaction number "TX-02"(file:///D:/Eastern%20Automation%20Scripts/GrantRoyal_fixed_clean/src/test/resources/features/E2E_ownertest_AllAreas.feature:94)

runners.E2ETestRunner.runScenario["TC-E2E-03-OWNERTEST — Grant Manager finalizes transaction TX-03", "E2E Grant Workflow — User_OWNERTEST"](164) -- Time elapsed: 20.28 s <<< FAILURE!
java.lang.RuntimeException: transaction_numbers.txt not found — run Step 1 first.
	at stepdefs.E2EGrantsWorkflowSteps.getTransactionNumberByIndex(E2EGrantsWorkflowSteps.java:422)
	at stepdefs.E2EGrantsWorkflowSteps.clickViewOnTransactionByIndex(E2EGrantsWorkflowSteps.java:412)
	at ✽.I click "عرض" button on transaction number "TX-03"(file:///D:/Eastern%20Automation%20Scripts/GrantRoyal_fixed_clean/src/test/resources/features/E2E_ownertest_AllAreas.feature:94)

runners.E2ETestRunner.runScenario["TC-E2E-03-OWNERTEST — Grant Manager finalizes transaction TX-04", "E2E Grant Workflow — User_OWNERTEST"](165) -- Time elapsed: 17.25 s <<< FAILURE!
java.lang.RuntimeException: transaction_numbers.txt not found — run Step 1 first.
	at stepdefs.E2EGrantsWorkflowSteps.getTransactionNumberByIndex(E2EGrantsWorkflowSteps.java:422)
	at stepdefs.E2EGrantsWorkflowSteps.clickViewOnTransactionByIndex(E2EGrantsWorkflowSteps.java:412)
	at ✽.I click "عرض" button on transaction number "TX-04"(file:///D:/Eastern%20Automation%20Scripts/GrantRoyal_fixed_clean/src/test/resources/features/E2E_ownertest_AllAreas.feature:94)

runners.E2ETestRunner.runScenario["TC-E2E-03-OWNERTEST — Grant Manager finalizes transaction TX-05", "E2E Grant Workflow — User_OWNERTEST"](166) -- Time elapsed: 20.00 s <<< FAILURE!
java.lang.RuntimeException: transaction_numbers.txt not found — run Step 1 first.
	at stepdefs.E2EGrantsWorkflowSteps.getTransactionNumberByIndex(E2EGrantsWorkflowSteps.java:422)
	at stepdefs.E2EGrantsWorkflowSteps.clickViewOnTransactionByIndex(E2EGrantsWorkflowSteps.java:412)
	at ✽.I click "عرض" button on transaction number "TX-05"(file:///D:/Eastern%20Automation%20Scripts/GrantRoyal_fixed_clean/src/test/resources/features/E2E_ownertest_AllAreas.feature:94)

runners.E2ETestRunner.runScenario["TC-E2E-03-OWNERTEST — Grant Manager finalizes transaction TX-06", "E2E Grant Workflow — User_OWNERTEST"](167) -- Time elapsed: 21.33 s <<< FAILURE!
java.lang.RuntimeException: transaction_numbers.txt not found — run Step 1 first.
	at stepdefs.E2EGrantsWorkflowSteps.getTransactionNumberByIndex(E2EGrantsWorkflowSteps.java:422)
	at stepdefs.E2EGrantsWorkflowSteps.clickViewOnTransactionByIndex(E2EGrantsWorkflowSteps.java:412)
	at ✽.I click "عرض" button on transaction number "TX-06"(file:///D:/Eastern%20Automation%20Scripts/GrantRoyal_fixed_clean/src/test/resources/features/E2E_ownertest_AllAreas.feature:94)

runners.E2ETestRunner.runScenario["TC-E2E-03-OWNERTEST — Grant Manager finalizes transaction TX-07", "E2E Grant Workflow — User_OWNERTEST"](168) -- Time elapsed: 17.80 s <<< FAILURE!
java.lang.RuntimeException: transaction_numbers.txt not found — run Step 1 first.
	at stepdefs.E2EGrantsWorkflowSteps.getTransactionNumberByIndex(E2EGrantsWorkflowSteps.java:422)
	at stepdefs.E2EGrantsWorkflowSteps.clickViewOnTransactionByIndex(E2EGrantsWorkflowSteps.java:412)
	at ✽.I click "عرض" button on transaction number "TX-07"(file:///D:/Eastern%20Automation%20Scripts/GrantRoyal_fixed_clean/src/test/resources/features/E2E_ownertest_AllAreas.feature:94)

