<?xml version="1.0" encoding="UTF-8"?>
<testng-results ignored="0" total="168" passed="94" failed="74" skipped="0">
  <reporter-output>
  </reporter-output>
  <suite started-at="2026-03-13T04:51:51 EET" name="Grants E2E Automation Suite — نظام المنح الملكية" finished-at="2026-03-13T11:01:57 EET" duration-ms="22206042">
    <groups>
      <group name="cucumber">
        <method signature="AbstractTestNGCucumberTests.runScenario(io.cucumber.testng.PickleWrapper,io.cucumber.testng.FeatureWrapper)[pri:0, instance:runners.E2ETestRunner@7a8406c2]" name="runScenario" class="io.cucumber.testng.AbstractTestNGCucumberTests"/>
      </group> <!-- cucumber -->
    </groups>
    <test started-at="2026-03-13T04:51:51 EET" name="E2E Workflow — Steps 1→2→3" finished-at="2026-03-13T11:01:57 EET" duration-ms="22206042">
      <class name="runners.E2ETestRunner">
        <test-method is-config="true" signature="setUpClass(org.testng.ITestContext)[pri:0, instance:runners.E2ETestRunner@7a8406c2]" started-at="2026-03-13T04:51:51 EET" name="setUpClass" finished-at="2026-03-13T04:51:53 EET" duration-ms="1799" status="PASS">
          <params>
            <param index="0">
              <value>
                <![CDATA[org.testng.TestRunner@2c349306]]>
              </value>
            </param>
          </params>
          <reporter-output>
          </reporter-output>
        </test-method> <!-- setUpClass -->
        <test-method signature="runScenario(io.cucumber.testng.PickleWrapper,io.cucumber.testng.FeatureWrapper)[pri:0, instance:runners.E2ETestRunner@7a8406c2]" started-at="2026-03-13T04:51:53 EET" name="runScenario" description="Runs Cucumber Scenarios" data-provider="scenarios" finished-at="2026-03-13T04:53:04 EET" duration-ms="71126" status="PASS">
          <params>
            <param index="0">
              <value>
                <![CDATA["TC-E2E-01-RANDOM — Citizen mahmoud submits grant with مساحة ١٠٠ × ١٠٠"]]>
              </value>
            </param>
            <param index="1">
              <value>
                <![CDATA["E2E Grant Workflow — RandomDist"]]>
              </value>
            </param>
          </params>
          <reporter-output>
          </reporter-output>
        </test-method> <!-- runScenario -->
        <test-method signature="runScenario(io.cucumber.testng.PickleWrapper,io.cucumber.testng.FeatureWrapper)[pri:0, instance:runners.E2ETestRunner@7a8406c2]" started-at="2026-03-13T04:53:04 EET" name="runScenario" description="Runs Cucumber Scenarios" data-provider="scenarios" finished-at="2026-03-13T04:53:47 EET" duration-ms="42757" status="PASS">
          <params>
            <param index="0">
              <value>
                <![CDATA["TC-E2E-01-RANDOM — Citizen emad submits grant with مساحة ٤٠ × ٤٠"]]>
              </value>
            </param>
            <param index="1">
              <value>
                <![CDATA["E2E Grant Workflow — RandomDist"]]>
              </value>
            </param>
          </params>
          <reporter-output>
          </reporter-output>
        </test-method> <!-- runScenario -->
        <test-method signature="runScenario(io.cucumber.testng.PickleWrapper,io.cucumber.testng.FeatureWrapper)[pri:0, instance:runners.E2ETestRunner@7a8406c2]" started-at="2026-03-13T04:53:47 EET" name="runScenario" description="Runs Cucumber Scenarios" data-provider="scenarios" finished-at="2026-03-13T04:54:07 EET" duration-ms="20203" status="FAIL">
          <params>
            <param index="0">
              <value>
                <![CDATA["TC-E2E-01-RANDOM — Citizen abdullah submits grant with مساحة ٣٠ × ٣٠"]]>
              </value>
            </param>
            <param index="1">
              <value>
                <![CDATA["E2E Grant Workflow — RandomDist"]]>
              </value>
            </param>
          </params>
          <exception class="java.lang.AssertionError">
            <message>
              <![CDATA[Apps page was not loaded after login. expected [true] but found [false]]]>
            </message>
            <full-stacktrace>
              <![CDATA[java.lang.AssertionError: Apps page was not loaded after login. expected [true] but found [false]
at org.testng.Assert.fail(Assert.java:111)
at org.testng.Assert.failNotEquals(Assert.java:1578)
at org.testng.Assert.assertTrue(Assert.java:57)
at stepdefs.E2EGrantsWorkflowSteps.verifyAppsPage(E2EGrantsWorkflowSteps.java:104)
at ✽.I should be redirected to the apps page(file:///D:/Eastern%20Automation%20Scripts/GrantRoyal_fixed_clean/src/test/resources/features/E2E_RandomDistribution.feature:12)
]]>
            </full-stacktrace>
          </exception> <!-- java.lang.AssertionError -->
          <reporter-output>
          </reporter-output>
        </test-method> <!-- runScenario -->
        <test-method signature="runScenario(io.cucumber.testng.PickleWrapper,io.cucumber.testng.FeatureWrapper)[pri:0, instance:runners.E2ETestRunner@7a8406c2]" started-at="2026-03-13T04:54:07 EET" name="runScenario" description="Runs Cucumber Scenarios" data-provider="scenarios" finished-at="2026-03-13T04:54:28 EET" duration-ms="20859" status="FAIL">
          <params>
            <param index="0">
              <value>
                <![CDATA["TC-E2E-01-RANDOM — Citizen ownertest submits grant with مساحة ٥٠ × ٥٠"]]>
              </value>
            </param>
            <param index="1">
              <value>
                <![CDATA["E2E Grant Workflow — RandomDist"]]>
              </value>
            </param>
          </params>
          <exception class="java.lang.AssertionError">
            <message>
              <![CDATA[Apps page was not loaded after login. expected [true] but found [false]]]>
            </message>
            <full-stacktrace>
              <![CDATA[java.lang.AssertionError: Apps page was not loaded after login. expected [true] but found [false]
at org.testng.Assert.fail(Assert.java:111)
at org.testng.Assert.failNotEquals(Assert.java:1578)
at org.testng.Assert.assertTrue(Assert.java:57)
at stepdefs.E2EGrantsWorkflowSteps.verifyAppsPage(E2EGrantsWorkflowSteps.java:104)
at ✽.I should be redirected to the apps page(file:///D:/Eastern%20Automation%20Scripts/GrantRoyal_fixed_clean/src/test/resources/features/E2E_RandomDistribution.feature:12)
]]>
            </full-stacktrace>
          </exception> <!-- java.lang.AssertionError -->
          <reporter-output>
          </reporter-output>
        </test-method> <!-- runScenario -->
        <test-method signature="runScenario(io.cucumber.testng.PickleWrapper,io.cucumber.testng.FeatureWrapper)[pri:0, instance:runners.E2ETestRunner@7a8406c2]" started-at="2026-03-13T04:54:28 EET" name="runScenario" description="Runs Cucumber Scenarios" data-provider="scenarios" finished-at="2026-03-13T04:55:00 EET" duration-ms="32640" status="PASS">
          <params>
            <param index="0">
              <value>
                <![CDATA["TC-E2E-01-RANDOM — Citizen maldossary submits grant with مساحة ٢٠ × ٢٠"]]>
              </value>
            </param>
            <param index="1">
              <value>
                <![CDATA["E2E Grant Workflow — RandomDist"]]>
              </value>
            </param>
          </params>
          <reporter-output>
          </reporter-output>
        </test-method> <!-- runScenario -->
        <test-method signature="runScenario(io.cucumber.testng.PickleWrapper,io.cucumber.testng.FeatureWrapper)[pri:0, instance:runners.E2ETestRunner@7a8406c2]" started-at="2026-03-13T04:55:00 EET" name="runScenario" description="Runs Cucumber Scenarios" data-provider="scenarios" finished-at="2026-03-13T04:55:34 EET" duration-ms="33646" status="PASS">
          <params>
            <param index="0">
              <value>
                <![CDATA["TC-E2E-01-RANDOM — Citizen ibrahem submits grant with مساحة ٢٠٠ × ٢٠٠"]]>
              </value>
            </param>
            <param index="1">
              <value>
                <![CDATA["E2E Grant Workflow — RandomDist"]]>
              </value>
            </param>
          </params>
          <reporter-output>
          </reporter-output>
        </test-method> <!-- runScenario -->
        <test-method signature="runScenario(io.cucumber.testng.PickleWrapper,io.cucumber.testng.FeatureWrapper)[pri:0, instance:runners.E2ETestRunner@7a8406c2]" started-at="2026-03-13T04:55:34 EET" name="runScenario" description="Runs Cucumber Scenarios" data-provider="scenarios" finished-at="2026-03-13T04:56:07 EET" duration-ms="33315" status="PASS">
          <params>
            <param index="0">
              <value>
                <![CDATA["TC-E2E-01-RANDOM — Citizen mamdouh submits grant with مساحة ٢٥ × ٢٥"]]>
              </value>
            </param>
            <param index="1">
              <value>
                <![CDATA["E2E Grant Workflow — RandomDist"]]>
              </value>
            </param>
          </params>
          <reporter-output>
          </reporter-output>
        </test-method> <!-- runScenario -->
        <test-method signature="runScenario(io.cucumber.testng.PickleWrapper,io.cucumber.testng.FeatureWrapper)[pri:0, instance:runners.E2ETestRunner@7a8406c2]" started-at="2026-03-13T04:56:07 EET" name="runScenario" description="Runs Cucumber Scenarios" data-provider="scenarios" finished-at="2026-03-13T04:57:17 EET" duration-ms="69215" status="PASS">
          <params>
            <param index="0">
              <value>
                <![CDATA["TC-E2E-02-RANDOM — Grant Employee processes transaction TX-01"]]>
              </value>
            </param>
            <param index="1">
              <value>
                <![CDATA["E2E Grant Workflow — RandomDist"]]>
              </value>
            </param>
          </params>
          <reporter-output>
          </reporter-output>
        </test-method> <!-- runScenario -->
        <test-method signature="runScenario(io.cucumber.testng.PickleWrapper,io.cucumber.testng.FeatureWrapper)[pri:0, instance:runners.E2ETestRunner@7a8406c2]" started-at="2026-03-13T04:57:17 EET" name="runScenario" description="Runs Cucumber Scenarios" data-provider="scenarios" finished-at="2026-03-13T04:58:32 EET" duration-ms="75622" status="PASS">
          <params>
            <param index="0">
              <value>
                <![CDATA["TC-E2E-02-RANDOM — Grant Employee processes transaction TX-02"]]>
              </value>
            </param>
            <param index="1">
              <value>
                <![CDATA["E2E Grant Workflow — RandomDist"]]>
              </value>
            </param>
          </params>
          <reporter-output>
          </reporter-output>
        </test-method> <!-- runScenario -->
        <test-method signature="runScenario(io.cucumber.testng.PickleWrapper,io.cucumber.testng.FeatureWrapper)[pri:0, instance:runners.E2ETestRunner@7a8406c2]" started-at="2026-03-13T04:58:32 EET" name="runScenario" description="Runs Cucumber Scenarios" data-provider="scenarios" finished-at="2026-03-13T04:59:56 EET" duration-ms="83448" status="PASS">
          <params>
            <param index="0">
              <value>
                <![CDATA["TC-E2E-02-RANDOM — Grant Employee processes transaction TX-03"]]>
              </value>
            </param>
            <param index="1">
              <value>
                <![CDATA["E2E Grant Workflow — RandomDist"]]>
              </value>
            </param>
          </params>
          <reporter-output>
          </reporter-output>
        </test-method> <!-- runScenario -->
        <test-method signature="runScenario(io.cucumber.testng.PickleWrapper,io.cucumber.testng.FeatureWrapper)[pri:0, instance:runners.E2ETestRunner@7a8406c2]" started-at="2026-03-13T04:59:56 EET" name="runScenario" description="Runs Cucumber Scenarios" data-provider="scenarios" finished-at="2026-03-13T05:01:19 EET" duration-ms="83615" status="PASS">
          <params>
            <param index="0">
              <value>
                <![CDATA["TC-E2E-02-RANDOM — Grant Employee processes transaction TX-04"]]>
              </value>
            </param>
            <param index="1">
              <value>
                <![CDATA["E2E Grant Workflow — RandomDist"]]>
              </value>
            </param>
          </params>
          <reporter-output>
          </reporter-output>
        </test-method> <!-- runScenario -->
        <test-method signature="runScenario(io.cucumber.testng.PickleWrapper,io.cucumber.testng.FeatureWrapper)[pri:0, instance:runners.E2ETestRunner@7a8406c2]" started-at="2026-03-13T05:01:19 EET" name="runScenario" description="Runs Cucumber Scenarios" data-provider="scenarios" finished-at="2026-03-13T05:02:37 EET" duration-ms="77333" status="PASS">
          <params>
            <param index="0">
              <value>
                <![CDATA["TC-E2E-02-RANDOM — Grant Employee processes transaction TX-05"]]>
              </value>
            </param>
            <param index="1">
              <value>
                <![CDATA["E2E Grant Workflow — RandomDist"]]>
              </value>
            </param>
          </params>
          <reporter-output>
          </reporter-output>
        </test-method> <!-- runScenario -->
        <test-method signature="runScenario(io.cucumber.testng.PickleWrapper,io.cucumber.testng.FeatureWrapper)[pri:0, instance:runners.E2ETestRunner@7a8406c2]" started-at="2026-03-13T05:02:37 EET" name="runScenario" description="Runs Cucumber Scenarios" data-provider="scenarios" finished-at="2026-03-13T05:03:09 EET" duration-ms="32254" status="FAIL">
          <params>
            <param index="0">
              <value>
                <![CDATA["TC-E2E-02-RANDOM — Grant Employee processes transaction TX-06"]]>
              </value>
            </param>
            <param index="1">
              <value>
                <![CDATA["E2E Grant Workflow — RandomDist"]]>
              </value>
            </param>
          </params>
          <exception class="java.lang.RuntimeException">
            <message>
              <![CDATA[Index 5 out of range. Only 5 transactions saved.]]>
            </message>
            <full-stacktrace>
              <![CDATA[java.lang.RuntimeException: Index 5 out of range. Only 5 transactions saved.
at stepdefs.E2EGrantsWorkflowSteps.getTransactionNumberByIndex(E2EGrantsWorkflowSteps.java:428)
at stepdefs.E2EGrantsWorkflowSteps.clickViewOnTransactionByIndex(E2EGrantsWorkflowSteps.java:412)
at ✽.I click "عرض" button on transaction number "TX-06"(file:///D:/Eastern%20Automation%20Scripts/GrantRoyal_fixed_clean/src/test/resources/features/E2E_RandomDistribution.feature:54)
]]>
            </full-stacktrace>
          </exception> <!-- java.lang.RuntimeException -->
          <reporter-output>
          </reporter-output>
        </test-method> <!-- runScenario -->
        <test-method signature="runScenario(io.cucumber.testng.PickleWrapper,io.cucumber.testng.FeatureWrapper)[pri:0, instance:runners.E2ETestRunner@7a8406c2]" started-at="2026-03-13T05:03:09 EET" name="runScenario" description="Runs Cucumber Scenarios" data-provider="scenarios" finished-at="2026-03-13T05:03:52 EET" duration-ms="43319" status="FAIL">
          <params>
            <param index="0">
              <value>
                <![CDATA["TC-E2E-02-RANDOM — Grant Employee processes transaction TX-07"]]>
              </value>
            </param>
            <param index="1">
              <value>
                <![CDATA["E2E Grant Workflow — RandomDist"]]>
              </value>
            </param>
          </params>
          <exception class="java.lang.RuntimeException">
            <message>
              <![CDATA[Index 6 out of range. Only 5 transactions saved.]]>
            </message>
            <full-stacktrace>
              <![CDATA[java.lang.RuntimeException: Index 6 out of range. Only 5 transactions saved.
at stepdefs.E2EGrantsWorkflowSteps.getTransactionNumberByIndex(E2EGrantsWorkflowSteps.java:428)
at stepdefs.E2EGrantsWorkflowSteps.clickViewOnTransactionByIndex(E2EGrantsWorkflowSteps.java:412)
at ✽.I click "عرض" button on transaction number "TX-07"(file:///D:/Eastern%20Automation%20Scripts/GrantRoyal_fixed_clean/src/test/resources/features/E2E_RandomDistribution.feature:54)
]]>
            </full-stacktrace>
          </exception> <!-- java.lang.RuntimeException -->
          <reporter-output>
          </reporter-output>
        </test-method> <!-- runScenario -->
        <test-method signature="runScenario(io.cucumber.testng.PickleWrapper,io.cucumber.testng.FeatureWrapper)[pri:0, instance:runners.E2ETestRunner@7a8406c2]" started-at="2026-03-13T05:03:52 EET" name="runScenario" description="Runs Cucumber Scenarios" data-provider="scenarios" finished-at="2026-03-13T05:04:37 EET" duration-ms="45002" status="PASS">
          <params>
            <param index="0">
              <value>
                <![CDATA["TC-E2E-03-RANDOM — Grant Manager finalizes transaction TX-01"]]>
              </value>
            </param>
            <param index="1">
              <value>
                <![CDATA["E2E Grant Workflow — RandomDist"]]>
              </value>
            </param>
          </params>
          <reporter-output>
          </reporter-output>
        </test-method> <!-- runScenario -->
        <test-method signature="runScenario(io.cucumber.testng.PickleWrapper,io.cucumber.testng.FeatureWrapper)[pri:0, instance:runners.E2ETestRunner@7a8406c2]" started-at="2026-03-13T05:04:37 EET" name="runScenario" description="Runs Cucumber Scenarios" data-provider="scenarios" finished-at="2026-03-13T05:05:35 EET" duration-ms="57797" status="PASS">
          <params>
            <param index="0">
              <value>
                <![CDATA["TC-E2E-03-RANDOM — Grant Manager finalizes transaction TX-02"]]>
              </value>
            </param>
            <param index="1">
              <value>
                <![CDATA["E2E Grant Workflow — RandomDist"]]>
              </value>
            </param>
          </params>
          <reporter-output>
          </reporter-output>
        </test-method> <!-- runScenario -->
        <test-method signature="runScenario(io.cucumber.testng.PickleWrapper,io.cucumber.testng.FeatureWrapper)[pri:0, instance:runners.E2ETestRunner@7a8406c2]" started-at="2026-03-13T05:05:35 EET" name="runScenario" description="Runs Cucumber Scenarios" data-provider="scenarios" finished-at="2026-03-13T05:06:17 EET" duration-ms="41464" status="PASS">
          <params>
            <param index="0">
              <value>
                <![CDATA["TC-E2E-03-RANDOM — Grant Manager finalizes transaction TX-03"]]>
              </value>
            </param>
            <param index="1">
              <value>
                <![CDATA["E2E Grant Workflow — RandomDist"]]>
              </value>
            </param>
          </params>
          <reporter-output>
          </reporter-output>
        </test-method> <!-- runScenario -->
        <test-method signature="runScenario(io.cucumber.testng.PickleWrapper,io.cucumber.testng.FeatureWrapper)[pri:0, instance:runners.E2ETestRunner@7a8406c2]" started-at="2026-03-13T05:06:17 EET" name="runScenario" description="Runs Cucumber Scenarios" data-provider="scenarios" finished-at="2026-03-13T05:07:03 EET" duration-ms="46529" status="PASS">
          <params>
            <param index="0">
              <value>
                <![CDATA["TC-E2E-03-RANDOM — Grant Manager finalizes transaction TX-04"]]>
              </value>
            </param>
            <param index="1">
              <value>
                <![CDATA["E2E Grant Workflow — RandomDist"]]>
              </value>
            </param>
          </params>
          <reporter-output>
          </reporter-output>
        </test-method> <!-- runScenario -->
        <test-method signature="runScenario(io.cucumber.testng.PickleWrapper,io.cucumber.testng.FeatureWrapper)[pri:0, instance:runners.E2ETestRunner@7a8406c2]" started-at="2026-03-13T05:07:03 EET" name="runScenario" description="Runs Cucumber Scenarios" data-provider="scenarios" finished-at="2026-03-13T05:07:48 EET" duration-ms="45071" status="PASS">
          <params>
            <param index="0">
              <value>
                <![CDATA["TC-E2E-03-RANDOM — Grant Manager finalizes transaction TX-05"]]>
              </value>
            </param>
            <param index="1">
              <value>
                <![CDATA["E2E Grant Workflow — RandomDist"]]>
              </value>
            </param>
          </params>
          <reporter-output>
          </reporter-output>
        </test-method> <!-- runScenario -->
        <test-method signature="runScenario(io.cucumber.testng.PickleWrapper,io.cucumber.testng.FeatureWrapper)[pri:0, instance:runners.E2ETestRunner@7a8406c2]" started-at="2026-03-13T05:07:48 EET" name="runScenario" description="Runs Cucumber Scenarios" data-provider="scenarios" finished-at="2026-03-13T05:08:15 EET" duration-ms="26850" status="FAIL">
          <params>
            <param index="0">
              <value>
                <![CDATA["TC-E2E-03-RANDOM — Grant Manager finalizes transaction TX-06"]]>
              </value>
            </param>
            <param index="1">
              <value>
                <![CDATA["E2E Grant Workflow — RandomDist"]]>
              </value>
            </param>
          </params>
          <exception class="java.lang.RuntimeException">
            <message>
              <![CDATA[Index 5 out of range. Only 5 transactions saved.]]>
            </message>
            <full-stacktrace>
              <![CDATA[java.lang.RuntimeException: Index 5 out of range. Only 5 transactions saved.
at stepdefs.E2EGrantsWorkflowSteps.getTransactionNumberByIndex(E2EGrantsWorkflowSteps.java:428)
at stepdefs.E2EGrantsWorkflowSteps.clickViewOnTransactionByIndex(E2EGrantsWorkflowSteps.java:412)
at ✽.I click "عرض" button on transaction number "TX-06"(file:///D:/Eastern%20Automation%20Scripts/GrantRoyal_fixed_clean/src/test/resources/features/E2E_RandomDistribution.feature:94)
]]>
            </full-stacktrace>
          </exception> <!-- java.lang.RuntimeException -->
          <reporter-output>
          </reporter-output>
        </test-method> <!-- runScenario -->
        <test-method signature="runScenario(io.cucumber.testng.PickleWrapper,io.cucumber.testng.FeatureWrapper)[pri:0, instance:runners.E2ETestRunner@7a8406c2]" started-at="2026-03-13T05:08:15 EET" name="runScenario" description="Runs Cucumber Scenarios" data-provider="scenarios" finished-at="2026-03-13T05:08:42 EET" duration-ms="27174" status="FAIL">
          <params>
            <param index="0">
              <value>
                <![CDATA["TC-E2E-03-RANDOM — Grant Manager finalizes transaction TX-07"]]>
              </value>
            </param>
            <param index="1">
              <value>
                <![CDATA["E2E Grant Workflow — RandomDist"]]>
              </value>
            </param>
          </params>
          <exception class="java.lang.RuntimeException">
            <message>
              <![CDATA[Index 6 out of range. Only 5 transactions saved.]]>
            </message>
            <full-stacktrace>
              <![CDATA[java.lang.RuntimeException: Index 6 out of range. Only 5 transactions saved.
at stepdefs.E2EGrantsWorkflowSteps.getTransactionNumberByIndex(E2EGrantsWorkflowSteps.java:428)
at stepdefs.E2EGrantsWorkflowSteps.clickViewOnTransactionByIndex(E2EGrantsWorkflowSteps.java:412)
at ✽.I click "عرض" button on transaction number "TX-07"(file:///D:/Eastern%20Automation%20Scripts/GrantRoyal_fixed_clean/src/test/resources/features/E2E_RandomDistribution.feature:94)
]]>
            </full-stacktrace>
          </exception> <!-- java.lang.RuntimeException -->
          <reporter-output>
          </reporter-output>
        </test-method> <!-- runScenario -->
        <test-method signature="runScenario(io.cucumber.testng.PickleWrapper,io.cucumber.testng.FeatureWrapper)[pri:0, instance:runners.E2ETestRunner@7a8406c2]" started-at="2026-03-13T05:08:42 EET" name="runScenario" description="Runs Cucumber Scenarios" data-provider="scenarios" finished-at="2026-03-13T05:09:06 EET" duration-ms="24182" status="FAIL">
          <params>
            <param index="0">
              <value>
                <![CDATA["TC-E2E-01-ABDULLAH — Citizen abdullah submits grant with مساحة ٢٠٠ × ٢٠٠"]]>
              </value>
            </param>
            <param index="1">
              <value>
                <![CDATA["E2E Grant Workflow — User_ABDULLAH"]]>
              </value>
            </param>
          </params>
          <exception class="java.lang.AssertionError">
            <message>
              <![CDATA[Apps page was not loaded after login. expected [true] but found [false]]]>
            </message>
            <full-stacktrace>
              <![CDATA[java.lang.AssertionError: Apps page was not loaded after login. expected [true] but found [false]
at org.testng.Assert.fail(Assert.java:111)
at org.testng.Assert.failNotEquals(Assert.java:1578)
at org.testng.Assert.assertTrue(Assert.java:57)
at stepdefs.E2EGrantsWorkflowSteps.verifyAppsPage(E2EGrantsWorkflowSteps.java:104)
at ✽.I should be redirected to the apps page(file:///D:/Eastern%20Automation%20Scripts/GrantRoyal_fixed_clean/src/test/resources/features/E2E_abdullah_AllAreas.feature:12)
]]>
            </full-stacktrace>
          </exception> <!-- java.lang.AssertionError -->
          <reporter-output>
          </reporter-output>
        </test-method> <!-- runScenario -->
        <test-method signature="runScenario(io.cucumber.testng.PickleWrapper,io.cucumber.testng.FeatureWrapper)[pri:0, instance:runners.E2ETestRunner@7a8406c2]" started-at="2026-03-13T05:09:06 EET" name="runScenario" description="Runs Cucumber Scenarios" data-provider="scenarios" finished-at="2026-03-13T05:10:09 EET" duration-ms="62901" status="FAIL">
          <params>
            <param index="0">
              <value>
                <![CDATA["TC-E2E-01-ABDULLAH — Citizen abdullah submits grant with مساحة ١٠٠ × ١٠٠"]]>
              </value>
            </param>
            <param index="1">
              <value>
                <![CDATA["E2E Grant Workflow — User_ABDULLAH"]]>
              </value>
            </param>
          </params>
          <exception class="java.lang.AssertionError">
            <message>
              <![CDATA[Apps page was not loaded after login. expected [true] but found [false]]]>
            </message>
            <full-stacktrace>
              <![CDATA[java.lang.AssertionError: Apps page was not loaded after login. expected [true] but found [false]
at org.testng.Assert.fail(Assert.java:111)
at org.testng.Assert.failNotEquals(Assert.java:1578)
at org.testng.Assert.assertTrue(Assert.java:57)
at stepdefs.E2EGrantsWorkflowSteps.verifyAppsPage(E2EGrantsWorkflowSteps.java:104)
at ✽.I should be redirected to the apps page(file:///D:/Eastern%20Automation%20Scripts/GrantRoyal_fixed_clean/src/test/resources/features/E2E_abdullah_AllAreas.feature:12)
]]>
            </full-stacktrace>
          </exception> <!-- java.lang.AssertionError -->
          <reporter-output>
          </reporter-output>
        </test-method> <!-- runScenario -->
        <test-method signature="runScenario(io.cucumber.testng.PickleWrapper,io.cucumber.testng.FeatureWrapper)[pri:0, instance:runners.E2ETestRunner@7a8406c2]" started-at="2026-03-13T05:10:09 EET" name="runScenario" description="Runs Cucumber Scenarios" data-provider="scenarios" finished-at="2026-03-13T05:10:38 EET" duration-ms="28313" status="FAIL">
          <params>
            <param index="0">
              <value>
                <![CDATA["TC-E2E-01-ABDULLAH — Citizen abdullah submits grant with مساحة ٥٠ × ٥٠"]]>
              </value>
            </param>
            <param index="1">
              <value>
                <![CDATA["E2E Grant Workflow — User_ABDULLAH"]]>
              </value>
            </param>
          </params>
          <exception class="java.lang.AssertionError">
            <message>
              <![CDATA[Apps page was not loaded after login. expected [true] but found [false]]]>
            </message>
            <full-stacktrace>
              <![CDATA[java.lang.AssertionError: Apps page was not loaded after login. expected [true] but found [false]
at org.testng.Assert.fail(Assert.java:111)
at org.testng.Assert.failNotEquals(Assert.java:1578)
at org.testng.Assert.assertTrue(Assert.java:57)
at stepdefs.E2EGrantsWorkflowSteps.verifyAppsPage(E2EGrantsWorkflowSteps.java:104)
at ✽.I should be redirected to the apps page(file:///D:/Eastern%20Automation%20Scripts/GrantRoyal_fixed_clean/src/test/resources/features/E2E_abdullah_AllAreas.feature:12)
]]>
            </full-stacktrace>
          </exception> <!-- java.lang.AssertionError -->
          <reporter-output>
          </reporter-output>
        </test-method> <!-- runScenario -->
        <test-method signature="runScenario(io.cucumber.testng.PickleWrapper,io.cucumber.testng.FeatureWrapper)[pri:0, instance:runners.E2ETestRunner@7a8406c2]" started-at="2026-03-13T05:10:38 EET" name="runScenario" description="Runs Cucumber Scenarios" data-provider="scenarios" finished-at="2026-03-13T05:11:08 EET" duration-ms="30796" status="FAIL">
          <params>
            <param index="0">
              <value>
                <![CDATA["TC-E2E-01-ABDULLAH — Citizen abdullah submits grant with مساحة ٤٠ × ٤٠"]]>
              </value>
            </param>
            <param index="1">
              <value>
                <![CDATA["E2E Grant Workflow — User_ABDULLAH"]]>
              </value>
            </param>
          </params>
          <exception class="java.lang.AssertionError">
            <message>
              <![CDATA[Apps page was not loaded after login. expected [true] but found [false]]]>
            </message>
            <full-stacktrace>
              <![CDATA[java.lang.AssertionError: Apps page was not loaded after login. expected [true] but found [false]
at org.testng.Assert.fail(Assert.java:111)
at org.testng.Assert.failNotEquals(Assert.java:1578)
at org.testng.Assert.assertTrue(Assert.java:57)
at stepdefs.E2EGrantsWorkflowSteps.verifyAppsPage(E2EGrantsWorkflowSteps.java:104)
at ✽.I should be redirected to the apps page(file:///D:/Eastern%20Automation%20Scripts/GrantRoyal_fixed_clean/src/test/resources/features/E2E_abdullah_AllAreas.feature:12)
]]>
            </full-stacktrace>
          </exception> <!-- java.lang.AssertionError -->
          <reporter-output>
          </reporter-output>
        </test-method> <!-- runScenario -->
        <test-method signature="runScenario(io.cucumber.testng.PickleWrapper,io.cucumber.testng.FeatureWrapper)[pri:0, instance:runners.E2ETestRunner@7a8406c2]" started-at="2026-03-13T05:11:08 EET" name="runScenario" description="Runs Cucumber Scenarios" data-provider="scenarios" finished-at="2026-03-13T05:11:46 EET" duration-ms="38120" status="FAIL">
          <params>
            <param index="0">
              <value>
                <![CDATA["TC-E2E-01-ABDULLAH — Citizen abdullah submits grant with مساحة ٣٠ × ٣٠"]]>
              </value>
            </param>
            <param index="1">
              <value>
                <![CDATA["E2E Grant Workflow — User_ABDULLAH"]]>
              </value>
            </param>
          </params>
          <exception class="java.lang.AssertionError">
            <message>
              <![CDATA[Apps page was not loaded after login. expected [true] but found [false]]]>
            </message>
            <full-stacktrace>
              <![CDATA[java.lang.AssertionError: Apps page was not loaded after login. expected [true] but found [false]
at org.testng.Assert.fail(Assert.java:111)
at org.testng.Assert.failNotEquals(Assert.java:1578)
at org.testng.Assert.assertTrue(Assert.java:57)
at stepdefs.E2EGrantsWorkflowSteps.verifyAppsPage(E2EGrantsWorkflowSteps.java:104)
at ✽.I should be redirected to the apps page(file:///D:/Eastern%20Automation%20Scripts/GrantRoyal_fixed_clean/src/test/resources/features/E2E_abdullah_AllAreas.feature:12)
]]>
            </full-stacktrace>
          </exception> <!-- java.lang.AssertionError -->
          <reporter-output>
          </reporter-output>
        </test-method> <!-- runScenario -->
        <test-method signature="runScenario(io.cucumber.testng.PickleWrapper,io.cucumber.testng.FeatureWrapper)[pri:0, instance:runners.E2ETestRunner@7a8406c2]" started-at="2026-03-13T05:11:46 EET" name="runScenario" description="Runs Cucumber Scenarios" data-provider="scenarios" finished-at="2026-03-13T05:12:15 EET" duration-ms="28972" status="FAIL">
          <params>
            <param index="0">
              <value>
                <![CDATA["TC-E2E-01-ABDULLAH — Citizen abdullah submits grant with مساحة ٢٥ × ٢٥"]]>
              </value>
            </param>
            <param index="1">
              <value>
                <![CDATA["E2E Grant Workflow — User_ABDULLAH"]]>
              </value>
            </param>
          </params>
          <exception class="java.lang.AssertionError">
            <message>
              <![CDATA[Apps page was not loaded after login. expected [true] but found [false]]]>
            </message>
            <full-stacktrace>
              <![CDATA[java.lang.AssertionError: Apps page was not loaded after login. expected [true] but found [false]
at org.testng.Assert.fail(Assert.java:111)
at org.testng.Assert.failNotEquals(Assert.java:1578)
at org.testng.Assert.assertTrue(Assert.java:57)
at stepdefs.E2EGrantsWorkflowSteps.verifyAppsPage(E2EGrantsWorkflowSteps.java:104)
at ✽.I should be redirected to the apps page(file:///D:/Eastern%20Automation%20Scripts/GrantRoyal_fixed_clean/src/test/resources/features/E2E_abdullah_AllAreas.feature:12)
]]>
            </full-stacktrace>
          </exception> <!-- java.lang.AssertionError -->
          <reporter-output>
          </reporter-output>
        </test-method> <!-- runScenario -->
        <test-method signature="runScenario(io.cucumber.testng.PickleWrapper,io.cucumber.testng.FeatureWrapper)[pri:0, instance:runners.E2ETestRunner@7a8406c2]" started-at="2026-03-13T05:12:15 EET" name="runScenario" description="Runs Cucumber Scenarios" data-provider="scenarios" finished-at="2026-03-13T05:12:48 EET" duration-ms="32657" status="FAIL">
          <params>
            <param index="0">
              <value>
                <![CDATA["TC-E2E-01-ABDULLAH — Citizen abdullah submits grant with مساحة ٢٠ × ٢٠"]]>
              </value>
            </param>
            <param index="1">
              <value>
                <![CDATA["E2E Grant Workflow — User_ABDULLAH"]]>
              </value>
            </param>
          </params>
          <exception class="java.lang.AssertionError">
            <message>
              <![CDATA[Apps page was not loaded after login. expected [true] but found [false]]]>
            </message>
            <full-stacktrace>
              <![CDATA[java.lang.AssertionError: Apps page was not loaded after login. expected [true] but found [false]
at org.testng.Assert.fail(Assert.java:111)
at org.testng.Assert.failNotEquals(Assert.java:1578)
at org.testng.Assert.assertTrue(Assert.java:57)
at stepdefs.E2EGrantsWorkflowSteps.verifyAppsPage(E2EGrantsWorkflowSteps.java:104)
at ✽.I should be redirected to the apps page(file:///D:/Eastern%20Automation%20Scripts/GrantRoyal_fixed_clean/src/test/resources/features/E2E_abdullah_AllAreas.feature:12)
]]>
            </full-stacktrace>
          </exception> <!-- java.lang.AssertionError -->
          <reporter-output>
          </reporter-output>
        </test-method> <!-- runScenario -->
        <test-method signature="runScenario(io.cucumber.testng.PickleWrapper,io.cucumber.testng.FeatureWrapper)[pri:0, instance:runners.E2ETestRunner@7a8406c2]" started-at="2026-03-13T05:12:48 EET" name="runScenario" description="Runs Cucumber Scenarios" data-provider="scenarios" finished-at="2026-03-13T05:13:21 EET" duration-ms="32674" status="FAIL">
          <params>
            <param index="0">
              <value>
                <![CDATA["TC-E2E-02-ABDULLAH — Grant Employee processes transaction TX-01"]]>
              </value>
            </param>
            <param index="1">
              <value>
                <![CDATA["E2E Grant Workflow — User_ABDULLAH"]]>
              </value>
            </param>
          </params>
          <exception class="java.lang.RuntimeException">
            <message>
              <![CDATA[transaction_numbers.txt not found — run Step 1 first.]]>
            </message>
            <full-stacktrace>
              <![CDATA[java.lang.RuntimeException: transaction_numbers.txt not found — run Step 1 first.
at stepdefs.E2EGrantsWorkflowSteps.getTransactionNumberByIndex(E2EGrantsWorkflowSteps.java:422)
at stepdefs.E2EGrantsWorkflowSteps.clickViewOnTransactionByIndex(E2EGrantsWorkflowSteps.java:412)
at ✽.I click "عرض" button on transaction number "TX-01"(file:///D:/Eastern%20Automation%20Scripts/GrantRoyal_fixed_clean/src/test/resources/features/E2E_abdullah_AllAreas.feature:54)
]]>
            </full-stacktrace>
          </exception> <!-- java.lang.RuntimeException -->
          <reporter-output>
          </reporter-output>
        </test-method> <!-- runScenario -->
        <test-method signature="runScenario(io.cucumber.testng.PickleWrapper,io.cucumber.testng.FeatureWrapper)[pri:0, instance:runners.E2ETestRunner@7a8406c2]" started-at="2026-03-13T05:13:21 EET" name="runScenario" description="Runs Cucumber Scenarios" data-provider="scenarios" finished-at="2026-03-13T05:14:08 EET" duration-ms="47635" status="FAIL">
          <params>
            <param index="0">
              <value>
                <![CDATA["TC-E2E-02-ABDULLAH — Grant Employee processes transaction TX-02"]]>
              </value>
            </param>
            <param index="1">
              <value>
                <![CDATA["E2E Grant Workflow — User_ABDULLAH"]]>
              </value>
            </param>
          </params>
          <exception class="java.lang.RuntimeException">
            <message>
              <![CDATA[transaction_numbers.txt not found — run Step 1 first.]]>
            </message>
            <full-stacktrace>
              <![CDATA[java.lang.RuntimeException: transaction_numbers.txt not found — run Step 1 first.
at stepdefs.E2EGrantsWorkflowSteps.getTransactionNumberByIndex(E2EGrantsWorkflowSteps.java:422)
at stepdefs.E2EGrantsWorkflowSteps.clickViewOnTransactionByIndex(E2EGrantsWorkflowSteps.java:412)
at ✽.I click "عرض" button on transaction number "TX-02"(file:///D:/Eastern%20Automation%20Scripts/GrantRoyal_fixed_clean/src/test/resources/features/E2E_abdullah_AllAreas.feature:54)
]]>
            </full-stacktrace>
          </exception> <!-- java.lang.RuntimeException -->
          <reporter-output>
          </reporter-output>
        </test-method> <!-- runScenario -->
        <test-method signature="runScenario(io.cucumber.testng.PickleWrapper,io.cucumber.testng.FeatureWrapper)[pri:0, instance:runners.E2ETestRunner@7a8406c2]" started-at="2026-03-13T05:14:08 EET" name="runScenario" description="Runs Cucumber Scenarios" data-provider="scenarios" finished-at="2026-03-13T05:14:46 EET" duration-ms="37388" status="FAIL">
          <params>
            <param index="0">
              <value>
                <![CDATA["TC-E2E-02-ABDULLAH — Grant Employee processes transaction TX-03"]]>
              </value>
            </param>
            <param index="1">
              <value>
                <![CDATA["E2E Grant Workflow — User_ABDULLAH"]]>
              </value>
            </param>
          </params>
          <exception class="java.lang.RuntimeException">
            <message>
              <![CDATA[transaction_numbers.txt not found — run Step 1 first.]]>
            </message>
            <full-stacktrace>
              <![CDATA[java.lang.RuntimeException: transaction_numbers.txt not found — run Step 1 first.
at stepdefs.E2EGrantsWorkflowSteps.getTransactionNumberByIndex(E2EGrantsWorkflowSteps.java:422)
at stepdefs.E2EGrantsWorkflowSteps.clickViewOnTransactionByIndex(E2EGrantsWorkflowSteps.java:412)
at ✽.I click "عرض" button on transaction number "TX-03"(file:///D:/Eastern%20Automation%20Scripts/GrantRoyal_fixed_clean/src/test/resources/features/E2E_abdullah_AllAreas.feature:54)
]]>
            </full-stacktrace>
          </exception> <!-- java.lang.RuntimeException -->
          <reporter-output>
          </reporter-output>
        </test-method> <!-- runScenario -->
        <test-method signature="runScenario(io.cucumber.testng.PickleWrapper,io.cucumber.testng.FeatureWrapper)[pri:0, instance:runners.E2ETestRunner@7a8406c2]" started-at="2026-03-13T05:14:46 EET" name="runScenario" description="Runs Cucumber Scenarios" data-provider="scenarios" finished-at="2026-03-13T05:15:20 EET" duration-ms="34030" status="FAIL">
          <params>
            <param index="0">
              <value>
                <![CDATA["TC-E2E-02-ABDULLAH — Grant Employee processes transaction TX-04"]]>
              </value>
            </param>
            <param index="1">
              <value>
                <![CDATA["E2E Grant Workflow — User_ABDULLAH"]]>
              </value>
            </param>
          </params>
          <exception class="java.lang.RuntimeException">
            <message>
              <![CDATA[transaction_numbers.txt not found — run Step 1 first.]]>
            </message>
            <full-stacktrace>
              <![CDATA[java.lang.RuntimeException: transaction_numbers.txt not found — run Step 1 first.
at stepdefs.E2EGrantsWorkflowSteps.getTransactionNumberByIndex(E2EGrantsWorkflowSteps.java:422)
at stepdefs.E2EGrantsWorkflowSteps.clickViewOnTransactionByIndex(E2EGrantsWorkflowSteps.java:412)
at ✽.I click "عرض" button on transaction number "TX-04"(file:///D:/Eastern%20Automation%20Scripts/GrantRoyal_fixed_clean/src/test/resources/features/E2E_abdullah_AllAreas.feature:54)
]]>
            </full-stacktrace>
          </exception> <!-- java.lang.RuntimeException -->
          <reporter-output>
          </reporter-output>
        </test-method> <!-- runScenario -->
        <test-method signature="runScenario(io.cucumber.testng.PickleWrapper,io.cucumber.testng.FeatureWrapper)[pri:0, instance:runners.E2ETestRunner@7a8406c2]" started-at="2026-03-13T05:15:20 EET" name="runScenario" description="Runs Cucumber Scenarios" data-provider="scenarios" finished-at="2026-03-13T05:15:57 EET" duration-ms="37340" status="FAIL">
          <params>
            <param index="0">
              <value>
                <![CDATA["TC-E2E-02-ABDULLAH — Grant Employee processes transaction TX-05"]]>
              </value>
            </param>
            <param index="1">
              <value>
                <![CDATA["E2E Grant Workflow — User_ABDULLAH"]]>
              </value>
            </param>
          </params>
          <exception class="java.lang.RuntimeException">
            <message>
              <![CDATA[transaction_numbers.txt not found — run Step 1 first.]]>
            </message>
            <full-stacktrace>
              <![CDATA[java.lang.RuntimeException: transaction_numbers.txt not found — run Step 1 first.
at stepdefs.E2EGrantsWorkflowSteps.getTransactionNumberByIndex(E2EGrantsWorkflowSteps.java:422)
at stepdefs.E2EGrantsWorkflowSteps.clickViewOnTransactionByIndex(E2EGrantsWorkflowSteps.java:412)
at ✽.I click "عرض" button on transaction number "TX-05"(file:///D:/Eastern%20Automation%20Scripts/GrantRoyal_fixed_clean/src/test/resources/features/E2E_abdullah_AllAreas.feature:54)
]]>
            </full-stacktrace>
          </exception> <!-- java.lang.RuntimeException -->
          <reporter-output>
          </reporter-output>
        </test-method> <!-- runScenario -->
        <test-method signature="runScenario(io.cucumber.testng.PickleWrapper,io.cucumber.testng.FeatureWrapper)[pri:0, instance:runners.E2ETestRunner@7a8406c2]" started-at="2026-03-13T05:15:57 EET" name="runScenario" description="Runs Cucumber Scenarios" data-provider="scenarios" finished-at="2026-03-13T05:16:41 EET" duration-ms="43590" status="FAIL">
          <params>
            <param index="0">
              <value>
                <![CDATA["TC-E2E-02-ABDULLAH — Grant Employee processes transaction TX-06"]]>
              </value>
            </param>
            <param index="1">
              <value>
                <![CDATA["E2E Grant Workflow — User_ABDULLAH"]]>
              </value>
            </param>
          </params>
          <exception class="java.lang.RuntimeException">
            <message>
              <![CDATA[transaction_numbers.txt not found — run Step 1 first.]]>
            </message>
            <full-stacktrace>
              <![CDATA[java.lang.RuntimeException: transaction_numbers.txt not found — run Step 1 first.
at stepdefs.E2EGrantsWorkflowSteps.getTransactionNumberByIndex(E2EGrantsWorkflowSteps.java:422)
at stepdefs.E2EGrantsWorkflowSteps.clickViewOnTransactionByIndex(E2EGrantsWorkflowSteps.java:412)
at ✽.I click "عرض" button on transaction number "TX-06"(file:///D:/Eastern%20Automation%20Scripts/GrantRoyal_fixed_clean/src/test/resources/features/E2E_abdullah_AllAreas.feature:54)
]]>
            </full-stacktrace>
          </exception> <!-- java.lang.RuntimeException -->
          <reporter-output>
          </reporter-output>
        </test-method> <!-- runScenario -->
        <test-method signature="runScenario(io.cucumber.testng.PickleWrapper,io.cucumber.testng.FeatureWrapper)[pri:0, instance:runners.E2ETestRunner@7a8406c2]" started-at="2026-03-13T05:16:41 EET" name="runScenario" description="Runs Cucumber Scenarios" data-provider="scenarios" finished-at="2026-03-13T05:18:27 EET" duration-ms="106620" status="FAIL">
          <params>
            <param index="0">
              <value>
                <![CDATA["TC-E2E-02-ABDULLAH — Grant Employee processes transaction TX-07"]]>
              </value>
            </param>
            <param index="1">
              <value>
                <![CDATA["E2E Grant Workflow — User_ABDULLAH"]]>
              </value>
            </param>
          </params>
          <exception class="org.openqa.selenium.TimeoutException">
            <message>
              <![CDATA[Expected condition failed: waiting for presence of element located by: By.xpath: //*[contains(text(),'المعاملات الواردة')] (tried for 10 second(s) with 500 milliseconds interval)]]>
            </message>
            <full-stacktrace>
              <![CDATA[org.openqa.selenium.TimeoutException: Expected condition failed: waiting for presence of element located by: By.xpath: //*[contains(text(),'المعاملات الواردة')] (tried for 10 second(s) with 500 milliseconds interval)
at org.openqa.selenium.support.ui.WebDriverWait.timeoutException(WebDriverWait.java:84)
at org.openqa.selenium.support.ui.FluentWait.until(FluentWait.java:228)
at pages.LocalGrantsAppPage.clickIncomingTransactions(LocalGrantsAppPage.java:120)
at stepdefs.E2EGrantsWorkflowSteps.clickSidebarLink(E2EGrantsWorkflowSteps.java:260)
at ✽.I click on "المعاملات الواردة" from the sidebar(file:///D:/Eastern%20Automation%20Scripts/GrantRoyal_fixed_clean/src/test/resources/features/E2E_abdullah_AllAreas.feature:53)
Caused by: org.openqa.selenium.NoSuchElementException: no such element: Unable to locate element: {"method":"xpath","selector":"//*[contains(text(),'المعاملات الواردة')]"}
  (Session info: chrome=145.0.7632.160)
For documentation on this error, please visit: https://www.selenium.dev/documentation/webdriver/troubleshooting/errors#no-such-element-exception
Build info: version: '4.18.1', revision: 'b1d3319b48'
System info: os.name: 'Windows 11', os.arch: 'amd64', os.version: '10.0', java.version: '17.0.12'
Driver info: org.openqa.selenium.chrome.ChromeDriver
Command: [412f29880868d15776b0db3e8729141c, findElement {value=//*[contains(text(),'المعاملات الواردة')], using=xpath}]
Capabilities {acceptInsecureCerts: false, browserName: chrome, browserVersion: 145.0.7632.160, chrome: {chromedriverVersion: 145.0.7632.117 (de4e5d6e13b..., userDataDir: C:\Users\mahmo\AppData\Loca...}, fedcm:accounts: true, goog:chromeOptions: {debuggerAddress: localhost:53486}, goog:processID: 29768, networkConnectionEnabled: false, pageLoadStrategy: normal, platformName: windows, proxy: Proxy(), se:cdp: ws://localhost:53486/devtoo..., se:cdpVersion: 145.0.7632.160, setWindowRect: true, strictFileInteractability: false, timeouts: {implicit: 0, pageLoad: 300000, script: 30000}, unhandledPromptBehavior: dismiss and notify, webauthn:extension:credBlob: true, webauthn:extension:largeBlob: true, webauthn:extension:minPinLength: true, webauthn:extension:prf: true, webauthn:virtualAuthenticators: true}
Session ID: 412f29880868d15776b0db3e8729141c
at jdk.internal.reflect.GeneratedConstructorAccessor13.newInstance(Unknown Source)
at java.base/jdk.internal.reflect.DelegatingConstructorAccessorImpl.newInstance(DelegatingConstructorAccessorImpl.java:45)
at java.base/java.lang.reflect.Constructor.newInstanceWithCaller(Constructor.java:499)
at java.base/java.lang.reflect.Constructor.newInstance(Constructor.java:480)
at org.openqa.selenium.remote.ErrorCodec.decode(ErrorCodec.java:167)
at org.openqa.selenium.remote.codec.w3c.W3CHttpResponseCodec.decode(W3CHttpResponseCodec.java:138)
at org.openqa.selenium.remote.codec.w3c.W3CHttpResponseCodec.decode(W3CHttpResponseCodec.java:50)
at org.openqa.selenium.remote.HttpCommandExecutor.execute(HttpCommandExecutor.java:190)
at org.openqa.selenium.remote.service.DriverCommandExecutor.invokeExecute(DriverCommandExecutor.java:216)
at org.openqa.selenium.remote.service.DriverCommandExecutor.execute(DriverCommandExecutor.java:174)
at org.openqa.selenium.remote.RemoteWebDriver.execute(RemoteWebDriver.java:519)
at org.openqa.selenium.remote.ElementLocation$ElementFinder$2.findElement(ElementLocation.java:165)
at org.openqa.selenium.remote.ElementLocation.findElement(ElementLocation.java:59)
at org.openqa.selenium.remote.RemoteWebDriver.findElement(RemoteWebDriver.java:356)
at org.openqa.selenium.remote.RemoteWebDriver.findElement(RemoteWebDriver.java:350)
at org.openqa.selenium.support.ui.ExpectedConditions$6.apply(ExpectedConditions.java:171)
at org.openqa.selenium.support.ui.ExpectedConditions$6.apply(ExpectedConditions.java:168)
at org.openqa.selenium.support.ui.FluentWait.until(FluentWait.java:203)
at pages.LocalGrantsAppPage.clickIncomingTransactions(LocalGrantsAppPage.java:120)
at stepdefs.E2EGrantsWorkflowSteps.clickSidebarLink(E2EGrantsWorkflowSteps.java:260)
at jdk.internal.reflect.GeneratedMethodAccessor189.invoke(Unknown Source)
at java.base/jdk.internal.reflect.DelegatingMethodAccessorImpl.invoke(DelegatingMethodAccessorImpl.java:43)
at java.base/java.lang.reflect.Method.invoke(Method.java:568)
at io.cucumber.java.Invoker.doInvoke(Invoker.java:66)
at io.cucumber.java.Invoker.invoke(Invoker.java:24)
at io.cucumber.java.AbstractGlueDefinition.invokeMethod(AbstractGlueDefinition.java:47)
at io.cucumber.java.JavaStepDefinition.execute(JavaStepDefinition.java:29)
at io.cucumber.core.runner.CoreStepDefinition.execute(CoreStepDefinition.java:66)
at io.cucumber.core.runner.PickleStepDefinitionMatch.runStep(PickleStepDefinitionMatch.java:63)
at io.cucumber.core.runner.ExecutionMode$1.execute(ExecutionMode.java:10)
at io.cucumber.core.runner.TestStep.executeStep(TestStep.java:84)
at io.cucumber.core.runner.TestStep.run(TestStep.java:56)
at io.cucumber.core.runner.PickleStepTestStep.run(PickleStepTestStep.java:51)
at io.cucumber.core.runner.TestCase.run(TestCase.java:84)
at io.cucumber.core.runner.Runner.runPickle(Runner.java:75)
at io.cucumber.testng.TestNGCucumberRunner.lambda$runScenario$1(TestNGCucumberRunner.java:132)
at io.cucumber.core.runtime.CucumberExecutionContext.lambda$runTestCase$5(CucumberExecutionContext.java:137)
at io.cucumber.core.runtime.RethrowingThrowableCollector.executeAndThrow(RethrowingThrowableCollector.java:23)
at io.cucumber.core.runtime.CucumberExecutionContext.runTestCase(CucumberExecutionContext.java:137)
at io.cucumber.testng.TestNGCucumberRunner.runScenario(TestNGCucumberRunner.java:129)
at io.cucumber.testng.AbstractTestNGCucumberTests.runScenario(AbstractTestNGCucumberTests.java:35)
at jdk.internal.reflect.GeneratedMethodAccessor136.invoke(Unknown Source)
at java.base/jdk.internal.reflect.DelegatingMethodAccessorImpl.invoke(DelegatingMethodAccessorImpl.java:43)
at java.base/java.lang.reflect.Method.invoke(Method.java:568)
at org.testng.internal.invokers.MethodInvocationHelper.invokeMethod(MethodInvocationHelper.java:139)
at org.testng.internal.invokers.TestInvoker.invokeMethod(TestInvoker.java:664)
at org.testng.internal.invokers.TestInvoker.invokeTestMethod(TestInvoker.java:228)
at org.testng.internal.invokers.MethodRunner.runInSequence(MethodRunner.java:63)
at org.testng.internal.invokers.TestInvoker$MethodInvocationAgent.invoke(TestInvoker.java:961)
at org.testng.internal.invokers.TestInvoker.invokeTestMethods(TestInvoker.java:201)
at org.testng.internal.invokers.TestMethodWorker.invokeTestMethods(TestMethodWorker.java:148)
at org.testng.internal.invokers.TestMethodWorker.run(TestMethodWorker.java:128)
at java.base/java.util.ArrayList.forEach(ArrayList.java:1511)
at org.testng.TestRunner.privateRun(TestRunner.java:819)
at org.testng.TestRunner.run(TestRunner.java:619)
at org.testng.SuiteRunner.runTest(SuiteRunner.java:443)
at org.testng.SuiteRunner.runSequentially(SuiteRunner.java:437)
at org.testng.SuiteRunner.privateRun(SuiteRunner.java:397)
at org.testng.SuiteRunner.run(SuiteRunner.java:336)
at org.testng.SuiteRunnerWorker.runSuite(SuiteRunnerWorker.java:52)
at org.testng.SuiteRunnerWorker.run(SuiteRunnerWorker.java:95)
at org.testng.TestNG.runSuitesSequentially(TestNG.java:1301)
at org.testng.TestNG.runSuitesLocally(TestNG.java:1228)
at org.testng.TestNG.runSuites(TestNG.java:1134)
at org.testng.TestNG.run(TestNG.java:1101)
at org.apache.maven.surefire.testng.TestNGExecutor.run(TestNGExecutor.java:308)
at org.apache.maven.surefire.testng.TestNGXmlTestSuite.execute(TestNGXmlTestSuite.java:71)
at org.apache.maven.surefire.testng.TestNGProvider.invoke(TestNGProvider.java:113)
at org.apache.maven.surefire.booter.ForkedBooter.runSuitesInProcess(ForkedBooter.java:385)
at org.apache.maven.surefire.booter.ForkedBooter.execute(ForkedBooter.java:162)
at org.apache.maven.surefire.booter.ForkedBooter.run(ForkedBooter.java:507)
at org.apache.maven.surefire.booter.ForkedBooter.main(ForkedBooter.java:495)
]]>
            </full-stacktrace>
          </exception> <!-- org.openqa.selenium.TimeoutException -->
          <reporter-output>
          </reporter-output>
        </test-method> <!-- runScenario -->
        <test-method signature="runScenario(io.cucumber.testng.PickleWrapper,io.cucumber.testng.FeatureWrapper)[pri:0, instance:runners.E2ETestRunner@7a8406c2]" started-at="2026-03-13T05:18:27 EET" name="runScenario" description="Runs Cucumber Scenarios" data-provider="scenarios" finished-at="2026-03-13T05:18:51 EET" duration-ms="23292" status="FAIL">
          <params>
            <param index="0">
              <value>
                <![CDATA["TC-E2E-03-ABDULLAH — Grant Manager finalizes transaction TX-01"]]>
              </value>
            </param>
            <param index="1">
              <value>
                <![CDATA["E2E Grant Workflow — User_ABDULLAH"]]>
              </value>
            </param>
          </params>
          <exception class="org.openqa.selenium.TimeoutException">
            <message>
              <![CDATA[Expected condition failed: waiting for visibility of element located by By.xpath: //button[contains(.,'تسجيل الدخول')] (tried for 20 second(s) with 500 milliseconds interval)
Build info: version: '4.18.1', revision: 'b1d3319b48'
System info: os.name: 'Windows 11', os.arch: 'amd64', os.version: '10.0', java.version: '17.0.12'
Driver info: org.openqa.selenium.chrome.ChromeDriver
Capabilities {acceptInsecureCerts: false, browserName: chrome, browserVersion: 145.0.7632.160, chrome: {chromedriverVersion: 145.0.7632.117 (de4e5d6e13b..., userDataDir: C:\Users\mahmo\AppData\Loca...}, fedcm:accounts: true, goog:chromeOptions: {debuggerAddress: localhost:61379}, goog:processID: 47712, networkConnectionEnabled: false, pageLoadStrategy: normal, platformName: windows, proxy: Proxy(), se:cdp: ws://localhost:61379/devtoo..., se:cdpVersion: 145.0.7632.160, setWindowRect: true, strictFileInteractability: false, timeouts: {implicit: 0, pageLoad: 300000, script: 30000}, unhandledPromptBehavior: dismiss and notify, webauthn:extension:credBlob: true, webauthn:extension:largeBlob: true, webauthn:extension:minPinLength: true, webauthn:extension:prf: true, webauthn:virtualAuthenticators: true}
Session ID: 43fbb243578b701b61d50243c1fa7fff]]>
            </message>
            <full-stacktrace>
              <![CDATA[org.openqa.selenium.TimeoutException: Expected condition failed: waiting for visibility of element located by By.xpath: //button[contains(.,'تسجيل الدخول')] (tried for 20 second(s) with 500 milliseconds interval)
Build info: version: '4.18.1', revision: 'b1d3319b48'
System info: os.name: 'Windows 11', os.arch: 'amd64', os.version: '10.0', java.version: '17.0.12'
Driver info: org.openqa.selenium.chrome.ChromeDriver
Capabilities {acceptInsecureCerts: false, browserName: chrome, browserVersion: 145.0.7632.160, chrome: {chromedriverVersion: 145.0.7632.117 (de4e5d6e13b..., userDataDir: C:\Users\mahmo\AppData\Loca...}, fedcm:accounts: true, goog:chromeOptions: {debuggerAddress: localhost:61379}, goog:processID: 47712, networkConnectionEnabled: false, pageLoadStrategy: normal, platformName: windows, proxy: Proxy(), se:cdp: ws://localhost:61379/devtoo..., se:cdpVersion: 145.0.7632.160, setWindowRect: true, strictFileInteractability: false, timeouts: {implicit: 0, pageLoad: 300000, script: 30000}, unhandledPromptBehavior: dismiss and notify, webauthn:extension:credBlob: true, webauthn:extension:largeBlob: true, webauthn:extension:minPinLength: true, webauthn:extension:prf: true, webauthn:virtualAuthenticators: true}
Session ID: 43fbb243578b701b61d50243c1fa7fff
at org.openqa.selenium.support.ui.WebDriverWait.timeoutException(WebDriverWait.java:84)
at org.openqa.selenium.support.ui.FluentWait.until(FluentWait.java:228)
at pages.LoginPage.login(LoginPage.java:58)
at stepdefs.E2EGrantsWorkflowSteps.login(E2EGrantsWorkflowSteps.java:98)
at ✽.I login with username "grant_manager" and password "Aa1357@a"(file:///D:/Eastern%20Automation%20Scripts/GrantRoyal_fixed_clean/src/test/resources/features/E2E_abdullah_AllAreas.feature:87)
]]>
            </full-stacktrace>
          </exception> <!-- org.openqa.selenium.TimeoutException -->
          <reporter-output>
          </reporter-output>
        </test-method> <!-- runScenario -->
        <test-method signature="runScenario(io.cucumber.testng.PickleWrapper,io.cucumber.testng.FeatureWrapper)[pri:0, instance:runners.E2ETestRunner@7a8406c2]" started-at="2026-03-13T05:18:51 EET" name="runScenario" description="Runs Cucumber Scenarios" data-provider="scenarios" finished-at="2026-03-13T05:19:13 EET" duration-ms="22250" status="FAIL">
          <params>
            <param index="0">
              <value>
                <![CDATA["TC-E2E-03-ABDULLAH — Grant Manager finalizes transaction TX-02"]]>
              </value>
            </param>
            <param index="1">
              <value>
                <![CDATA["E2E Grant Workflow — User_ABDULLAH"]]>
              </value>
            </param>
          </params>
          <exception class="org.openqa.selenium.TimeoutException">
            <message>
              <![CDATA[Expected condition failed: waiting for visibility of element located by By.xpath: //button[contains(.,'تسجيل الدخول')] (tried for 20 second(s) with 500 milliseconds interval)
Build info: version: '4.18.1', revision: 'b1d3319b48'
System info: os.name: 'Windows 11', os.arch: 'amd64', os.version: '10.0', java.version: '17.0.12'
Driver info: org.openqa.selenium.chrome.ChromeDriver
Capabilities {acceptInsecureCerts: false, browserName: chrome, browserVersion: 145.0.7632.160, chrome: {chromedriverVersion: 145.0.7632.117 (de4e5d6e13b..., userDataDir: C:\Users\mahmo\AppData\Loca...}, fedcm:accounts: true, goog:chromeOptions: {debuggerAddress: localhost:57547}, goog:processID: 46844, networkConnectionEnabled: false, pageLoadStrategy: normal, platformName: windows, proxy: Proxy(), se:cdp: ws://localhost:57547/devtoo..., se:cdpVersion: 145.0.7632.160, setWindowRect: true, strictFileInteractability: false, timeouts: {implicit: 0, pageLoad: 300000, script: 30000}, unhandledPromptBehavior: dismiss and notify, webauthn:extension:credBlob: true, webauthn:extension:largeBlob: true, webauthn:extension:minPinLength: true, webauthn:extension:prf: true, webauthn:virtualAuthenticators: true}
Session ID: 79efc5651a4aefca363d744f4353c319]]>
            </message>
            <full-stacktrace>
              <![CDATA[org.openqa.selenium.TimeoutException: Expected condition failed: waiting for visibility of element located by By.xpath: //button[contains(.,'تسجيل الدخول')] (tried for 20 second(s) with 500 milliseconds interval)
Build info: version: '4.18.1', revision: 'b1d3319b48'
System info: os.name: 'Windows 11', os.arch: 'amd64', os.version: '10.0', java.version: '17.0.12'
Driver info: org.openqa.selenium.chrome.ChromeDriver
Capabilities {acceptInsecureCerts: false, browserName: chrome, browserVersion: 145.0.7632.160, chrome: {chromedriverVersion: 145.0.7632.117 (de4e5d6e13b..., userDataDir: C:\Users\mahmo\AppData\Loca...}, fedcm:accounts: true, goog:chromeOptions: {debuggerAddress: localhost:57547}, goog:processID: 46844, networkConnectionEnabled: false, pageLoadStrategy: normal, platformName: windows, proxy: Proxy(), se:cdp: ws://localhost:57547/devtoo..., se:cdpVersion: 145.0.7632.160, setWindowRect: true, strictFileInteractability: false, timeouts: {implicit: 0, pageLoad: 300000, script: 30000}, unhandledPromptBehavior: dismiss and notify, webauthn:extension:credBlob: true, webauthn:extension:largeBlob: true, webauthn:extension:minPinLength: true, webauthn:extension:prf: true, webauthn:virtualAuthenticators: true}
Session ID: 79efc5651a4aefca363d744f4353c319
at org.openqa.selenium.support.ui.WebDriverWait.timeoutException(WebDriverWait.java:84)
at org.openqa.selenium.support.ui.FluentWait.until(FluentWait.java:228)
at pages.LoginPage.login(LoginPage.java:58)
at stepdefs.E2EGrantsWorkflowSteps.login(E2EGrantsWorkflowSteps.java:98)
at ✽.I login with username "grant_manager" and password "Aa1357@a"(file:///D:/Eastern%20Automation%20Scripts/GrantRoyal_fixed_clean/src/test/resources/features/E2E_abdullah_AllAreas.feature:87)
]]>
            </full-stacktrace>
          </exception> <!-- org.openqa.selenium.TimeoutException -->
          <reporter-output>
          </reporter-output>
        </test-method> <!-- runScenario -->
        <test-method signature="runScenario(io.cucumber.testng.PickleWrapper,io.cucumber.testng.FeatureWrapper)[pri:0, instance:runners.E2ETestRunner@7a8406c2]" started-at="2026-03-13T05:19:13 EET" name="runScenario" description="Runs Cucumber Scenarios" data-provider="scenarios" finished-at="2026-03-13T05:19:52 EET" duration-ms="39292" status="FAIL">
          <params>
            <param index="0">
              <value>
                <![CDATA["TC-E2E-03-ABDULLAH — Grant Manager finalizes transaction TX-03"]]>
              </value>
            </param>
            <param index="1">
              <value>
                <![CDATA["E2E Grant Workflow — User_ABDULLAH"]]>
              </value>
            </param>
          </params>
          <exception class="java.lang.RuntimeException">
            <message>
              <![CDATA[transaction_numbers.txt not found — run Step 1 first.]]>
            </message>
            <full-stacktrace>
              <![CDATA[java.lang.RuntimeException: transaction_numbers.txt not found — run Step 1 first.
at stepdefs.E2EGrantsWorkflowSteps.getTransactionNumberByIndex(E2EGrantsWorkflowSteps.java:422)
at stepdefs.E2EGrantsWorkflowSteps.clickViewOnTransactionByIndex(E2EGrantsWorkflowSteps.java:412)
at ✽.I click "عرض" button on transaction number "TX-03"(file:///D:/Eastern%20Automation%20Scripts/GrantRoyal_fixed_clean/src/test/resources/features/E2E_abdullah_AllAreas.feature:94)
]]>
            </full-stacktrace>
          </exception> <!-- java.lang.RuntimeException -->
          <reporter-output>
          </reporter-output>
        </test-method> <!-- runScenario -->
        <test-method signature="runScenario(io.cucumber.testng.PickleWrapper,io.cucumber.testng.FeatureWrapper)[pri:0, instance:runners.E2ETestRunner@7a8406c2]" started-at="2026-03-13T05:19:52 EET" name="runScenario" description="Runs Cucumber Scenarios" data-provider="scenarios" finished-at="2026-03-13T05:20:33 EET" duration-ms="41204" status="FAIL">
          <params>
            <param index="0">
              <value>
                <![CDATA["TC-E2E-03-ABDULLAH — Grant Manager finalizes transaction TX-04"]]>
              </value>
            </param>
            <param index="1">
              <value>
                <![CDATA["E2E Grant Workflow — User_ABDULLAH"]]>
              </value>
            </param>
          </params>
          <exception class="java.lang.RuntimeException">
            <message>
              <![CDATA[transaction_numbers.txt not found — run Step 1 first.]]>
            </message>
            <full-stacktrace>
              <![CDATA[java.lang.RuntimeException: transaction_numbers.txt not found — run Step 1 first.
at stepdefs.E2EGrantsWorkflowSteps.getTransactionNumberByIndex(E2EGrantsWorkflowSteps.java:422)
at stepdefs.E2EGrantsWorkflowSteps.clickViewOnTransactionByIndex(E2EGrantsWorkflowSteps.java:412)
at ✽.I click "عرض" button on transaction number "TX-04"(file:///D:/Eastern%20Automation%20Scripts/GrantRoyal_fixed_clean/src/test/resources/features/E2E_abdullah_AllAreas.feature:94)
]]>
            </full-stacktrace>
          </exception> <!-- java.lang.RuntimeException -->
          <reporter-output>
          </reporter-output>
        </test-method> <!-- runScenario -->
        <test-method signature="runScenario(io.cucumber.testng.PickleWrapper,io.cucumber.testng.FeatureWrapper)[pri:0, instance:runners.E2ETestRunner@7a8406c2]" started-at="2026-03-13T05:20:34 EET" name="runScenario" description="Runs Cucumber Scenarios" data-provider="scenarios" finished-at="2026-03-13T05:21:10 EET" duration-ms="36781" status="FAIL">
          <params>
            <param index="0">
              <value>
                <![CDATA["TC-E2E-03-ABDULLAH — Grant Manager finalizes transaction TX-05"]]>
              </value>
            </param>
            <param index="1">
              <value>
                <![CDATA["E2E Grant Workflow — User_ABDULLAH"]]>
              </value>
            </param>
          </params>
          <exception class="java.lang.RuntimeException">
            <message>
              <![CDATA[transaction_numbers.txt not found — run Step 1 first.]]>
            </message>
            <full-stacktrace>
              <![CDATA[java.lang.RuntimeException: transaction_numbers.txt not found — run Step 1 first.
at stepdefs.E2EGrantsWorkflowSteps.getTransactionNumberByIndex(E2EGrantsWorkflowSteps.java:422)
at stepdefs.E2EGrantsWorkflowSteps.clickViewOnTransactionByIndex(E2EGrantsWorkflowSteps.java:412)
at ✽.I click "عرض" button on transaction number "TX-05"(file:///D:/Eastern%20Automation%20Scripts/GrantRoyal_fixed_clean/src/test/resources/features/E2E_abdullah_AllAreas.feature:94)
]]>
            </full-stacktrace>
          </exception> <!-- java.lang.RuntimeException -->
          <reporter-output>
          </reporter-output>
        </test-method> <!-- runScenario -->
        <test-method signature="runScenario(io.cucumber.testng.PickleWrapper,io.cucumber.testng.FeatureWrapper)[pri:0, instance:runners.E2ETestRunner@7a8406c2]" started-at="2026-03-13T05:21:10 EET" name="runScenario" description="Runs Cucumber Scenarios" data-provider="scenarios" finished-at="2026-03-13T05:21:37 EET" duration-ms="26821" status="FAIL">
          <params>
            <param index="0">
              <value>
                <![CDATA["TC-E2E-03-ABDULLAH — Grant Manager finalizes transaction TX-06"]]>
              </value>
            </param>
            <param index="1">
              <value>
                <![CDATA["E2E Grant Workflow — User_ABDULLAH"]]>
              </value>
            </param>
          </params>
          <exception class="java.lang.RuntimeException">
            <message>
              <![CDATA[transaction_numbers.txt not found — run Step 1 first.]]>
            </message>
            <full-stacktrace>
              <![CDATA[java.lang.RuntimeException: transaction_numbers.txt not found — run Step 1 first.
at stepdefs.E2EGrantsWorkflowSteps.getTransactionNumberByIndex(E2EGrantsWorkflowSteps.java:422)
at stepdefs.E2EGrantsWorkflowSteps.clickViewOnTransactionByIndex(E2EGrantsWorkflowSteps.java:412)
at ✽.I click "عرض" button on transaction number "TX-06"(file:///D:/Eastern%20Automation%20Scripts/GrantRoyal_fixed_clean/src/test/resources/features/E2E_abdullah_AllAreas.feature:94)
]]>
            </full-stacktrace>
          </exception> <!-- java.lang.RuntimeException -->
          <reporter-output>
          </reporter-output>
        </test-method> <!-- runScenario -->
        <test-method signature="runScenario(io.cucumber.testng.PickleWrapper,io.cucumber.testng.FeatureWrapper)[pri:0, instance:runners.E2ETestRunner@7a8406c2]" started-at="2026-03-13T05:21:37 EET" name="runScenario" description="Runs Cucumber Scenarios" data-provider="scenarios" finished-at="2026-03-13T05:22:02 EET" duration-ms="24599" status="FAIL">
          <params>
            <param index="0">
              <value>
                <![CDATA["TC-E2E-03-ABDULLAH — Grant Manager finalizes transaction TX-07"]]>
              </value>
            </param>
            <param index="1">
              <value>
                <![CDATA["E2E Grant Workflow — User_ABDULLAH"]]>
              </value>
            </param>
          </params>
          <exception class="java.lang.RuntimeException">
            <message>
              <![CDATA[transaction_numbers.txt not found — run Step 1 first.]]>
            </message>
            <full-stacktrace>
              <![CDATA[java.lang.RuntimeException: transaction_numbers.txt not found — run Step 1 first.
at stepdefs.E2EGrantsWorkflowSteps.getTransactionNumberByIndex(E2EGrantsWorkflowSteps.java:422)
at stepdefs.E2EGrantsWorkflowSteps.clickViewOnTransactionByIndex(E2EGrantsWorkflowSteps.java:412)
at ✽.I click "عرض" button on transaction number "TX-07"(file:///D:/Eastern%20Automation%20Scripts/GrantRoyal_fixed_clean/src/test/resources/features/E2E_abdullah_AllAreas.feature:94)
]]>
            </full-stacktrace>
          </exception> <!-- java.lang.RuntimeException -->
          <reporter-output>
          </reporter-output>
        </test-method> <!-- runScenario -->
        <test-method signature="runScenario(io.cucumber.testng.PickleWrapper,io.cucumber.testng.FeatureWrapper)[pri:0, instance:runners.E2ETestRunner@7a8406c2]" started-at="2026-03-13T05:22:02 EET" name="runScenario" description="Runs Cucumber Scenarios" data-provider="scenarios" finished-at="2026-03-13T05:22:51 EET" duration-ms="49183" status="PASS">
          <params>
            <param index="0">
              <value>
                <![CDATA["TC-E2E-01-EMAD — Citizen emad submits grant with مساحة ٢٠٠ × ٢٠٠"]]>
              </value>
            </param>
            <param index="1">
              <value>
                <![CDATA["E2E Grant Workflow — User_EMAD"]]>
              </value>
            </param>
          </params>
          <reporter-output>
          </reporter-output>
        </test-method> <!-- runScenario -->
        <test-method signature="runScenario(io.cucumber.testng.PickleWrapper,io.cucumber.testng.FeatureWrapper)[pri:0, instance:runners.E2ETestRunner@7a8406c2]" started-at="2026-03-13T05:22:51 EET" name="runScenario" description="Runs Cucumber Scenarios" data-provider="scenarios" finished-at="2026-03-13T05:23:41 EET" duration-ms="50360" status="PASS">
          <params>
            <param index="0">
              <value>
                <![CDATA["TC-E2E-01-EMAD — Citizen emad submits grant with مساحة ١٠٠ × ١٠٠"]]>
              </value>
            </param>
            <param index="1">
              <value>
                <![CDATA["E2E Grant Workflow — User_EMAD"]]>
              </value>
            </param>
          </params>
          <reporter-output>
          </reporter-output>
        </test-method> <!-- runScenario -->
        <test-method signature="runScenario(io.cucumber.testng.PickleWrapper,io.cucumber.testng.FeatureWrapper)[pri:0, instance:runners.E2ETestRunner@7a8406c2]" started-at="2026-03-13T05:23:41 EET" name="runScenario" description="Runs Cucumber Scenarios" data-provider="scenarios" finished-at="2026-03-13T05:24:35 EET" duration-ms="53775" status="PASS">
          <params>
            <param index="0">
              <value>
                <![CDATA["TC-E2E-01-EMAD — Citizen emad submits grant with مساحة ٥٠ × ٥٠"]]>
              </value>
            </param>
            <param index="1">
              <value>
                <![CDATA["E2E Grant Workflow — User_EMAD"]]>
              </value>
            </param>
          </params>
          <reporter-output>
          </reporter-output>
        </test-method> <!-- runScenario -->
        <test-method signature="runScenario(io.cucumber.testng.PickleWrapper,io.cucumber.testng.FeatureWrapper)[pri:0, instance:runners.E2ETestRunner@7a8406c2]" started-at="2026-03-13T05:24:35 EET" name="runScenario" description="Runs Cucumber Scenarios" data-provider="scenarios" finished-at="2026-03-13T05:25:21 EET" duration-ms="46043" status="PASS">
          <params>
            <param index="0">
              <value>
                <![CDATA["TC-E2E-01-EMAD — Citizen emad submits grant with مساحة ٤٠ × ٤٠"]]>
              </value>
            </param>
            <param index="1">
              <value>
                <![CDATA["E2E Grant Workflow — User_EMAD"]]>
              </value>
            </param>
          </params>
          <reporter-output>
          </reporter-output>
        </test-method> <!-- runScenario -->
        <test-method signature="runScenario(io.cucumber.testng.PickleWrapper,io.cucumber.testng.FeatureWrapper)[pri:0, instance:runners.E2ETestRunner@7a8406c2]" started-at="2026-03-13T05:25:21 EET" name="runScenario" description="Runs Cucumber Scenarios" data-provider="scenarios" finished-at="2026-03-13T05:26:07 EET" duration-ms="45783" status="PASS">
          <params>
            <param index="0">
              <value>
                <![CDATA["TC-E2E-01-EMAD — Citizen emad submits grant with مساحة ٣٠ × ٣٠"]]>
              </value>
            </param>
            <param index="1">
              <value>
                <![CDATA["E2E Grant Workflow — User_EMAD"]]>
              </value>
            </param>
          </params>
          <reporter-output>
          </reporter-output>
        </test-method> <!-- runScenario -->
        <test-method signature="runScenario(io.cucumber.testng.PickleWrapper,io.cucumber.testng.FeatureWrapper)[pri:0, instance:runners.E2ETestRunner@7a8406c2]" started-at="2026-03-13T05:26:07 EET" name="runScenario" description="Runs Cucumber Scenarios" data-provider="scenarios" finished-at="2026-03-13T05:26:52 EET" duration-ms="44631" status="PASS">
          <params>
            <param index="0">
              <value>
                <![CDATA["TC-E2E-01-EMAD — Citizen emad submits grant with مساحة ٢٥ × ٢٥"]]>
              </value>
            </param>
            <param index="1">
              <value>
                <![CDATA["E2E Grant Workflow — User_EMAD"]]>
              </value>
            </param>
          </params>
          <reporter-output>
          </reporter-output>
        </test-method> <!-- runScenario -->
        <test-method signature="runScenario(io.cucumber.testng.PickleWrapper,io.cucumber.testng.FeatureWrapper)[pri:0, instance:runners.E2ETestRunner@7a8406c2]" started-at="2026-03-13T05:26:52 EET" name="runScenario" description="Runs Cucumber Scenarios" data-provider="scenarios" finished-at="2026-03-13T05:27:34 EET" duration-ms="42368" status="PASS">
          <params>
            <param index="0">
              <value>
                <![CDATA["TC-E2E-01-EMAD — Citizen emad submits grant with مساحة ٢٠ × ٢٠"]]>
              </value>
            </param>
            <param index="1">
              <value>
                <![CDATA["E2E Grant Workflow — User_EMAD"]]>
              </value>
            </param>
          </params>
          <reporter-output>
          </reporter-output>
        </test-method> <!-- runScenario -->
        <test-method signature="runScenario(io.cucumber.testng.PickleWrapper,io.cucumber.testng.FeatureWrapper)[pri:0, instance:runners.E2ETestRunner@7a8406c2]" started-at="2026-03-13T05:27:34 EET" name="runScenario" description="Runs Cucumber Scenarios" data-provider="scenarios" finished-at="2026-03-13T05:28:07 EET" duration-ms="33249" status="FAIL">
          <params>
            <param index="0">
              <value>
                <![CDATA["TC-E2E-02-EMAD — Grant Employee processes transaction TX-01"]]>
              </value>
            </param>
            <param index="1">
              <value>
                <![CDATA["E2E Grant Workflow — User_EMAD"]]>
              </value>
            </param>
          </params>
          <exception class="java.lang.RuntimeException">
            <message>
              <![CDATA[Transaction not found in any page: ٢١٦ / ١٤٤٧]]>
            </message>
            <full-stacktrace>
              <![CDATA[java.lang.RuntimeException: Transaction not found in any page: ٢١٦ / ١٤٤٧
at pages.LocalGrantsAppPage.clickViewOnTransaction(LocalGrantsAppPage.java:226)
at stepdefs.E2EGrantsWorkflowSteps.clickViewOnTransactionByIndex(E2EGrantsWorkflowSteps.java:415)
at ✽.I click "عرض" button on transaction number "TX-01"(file:///D:/Eastern%20Automation%20Scripts/GrantRoyal_fixed_clean/src/test/resources/features/E2E_emad_AllAreas.feature:54)
]]>
            </full-stacktrace>
          </exception> <!-- java.lang.RuntimeException -->
          <reporter-output>
          </reporter-output>
        </test-method> <!-- runScenario -->
        <test-method signature="runScenario(io.cucumber.testng.PickleWrapper,io.cucumber.testng.FeatureWrapper)[pri:0, instance:runners.E2ETestRunner@7a8406c2]" started-at="2026-03-13T05:28:07 EET" name="runScenario" description="Runs Cucumber Scenarios" data-provider="scenarios" finished-at="2026-03-13T05:29:25 EET" duration-ms="77885" status="PASS">
          <params>
            <param index="0">
              <value>
                <![CDATA["TC-E2E-02-EMAD — Grant Employee processes transaction TX-02"]]>
              </value>
            </param>
            <param index="1">
              <value>
                <![CDATA["E2E Grant Workflow — User_EMAD"]]>
              </value>
            </param>
          </params>
          <reporter-output>
          </reporter-output>
        </test-method> <!-- runScenario -->
        <test-method signature="runScenario(io.cucumber.testng.PickleWrapper,io.cucumber.testng.FeatureWrapper)[pri:0, instance:runners.E2ETestRunner@7a8406c2]" started-at="2026-03-13T05:29:25 EET" name="runScenario" description="Runs Cucumber Scenarios" data-provider="scenarios" finished-at="2026-03-13T05:30:55 EET" duration-ms="89878" status="PASS">
          <params>
            <param index="0">
              <value>
[...]
          <params>
            <param index="0">
              <value>
                <![CDATA["TC-E2E-02-OWNERTEST — Grant Employee processes transaction TX-03"]]>
              </value>
            </param>
            <param index="1">
              <value>
                <![CDATA["E2E Grant Workflow — User_OWNERTEST"]]>
              </value>
            </param>
          </params>
          <exception class="java.lang.RuntimeException">
            <message>
              <![CDATA[transaction_numbers.txt not found — run Step 1 first.]]>
            </message>
            <full-stacktrace>
              <![CDATA[java.lang.RuntimeException: transaction_numbers.txt not found — run Step 1 first.
at stepdefs.E2EGrantsWorkflowSteps.getTransactionNumberByIndex(E2EGrantsWorkflowSteps.java:422)
at stepdefs.E2EGrantsWorkflowSteps.clickViewOnTransactionByIndex(E2EGrantsWorkflowSteps.java:412)
at ✽.I click "عرض" button on transaction number "TX-03"(file:///D:/Eastern%20Automation%20Scripts/GrantRoyal_fixed_clean/src/test/resources/features/E2E_ownertest_AllAreas.feature:54)
]]>
            </full-stacktrace>
          </exception> <!-- java.lang.RuntimeException -->
          <reporter-output>
          </reporter-output>
        </test-method> <!-- runScenario -->
        <test-method signature="runScenario(io.cucumber.testng.PickleWrapper,io.cucumber.testng.FeatureWrapper)[pri:0, instance:runners.E2ETestRunner@7a8406c2]" started-at="2026-03-13T10:58:12 EET" name="runScenario" description="Runs Cucumber Scenarios" data-provider="scenarios" finished-at="2026-03-13T10:58:37 EET" duration-ms="25026" status="FAIL">
          <params>
            <param index="0">
              <value>
                <![CDATA["TC-E2E-02-OWNERTEST — Grant Employee processes transaction TX-04"]]>
              </value>
            </param>
            <param index="1">
              <value>
                <![CDATA["E2E Grant Workflow — User_OWNERTEST"]]>
              </value>
            </param>
          </params>
          <exception class="java.lang.RuntimeException">
            <message>
              <![CDATA[transaction_numbers.txt not found — run Step 1 first.]]>
            </message>
            <full-stacktrace>
              <![CDATA[java.lang.RuntimeException: transaction_numbers.txt not found — run Step 1 first.
at stepdefs.E2EGrantsWorkflowSteps.getTransactionNumberByIndex(E2EGrantsWorkflowSteps.java:422)
at stepdefs.E2EGrantsWorkflowSteps.clickViewOnTransactionByIndex(E2EGrantsWorkflowSteps.java:412)
at ✽.I click "عرض" button on transaction number "TX-04"(file:///D:/Eastern%20Automation%20Scripts/GrantRoyal_fixed_clean/src/test/resources/features/E2E_ownertest_AllAreas.feature:54)
]]>
            </full-stacktrace>
          </exception> <!-- java.lang.RuntimeException -->
          <reporter-output>
          </reporter-output>
        </test-method> <!-- runScenario -->
        <test-method signature="runScenario(io.cucumber.testng.PickleWrapper,io.cucumber.testng.FeatureWrapper)[pri:0, instance:runners.E2ETestRunner@7a8406c2]" started-at="2026-03-13T10:58:37 EET" name="runScenario" description="Runs Cucumber Scenarios" data-provider="scenarios" finished-at="2026-03-13T10:58:56 EET" duration-ms="18841" status="FAIL">
          <params>
            <param index="0">
              <value>
                <![CDATA["TC-E2E-02-OWNERTEST — Grant Employee processes transaction TX-05"]]>
              </value>
            </param>
            <param index="1">
              <value>
                <![CDATA["E2E Grant Workflow — User_OWNERTEST"]]>
              </value>
            </param>
          </params>
          <exception class="java.lang.RuntimeException">
            <message>
              <![CDATA[transaction_numbers.txt not found — run Step 1 first.]]>
            </message>
            <full-stacktrace>
              <![CDATA[java.lang.RuntimeException: transaction_numbers.txt not found — run Step 1 first.
at stepdefs.E2EGrantsWorkflowSteps.getTransactionNumberByIndex(E2EGrantsWorkflowSteps.java:422)
at stepdefs.E2EGrantsWorkflowSteps.clickViewOnTransactionByIndex(E2EGrantsWorkflowSteps.java:412)
at ✽.I click "عرض" button on transaction number "TX-05"(file:///D:/Eastern%20Automation%20Scripts/GrantRoyal_fixed_clean/src/test/resources/features/E2E_ownertest_AllAreas.feature:54)
]]>
            </full-stacktrace>
          </exception> <!-- java.lang.RuntimeException -->
          <reporter-output>
          </reporter-output>
        </test-method> <!-- runScenario -->
        <test-method signature="runScenario(io.cucumber.testng.PickleWrapper,io.cucumber.testng.FeatureWrapper)[pri:0, instance:runners.E2ETestRunner@7a8406c2]" started-at="2026-03-13T10:58:56 EET" name="runScenario" description="Runs Cucumber Scenarios" data-provider="scenarios" finished-at="2026-03-13T10:59:16 EET" duration-ms="20128" status="FAIL">
          <params>
            <param index="0">
              <value>
                <![CDATA["TC-E2E-02-OWNERTEST — Grant Employee processes transaction TX-06"]]>
              </value>
            </param>
            <param index="1">
              <value>
                <![CDATA["E2E Grant Workflow — User_OWNERTEST"]]>
              </value>
            </param>
          </params>
          <exception class="java.lang.AssertionError">
            <message>
              <![CDATA[Apps page was not loaded after login. expected [true] but found [false]]]>
            </message>
            <full-stacktrace>
              <![CDATA[java.lang.AssertionError: Apps page was not loaded after login. expected [true] but found [false]
at org.testng.Assert.fail(Assert.java:111)
at org.testng.Assert.failNotEquals(Assert.java:1578)
at org.testng.Assert.assertTrue(Assert.java:57)
at stepdefs.E2EGrantsWorkflowSteps.verifyAppsPage(E2EGrantsWorkflowSteps.java:104)
at ✽.I should be redirected to the apps page(file:///D:/Eastern%20Automation%20Scripts/GrantRoyal_fixed_clean/src/test/resources/features/E2E_ownertest_AllAreas.feature:48)
]]>
            </full-stacktrace>
          </exception> <!-- java.lang.AssertionError -->
          <reporter-output>
          </reporter-output>
        </test-method> <!-- runScenario -->
        <test-method signature="runScenario(io.cucumber.testng.PickleWrapper,io.cucumber.testng.FeatureWrapper)[pri:0, instance:runners.E2ETestRunner@7a8406c2]" started-at="2026-03-13T10:59:16 EET" name="runScenario" description="Runs Cucumber Scenarios" data-provider="scenarios" finished-at="2026-03-13T10:59:37 EET" duration-ms="21196" status="FAIL">
          <params>
            <param index="0">
              <value>
                <![CDATA["TC-E2E-02-OWNERTEST — Grant Employee processes transaction TX-07"]]>
              </value>
            </param>
            <param index="1">
              <value>
                <![CDATA["E2E Grant Workflow — User_OWNERTEST"]]>
              </value>
            </param>
          </params>
          <exception class="java.lang.RuntimeException">
            <message>
              <![CDATA[transaction_numbers.txt not found — run Step 1 first.]]>
            </message>
            <full-stacktrace>
              <![CDATA[java.lang.RuntimeException: transaction_numbers.txt not found — run Step 1 first.
at stepdefs.E2EGrantsWorkflowSteps.getTransactionNumberByIndex(E2EGrantsWorkflowSteps.java:422)
at stepdefs.E2EGrantsWorkflowSteps.clickViewOnTransactionByIndex(E2EGrantsWorkflowSteps.java:412)
at ✽.I click "عرض" button on transaction number "TX-07"(file:///D:/Eastern%20Automation%20Scripts/GrantRoyal_fixed_clean/src/test/resources/features/E2E_ownertest_AllAreas.feature:54)
]]>
            </full-stacktrace>
          </exception> <!-- java.lang.RuntimeException -->
          <reporter-output>
          </reporter-output>
        </test-method> <!-- runScenario -->
        <test-method signature="runScenario(io.cucumber.testng.PickleWrapper,io.cucumber.testng.FeatureWrapper)[pri:0, instance:runners.E2ETestRunner@7a8406c2]" started-at="2026-03-13T10:59:37 EET" name="runScenario" description="Runs Cucumber Scenarios" data-provider="scenarios" finished-at="2026-03-13T10:59:58 EET" duration-ms="20656" status="FAIL">
          <params>
            <param index="0">
              <value>
                <![CDATA["TC-E2E-03-OWNERTEST — Grant Manager finalizes transaction TX-01"]]>
              </value>
            </param>
            <param index="1">
              <value>
                <![CDATA["E2E Grant Workflow — User_OWNERTEST"]]>
              </value>
            </param>
          </params>
          <exception class="java.lang.RuntimeException">
            <message>
              <![CDATA[transaction_numbers.txt not found — run Step 1 first.]]>
            </message>
            <full-stacktrace>
              <![CDATA[java.lang.RuntimeException: transaction_numbers.txt not found — run Step 1 first.
at stepdefs.E2EGrantsWorkflowSteps.getTransactionNumberByIndex(E2EGrantsWorkflowSteps.java:422)
at stepdefs.E2EGrantsWorkflowSteps.clickViewOnTransactionByIndex(E2EGrantsWorkflowSteps.java:412)
at ✽.I click "عرض" button on transaction number "TX-01"(file:///D:/Eastern%20Automation%20Scripts/GrantRoyal_fixed_clean/src/test/resources/features/E2E_ownertest_AllAreas.feature:94)
]]>
            </full-stacktrace>
          </exception> <!-- java.lang.RuntimeException -->
          <reporter-output>
          </reporter-output>
        </test-method> <!-- runScenario -->
        <test-method signature="runScenario(io.cucumber.testng.PickleWrapper,io.cucumber.testng.FeatureWrapper)[pri:0, instance:runners.E2ETestRunner@7a8406c2]" started-at="2026-03-13T10:59:58 EET" name="runScenario" description="Runs Cucumber Scenarios" data-provider="scenarios" finished-at="2026-03-13T11:00:20 EET" duration-ms="21789" status="FAIL">
          <params>
            <param index="0">
              <value>
                <![CDATA["TC-E2E-03-OWNERTEST — Grant Manager finalizes transaction TX-02"]]>
              </value>
            </param>
            <param index="1">
              <value>
                <![CDATA["E2E Grant Workflow — User_OWNERTEST"]]>
              </value>
            </param>
          </params>
          <exception class="java.lang.RuntimeException">
            <message>
              <![CDATA[transaction_numbers.txt not found — run Step 1 first.]]>
            </message>
            <full-stacktrace>
              <![CDATA[java.lang.RuntimeException: transaction_numbers.txt not found — run Step 1 first.
at stepdefs.E2EGrantsWorkflowSteps.getTransactionNumberByIndex(E2EGrantsWorkflowSteps.java:422)
at stepdefs.E2EGrantsWorkflowSteps.clickViewOnTransactionByIndex(E2EGrantsWorkflowSteps.java:412)
at ✽.I click "عرض" button on transaction number "TX-02"(file:///D:/Eastern%20Automation%20Scripts/GrantRoyal_fixed_clean/src/test/resources/features/E2E_ownertest_AllAreas.feature:94)
]]>
            </full-stacktrace>
          </exception> <!-- java.lang.RuntimeException -->
          <reporter-output>
          </reporter-output>
        </test-method> <!-- runScenario -->
        <test-method signature="runScenario(io.cucumber.testng.PickleWrapper,io.cucumber.testng.FeatureWrapper)[pri:0, instance:runners.E2ETestRunner@7a8406c2]" started-at="2026-03-13T11:00:20 EET" name="runScenario" description="Runs Cucumber Scenarios" data-provider="scenarios" finished-at="2026-03-13T11:00:40 EET" duration-ms="20297" status="FAIL">
          <params>
            <param index="0">
              <value>
                <![CDATA["TC-E2E-03-OWNERTEST — Grant Manager finalizes transaction TX-03"]]>
              </value>
            </param>
            <param index="1">
              <value>
                <![CDATA["E2E Grant Workflow — User_OWNERTEST"]]>
              </value>
            </param>
          </params>
          <exception class="java.lang.RuntimeException">
            <message>
              <![CDATA[transaction_numbers.txt not found — run Step 1 first.]]>
            </message>
            <full-stacktrace>
              <![CDATA[java.lang.RuntimeException: transaction_numbers.txt not found — run Step 1 first.
at stepdefs.E2EGrantsWorkflowSteps.getTransactionNumberByIndex(E2EGrantsWorkflowSteps.java:422)
at stepdefs.E2EGrantsWorkflowSteps.clickViewOnTransactionByIndex(E2EGrantsWorkflowSteps.java:412)
at ✽.I click "عرض" button on transaction number "TX-03"(file:///D:/Eastern%20Automation%20Scripts/GrantRoyal_fixed_clean/src/test/resources/features/E2E_ownertest_AllAreas.feature:94)
]]>
            </full-stacktrace>
          </exception> <!-- java.lang.RuntimeException -->
          <reporter-output>
          </reporter-output>
        </test-method> <!-- runScenario -->
        <test-method signature="runScenario(io.cucumber.testng.PickleWrapper,io.cucumber.testng.FeatureWrapper)[pri:0, instance:runners.E2ETestRunner@7a8406c2]" started-at="2026-03-13T11:00:40 EET" name="runScenario" description="Runs Cucumber Scenarios" data-provider="scenarios" finished-at="2026-03-13T11:00:57 EET" duration-ms="17247" status="FAIL">
          <params>
            <param index="0">
              <value>
                <![CDATA["TC-E2E-03-OWNERTEST — Grant Manager finalizes transaction TX-04"]]>
              </value>
            </param>
            <param index="1">
              <value>
                <![CDATA["E2E Grant Workflow — User_OWNERTEST"]]>
              </value>
            </param>
          </params>
          <exception class="java.lang.RuntimeException">
            <message>
              <![CDATA[transaction_numbers.txt not found — run Step 1 first.]]>
            </message>
            <full-stacktrace>
              <![CDATA[java.lang.RuntimeException: transaction_numbers.txt not found — run Step 1 first.
at stepdefs.E2EGrantsWorkflowSteps.getTransactionNumberByIndex(E2EGrantsWorkflowSteps.java:422)
at stepdefs.E2EGrantsWorkflowSteps.clickViewOnTransactionByIndex(E2EGrantsWorkflowSteps.java:412)
at ✽.I click "عرض" button on transaction number "TX-04"(file:///D:/Eastern%20Automation%20Scripts/GrantRoyal_fixed_clean/src/test/resources/features/E2E_ownertest_AllAreas.feature:94)
]]>
            </full-stacktrace>
          </exception> <!-- java.lang.RuntimeException -->
          <reporter-output>
          </reporter-output>
        </test-method> <!-- runScenario -->
        <test-method signature="runScenario(io.cucumber.testng.PickleWrapper,io.cucumber.testng.FeatureWrapper)[pri:0, instance:runners.E2ETestRunner@7a8406c2]" started-at="2026-03-13T11:00:57 EET" name="runScenario" description="Runs Cucumber Scenarios" data-provider="scenarios" finished-at="2026-03-13T11:01:17 EET" duration-ms="20001" status="FAIL">
          <params>
            <param index="0">
              <value>
                <![CDATA["TC-E2E-03-OWNERTEST — Grant Manager finalizes transaction TX-05"]]>
              </value>
            </param>
            <param index="1">
              <value>
                <![CDATA["E2E Grant Workflow — User_OWNERTEST"]]>
              </value>
            </param>
          </params>
          <exception class="java.lang.RuntimeException">
            <message>
              <![CDATA[transaction_numbers.txt not found — run Step 1 first.]]>
            </message>
            <full-stacktrace>
              <![CDATA[java.lang.RuntimeException: transaction_numbers.txt not found — run Step 1 first.
at stepdefs.E2EGrantsWorkflowSteps.getTransactionNumberByIndex(E2EGrantsWorkflowSteps.java:422)
at stepdefs.E2EGrantsWorkflowSteps.clickViewOnTransactionByIndex(E2EGrantsWorkflowSteps.java:412)
at ✽.I click "عرض" button on transaction number "TX-05"(file:///D:/Eastern%20Automation%20Scripts/GrantRoyal_fixed_clean/src/test/resources/features/E2E_ownertest_AllAreas.feature:94)
]]>
            </full-stacktrace>
          </exception> <!-- java.lang.RuntimeException -->
          <reporter-output>
          </reporter-output>
        </test-method> <!-- runScenario -->
        <test-method signature="runScenario(io.cucumber.testng.PickleWrapper,io.cucumber.testng.FeatureWrapper)[pri:0, instance:runners.E2ETestRunner@7a8406c2]" started-at="2026-03-13T11:01:17 EET" name="runScenario" description="Runs Cucumber Scenarios" data-provider="scenarios" finished-at="2026-03-13T11:01:39 EET" duration-ms="21334" status="FAIL">
          <params>
            <param index="0">
              <value>
                <![CDATA["TC-E2E-03-OWNERTEST — Grant Manager finalizes transaction TX-06"]]>
              </value>
            </param>
            <param index="1">
              <value>
                <![CDATA["E2E Grant Workflow — User_OWNERTEST"]]>
              </value>
            </param>
          </params>
          <exception class="java.lang.RuntimeException">
            <message>
              <![CDATA[transaction_numbers.txt not found — run Step 1 first.]]>
            </message>
            <full-stacktrace>
              <![CDATA[java.lang.RuntimeException: transaction_numbers.txt not found — run Step 1 first.
at stepdefs.E2EGrantsWorkflowSteps.getTransactionNumberByIndex(E2EGrantsWorkflowSteps.java:422)
at stepdefs.E2EGrantsWorkflowSteps.clickViewOnTransactionByIndex(E2EGrantsWorkflowSteps.java:412)
at ✽.I click "عرض" button on transaction number "TX-06"(file:///D:/Eastern%20Automation%20Scripts/GrantRoyal_fixed_clean/src/test/resources/features/E2E_ownertest_AllAreas.feature:94)
]]>
            </full-stacktrace>
          </exception> <!-- java.lang.RuntimeException -->
          <reporter-output>
          </reporter-output>
        </test-method> <!-- runScenario -->
        <test-method signature="runScenario(io.cucumber.testng.PickleWrapper,io.cucumber.testng.FeatureWrapper)[pri:0, instance:runners.E2ETestRunner@7a8406c2]" started-at="2026-03-13T11:01:39 EET" name="runScenario" description="Runs Cucumber Scenarios" data-provider="scenarios" finished-at="2026-03-13T11:01:56 EET" duration-ms="17796" status="FAIL">
          <params>
            <param index="0">
              <value>
                <![CDATA["TC-E2E-03-OWNERTEST — Grant Manager finalizes transaction TX-07"]]>
              </value>
            </param>
            <param index="1">
              <value>
                <![CDATA["E2E Grant Workflow — User_OWNERTEST"]]>
              </value>
            </param>
          </params>
          <exception class="java.lang.RuntimeException">
            <message>
              <![CDATA[transaction_numbers.txt not found — run Step 1 first.]]>
            </message>
            <full-stacktrace>
              <![CDATA[java.lang.RuntimeException: transaction_numbers.txt not found — run Step 1 first.
at stepdefs.E2EGrantsWorkflowSteps.getTransactionNumberByIndex(E2EGrantsWorkflowSteps.java:422)
at stepdefs.E2EGrantsWorkflowSteps.clickViewOnTransactionByIndex(E2EGrantsWorkflowSteps.java:412)
at ✽.I click "عرض" button on transaction number "TX-07"(file:///D:/Eastern%20Automation%20Scripts/GrantRoyal_fixed_clean/src/test/resources/features/E2E_ownertest_AllAreas.feature:94)
]]>
            </full-stacktrace>
          </exception> <!-- java.lang.RuntimeException -->
          <reporter-output>
          </reporter-output>
        </test-method> <!-- runScenario -->
        <test-method is-config="true" signature="tearDownClass()[pri:0, instance:runners.E2ETestRunner@7a8406c2]" started-at="2026-03-13T11:01:56 EET" name="tearDownClass" finished-at="2026-03-13T11:01:57 EET" duration-ms="698" status="PASS">
          <reporter-output>
          </reporter-output>
        </test-method> <!-- tearDownClass -->
      </class> <!-- runners.E2ETestRunner -->
    </test> <!-- E2E Workflow — Steps 1→2→3 -->
  </suite> <!-- Grants E2E Automation Suite — نظام المنح الملكية -->
</testng-results>
