<?xml version="1.0" encoding="UTF-8"?>
<!-- Generated by org.testng.reporters.JUnitReportReporter -->
<testsuite hostname="Helal_QC" failures="15" tests="168" name="runners.E2ETestRunner" time="22203.164" errors="59" timestamp="2026-03-13T11:01:57 EET" skipped="0">
  <testcase classname="runners.E2ETestRunner" name="runScenario" time="41.371"/>
  <testcase classname="runners.E2ETestRunner" name="runScenario" time="79.847"/>
  <testcase classname="runners.E2ETestRunner" name="runScenario" time="26.612"/>
  <testcase classname="runners.E2ETestRunner" name="runScenario" time="26.850">
    <error message="Index 5 out of range. Only 5 transactions saved." type="java.lang.RuntimeException">
      <![CDATA[java.lang.RuntimeException: Index 5 out of range. Only 5 transactions saved.
at stepdefs.E2EGrantsWorkflowSteps.getTransactionNumberByIndex(E2EGrantsWorkflowSteps.java:428)
at stepdefs.E2EGrantsWorkflowSteps.clickViewOnTransactionByIndex(E2EGrantsWorkflowSteps.java:412)
at ✽.I click "عرض" button on transaction number "TX-06"(file:///D:/Eastern%20Automation%20Scripts/GrantRoyal_fixed_clean/src/test/resources/features/E2E_RandomDistribution.feature:94)
]]>
    </error>
  </testcase> <!-- runScenario -->
  <testcase classname="runners.E2ETestRunner" name="runScenario" time="36.781">
    <error message="transaction_numbers.txt not found — run Step 1 first." type="java.lang.RuntimeException">
      <![CDATA[java.lang.RuntimeException: transaction_numbers.txt not found — run Step 1 first.
at stepdefs.E2EGrantsWorkflowSteps.getTransactionNumberByIndex(E2EGrantsWorkflowSteps.java:422)
at stepdefs.E2EGrantsWorkflowSteps.clickViewOnTransactionByIndex(E2EGrantsWorkflowSteps.java:412)
at ✽.I click "عرض" button on transaction number "TX-05"(file:///D:/Eastern%20Automation%20Scripts/GrantRoyal_fixed_clean/src/test/resources/features/E2E_abdullah_AllAreas.feature:94)
]]>
    </error>
  </testcase> <!-- runScenario -->
  <testcase classname="runners.E2ETestRunner" name="runScenario" time="39.120"/>
  <testcase classname="runners.E2ETestRunner" name="runScenario" time="29.855"/>
  <testcase classname="runners.E2ETestRunner" name="runScenario" time="66.787"/>
  <testcase classname="runners.E2ETestRunner" name="runScenario" time="33.315"/>
  <testcase classname="runners.E2ETestRunner" name="runScenario" time="43.590">
    <error message="transaction_numbers.txt not found — run Step 1 first." type="java.lang.RuntimeException">
      <![CDATA[java.lang.RuntimeException: transaction_numbers.txt not found — run Step 1 first.
at stepdefs.E2EGrantsWorkflowSteps.getTransactionNumberByIndex(E2EGrantsWorkflowSteps.java:422)
at stepdefs.E2EGrantsWorkflowSteps.clickViewOnTransactionByIndex(E2EGrantsWorkflowSteps.java:412)
at ✽.I click "عرض" button on transaction number "TX-06"(file:///D:/Eastern%20Automation%20Scripts/GrantRoyal_fixed_clean/src/test/resources/features/E2E_abdullah_AllAreas.feature:54)
]]>
    </error>
  </testcase> <!-- runScenario -->
  <testcase classname="runners.E2ETestRunner" name="runScenario" time="32.069"/>
  <testcase classname="runners.E2ETestRunner" name="runScenario" time="24.182">
    <failure message="Apps page was not loaded after login. expected [true] but found [false]" type="java.lang.AssertionError">
      <![CDATA[java.lang.AssertionError: Apps page was not loaded after login. expected [true] but found [false]
at org.testng.Assert.fail(Assert.java:111)
at org.testng.Assert.failNotEquals(Assert.java:1578)
at org.testng.Assert.assertTrue(Assert.java:57)
at stepdefs.E2EGrantsWorkflowSteps.verifyAppsPage(E2EGrantsWorkflowSteps.java:104)
at ✽.I should be redirected to the apps page(file:///D:/Eastern%20Automation%20Scripts/GrantRoyal_fixed_clean/src/test/resources/features/E2E_abdullah_AllAreas.feature:12)
]]>
    </failure>
  </testcase> <!-- runScenario -->
  <testcase classname="runners.E2ETestRunner" name="runScenario" time="29.059"/>
  <testcase classname="runners.E2ETestRunner" name="runScenario" time="21.334">
    <error message="transaction_numbers.txt not found — run Step 1 first." type="java.lang.RuntimeException">
      <![CDATA[java.lang.RuntimeException: transaction_numbers.txt not found — run Step 1 first.
at stepdefs.E2EGrantsWorkflowSteps.getTransactionNumberByIndex(E2EGrantsWorkflowSteps.java:422)
at stepdefs.E2EGrantsWorkflowSteps.clickViewOnTransactionByIndex(E2EGrantsWorkflowSteps.java:412)
at ✽.I click "عرض" button on transaction number "TX-06"(file:///D:/Eastern%20Automation%20Scripts/GrantRoyal_fixed_clean/src/test/resources/features/E2E_ownertest_AllAreas.feature:94)
]]>
    </error>
  </testcase> <!-- runScenario -->
  <testcase classname="runners.E2ETestRunner" name="runScenario" time="40.298">
    <error message="Index 6 out of range. Only 6 transactions saved." type="java.lang.RuntimeException">
      <![CDATA[java.lang.RuntimeException: Index 6 out of range. Only 6 transactions saved.
at stepdefs.E2EGrantsWorkflowSteps.getTransactionNumberByIndex(E2EGrantsWorkflowSteps.java:428)
at stepdefs.E2EGrantsWorkflowSteps.clickViewOnTransactionByIndex(E2EGrantsWorkflowSteps.java:412)
at ✽.I click "عرض" button on transaction number "TX-07"(file:///D:/Eastern%20Automation%20Scripts/GrantRoyal_fixed_clean/src/test/resources/features/E2E_ibrahem_AllAreas.feature:94)
]]>
    </error>
  </testcase> <!-- runScenario -->
  <testcase classname="runners.E2ETestRunner" name="runScenario" time="83.615"/>
  <testcase classname="runners.E2ETestRunner" name="runScenario" time="300.929">
    <error message="java.util.concurrent.TimeoutException
Build info: version: &#039;4.18.1&#039;, revision: &#039;b1d3319b48&#039;
System info: os.name: &#039;Windows 11&#039;, os.arch: &#039;amd64&#039;, os.version: &#039;10.0&#039;, java.version: &#039;17.0.12&#039;
Driver info: org.openqa.selenium.chrome.ChromeDriver
Command: [cbcce7c4268e03692f80e7277141c3c7, get {url=https://geoservices1.syadtech.com/home/login}]
Capabilities {acceptInsecureCerts: false, browserName: chrome, browserVersion: 145.0.7632.160, chrome: {chromedriverVersion: 145.0.7632.117 (de4e5d6e13b..., userDataDir: C:\Users\mahmo\AppData\Loca...}, fedcm:accounts: true, goog:chromeOptions: {debuggerAddress: localhost:54277}, goog:processID: 31688, networkConnectionEnabled: false, pageLoadStrategy: normal, platformName: windows, proxy: Proxy(), se:cdp: ws://localhost:54277/devtoo..., se:cdpVersion: 145.0.7632.160, setWindowRect: true, strictFileInteractability: false, timeouts: {implicit: 0, pageLoad: 300000, script: 30000}, unhandledPromptBehavior: dismiss and notify, webauthn:extension:credBlob: true, webauthn:extension:largeBlob: true, webauthn:extension:minPinLength: true, webauthn:extension:prf: true, webauthn:virtualAuthenticators: true}
Session ID: cbcce7c4268e03692f80e7277141c3c7" type="org.openqa.selenium.TimeoutException">
      <![CDATA[org.openqa.selenium.TimeoutException: java.util.concurrent.TimeoutException
Build info: version: '4.18.1', revision: 'b1d3319b48'
System info: os.name: 'Windows 11', os.arch: 'amd64', os.version: '10.0', java.version: '17.0.12'
Driver info: org.openqa.selenium.chrome.ChromeDriver
Command: [cbcce7c4268e03692f80e7277141c3c7, get {url=https://geoservices1.syadtech.com/home/login}]
Capabilities {acceptInsecureCerts: false, browserName: chrome, browserVersion: 145.0.7632.160, chrome: {chromedriverVersion: 145.0.7632.117 (de4e5d6e13b..., userDataDir: C:\Users\mahmo\AppData\Loca...}, fedcm:accounts: true, goog:chromeOptions: {debuggerAddress: localhost:54277}, goog:processID: 31688, networkConnectionEnabled: false, pageLoadStrategy: normal, platformName: windows, proxy: Proxy(), se:cdp: ws://localhost:54277/devtoo..., se:cdpVersion: 145.0.7632.160, setWindowRect: true, strictFileInteractability: false, timeouts: {implicit: 0, pageLoad: 300000, script: 30000}, unhandledPromptBehavior: dismiss and notify, webauthn:extension:credBlob: true, webauthn:extension:largeBlob: true, webauthn:extension:minPinLength: true, webauthn:extension:prf: true, webauthn:virtualAuthenticators: true}
Session ID: cbcce7c4268e03692f80e7277141c3c7
at org.openqa.selenium.remote.http.jdk.JdkHttpClient.execute0(JdkHttpClient.java:403)
at org.openqa.selenium.remote.http.AddSeleniumUserAgent.lambda$apply$0(AddSeleniumUserAgent.java:42)
at org.openqa.selenium.remote.http.Filter.lambda$andFinally$1(Filter.java:55)
at org.openqa.selenium.remote.http.jdk.JdkHttpClient.execute(JdkHttpClient.java:359)
at org.openqa.selenium.remote.HttpCommandExecutor.execute(HttpCommandExecutor.java:187)
at org.openqa.selenium.remote.service.DriverCommandExecutor.invokeExecute(DriverCommandExecutor.java:216)
at org.openqa.selenium.remote.service.DriverCommandExecutor.execute(DriverCommandExecutor.java:174)
at org.openqa.selenium.remote.RemoteWebDriver.execute(RemoteWebDriver.java:519)
at org.openqa.selenium.remote.RemoteWebDriver.get(RemoteWebDriver.java:301)
at stepdefs.E2EGrantsWorkflowSteps.navigateToPortal(E2EGrantsWorkflowSteps.java:90)
at ✽.I navigate to the portal login page(file:///D:/Eastern%20Automation%20Scripts/GrantRoyal_fixed_clean/src/test/resources/features/E2E_ownertest_AllAreas.feature:10)
Caused by: java.util.concurrent.TimeoutException
at java.base/java.util.concurrent.CompletableFuture.timedGet(CompletableFuture.java:1960)
at java.base/java.util.concurrent.CompletableFuture.get(CompletableFuture.java:2095)
at org.openqa.selenium.remote.http.jdk.JdkHttpClient.execute0(JdkHttpClient.java:386)
at org.openqa.selenium.remote.http.AddSeleniumUserAgent.lambda$apply$0(AddSeleniumUserAgent.java:42)
at org.openqa.selenium.remote.http.Filter.lambda$andFinally$1(Filter.java:55)
at org.openqa.selenium.remote.http.jdk.JdkHttpClient.execute(JdkHttpClient.java:359)
at org.openqa.selenium.remote.HttpCommandExecutor.execute(HttpCommandExecutor.java:187)
at org.openqa.selenium.remote.service.DriverCommandExecutor.invokeExecute(DriverCommandExecutor.java:216)
at org.openqa.selenium.remote.service.DriverCommandExecutor.execute(DriverCommandExecutor.java:174)
at org.openqa.selenium.remote.RemoteWebDriver.execute(RemoteWebDriver.java:519)
at org.openqa.selenium.remote.RemoteWebDriver.get(RemoteWebDriver.java:301)
at stepdefs.E2EGrantsWorkflowSteps.navigateToPortal(E2EGrantsWorkflowSteps.java:90)
at jdk.internal.reflect.GeneratedMethodAccessor147.invoke(Unknown Source)
at java.base/jdk.internal.reflect.DelegatingMethodAccessorImpl.invoke(DelegatingMethodAccessorImpl.java:43)
at java.base/java.lang.reflect.Method.invoke(Method.java:568)
at io.cucumber.java.Invoker.doInvoke(Invoker.java:66)
at io.cucumber.java.Invoker.invoke(Invoker.java:24)
at io.cucumber.java.AbstractGlueDefinition.invokeMethod(AbstractGlueDefinition.java:47)
at io.cucumber.java.JavaStepDefinition.execute(JavaStepDefinition.java:29)
at io.cucumber.core.runner.CoreStepDefinition.execute(CoreStepDefinition.java:66)
at io.cucumber.core.runner.PickleStepDefinitionMatch.runStep(PickleStepDefinitionMatch.java:63)
at io.cucumber.core.runner.ExecutionMode$1.execute(ExecutionMode.java:10)
at io.cucumber.core.runner.TestStep.executeStep(TestStep.java:84)
at io.cucumber.core.runner.TestStep.run(TestStep.java:56)
at io.cucumber.core.runner.PickleStepTestStep.run(PickleStepTestStep.java:51)
at io.cucumber.core.runner.TestCase.run(TestCase.java:84)
at io.cucumber.core.runner.Runner.runPickle(Runner.java:75)
at io.cucumber.testng.TestNGCucumberRunner.lambda$runScenario$1(TestNGCucumberRunner.java:132)
at io.cucumber.core.runtime.CucumberExecutionContext.lambda$runTestCase$5(CucumberExecutionContext.java:137)
at io.cucumber.core.runtime.RethrowingThrowableCollector.executeAndThrow(RethrowingThrowableCollector.java:23)
at io.cucumber.core.runtime.CucumberExecutionContext.runTestCase(CucumberExecutionContext.java:137)
at io.cucumber.testng.TestNGCucumberRunner.runScenario(TestNGCucumberRunner.java:129)
at io.cucumber.testng.AbstractTestNGCucumberTests.runScenario(AbstractTestNGCucumberTests.java:35)
at jdk.internal.reflect.GeneratedMethodAccessor136.invoke(Unknown Source)
at java.base/jdk.internal.reflect.DelegatingMethodAccessorImpl.invoke(DelegatingMethodAccessorImpl.java:43)
at java.base/java.lang.reflect.Method.invoke(Method.java:568)
at org.testng.internal.invokers.MethodInvocationHelper.invokeMethod(MethodInvocationHelper.java:139)
at org.testng.internal.invokers.TestInvoker.invokeMethod(TestInvoker.java:664)
at org.testng.internal.invokers.TestInvoker.invokeTestMethod(TestInvoker.java:228)
at org.testng.internal.invokers.MethodRunner.runInSequence(MethodRunner.java:63)
at org.testng.internal.invokers.TestInvoker$MethodInvocationAgent.invoke(TestInvoker.java:961)
at org.testng.internal.invokers.TestInvoker.invokeTestMethods(TestInvoker.java:201)
at org.testng.internal.invokers.TestMethodWorker.invokeTestMethods(TestMethodWorker.java:148)
at org.testng.internal.invokers.TestMethodWorker.run(TestMethodWorker.java:128)
at java.base/java.util.ArrayList.forEach(ArrayList.java:1511)
at org.testng.TestRunner.privateRun(TestRunner.java:819)
at org.testng.TestRunner.run(TestRunner.java:619)
at org.testng.SuiteRunner.runTest(SuiteRunner.java:443)
at org.testng.SuiteRunner.runSequentially(SuiteRunner.java:437)
at org.testng.SuiteRunner.privateRun(SuiteRunner.java:397)
at org.testng.SuiteRunner.run(SuiteRunner.java:336)
at org.testng.SuiteRunnerWorker.runSuite(SuiteRunnerWorker.java:52)
at org.testng.SuiteRunnerWorker.run(SuiteRunnerWorker.java:95)
at org.testng.TestNG.runSuitesSequentially(TestNG.java:1301)
at org.testng.TestNG.runSuitesLocally(TestNG.java:1228)
at org.testng.TestNG.runSuites(TestNG.java:1134)
at org.testng.TestNG.run(TestNG.java:1101)
at org.apache.maven.surefire.testng.TestNGExecutor.run(TestNGExecutor.java:308)
at org.apache.maven.surefire.testng.TestNGXmlTestSuite.execute(TestNGXmlTestSuite.java:71)
at org.apache.maven.surefire.testng.TestNGProvider.invoke(TestNGProvider.java:113)
at org.apache.maven.surefire.booter.ForkedBooter.runSuitesInProcess(ForkedBooter.java:385)
at org.apache.maven.surefire.booter.ForkedBooter.execute(ForkedBooter.java:162)
at org.apache.maven.surefire.booter.ForkedBooter.run(ForkedBooter.java:507)
at org.apache.maven.surefire.booter.ForkedBooter.main(ForkedBooter.java:495)
]]>
    </error>
  </testcase> <!-- runScenario -->
  <testcase classname="runners.E2ETestRunner" name="runScenario" time="60.916"/>
  <testcase classname="runners.E2ETestRunner" name="runScenario" time="38.404"/>
  <testcase classname="runners.E2ETestRunner" name="runScenario" time="67.922">
    <error message="element click intercepted: Element &lt;a class=&quot;ant-pagination-item-link&quot;&gt;...&lt;/a&gt; is not clickable at point (875, 617). Other element would receive the click: &lt;div class=&quot;spinner-bk&quot;&gt;...&lt;/div&gt;
  (Session info: chrome=145.0.7632.160)
Build info: version: &#039;4.18.1&#039;, revision: &#039;b1d3319b48&#039;
System info: os.name: &#039;Windows 11&#039;, os.arch: &#039;amd64&#039;, os.version: &#039;10.0&#039;, java.version: &#039;17.0.12&#039;
Driver info: org.openqa.selenium.chrome.ChromeDriver
Command: [3f76828015aa70d80a6ef62ffa4fde5d, clickElement {id=f.3E291A0BD9A4A586024314B6FE262586.d.4DFC436625EE4DEB3A8634D06451C43A.e.62}]
Capabilities {acceptInsecureCerts: false, browserName: chrome, browserVersion: 145.0.7632.160, chrome: {chromedriverVersion: 145.0.7632.117 (de4e5d6e13b..., userDataDir: C:\Users\mahmo\AppData\Loca...}, fedcm:accounts: true, goog:chromeOptions: {debuggerAddress: localhost:53241}, goog:processID: 27312, networkConnectionEnabled: false, pageLoadStrategy: normal, platformName: windows, proxy: Proxy(), se:cdp: ws://localhost:53241/devtoo..., se:cdpVersion: 145.0.7632.160, setWindowRect: true, strictFileInteractability: false, timeouts: {implicit: 0, pageLoad: 300000, script: 30000}, unhandledPromptBehavior: dismiss and notify, webauthn:extension:credBlob: true, webauthn:extension:largeBlob: true, webauthn:extension:minPinLength: true, webauthn:extension:prf: true, webauthn:virtualAuthenticators: true}
Element: [[ChromeDriver: chrome on windows (3f76828015aa70d80a6ef62ffa4fde5d)] -&gt; xpath: //li[contains(@class,&#039;ant-pagination-next&#039;) and not(contains(@class,&#039;disabled&#039;))]//a]
Session ID: 3f76828015aa70d80a6ef62ffa4fde5d" type="org.openqa.selenium.ElementClickInterceptedException">
      <![CDATA[org.openqa.selenium.ElementClickInterceptedException: element click intercepted: Element <a class="ant-pagination-item-link">...</a> is not clickable at point (875, 617). Other element would receive the click: <div class="spinner-bk">...</div>
  (Session info: chrome=145.0.7632.160)
Build info: version: '4.18.1', revision: 'b1d3319b48'
System info: os.name: 'Windows 11', os.arch: 'amd64', os.version: '10.0', java.version: '17.0.12'
Driver info: org.openqa.selenium.chrome.ChromeDriver
Command: [3f76828015aa70d80a6ef62ffa4fde5d, clickElement {id=f.3E291A0BD9A4A586024314B6FE262586.d.4DFC436625EE4DEB3A8634D06451C43A.e.62}]
Capabilities {acceptInsecureCerts: false, browserName: chrome, browserVersion: 145.0.7632.160, chrome: {chromedriverVersion: 145.0.7632.117 (de4e5d6e13b..., userDataDir: C:\Users\mahmo\AppData\Loca...}, fedcm:accounts: true, goog:chromeOptions: {debuggerAddress: localhost:53241}, goog:processID: 27312, networkConnectionEnabled: false, pageLoadStrategy: normal, platformName: windows, proxy: Proxy(), se:cdp: ws://localhost:53241/devtoo..., se:cdpVersion: 145.0.7632.160, setWindowRect: true, strictFileInteractability: false, timeouts: {implicit: 0, pageLoad: 300000, script: 30000}, unhandledPromptBehavior: dismiss and notify, webauthn:extension:credBlob: true, webauthn:extension:largeBlob: true, webauthn:extension:minPinLength: true, webauthn:extension:prf: true, webauthn:virtualAuthenticators: true}
Element: [[ChromeDriver: chrome on windows (3f76828015aa70d80a6ef62ffa4fde5d)] -> xpath: //li[contains(@class,'ant-pagination-next') and not(contains(@class,'disabled'))]//a]
Session ID: 3f76828015aa70d80a6ef62ffa4fde5d
at java.base/jdk.internal.reflect.NativeConstructorAccessorImpl.newInstance0(Native Method)
at java.base/jdk.internal.reflect.NativeConstructorAccessorImpl.newInstance(NativeConstructorAccessorImpl.java:77)
at java.base/jdk.internal.reflect.DelegatingConstructorAccessorImpl.newInstance(DelegatingConstructorAccessorImpl.java:45)
at java.base/java.lang.reflect.Constructor.newInstanceWithCaller(Constructor.java:499)
at java.base/java.lang.reflect.Constructor.newInstance(Constructor.java:480)
at org.openqa.selenium.remote.ErrorCodec.decode(ErrorCodec.java:167)
at org.openqa.selenium.remote.codec.w3c.W3CHttpResponseCodec.decode(W3CHttpResponseCodec.java:138)
at org.openqa.selenium.remote.codec.w3c.W3CHttpResponseCodec.decode(W3CHttpResponseCodec.java:50)
at org.openqa.selenium.remote.HttpCommandExecutor.execute(HttpCommandExecutor.java:190)
at org.openqa.selenium.remote.service.DriverCommandExecutor.invokeExecute(DriverCommandExecutor.java:216)
at org.openqa.selenium.remote.service.DriverCommandExecutor.execute(DriverCommandExecutor.java:174)
at org.openqa.selenium.remote.RemoteWebDriver.execute(RemoteWebDriver.java:519)
at org.openqa.selenium.remote.RemoteWebElement.execute(RemoteWebElement.java:223)
at org.openqa.selenium.remote.RemoteWebElement.click(RemoteWebElement.java:76)
at pages.LocalGrantsAppPage.clickViewOnTransaction(LocalGrantsAppPage.java:221)
at stepdefs.E2EGrantsWorkflowSteps.clickViewOnTransactionByIndex(E2EGrantsWorkflowSteps.java:415)
at ✽.I click "عرض" button on transaction number "TX-05"(file:///D:/Eastern%20Automation%20Scripts/GrantRoyal_fixed_clean/src/test/resources/features/E2E_emad_AllAreas.feature:54)
]]>
    </error>
  </testcase> <!-- runScenario -->
  <testcase classname="runners.E2ETestRunner" name="runScenario" time="29.338">
    <error message="element click intercepted: Element &lt;a class=&quot;ant-pagination-item-link&quot;&gt;...&lt;/a&gt; is not clickable at point (719, 617). Other element would receive the click: &lt;div class=&quot;spinner-bk&quot;&gt;...&lt;/div&gt;
  (Session info: chrome=145.0.7632.160)
Build info: version: &#039;4.18.1&#039;, revision: &#039;b1d3319b48&#039;
System info: os.name: &#039;Windows 11&#039;, os.arch: &#039;amd64&#039;, os.version: &#039;10.0&#039;, java.version: &#039;17.0.12&#039;
Driver info: org.openqa.selenium.chrome.ChromeDriver
Command: [20a61e4abbea7fa1a9c58b59d9d668a1, clickElement {id=f.A6B89BFB016CE0EF03F7E55A672D0978.d.CF5281EBEF530326479C50CE9FD98061.e.33}]
Capabilities {acceptInsecureCerts: false, browserName: chrome, browserVersion: 145.0.7632.160, chrome: {chromedriverVersion: 145.0.7632.117 (de4e5d6e13b..., userDataDir: C:\Users\mahmo\AppData\Loca...}, fedcm:accounts: true, goog:chromeOptions: {debuggerAddress: localhost:56978}, goog:processID: 6568, networkConnectionEnabled: false, pageLoadStrategy: normal, platformName: windows, proxy: Proxy(), se:cdp: ws://localhost:56978/devtoo..., se:cdpVersion: 145.0.7632.160, setWindowRect: true, strictFileInteractability: false, timeouts: {implicit: 0, pageLoad: 300000, script: 30000}, unhandledPromptBehavior: dismiss and notify, webauthn:extension:credBlob: true, webauthn:extension:largeBlob: true, webauthn:extension:minPinLength: true, webauthn:extension:prf: true, webauthn:virtualAuthenticators: true}
Element: [[ChromeDriver: chrome on windows (20a61e4abbea7fa1a9c58b59d9d668a1)] -&gt; xpath: //li[contains(@class,&#039;ant-pagination-next&#039;) and not(contains(@class,&#039;disabled&#039;))]//a]
Session ID: 20a61e4abbea7fa1a9c58b59d9d668a1" type="org.openqa.selenium.ElementClickInterceptedException">
      <![CDATA[org.openqa.selenium.ElementClickInterceptedException: element click intercepted: Element <a class="ant-pagination-item-link">...</a> is not clickable at point (719, 617). Other element would receive the click: <div class="spinner-bk">...</div>
  (Session info: chrome=145.0.7632.160)
Build info: version: '4.18.1', revision: 'b1d3319b48'
System info: os.name: 'Windows 11', os.arch: 'amd64', os.version: '10.0', java.version: '17.0.12'
Driver info: org.openqa.selenium.chrome.ChromeDriver
Command: [20a61e4abbea7fa1a9c58b59d9d668a1, clickElement {id=f.A6B89BFB016CE0EF03F7E55A672D0978.d.CF5281EBEF530326479C50CE9FD98061.e.33}]
Capabilities {acceptInsecureCerts: false, browserName: chrome, browserVersion: 145.0.7632.160, chrome: {chromedriverVersion: 145.0.7632.117 (de4e5d6e13b..., userDataDir: C:\Users\mahmo\AppData\Loca...}, fedcm:accounts: true, goog:chromeOptions: {debuggerAddress: localhost:56978}, goog:processID: 6568, networkConnectionEnabled: false, pageLoadStrategy: normal, platformName: windows, proxy: Proxy(), se:cdp: ws://localhost:56978/devtoo..., se:cdpVersion: 145.0.7632.160, setWindowRect: true, strictFileInteractability: false, timeouts: {implicit: 0, pageLoad: 300000, script: 30000}, unhandledPromptBehavior: dismiss and notify, webauthn:extension:credBlob: true, webauthn:extension:largeBlob: true, webauthn:extension:minPinLength: true, webauthn:extension:prf: true, webauthn:virtualAuthenticators: true}
Element: [[ChromeDriver: chrome on windows (20a61e4abbea7fa1a9c58b59d9d668a1)] -> xpath: //li[contains(@class,'ant-pagination-next') and not(contains(@class,'disabled'))]//a]
Session ID: 20a61e4abbea7fa1a9c58b59d9d668a1
at java.base/jdk.internal.reflect.NativeConstructorAccessorImpl.newInstance0(Native Method)
at java.base/jdk.internal.reflect.NativeConstructorAccessorImpl.newInstance(NativeConstructorAccessorImpl.java:77)
at java.base/jdk.internal.reflect.DelegatingConstructorAccessorImpl.newInstance(DelegatingConstructorAccessorImpl.java:45)
at java.base/java.lang.reflect.Constructor.newInstanceWithCaller(Constructor.java:499)
at java.base/java.lang.reflect.Constructor.newInstance(Constructor.java:480)
at org.openqa.selenium.remote.ErrorCodec.decode(ErrorCodec.java:167)
at org.openqa.selenium.remote.codec.w3c.W3CHttpResponseCodec.decode(W3CHttpResponseCodec.java:138)
at org.openqa.selenium.remote.codec.w3c.W3CHttpResponseCodec.decode(W3CHttpResponseCodec.java:50)
at org.openqa.selenium.remote.HttpCommandExecutor.execute(HttpCommandExecutor.java:190)
at org.openqa.selenium.remote.service.DriverCommandExecutor.invokeExecute(DriverCommandExecutor.java:216)
at org.openqa.selenium.remote.service.DriverCommandExecutor.execute(DriverCommandExecutor.java:174)
at org.openqa.selenium.remote.RemoteWebDriver.execute(RemoteWebDriver.java:519)
at org.openqa.selenium.remote.RemoteWebElement.execute(RemoteWebElement.java:223)
at org.openqa.selenium.remote.RemoteWebElement.click(RemoteWebElement.java:76)
at pages.LocalGrantsAppPage.clickViewOnTransaction(LocalGrantsAppPage.java:221)
at stepdefs.E2EGrantsWorkflowSteps.clickViewOnTransactionByIndex(E2EGrantsWorkflowSteps.java:415)
at ✽.I click "عرض" button on transaction number "TX-07"(file:///D:/Eastern%20Automation%20Scripts/GrantRoyal_fixed_clean/src/test/resources/features/E2E_emad_AllAreas.feature:94)
]]>
    </error>
  </testcase> <!-- runScenario -->
  <testcase classname="runners.E2ETestRunner" name="runScenario" time="20.128">
    <failure message="Apps page was not loaded after login. expected [true] but found [false]" type="java.lang.AssertionError">
      <![CDATA[java.lang.AssertionError: Apps page was not loaded after login. expected [true] but found [false]
at org.testng.Assert.fail(Assert.java:111)
at org.testng.Assert.failNotEquals(Assert.java:1578)
at org.testng.Assert.assertTrue(Assert.java:57)
at stepdefs.E2EGrantsWorkflowSteps.verifyAppsPage(E2EGrantsWorkflowSteps.java:104)
at ✽.I should be redirected to the apps page(file:///D:/Eastern%20Automation%20Scripts/GrantRoyal_fixed_clean/src/test/resources/features/E2E_ownertest_AllAreas.feature:48)
]]>
    </failure>
  </testcase> <!-- runScenario -->
  <testcase classname="runners.E2ETestRunner" name="runScenario" time="36.668"/>
  <testcase classname="runners.E2ETestRunner" name="runScenario" time="57.632"/>
  <testcase classname="runners.E2ETestRunner" name="runScenario" time="45.002"/>
  <testcase classname="runners.E2ETestRunner" name="runScenario" time="92.804"/>
  <testcase classname="runners.E2ETestRunner" name="runScenario" time="14370.506">
    <error message="java.net.http.HttpTimeoutException: request timed out
Build info: version: &#039;4.18.1&#039;, revision: &#039;b1d3319b48&#039;
System info: os.name: &#039;Windows 11&#039;, os.arch: &#039;amd64&#039;, os.version: &#039;10.0&#039;, java.version: &#039;17.0.12&#039;
Driver info: org.openqa.selenium.chrome.ChromeDriver
Command: [8068e7709f48e36f5a150dd6cf306ec6, refresh {}]
Capabilities {acceptInsecureCerts: false, browserName: chrome, browserVersion: 145.0.7632.160, chrome: {chromedriverVersion: 145.0.7632.117 (de4e5d6e13b..., userDataDir: C:\Users\mahmo\AppData\Loca...}, fedcm:accounts: true, goog:chromeOptions: {debuggerAddress: localhost:60771}, goog:processID: 18888, networkConnectionEnabled: false, pageLoadStrategy: normal, platformName: windows, proxy: Proxy(), se:cdp: ws://localhost:60771/devtoo..., se:cdpVersion: 145.0.7632.160, setWindowRect: true, strictFileInteractability: false, timeouts: {implicit: 0, pageLoad: 300000, script: 30000}, unhandledPromptBehavior: dismiss and notify, webauthn:extension:credBlob: true, webauthn:extension:largeBlob: true, webauthn:extension:minPinLength: true, webauthn:extension:prf: true, webauthn:virtualAuthenticators: true}
Session ID: 8068e7709f48e36f5a150dd6cf306ec6" type="org.openqa.selenium.TimeoutException">
      <![CDATA[org.openqa.selenium.TimeoutException: java.net.http.HttpTimeoutException: request timed out
Build info: version: '4.18.1', revision: 'b1d3319b48'
System info: os.name: 'Windows 11', os.arch: 'amd64', os.version: '10.0', java.version: '17.0.12'
Driver info: org.openqa.selenium.chrome.ChromeDriver
Command: [8068e7709f48e36f5a150dd6cf306ec6, refresh {}]
Capabilities {acceptInsecureCerts: false, browserName: chrome, browserVersion: 145.0.7632.160, chrome: {chromedriverVersion: 145.0.7632.117 (de4e5d6e13b..., userDataDir: C:\Users\mahmo\AppData\Loca...}, fedcm:accounts: true, goog:chromeOptions: {debuggerAddress: localhost:60771}, goog:processID: 18888, networkConnectionEnabled: false, pageLoadStrategy: normal, platformName: windows, proxy: Proxy(), se:cdp: ws://localhost:60771/devtoo..., se:cdpVersion: 145.0.7632.160, setWindowRect: true, strictFileInteractability: false, timeouts: {implicit: 0, pageLoad: 300000, script: 30000}, unhandledPromptBehavior: dismiss and notify, webauthn:extension:credBlob: true, webauthn:extension:largeBlob: true, webauthn:extension:minPinLength: true, webauthn:extension:prf: true, webauthn:virtualAuthenticators: true}
Session ID: 8068e7709f48e36f5a150dd6cf306ec6
at org.openqa.selenium.remote.http.jdk.JdkHttpClient.execute0(JdkHttpClient.java:393)
at org.openqa.selenium.remote.http.AddSeleniumUserAgent.lambda$apply$0(AddSeleniumUserAgent.java:42)
at org.openqa.selenium.remote.http.Filter.lambda$andFinally$1(Filter.java:55)
at org.openqa.selenium.remote.http.jdk.JdkHttpClient.execute(JdkHttpClient.java:359)
at org.openqa.selenium.remote.HttpCommandExecutor.execute(HttpCommandExecutor.java:187)
at org.openqa.selenium.remote.service.DriverCommandExecutor.invokeExecute(DriverCommandExecutor.java:216)
at org.openqa.selenium.remote.service.DriverCommandExecutor.execute(DriverCommandExecutor.java:174)
at org.openqa.selenium.remote.RemoteWebDriver.execute(RemoteWebDriver.java:519)
at org.openqa.selenium.remote.RemoteWebDriver.execute(RemoteWebDriver.java:592)
at org.openqa.selenium.remote.RemoteWebDriver.execute(RemoteWebDriver.java:596)
at org.openqa.selenium.remote.RemoteWebDriver$RemoteNavigation.refresh(RemoteWebDriver.java:1074)
at stepdefs.E2EGrantsWorkflowSteps.navigateToPortal(E2EGrantsWorkflowSteps.java:91)
at ✽.I navigate to the portal login page(file:///D:/Eastern%20Automation%20Scripts/GrantRoyal_fixed_clean/src/test/resources/features/E2E_emad_AllAreas.feature:86)
Caused by: java.net.http.HttpTimeoutException: request timed out
at java.net.http/jdk.internal.net.http.ResponseTimerEvent.handle(ResponseTimerEvent.java:63)
at java.net.http/jdk.internal.net.http.HttpClientImpl.purgeTimeoutsAndReturnNextDeadline(HttpClientImpl.java:1273)
at java.net.http/jdk.internal.net.http.HttpClientImpl$SelectorManager.run(HttpClientImpl.java:902)
]]>
    </error>
  </testcase> <!-- runScenario -->
  <testcase classname="runners.E2ETestRunner" name="runScenario" time="62.992"/>
  <testcase classname="runners.E2ETestRunner" name="runScenario" time="61.760"/>
  <testcase classname="runners.E2ETestRunner" name="runScenario" time="32.674">
    <error message="transaction_numbers.txt not found — run Step 1 first." type="java.lang.RuntimeException">
      <![CDATA[java.lang.RuntimeException: transaction_numbers.txt not found — run Step 1 first.
at stepdefs.E2EGrantsWorkflowSteps.getTransactionNumberByIndex(E2EGrantsWorkflowSteps.java:422)
at stepdefs.E2EGrantsWorkflowSteps.clickViewOnTransactionByIndex(E2EGrantsWorkflowSteps.java:412)
at ✽.I click "عرض" button on transaction number "TX-01"(file:///D:/Eastern%20Automation%20Scripts/GrantRoyal_fixed_clean/src/test/resources/features/E2E_abdullah_AllAreas.feature:54)
]]>
    </error>
  </testcase> <!-- runScenario -->
  <testcase classname="runners.E2ETestRunner" name="runScenario" time="48.613">
    <error message="Transaction not found in any page: ٢١٦ / ١٤٤٧" type="java.lang.RuntimeException">
      <![CDATA[java.lang.RuntimeException: Transaction not found in any page: ٢١٦ / ١٤٤٧
at pages.LocalGrantsAppPage.clickViewOnTransaction(LocalGrantsAppPage.java:226)
at stepdefs.E2EGrantsWorkflowSteps.clickViewOnTransactionByIndex(E2EGrantsWorkflowSteps.java:415)
at ✽.I click "عرض" button on transaction number "TX-01"(file:///D:/Eastern%20Automation%20Scripts/GrantRoyal_fixed_clean/src/test/resources/features/E2E_emad_AllAreas.feature:94)
]]>
    </error>
  </testcase> <!-- runScenario -->
  <testcase classname="runners.E2ETestRunner" name="runScenario" time="98.789"/>
  <testcase classname="runners.E2ETestRunner" name="runScenario" time="38.436"/>
  <testcase classname="runners.E2ETestRunner" name="runScenario" time="40.902"/>
  <testcase classname="runners.E2ETestRunner" name="runScenario" time="50.360"/>
  <testcase classname="runners.E2ETestRunner" name="runScenario" time="39.466"/>
  <testcase classname="runners.E2ETestRunner" name="runScenario" time="32.640"/>
  <testcase classname="runners.E2ETestRunner" name="runScenario" time="35.487">
    <error message="Transaction not found in any page: ٢٣٠ / ١٤٤٧" type="java.lang.RuntimeException">
      <![CDATA[java.lang.RuntimeException: Transaction not found in any page: ٢٣٠ / ١٤٤٧
at pages.LocalGrantsAppPage.clickViewOnTransaction(LocalGrantsAppPage.java:226)
at stepdefs.E2EGrantsWorkflowSteps.clickViewOnTransactionByIndex(E2EGrantsWorkflowSteps.java:415)
at ✽.I click "عرض" button on transaction number "TX-02"(file:///D:/Eastern%20Automation%20Scripts/GrantRoyal_fixed_clean/src/test/resources/features/E2E_mahmoud_AllAreas.feature:94)
]]>
    </error>
  </testcase> <!-- runScenario -->
  <testcase classname="runners.E2ETestRunner" name="runScenario" time="58.812"/>
  <testcase classname="runners.E2ETestRunner" name="runScenario" time="27.447"/>
  <testcase classname="runners.E2ETestRunner" name="runScenario" time="39.351"/>
  <testcase classname="runners.E2ETestRunner" name="runScenario" time="51.255">
    <error message="Expected condition failed: waiting for visibility of element located by By.xpath: //div[contains(@class,&#039;ant-message&#039;)]//span (tried for 15 second(s) with 500 milliseconds interval)
Build info: version: &#039;4.18.1&#039;, revision: &#039;b1d3319b48&#039;
System info: os.name: &#039;Windows 11&#039;, os.arch: &#039;amd64&#039;, os.version: &#039;10.0&#039;, java.version: &#039;17.0.12&#039;
Driver info: org.openqa.selenium.chrome.ChromeDriver
Capabilities {acceptInsecureCerts: false, browserName: chrome, browserVersion: 145.0.7632.160, chrome: {chromedriverVersion: 145.0.7632.117 (de4e5d6e13b..., userDataDir: C:\Users\mahmo\AppData\Loca...}, fedcm:accounts: true, goog:chromeOptions: {debuggerAddress: localhost:59717}, goog:processID: 47916, networkConnectionEnabled: false, pageLoadStrategy: normal, platformName: windows, proxy: Proxy(), se:cdp: ws://localhost:59717/devtoo..., se:cdpVersion: 145.0.7632.160, setWindowRect: true, strictFileInteractability: false, timeouts: {implicit: 0, pageLoad: 300000, script: 30000}, unhandledPromptBehavior: dismiss and notify, webauthn:extension:credBlob: true, webauthn:extension:largeBlob: true, webauthn:extension:minPinLength: true, webauthn:extension:prf: true, webauthn:virtualAuthenticators: true}
Session ID: d3de94f4e16cfa27e83ea408ff7536a7" type="org.openqa.selenium.TimeoutException">
      <![CDATA[org.openqa.selenium.TimeoutException: Expected condition failed: waiting for visibility of element located by By.xpath: //div[contains(@class,'ant-message')]//span (tried for 15 second(s) with 500 milliseconds interval)
Build info: version: '4.18.1', revision: 'b1d3319b48'
System info: os.name: 'Windows 11', os.arch: 'amd64', os.version: '10.0', java.version: '17.0.12'
Driver info: org.openqa.selenium.chrome.ChromeDriver
Capabilities {acceptInsecureCerts: false, browserName: chrome, browserVersion: 145.0.7632.160, chrome: {chromedriverVersion: 145.0.7632.117 (de4e5d6e13b..., userDataDir: C:\Users\mahmo\AppData\Loca...}, fedcm:accounts: true, goog:chromeOptions: {debuggerAddress: localhost:59717}, goog:processID: 47916, networkConnectionEnabled: false, pageLoadStrategy: normal, platformName: windows, proxy: Proxy(), se:cdp: ws://localhost:59717/devtoo..., se:cdpVersion: 145.0.7632.160, setWindowRect: true, strictFileInteractability: false, timeouts: {implicit: 0, pageLoad: 300000, script: 30000}, unhandledPromptBehavior: dismiss and notify, webauthn:extension:credBlob: true, webauthn:extension:largeBlob: true, webauthn:extension:minPinLength: true, webauthn:extension:prf: true, webauthn:virtualAuthenticators: true}
Session ID: d3de94f4e16cfa27e83ea408ff7536a7
at org.openqa.selenium.support.ui.WebDriverWait.timeoutException(WebDriverWait.java:84)
at org.openqa.selenium.support.ui.FluentWait.until(FluentWait.java:228)
at pages.LocalGrantsAppPage.getSuccessMessageText(LocalGrantsAppPage.java:163)
at pages.LocalGrantsAppPage.isSuccessMessageDisplayed(LocalGrantsAppPage.java:179)
at stepdefs.E2EGrantsWorkflowSteps.verifySuccessMessage(E2EGrantsWorkflowSteps.java:229)
at ✽.I should see success message containing "تم حفظ وارسال المعاملة بنجاح"(file:///D:/Eastern%20Automation%20Scripts/GrantRoyal_fixed_clean/src/test/resources/features/E2E_maldossary_AllAreas.feature:31)
]]>
    </error>
  </testcase> <!-- runScenario -->
  <testcase classname="runners.E2ETestRunner" name="runScenario" time="52.342">
    <error message="Index 5 out of range. Only 5 transactions saved." type="java.lang.RuntimeException">
      <![CDATA[java.lang.RuntimeException: Index 5 out of range. Only 5 transactions saved.
at stepdefs.E2EGrantsWorkflowSteps.getTransactionNumberByIndex(E2EGrantsWorkflowSteps.java:428)
at stepdefs.E2EGrantsWorkflowSteps.clickViewOnTransactionByIndex(E2EGrantsWorkflowSteps.java:412)
at ✽.I click "عرض" button on transaction number "TX-06"(file:///D:/Eastern%20Automation%20Scripts/GrantRoyal_fixed_clean/src/test/resources/features/E2E_maldossary_AllAreas.feature:54)
]]>
    </error>
  </testcase> <!-- runScenario -->
  <testcase classname="runners.E2ETestRunner" name="runScenario" time="38.672"/>
  <testcase classname="runners.E2ETestRunner" name="runScenario" time="27.984"/>
  <testcase classname="runners.E2ETestRunner" name="runScenario" time="19.538">
    <error message="Index 6 out of range. Only 6 transactions saved." type="java.lang.RuntimeException">
      <![CDATA[java.lang.RuntimeException: Index 6 out of range. Only 6 transactions saved.
at stepdefs.E2EGrantsWorkflowSteps.getTransactionNumberByIndex(E2EGrantsWorkflowSteps.java:428)
at stepdefs.E2EGrantsWorkflowSteps.clickViewOnTransactionByIndex(E2EGrantsWorkflowSteps.java:412)
at ✽.I click "عرض" button on transaction number "TX-07"(file:///D:/Eastern%20Automation%20Scripts/GrantRoyal_fixed_clean/src/test/resources/features/E2E_ibrahem_AllAreas.feature:54)
]]>
    </error>
  </testcase> <!-- runScenario -->
  <testcase classname="runners.E2ETestRunner" name="runScenario" time="37.749"/>
  <testcase classname="runners.E2ETestRunner" name="runScenario" time="37.250"/>
  <testcase classname="runners.E2ETestRunner" name="runScenario" time="32.657">
    <failure message="Apps page was not loaded after login. expected [true] but found [false]" type="java.lang.AssertionError">
      <![CDATA[java.lang.AssertionError: Apps page was not loaded after login. expected [true] but found [false]
at org.testng.Assert.fail(Assert.java:111)
at org.testng.Assert.failNotEquals(Assert.java:1578)
at org.testng.Assert.assertTrue(Assert.java:57)
at stepdefs.E2EGrantsWorkflowSteps.verifyAppsPage(E2EGrantsWorkflowSteps.java:104)
at ✽.I should be redirected to the apps page(file:///D:/Eastern%20Automation%20Scripts/GrantRoyal_fixed_clean/src/test/resources/features/E2E_abdullah_AllAreas.feature:12)
]]>
    </failure>
  </testcase> <!-- runScenario -->
  <testcase classname="runners.E2ETestRunner" name="runScenario" time="29.932"/>
  <testcase classname="runners.E2ETestRunner" name="runScenario" time="45.071"/>
  <testcase classname="runners.E2ETestRunner" name="runScenario" time="37.483"/>
  <testcase classname="runners.E2ETestRunner" name="runScenario" time="53.775"/>
  <testcase classname="runners.E2ETestRunner" name="runScenario" time="61.056"/>
  <testcase classname="runners.E2ETestRunner" name="runScenario" time="45.783"/>
  <testcase classname="runners.E2ETestRunner" name="runScenario" time="38.120">
    <failure message="Apps page was not loaded after login. expected [true] but found [false]" type="java.lang.AssertionError">
      <![CDATA[java.lang.AssertionError: Apps page was not loaded after login. expected [true] but found [false]
at org.testng.Assert.fail(Assert.java:111)
at org.testng.Assert.failNotEquals(Assert.java:1578)
at org.testng.Assert.assertTrue(Assert.java:57)
at stepdefs.E2EGrantsWorkflowSteps.verifyAppsPage(E2EGrantsWorkflowSteps.java:104)
at ✽.I should be redirected to the apps page(file:///D:/Eastern%20Automation%20Scripts/GrantRoyal_fixed_clean/src/test/resources/features/E2E_abdullah_AllAreas.feature:12)
]]>
    </failure>
  </testcase> <!-- runScenario -->
  <testcase classname="runners.E2ETestRunner" name="runScenario" time="36.934"/>
  <testcase classname="runners.E2ETestRunner" name="runScenario" time="89.878"/>
  <testcase classname="runners.E2ETestRunner" name="runScenario" time="33.646"/>
  <testcase classname="runners.E2ETestRunner" name="runScenario" time="58.858"/>
  <testcase classname="runners.E2ETestRunner" name="runScenario" time="62.274"/>
  <testcase classname="runners.E2ETestRunner" name="runScenario" time="20.297">
    <error message="transaction_numbers.txt not found — run Step 1 first." type="java.lang.RuntimeException">
      <![CDATA[java.lang.RuntimeException: transaction_numbers.txt not found — run Step 1 first.
at stepdefs.E2EGrantsWorkflowSteps.getTransactionNumberByIndex(E2EGrantsWorkflowSteps.java:422)
at stepdefs.E2EGrantsWorkflowSteps.clickViewOnTransactionByIndex(E2EGrantsWorkflowSteps.java:412)
at ✽.I click "عرض" button on transaction number "TX-03"(file:///D:/Eastern%20Automation%20Scripts/GrantRoyal_fixed_clean/src/test/resources/features/E2E_ownertest_AllAreas.feature:94)
]]>
    </error>
  </testcase> <!-- runScenario -->
  <testcase classname="runners.E2ETestRunner" name="runScenario" time="37.388">
    <error message="transaction_numbers.txt not found — run Step 1 first." type="java.lang.RuntimeException">
      <![CDATA[java.lang.RuntimeException: transaction_numbers.txt not found — run Step 1 first.
at stepdefs.E2EGrantsWorkflowSteps.getTransactionNumberByIndex(E2EGrantsWorkflowSteps.java:422)
at stepdefs.E2EGrantsWorkflowSteps.clickViewOnTransactionByIndex(E2EGrantsWorkflowSteps.java:412)
at ✽.I click "عرض" button on transaction number "TX-03"(file:///D:/Eastern%20Automation%20Scripts/GrantRoyal_fixed_clean/src/test/resources/features/E2E_abdullah_AllAreas.feature:54)
]]>
    </error>
  </testcase> <!-- runScenario -->
  <testcase classname="runners.E2ETestRunner" name="runScenario" time="38.119"/>
  <testcase classname="runners.E2ETestRunner" name="runScenario" time="43.257"/>
  <testcase classname="runners.E2ETestRunner" name="runScenario" time="21.789">
    <error message="transaction_numbers.txt not found — run Step 1 first." type="java.lang.RuntimeException">
      <![CDATA[java.lang.RuntimeException: transaction_numbers.txt not found — run Step 1 first.
at stepdefs.E2EGrantsWorkflowSteps.getTransactionNumberByIndex(E2EGrantsWorkflowSteps.java:422)
at stepdefs.E2EGrantsWorkflowSteps.clickViewOnTransactionByIndex(E2EGrantsWorkflowSteps.java:412)
at ✽.I click "عرض" button on transaction number "TX-02"(file:///D:/Eastern%20Automation%20Scripts/GrantRoyal_fixed_clean/src/test/resources/features/E2E_ownertest_AllAreas.feature:94)
]]>
    </error>
  </testcase> <!-- runScenario -->
  <testcase classname="runners.E2ETestRunner" name="runScenario" time="34.015">
    <error message="element click intercepted: Element &lt;a class=&quot;ant-pagination-item-link&quot;&gt;...&lt;/a&gt; is not clickable at point (875, 617). Other element would receive the click: &lt;div class=&quot;spinner-bk&quot;&gt;...&lt;/div&gt;
  (Session info: chrome=145.0.7632.160)
Build info: version: &#039;4.18.1&#039;, revision: &#039;b1d3319b48&#039;
System info: os.name: &#039;Windows 11&#039;, os.arch: &#039;amd64&#039;, os.version: &#039;10.0&#039;, java.version: &#039;17.0.12&#039;
Driver info: org.openqa.selenium.chrome.ChromeDriver
Command: [42ebb103c14246bfad8d9aba360c6448, clickElement {id=f.3137E41C3E79717395607AC1A74826C8.d.6F1A568CD9B5A077B01E3C5B71F88AD6.e.55}]
Capabilities {acceptInsecureCerts: false, browserName: chrome, browserVersion: 145.0.7632.160, chrome: {chromedriverVersion: 145.0.7632.117 (de4e5d6e13b..., userDataDir: C:\Users\mahmo\AppData\Loca...}, fedcm:accounts: true, goog:chromeOptions: {debuggerAddress: localhost:60084}, goog:processID: 37580, networkConnectionEnabled: false, pageLoadStrategy: normal, platformName: windows, proxy: Proxy(), se:cdp: ws://localhost:60084/devtoo..., se:cdpVersion: 145.0.7632.160, setWindowRect: true, strictFileInteractability: false, timeouts: {implicit: 0, pageLoad: 300000, script: 30000}, unhandledPromptBehavior: dismiss and notify, webauthn:extension:credBlob: true, webauthn:extension:largeBlob: true, webauthn:extension:minPinLength: true, webauthn:extension:prf: true, webauthn:virtualAuthenticators: true}
Element: [[ChromeDriver: chrome on windows (42ebb103c14246bfad8d9aba360c6448)] -&gt; xpath: //li[contains(@class,&#039;ant-pagination-next&#039;) and not(contains(@class,&#039;disabled&#039;))]//a]
Session ID: 42ebb103c14246bfad8d9aba360c6448" type="org.openqa.selenium.ElementClickInterceptedException">
      <![CDATA[org.openqa.selenium.ElementClickInterceptedException: element click intercepted: Element <a class="ant-pagination-item-link">...</a> is not clickable at point (875, 617). Other element would receive the click: <div class="spinner-bk">...</div>
  (Session info: chrome=145.0.7632.160)
Build info: version: '4.18.1', revision: 'b1d3319b48'
System info: os.name: 'Windows 11', os.arch: 'amd64', os.version: '10.0', java.version: '17.0.12'
Driver info: org.openqa.selenium.chrome.ChromeDriver
Command: [42ebb103c14246bfad8d9aba360c6448, clickElement {id=f.3137E41C3E79717395607AC1A74826C8.d.6F1A568CD9B5A077B01E3C5B71F88AD6.e.55}]
Capabilities {acceptInsecureCerts: false, browserName: chrome, browserVersion: 145.0.7632.160, chrome: {chromedriverVersion: 145.0.7632.117 (de4e5d6e13b..., userDataDir: C:\Users\mahmo\AppData\Loca...}, fedcm:accounts: true, goog:chromeOptions: {debuggerAddress: localhost:60084}, goog:processID: 37580, networkConnectionEnabled: false, pageLoadStrategy: normal, platformName: windows, proxy: Proxy(), se:cdp: ws://localhost:60084/devtoo..., se:cdpVersion: 145.0.7632.160, setWindowRect: true, strictFileInteractability: false, timeouts: {implicit: 0, pageLoad: 300000, script: 30000}, unhandledPromptBehavior: dismiss and notify, webauthn:extension:credBlob: true, webauthn:extension:largeBlob: true, webauthn:extension:minPinLength: true, webauthn:extension:prf: true, webauthn:virtualAuthenticators: true}
Element: [[ChromeDriver: chrome on windows (42ebb103c14246bfad8d9aba360c6448)] -> xpath: //li[contains(@class,'ant-pagination-next') and not(contains(@class,'disabled'))]//a]
Session ID: 42ebb103c14246bfad8d9aba360c6448
at java.base/jdk.internal.reflect.NativeConstructorAccessorImpl.newInstance0(Native Method)
at java.base/jdk.internal.reflect.NativeConstructorAccessorImpl.newInstance(NativeConstructorAccessorImpl.java:77)
at java.base/jdk.internal.reflect.DelegatingConstructorAccessorImpl.newInstance(DelegatingConstructorAccessorImpl.java:45)
at java.base/java.lang.reflect.Constructor.newInstanceWithCaller(Constructor.java:499)
at java.base/java.lang.reflect.Constructor.newInstance(Constructor.java:480)
at org.openqa.selenium.remote.ErrorCodec.decode(ErrorCodec.java:167)
at org.openqa.selenium.remote.codec.w3c.W3CHttpResponseCodec.decode(W3CHttpResponseCodec.java:138)
at org.openqa.selenium.remote.codec.w3c.W3CHttpResponseCodec.decode(W3CHttpResponseCodec.java:50)
at org.openqa.selenium.remote.HttpCommandExecutor.execute(HttpCommandExecutor.java:190)
at org.openqa.selenium.remote.service.DriverCommandExecutor.invokeExecute(DriverCommandExecutor.java:216)
at org.openqa.selenium.remote.service.DriverCommandExecutor.execute(DriverCommandExecutor.java:174)
at org.openqa.selenium.remote.RemoteWebDriver.execute(RemoteWebDriver.java:519)
at org.openqa.selenium.remote.RemoteWebElement.execute(RemoteWebElement.java:223)
at org.openqa.selenium.remote.RemoteWebElement.click(RemoteWebElement.java:76)
at pages.LocalGrantsAppPage.clickViewOnTransaction(LocalGrantsAppPage.java:221)
at stepdefs.E2EGrantsWorkflowSteps.clickViewOnTransactionByIndex(E2EGrantsWorkflowSteps.java:415)
at ✽.I click "عرض" button on transaction number "TX-03"(file:///D:/Eastern%20Automation%20Scripts/GrantRoyal_fixed_clean/src/test/resources/features/E2E_maldossary_AllAreas.feature:54)
]]>
    </error>
  </testcase> <!-- runScenario -->
  <testcase classname="runners.E2ETestRunner" name="runScenario" time="49.183"/>
  <testcase classname="runners.E2ETestRunner" name="runScenario" time="28.313">
    <failure message="Apps page was not loaded after login. expected [true] but found [false]" type="java.lang.AssertionError">
      <![CDATA[java.lang.AssertionError: Apps page was not loaded after login. expected [true] but found [false]
at org.testng.Assert.fail(Assert.java:111)
at org.testng.Assert.failNotEquals(Assert.java:1578)
at org.testng.Assert.assertTrue(Assert.java:57)
at stepdefs.E2EGrantsWorkflowSteps.verifyAppsPage(E2EGrantsWorkflowSteps.java:104)
at ✽.I should be redirected to the apps page(file:///D:/Eastern%20Automation%20Scripts/GrantRoyal_fixed_clean/src/test/resources/features/E2E_abdullah_AllAreas.feature:12)
]]>
    </failure>
  </testcase> <!-- runScenario -->
  <testcase classname="runners.E2ETestRunner" name="runScenario" time="20.859">
    <failure message="Apps page was not loaded after login. expected [true] but found [false]" type="java.lang.AssertionError">
      <![CDATA[java.lang.AssertionError: Apps page was not loaded after login. expected [true] but found [false]
at org.testng.Assert.fail(Assert.java:111)
at org.testng.Assert.failNotEquals(Assert.java:1578)
at org.testng.Assert.assertTrue(Assert.java:57)
at stepdefs.E2EGrantsWorkflowSteps.verifyAppsPage(E2EGrantsWorkflowSteps.java:104)
at ✽.I should be redirected to the apps page(file:///D:/Eastern%20Automation%20Scripts/GrantRoyal_fixed_clean/src/test/resources/features/E2E_RandomDistribution.feature:12)
]]>
    </failure>
  </testcase> <!-- runScenario -->
  <testcase classname="runners.E2ETestRunner" name="runScenario" time="67.062"/>
  <testcase classname="runners.E2ETestRunner" name="runScenario" time="28.405"/>
  <testcase classname="runners.E2ETestRunner" name="runScenario" time="25.026">
    <error message="transaction_numbers.txt not found — run Step 1 first." type="java.lang.RuntimeException">
      <![CDATA[java.lang.RuntimeException: transaction_numbers.txt not found — run Step 1 first.
at stepdefs.E2EGrantsWorkflowSteps.getTransactionNumberByIndex(E2EGrantsWorkflowSteps.java:422)
at stepdefs.E2EGrantsWorkflowSteps.clickViewOnTransactionByIndex(E2EGrantsWorkflowSteps.java:412)
at ✽.I click "عرض" button on transaction number "TX-04"(file:///D:/Eastern%20Automation%20Scripts/GrantRoyal_fixed_clean/src/test/resources/features/E2E_ownertest_AllAreas.feature:54)
]]>
    </error>
  </testcase> <!-- runScenario -->
  <testcase classname="runners.E2ETestRunner" name="runScenario" time="37.452"/>
  <testcase classname="runners.E2ETestRunner" name="runScenario" time="3.112">
    <error message="timeout
from aborted by navigation: Not attached to an active page
  (Session info: chrome=145.0.7632.160)
Build info: version: &#039;4.18.1&#039;, revision: &#039;b1d3319b48&#039;
System info: os.name: &#039;Windows 11&#039;, os.arch: &#039;amd64&#039;, os.version: &#039;10.0&#039;, java.version: &#039;17.0.12&#039;
Driver info: org.openqa.selenium.chrome.ChromeDriver
Command: [b3110ea6633f33c72cabb53c40ef8968, refresh {}]
Capabilities {acceptInsecureCerts: false, browserName: chrome, browserVersion: 145.0.7632.160, chrome: {chromedriverVersion: 145.0.7632.117 (de4e5d6e13b..., userDataDir: C:\Users\mahmo\AppData\Loca...}, fedcm:accounts: true, goog:chromeOptions: {debuggerAddress: localhost:51109}, goog:processID: 22592, networkConnectionEnabled: false, pageLoadStrategy: normal, platformName: windows, proxy: Proxy(), se:cdp: ws://localhost:51109/devtoo..., se:cdpVersion: 145.0.7632.160, setWindowRect: true, strictFileInteractability: false, timeouts: {implicit: 0, pageLoad: 300000, script: 30000}, unhandledPromptBehavior: dismiss and notify, webauthn:extension:credBlob: true, webauthn:extension:largeBlob: true, webauthn:extension:minPinLength: true, webauthn:extension:prf: true, webauthn:virtualAuthenticators: true}
Session ID: b3110ea6633f33c72cabb53c40ef8968" type="org.openqa.selenium.TimeoutException">
      <![CDATA[org.openqa.selenium.TimeoutException: timeout
from aborted by navigation: Not attached to an active page
  (Session info: chrome=145.0.7632.160)
Build info: version: '4.18.1', revision: 'b1d3319b48'
System info: os.name: 'Windows 11', os.arch: 'amd64', os.version: '10.0', java.version: '17.0.12'
Driver info: org.openqa.selenium.chrome.ChromeDriver
Command: [b3110ea6633f33c72cabb53c40ef8968, refresh {}]
Capabilities {acceptInsecureCerts: false, browserName: chrome, browserVersion: 145.0.7632.160, chrome: {chromedriverVersion: 145.0.7632.117 (de4e5d6e13b..., userDataDir: C:\Users\mahmo\AppData\Loca...}, fedcm:accounts: true, goog:chromeOptions: {debuggerAddress: localhost:51109}, goog:processID: 22592, networkConnectionEnabled: false, pageLoadStrategy: normal, platformName: windows, proxy: Proxy(), se:cdp: ws://localhost:51109/devtoo..., se:cdpVersion: 145.0.7632.160, setWindowRect: true, strictFileInteractability: false, timeouts: {implicit: 0, pageLoad: 300000, script: 30000}, unhandledPromptBehavior: dismiss and notify, webauthn:extension:credBlob: true, webauthn:extension:largeBlob: true, webauthn:extension:minPinLength: true, webauthn:extension:prf: true, webauthn:virtualAuthenticators: true}
Session ID: b3110ea6633f33c72cabb53c40ef8968
at java.base/jdk.internal.reflect.NativeConstructorAccessorImpl.newInstance0(Native Method)
at java.base/jdk.internal.reflect.NativeConstructorAccessorImpl.newInstance(NativeConstructorAccessorImpl.java:77)
at java.base/jdk.internal.reflect.DelegatingConstructorAccessorImpl.newInstance(DelegatingConstructorAccessorImpl.java:45)
at java.base/java.lang.reflect.Constructor.newInstanceWithCaller(Constructor.java:499)
at java.base/java.lang.reflect.Constructor.newInstance(Constructor.java:480)
at org.openqa.selenium.remote.ErrorCodec.decode(ErrorCodec.java:167)
at org.openqa.selenium.remote.codec.w3c.W3CHttpResponseCodec.decode(W3CHttpResponseCodec.java:138)
at org.openqa.selenium.remote.codec.w3c.W3CHttpResponseCodec.decode(W3CHttpResponseCodec.java:50)
at org.openqa.selenium.remote.HttpCommandExecutor.execute(HttpCommandExecutor.java:190)
at org.openqa.selenium.remote.service.DriverCommandExecutor.invokeExecute(DriverCommandExecutor.java:216)
at org.openqa.selenium.remote.service.DriverCommandExecutor.execute(DriverCommandExecutor.java:174)
at org.openqa.selenium.remote.RemoteWebDriver.execute(RemoteWebDriver.java:519)
at org.openqa.selenium.remote.RemoteWebDriver.execute(RemoteWebDriver.java:592)
at org.openqa.selenium.remote.RemoteWebDriver.execute(RemoteWebDriver.java:596)
at org.openqa.selenium.remote.RemoteWebDriver$RemoteNavigation.refresh(RemoteWebDriver.java:1074)
at stepdefs.E2EGrantsWorkflowSteps.navigateToPortal(E2EGrantsWorkflowSteps.java:91)
at ✽.I navigate to the portal login page(file:///D:/Eastern%20Automation%20Scripts/GrantRoyal_fixed_clean/src/test/resources/features/E2E_ownertest_AllAreas.feature:10)
]]>
    </error>
  </testcase> <!-- runScenario -->
  <testcase classname="runners.E2ETestRunner" name="runScenario" time="65.823"/>
  <testcase classname="runners.E2ETestRunner" name="runScenario" time="301.439">
    <error message="java.util.concurrent.TimeoutException
Build info: version: &#039;4.18.1&#039;, revision: &#039;b1d3319b48&#039;
System info: os.name: &#039;Windows 11&#039;, os.arch: &#039;amd64&#039;, os.version: &#039;10.0&#039;, java.version: &#039;17.0.12&#039;
Driver info: org.openqa.selenium.chrome.ChromeDriver
Command: [ebae9d201449a0d94b25cc3ba307e9e7, get {url=https://geoservices1.syadtech.com/home/login}]
Capabilities {acceptInsecureCerts: false, browserName: chrome, browserVersion: 145.0.7632.160, chrome: {chromedriverVersion: 145.0.7632.117 (de4e5d6e13b..., userDataDir: C:\Users\mahmo\AppData\Loca...}, fedcm:accounts: true, goog:chromeOptions: {debuggerAddress: localhost:53037}, goog:processID: 16764, networkConnectionEnabled: false, pageLoadStrategy: normal, platformName: windows, proxy: Proxy(), se:cdp: ws://localhost:53037/devtoo..., se:cdpVersion: 145.0.7632.160, setWindowRect: true, strictFileInteractability: false, timeouts: {implicit: 0, pageLoad: 300000, script: 30000}, unhandledPromptBehavior: dismiss and notify, webauthn:extension:credBlob: true, webauthn:extension:largeBlob: true, webauthn:extension:minPinLength: true, webauthn:extension:prf: true, webauthn:virtualAuthenticators: true}
Session ID: ebae9d201449a0d94b25cc3ba307e9e7" type="org.openqa.selenium.TimeoutException">
      <![CDATA[org.openqa.selenium.TimeoutException: java.util.concurrent.TimeoutException
Build info: version: '4.18.1', revision: 'b1d3319b48'
System info: os.name: 'Windows 11', os.arch: 'amd64', os.version: '10.0', java.version: '17.0.12'
Driver info: org.openqa.selenium.chrome.ChromeDriver
Command: [ebae9d201449a0d94b25cc3ba307e9e7, get {url=https://geoservices1.syadtech.com/home/login}]
Capabilities {acceptInsecureCerts: false, browserName: chrome, browserVersion: 145.0.7632.160, chrome: {chromedriverVersion: 145.0.7632.117 (de4e5d6e13b..., userDataDir: C:\Users\mahmo\AppData\Loca...}, fedcm:accounts: true, goog:chromeOptions: {debuggerAddress: localhost:53037}, goog:processID: 16764, networkConnectionEnabled: false, pageLoadStrategy: normal, platformName: windows, proxy: Proxy(), se:cdp: ws://localhost:53037/devtoo..., se:cdpVersion: 145.0.7632.160, setWindowRect: true, strictFileInteractability: false, timeouts: {implicit: 0, pageLoad: 300000, script: 30000}, unhandledPromptBehavior: dismiss and notify, webauthn:extension:credBlob: true, webauthn:extension:largeBlob: true, webauthn:extension:minPinLength: true, webauthn:extension:prf: true, webauthn:virtualAuthenticators: true}
Session ID: ebae9d201449a0d94b25cc3ba307e9e7
at org.openqa.selenium.remote.http.jdk.JdkHttpClient.execute0(JdkHttpClient.java:403)
at org.openqa.selenium.remote.http.AddSeleniumUserAgent.lambda$apply$0(AddSeleniumUserAgent.java:42)
at org.openqa.selenium.remote.http.Filter.lambda$andFinally$1(Filter.java:55)
at org.openqa.selenium.remote.http.jdk.JdkHttpClient.execute(JdkHttpClient.java:359)
at org.openqa.selenium.remote.HttpCommandExecutor.execute(HttpCommandExecutor.java:187)
at org.openqa.selenium.remote.service.DriverCommandExecutor.invokeExecute(DriverCommandExecutor.java:216)
at org.openqa.selenium.remote.service.DriverCommandExecutor.execute(DriverCommandExecutor.java:174)
at org.openqa.selenium.remote.RemoteWebDriver.execute(RemoteWebDriver.java:519)
at org.openqa.selenium.remote.RemoteWebDriver.get(RemoteWebDriver.java:301)
at stepdefs.E2EGrantsWorkflowSteps.navigateToPortal(E2EGrantsWorkflowSteps.java:90)
at ✽.I navigate to the portal login page(file:///D:/Eastern%20Automation%20Scripts/GrantRoyal_fixed_clean/src/test/resources/features/E2E_ibrahem_AllAreas.feature:10)
Caused by: java.util.concurrent.TimeoutException
at java.base/java.util.concurrent.CompletableFuture.timedGet(CompletableFuture.java:1960)
at java.base/java.util.concurrent.CompletableFuture.get(CompletableFuture.java:2095)
at org.openqa.selenium.remote.http.jdk.JdkHttpClient.execute0(JdkHttpClient.java:386)
at org.openqa.selenium.remote.http.AddSeleniumUserAgent.lambda$apply$0(AddSeleniumUserAgent.java:42)
at org.openqa.selenium.remote.http.Filter.lambda$andFinally$1(Filter.java:55)
at org.openqa.selenium.remote.http.jdk.JdkHttpClient.execute(JdkHttpClient.java:359)
at org.openqa.selenium.remote.HttpCommandExecutor.execute(HttpCommandExecutor.java:187)
at org.openqa.selenium.remote.service.DriverCommandExecutor.invokeExecute(DriverCommandExecutor.java:216)
at org.openqa.selenium.remote.service.DriverCommandExecutor.execute(DriverCommandExecutor.java:174)
at org.openqa.selenium.remote.RemoteWebDriver.execute(RemoteWebDriver.java:519)
at org.openqa.selenium.remote.RemoteWebDriver.get(RemoteWebDriver.java:301)
at stepdefs.E2EGrantsWorkflowSteps.navigateToPortal(E2EGrantsWorkflowSteps.java:90)
at jdk.internal.reflect.GeneratedMethodAccessor147.invoke(Unknown Source)
at java.base/jdk.internal.reflect.DelegatingMethodAccessorImpl.invoke(DelegatingMethodAccessorImpl.java:43)
at java.base/java.lang.reflect.Method.invoke(Method.java:568)
at io.cucumber.java.Invoker.doInvoke(Invoker.java:66)
at io.cucumber.java.Invoker.invoke(Invoker.java:24)
at io.cucumber.java.AbstractGlueDefinition.invokeMethod(AbstractGlueDefinition.java:47)
at io.cucumber.java.JavaStepDefinition.execute(JavaStepDefinition.java:29)
at io.cucumber.core.runner.CoreStepDefinition.execute(CoreStepDefinition.java:66)
at io.cucumber.core.runner.PickleStepDefinitionMatch.runStep(PickleStepDefinitionMatch.java:63)
at io.cucumber.core.runner.ExecutionMode$1.execute(ExecutionMode.java:10)
at io.cucumber.core.runner.TestStep.executeStep(TestStep.java:84)
at io.cucumber.core.runner.TestStep.run(TestStep.java:56)
at io.cucumber.core.runner.PickleStepTestStep.run(PickleStepTestStep.java:51)
at io.cucumber.core.runner.TestCase.run(TestCase.java:84)
at io.cucumber.core.runner.Runner.runPickle(Runner.java:75)
at io.cucumber.testng.TestNGCucumberRunner.lambda$runScenario$1(TestNGCucumberRunner.java:132)
at io.cucumber.core.runtime.CucumberExecutionContext.lambda$runTestCase$5(CucumberExecutionContext.java:137)
at io.cucumber.core.runtime.RethrowingThrowableCollector.executeAndThrow(RethrowingThrowableCollector.java:23)
at io.cucumber.core.runtime.CucumberExecutionContext.runTestCase(CucumberExecutionContext.java:137)
at io.cucumber.testng.TestNGCucumberRunner.runScenario(TestNGCucumberRunner.java:129)
at io.cucumber.testng.AbstractTestNGCucumberTests.runScenario(AbstractTestNGCucumberTests.java:35)
at jdk.internal.reflect.GeneratedMethodAccessor136.invoke(Unknown Source)
at java.base/jdk.internal.reflect.DelegatingMethodAccessorImpl.invoke(DelegatingMethodAccessorImpl.java:43)
at java.base/java.lang.reflect.Method.invoke(Method.java:568)
at org.testng.internal.invokers.MethodInvocationHelper.invokeMethod(MethodInvocationHelper.java:139)
at org.testng.internal.invokers.TestInvoker.invokeMethod(TestInvoker.java:664)
at org.testng.internal.invokers.TestInvoker.invokeTestMethod(TestInvoker.java:228)
at org.testng.internal.invokers.MethodRunner.runInSequence(MethodRunner.java:63)
at org.testng.internal.invokers.TestInvoker$MethodInvocationAgent.invoke(TestInvoker.java:961)
at org.testng.internal.invokers.TestInvoker.invokeTestMethods(TestInvoker.java:201)
at org.testng.internal.invokers.TestMethodWorker.invokeTestMethods(TestMethodWorker.java:148)
at org.testng.internal.invokers.TestMethodWorker.run(TestMethodWorker.java:128)
at java.base/java.util.ArrayList.forEach(ArrayList.java:1511)
at org.testng.TestRunner.privateRun(TestRunner.java:819)
at org.testng.TestRunner.run(TestRunner.java:619)
at org.testng.SuiteRunner.runTest(SuiteRunner.java:443)
at org.testng.SuiteRunner.runSequentially(SuiteRunner.java:437)
at org.testng.SuiteRunner.privateRun(SuiteRunner.java:397)
at org.testng.SuiteRunner.run(SuiteRunner.java:336)
at org.testng.SuiteRunnerWorker.runSuite(SuiteRunnerWorker.java:52)
at org.testng.SuiteRunnerWorker.run(SuiteRunnerWorker.java:95)
at org.testng.TestNG.runSuitesSequentially(TestNG.java:1301)
at org.testng.TestNG.runSuitesLocally(TestNG.java:1228)
at org.testng.TestNG.runSuites(TestNG.java:1134)
at org.testng.TestNG.run(TestNG.java:1101)
at org.apache.maven.surefire.testng.TestNGExecutor.run(TestNGExecutor.java:308)
at org.apache.maven.surefire.testng.TestNGXmlTestSuite.execute(TestNGXmlTestSuite.java:71)
at org.apache.maven.surefire.testng.TestNGProvider.invoke(TestNGProvider.java:113)
at org.apache.maven.surefire.booter.ForkedBooter.runSuitesInProcess(ForkedBooter.java:385)
at org.apache.maven.surefire.booter.ForkedBooter.execute(ForkedBooter.java:162)
at org.apache.maven.surefire.booter.ForkedBooter.run(ForkedBooter.java:507)
at org.apache.maven.surefire.booter.ForkedBooter.main(ForkedBooter.java:495)
]]>
    </error>
  </testcase> <!-- runScenario -->
  <testcase classname="runners.E2ETestRunner" name="runScenario" time="76.677">
    <error message="Expected condition failed: waiting for visibility of element located by By.xpath: //div[@name=&#039;ownerData&#039; and contains(@class,&#039;active&#039;)] (tried for 15 second(s) with 500 milliseconds interval)
Build info: version: &#039;4.18.1&#039;, revision: &#039;b1d3319b48&#039;
System info: os.name: &#039;Windows 11&#039;, os.arch: &#039;amd64&#039;, os.version: &#039;10.0&#039;, java.version: &#039;17.0.12&#039;
Driver info: org.openqa.selenium.chrome.ChromeDriver
Capabilities {acceptInsecureCerts: false, browserName: chrome, browserVersion: 145.0.7632.160, chrome: {chromedriverVersion: 145.0.7632.117 (de4e5d6e13b..., userDataDir: C:\Users\mahmo\AppData\Loca...}, fedcm:accounts: true, goog:chromeOptions: {debuggerAddress: localhost:56187}, goog:processID: 45480, networkConnectionEnabled: false, pageLoadStrategy: normal, platformName: windows, proxy: Proxy(), se:cdp: ws://localhost:56187/devtoo..., se:cdpVersion: 145.0.7632.160, setWindowRect: true, strictFileInteractability: false, timeouts: {implicit: 0, pageLoad: 300000, script: 30000}, unhandledPromptBehavior: dismiss and notify, webauthn:extension:credBlob: true, webauthn:extension:largeBlob: true, webauthn:extension:minPinLength: true, webauthn:extension:prf: true, webauthn:virtualAuthenticators: true}
Session ID: f28bab277916a6028043f3fa894a3ef9" type="org.openqa.selenium.TimeoutException">
      <![CDATA[org.openqa.selenium.TimeoutException: Expected condition failed: waiting for visibility of element located by By.xpath: //div[@name='ownerData' and contains(@class,'active')] (tried for 15 second(s) with 500 milliseconds interval)
Build info: version: '4.18.1', revision: 'b1d3319b48'
System info: os.name: 'Windows 11', os.arch: 'amd64', os.version: '10.0', java.version: '17.0.12'
Driver info: org.openqa.selenium.chrome.ChromeDriver
Capabilities {acceptInsecureCerts: false, browserName: chrome, browserVersion: 145.0.7632.160, chrome: {chromedriverVersion: 145.0.7632.117 (de4e5d6e13b..., userDataDir: C:\Users\mahmo\AppData\Loca...}, fedcm:accounts: true, goog:chromeOptions: {debuggerAddress: localhost:56187}, goog:processID: 45480, networkConnectionEnabled: false, pageLoadStrategy: normal, platformName: windows, proxy: Proxy(), se:cdp: ws://localhost:56187/devtoo..., se:cdpVersion: 145.0.7632.160, setWindowRect: true, strictFileInteractability: false, timeouts: {implicit: 0, pageLoad: 300000, script: 30000}, unhandledPromptBehavior: dismiss and notify, webauthn:extension:credBlob: true, webauthn:extension:largeBlob: true, webauthn:extension:minPinLength: true, webauthn:extension:prf: true, webauthn:virtualAuthenticators: true}
Session ID: f28bab277916a6028043f3fa894a3ef9
at org.openqa.selenium.support.ui.WebDriverWait.timeoutException(WebDriverWait.java:84)
at org.openqa.selenium.support.ui.FluentWait.until(FluentWait.java:228)
at pages.step1.OwnerDataPage.selectOwnerType(OwnerDataPage.java:82)
at stepdefs.E2EGrantsWorkflowSteps.selectOwnerType(E2EGrantsWorkflowSteps.java:146)
at ✽.I select owner type radio "فرد"(file:///D:/Eastern%20Automation%20Scripts/GrantRoyal_fixed_clean/src/test/resources/features/E2E_maldossary_AllAreas.feature:19)
]]>
    </error>
  </testcase> <!-- runScenario -->
  <testcase classname="runners.E2ETestRunner" name="runScenario" time="37.583"/>
  <testcase classname="runners.E2ETestRunner" name="runScenario" time="27.174">
    <error message="Index 6 out of range. Only 5 transactions saved." type="java.lang.RuntimeException">
      <![CDATA[java.lang.RuntimeException: Index 6 out of range. Only 5 transactions saved.
at stepdefs.E2EGrantsWorkflowSteps.getTransactionNumberByIndex(E2EGrantsWorkflowSteps.java:428)
at stepdefs.E2EGrantsWorkflowSteps.clickViewOnTransactionByIndex(E2EGrantsWorkflowSteps.java:412)
at ✽.I click "عرض" button on transaction number "TX-07"(file:///D:/Eastern%20Automation%20Scripts/GrantRoyal_fixed_clean/src/test/resources/features/E2E_RandomDistribution.feature:94)
]]>
    </error>
  </testcase> <!-- runScenario -->
  <testcase classname="runners.E2ETestRunner" name="runScenario" time="29.024"/>
  <testcase classname="runners.E2ETestRunner" name="runScenario" time="64.682"/>
  <testcase classname="runners.E2ETestRunner" name="runScenario" time="22.250">
    <error message="Expected condition failed: waiting for visibility of element located by By.xpath: //button[contains(.,&#039;تسجيل الدخول&#039;)] (tried for 20 second(s) with 500 milliseconds interval)
Build info: version: &#039;4.18.1&#039;, revision: &#039;b1d3319b48&#039;
System info: os.name: &#039;Windows 11&#039;, os.arch: &#039;amd64&#039;, os.version: &#039;10.0&#039;, java.version: &#039;17.0.12&#039;
Driver info: org.openqa.selenium.chrome.ChromeDriver
Capabilities {acceptInsecureCerts: false, browserName: chrome, browserVersion: 145.0.7632.160, chrome: {chromedriverVersion: 145.0.7632.117 (de4e5d6e13b..., userDataDir: C:\Users\mahmo\AppData\Loca...}, fedcm:accounts: true, goog:chromeOptions: {debuggerAddress: localhost:57547}, goog:processID: 46844, networkConnectionEnabled: false, pageLoadStrategy: normal, platformName: windows, proxy: Proxy(), se:cdp: ws://localhost:57547/devtoo..., se:cdpVersion: 145.0.7632.160, setWindowRect: true, strictFileInteractability: false, timeouts: {implicit: 0, pageLoad: 300000, script: 30000}, unhandledPromptBehavior: dismiss and notify, webauthn:extension:credBlob: true, webauthn:extension:largeBlob: true, webauthn:extension:minPinLength: true, webauthn:extension:prf: true, webauthn:virtualAuthenticators: true}
Session ID: 79efc5651a4aefca363d744f4353c319" type="org.openqa.selenium.TimeoutException">
      <![CDATA[org.openqa.selenium.TimeoutException: Expected condition failed: waiting for visibility of element located by By.xpath: //button[contains(.,'تسجيل الدخول')] (tried for 20 second(s) with 500 milliseconds interval)
Build info: version: '4.18.1', revision: 'b1d3319b48'
System info: os.name: 'Windows 11', os.arch: 'amd64', os.version: '10.0', java.version: '17.0.12'
Driver info: org.openqa.selenium.chrome.ChromeDriver
Capabilities {acceptInsecureCerts: false, browserName: chrome, browserVersion: 145.0.7632.160, chrome: {chromedriverVersion: 145.0.7632.117 (de4e5d6e13b..., userDataDir: C:\Users\mahmo\AppData\Loca...}, fedcm:accounts: true, goog:chromeOptions: {debuggerAddress: localhost:57547}, goog:processID: 46844, networkConnectionEnabled: false, pageLoadStrategy: normal, platformName: windows, proxy: Proxy(), se:cdp: ws://localhost:57547/devtoo..., se:cdpVersion: 145.0.7632.160, setWindowRect: true, strictFileInteractability: false, timeouts: {implicit: 0, pageLoad: 300000, script: 30000}, unhandledPromptBehavior: dismiss and notify, webauthn:extension:credBlob: true, webauthn:extension:largeBlob: true, webauthn:extension:minPinLength: true, webauthn:extension:prf: true, webauthn:virtualAuthenticators: true}
Session ID: 79efc5651a4aefca363d744f4353c319
at org.openqa.selenium.support.ui.WebDriverWait.timeoutException(WebDriverWait.java:84)
at org.openqa.selenium.support.ui.FluentWait.until(FluentWait.java:228)
at pages.LoginPage.login(LoginPage.java:58)
at stepdefs.E2EGrantsWorkflowSteps.login(E2EGrantsWorkflowSteps.java:98)
at ✽.I login with username "grant_manager" and password "Aa1357@a"(file:///D:/Eastern%20Automation%20Scripts/GrantRoyal_fixed_clean/src/test/resources/features/E2E_abdullah_AllAreas.feature:87)
]]>
    </error>
  </testcase> <!-- runScenario -->
  <testcase classname="runners.E2ETestRunner" name="runScenario" time="28.439"/>
  <testcase classname="runners.E2ETestRunner" name="runScenario" time="21.196">
    <error message="transaction_numbers.txt not found — run Step 1 first." type="java.lang.RuntimeException">
      <![CDATA[java.lang.RuntimeException: transaction_numbers.txt not found — run Step 1 first.
at stepdefs.E2EGrantsWorkflowSteps.getTransactionNumberByIndex(E2EGrantsWorkflowSteps.java:422)
at stepdefs.E2EGrantsWorkflowSteps.clickViewOnTransactionByIndex(E2EGrantsWorkflowSteps.java:412)
at ✽.I click "عرض" button on transaction number "TX-07"(file:///D:/Eastern%20Automation%20Scripts/GrantRoyal_fixed_clean/src/test/resources/features/E2E_ownertest_AllAreas.feature:54)
]]>
    </error>
  </testcase> <!-- runScenario -->
  <testcase classname="runners.E2ETestRunner" name="runScenario" time="20.464">
    <failure message="Apps page was not loaded after login. expected [true] but found [false]" type="java.lang.AssertionError">
      <![CDATA[java.lang.AssertionError: Apps page was not loaded after login. expected [true] but found [false]
at org.testng.Assert.fail(Assert.java:111)
at org.testng.Assert.failNotEquals(Assert.java:1578)
at org.testng.Assert.assertTrue(Assert.java:57)
at stepdefs.E2EGrantsWorkflowSteps.verifyAppsPage(E2EGrantsWorkflowSteps.java:104)
at ✽.I should be redirected to the apps page(file:///D:/Eastern%20Automation%20Scripts/GrantRoyal_fixed_clean/src/test/resources/features/E2E_ownertest_AllAreas.feature:12)
]]>
    </failure>
  </testcase> <!-- runScenario -->
  <testcase classname="runners.E2ETestRunner" name="runScenario" time="19.944">
    <failure message="Apps page was not loaded after login. expected [true] but found [false]" type="java.lang.AssertionError">
      <![CDATA[java.lang.AssertionError: Apps page was not loaded after login. expected [true] but found [false]
at org.testng.Assert.fail(Assert.java:111)
at org.testng.Assert.failNotEquals(Assert.java:1578)
at org.testng.Assert.assertTrue(Assert.java:57)
at stepdefs.E2EGrantsWorkflowSteps.verifyAppsPage(E2EGrantsWorkflowSteps.java:104)
at ✽.I should be redirected to the apps page(file:///D:/Eastern%20Automation%20Scripts/GrantRoyal_fixed_clean/src/test/resources/features/E2E_ownertest_AllAreas.feature:12)
]]>
    </failure>
  </testcase> <!-- runScenario -->
  <testcase classname="runners.E2ETestRunner" name="runScenario" time="20.584">
    <error message="Index 6 out of range. Only 5 transactions saved." type="java.lang.RuntimeException">
      <![CDATA[java.lang.RuntimeException: Index 6 out of range. Only 5 transactions saved.
at stepdefs.E2EGrantsWorkflowSteps.getTransactionNumberByIndex(E2EGrantsWorkflowSteps.java:428)
at stepdefs.E2EGrantsWorkflowSteps.clickViewOnTransactionByIndex(E2EGrantsWorkflowSteps.java:412)
at ✽.I click "عرض" button on transaction number "TX-07"(file:///D:/Eastern%20Automation%20Scripts/GrantRoyal_fixed_clean/src/test/resources/features/E2E_maldossary_AllAreas.feature:94)
]]>
    </error>
  </testcase> <!-- runScenario -->
  <testcase classname="runners.E2ETestRunner" name="runScenario" time="26.768"/>
  <testcase classname="runners.E2ETestRunner" name="runScenario" time="47.900"/>
  <testcase classname="runners.E2ETestRunner" name="runScenario" time="17.247">
    <error message="transaction_numbers.txt not found — run Step 1 first." type="java.lang.RuntimeException">
      <![CDATA[java.lang.RuntimeException: transaction_numbers.txt not found — run Step 1 first.
at stepdefs.E2EGrantsWorkflowSteps.getTransactionNumberByIndex(E2EGrantsWorkflowSteps.java:422)
at stepdefs.E2EGrantsWorkflowSteps.clickViewOnTransactionByIndex(E2EGrantsWorkflowSteps.java:412)
at ✽.I click "عرض" button on transaction number "TX-04"(file:///D:/Eastern%20Automation%20Scripts/GrantRoyal_fixed_clean/src/test/resources/features/E2E_ownertest_AllAreas.feature:94)
]]>
    </error>
  </testcase> <!-- runScenario -->
  <testcase classname="runners.E2ETestRunner" name="runScenario" time="26.354"/>
  <testcase classname="runners.E2ETestRunner" name="runScenario" time="20.001">
    <error message="transaction_numbers.txt not found — run Step 1 first." type="java.lang.RuntimeException">
      <![CDATA[java.lang.RuntimeException: transaction_numbers.txt not found — run Step 1 first.
at stepdefs.E2EGrantsWorkflowSteps.getTransactionNumberByIndex(E2EGrantsWorkflowSteps.java:422)
at stepdefs.E2EGrantsWorkflowSteps.clickViewOnTransactionByIndex(E2EGrantsWorkflowSteps.java:412)
at ✽.I click "عرض" button on transaction number "TX-05"(file:///D:/Eastern%20Automation%20Scripts/GrantRoyal_fixed_clean/src/test/resources/features/E2E_ownertest_AllAreas.feature:94)
]]>
    </error>
  </testcase> <!-- runScenario -->
  <testcase classname="runners.E2ETestRunner" name="runScenario" time="301.283">
    <error message="java.util.concurrent.TimeoutException
Build info: version: &#039;4.18.1&#039;, revision: &#039;b1d3319b48&#039;
System info: os.name: &#039;Windows 11&#039;, os.arch: &#039;amd64&#039;, os.version: &#039;10.0&#039;, java.version: &#039;17.0.12&#039;
Driver info: org.openqa.selenium.chrome.ChromeDriver
Command: [2713f43bc8de6fa850fdd2e25c2c1af5, get {url=https://geoservices1.syadtech.com/home/login}]
Capabilities {acceptInsecureCerts: false, browserName: chrome, browserVersion: 145.0.7632.160, chrome: {chromedriverVersion: 145.0.7632.117 (de4e5d6e13b..., userDataDir: C:\Users\mahmo\AppData\Loca...}, fedcm:accounts: true, goog:chromeOptions: {debuggerAddress: localhost:64788}, goog:processID: 22368, networkConnectionEnabled: false, pageLoadStrategy: normal, platformName: windows, proxy: Proxy(), se:cdp: ws://localhost:64788/devtoo..., se:cdpVersion: 145.0.7632.160, setWindowRect: true, strictFileInteractability: false, timeouts: {implicit: 0, pageLoad: 300000, script: 30000}, unhandledPromptBehavior: dismiss and notify, webauthn:extension:credBlob: true, webauthn:extension:largeBlob: true, webauthn:extension:minPinLength: true, webauthn:extension:prf: true, webauthn:virtualAuthenticators: true}
Session ID: 2713f43bc8de6fa850fdd2e25c2c1af5" type="org.openqa.selenium.TimeoutException">
      <![CDATA[org.openqa.selenium.TimeoutException: java.util.concurrent.TimeoutException
Build info: version: '4.18.1', revision: 'b1d3319b48'
System info: os.name: 'Windows 11', os.arch: 'amd64', os.version: '10.0', java.version: '17.0.12'
Driver info: org.openqa.selenium.chrome.ChromeDriver
Command: [2713f43bc8de6fa850fdd2e25c2c1af5, get {url=https://geoservices1.syadtech.com/home/login}]
Capabilities {acceptInsecureCerts: false, browserName: chrome, browserVersion: 145.0.7632.160, chrome: {chromedriverVersion: 145.0.7632.117 (de4e5d6e13b..., userDataDir: C:\Users\mahmo\AppData\Loca...}, fedcm:accounts: true, goog:chromeOptions: {debuggerAddress: localhost:64788}, goog:processID: 22368, networkConnectionEnabled: false, pageLoadStrategy: normal, platformName: windows, proxy: Proxy(), se:cdp: ws://localhost:64788/devtoo..., se:cdpVersion: 145.0.7632.160, setWindowRect: true, strictFileInteractability: false, timeouts: {implicit: 0, pageLoad: 300000, script: 30000}, unhandledPromptBehavior: dismiss and notify, webauthn:extension:credBlob: true, webauthn:extension:largeBlob: true, webauthn:extension:minPinLength: true, webauthn:extension:prf: true, webauthn:virtualAuthenticators: true}
Session ID: 2713f43bc8de6fa850fdd2e25c2c1af5
at org.openqa.selenium.remote.http.jdk.JdkHttpClient.execute0(JdkHttpClient.java:403)
at org.openqa.selenium.remote.http.AddSeleniumUserAgent.lambda$apply$0(AddSeleniumUserAgent.java:42)
at org.openqa.selenium.remote.http.Filter.lambda$andFinally$1(Filter.java:55)
at org.openqa.selenium.remote.http.jdk.JdkHttpClient.execute(JdkHttpClient.java:359)
at org.openqa.selenium.remote.HttpCommandExecutor.execute(HttpCommandExecutor.java:187)
at org.openqa.selenium.remote.service.DriverCommandExecutor.invokeExecute(DriverCommandExecutor.java:216)
at org.openqa.selenium.remote.service.DriverCommandExecutor.execute(DriverCommandExecutor.java:174)
at org.openqa.selenium.remote.RemoteWebDriver.execute(RemoteWebDriver.java:519)
[...]
Session ID: 412f29880868d15776b0db3e8729141c
at jdk.internal.reflect.GeneratedConstructorAccessor13.newInstance(Unknown Source)
at java.base/jdk.internal.reflect.DelegatingConstructorAccessorImpl.newInstance(DelegatingConstructorAccessorImpl.java:45)
at java.base/java.lang.reflect.Constructor.newInstanceWithCaller(Constructor.java:499)
at java.base/java.lang.reflect.Constructor.newInstance(Constructor.java:480)
at org.openqa.selenium.remote.ErrorCodec.decode(ErrorCodec.java:167)
at org.openqa.selenium.remote.codec.w3c.W3CHttpResponseCodec.decode(W3CHttpResponseCodec.java:138)
at org.openqa.selenium.remote.codec.w3c.W3CHttpResponseCodec.decode(W3CHttpResponseCodec.java:50)
at org.openqa.selenium.remote.HttpCommandExecutor.execute(HttpCommandExecutor.java:190)
at org.openqa.selenium.remote.service.DriverCommandExecutor.invokeExecute(DriverCommandExecutor.java:216)
at org.openqa.selenium.remote.service.DriverCommandExecutor.execute(DriverCommandExecutor.java:174)
at org.openqa.selenium.remote.RemoteWebDriver.execute(RemoteWebDriver.java:519)
at org.openqa.selenium.remote.ElementLocation$ElementFinder$2.findElement(ElementLocation.java:165)
at org.openqa.selenium.remote.ElementLocation.findElement(ElementLocation.java:59)
at org.openqa.selenium.remote.RemoteWebDriver.findElement(RemoteWebDriver.java:356)
at org.openqa.selenium.remote.RemoteWebDriver.findElement(RemoteWebDriver.java:350)
at org.openqa.selenium.support.ui.ExpectedConditions$6.apply(ExpectedConditions.java:171)
at org.openqa.selenium.support.ui.ExpectedConditions$6.apply(ExpectedConditions.java:168)
at org.openqa.selenium.support.ui.FluentWait.until(FluentWait.java:203)
at pages.LocalGrantsAppPage.clickIncomingTransactions(LocalGrantsAppPage.java:120)
at stepdefs.E2EGrantsWorkflowSteps.clickSidebarLink(E2EGrantsWorkflowSteps.java:260)
at jdk.internal.reflect.GeneratedMethodAccessor189.invoke(Unknown Source)
at java.base/jdk.internal.reflect.DelegatingMethodAccessorImpl.invoke(DelegatingMethodAccessorImpl.java:43)
at java.base/java.lang.reflect.Method.invoke(Method.java:568)
at io.cucumber.java.Invoker.doInvoke(Invoker.java:66)
at io.cucumber.java.Invoker.invoke(Invoker.java:24)
at io.cucumber.java.AbstractGlueDefinition.invokeMethod(AbstractGlueDefinition.java:47)
at io.cucumber.java.JavaStepDefinition.execute(JavaStepDefinition.java:29)
at io.cucumber.core.runner.CoreStepDefinition.execute(CoreStepDefinition.java:66)
at io.cucumber.core.runner.PickleStepDefinitionMatch.runStep(PickleStepDefinitionMatch.java:63)
at io.cucumber.core.runner.ExecutionMode$1.execute(ExecutionMode.java:10)
at io.cucumber.core.runner.TestStep.executeStep(TestStep.java:84)
at io.cucumber.core.runner.TestStep.run(TestStep.java:56)
at io.cucumber.core.runner.PickleStepTestStep.run(PickleStepTestStep.java:51)
at io.cucumber.core.runner.TestCase.run(TestCase.java:84)
at io.cucumber.core.runner.Runner.runPickle(Runner.java:75)
at io.cucumber.testng.TestNGCucumberRunner.lambda$runScenario$1(TestNGCucumberRunner.java:132)
at io.cucumber.core.runtime.CucumberExecutionContext.lambda$runTestCase$5(CucumberExecutionContext.java:137)
at io.cucumber.core.runtime.RethrowingThrowableCollector.executeAndThrow(RethrowingThrowableCollector.java:23)
at io.cucumber.core.runtime.CucumberExecutionContext.runTestCase(CucumberExecutionContext.java:137)
at io.cucumber.testng.TestNGCucumberRunner.runScenario(TestNGCucumberRunner.java:129)
at io.cucumber.testng.AbstractTestNGCucumberTests.runScenario(AbstractTestNGCucumberTests.java:35)
at jdk.internal.reflect.GeneratedMethodAccessor136.invoke(Unknown Source)
at java.base/jdk.internal.reflect.DelegatingMethodAccessorImpl.invoke(DelegatingMethodAccessorImpl.java:43)
at java.base/java.lang.reflect.Method.invoke(Method.java:568)
at org.testng.internal.invokers.MethodInvocationHelper.invokeMethod(MethodInvocationHelper.java:139)
at org.testng.internal.invokers.TestInvoker.invokeMethod(TestInvoker.java:664)
at org.testng.internal.invokers.TestInvoker.invokeTestMethod(TestInvoker.java:228)
at org.testng.internal.invokers.MethodRunner.runInSequence(MethodRunner.java:63)
at org.testng.internal.invokers.TestInvoker$MethodInvocationAgent.invoke(TestInvoker.java:961)
at org.testng.internal.invokers.TestInvoker.invokeTestMethods(TestInvoker.java:201)
at org.testng.internal.invokers.TestMethodWorker.invokeTestMethods(TestMethodWorker.java:148)
at org.testng.internal.invokers.TestMethodWorker.run(TestMethodWorker.java:128)
at java.base/java.util.ArrayList.forEach(ArrayList.java:1511)
at org.testng.TestRunner.privateRun(TestRunner.java:819)
at org.testng.TestRunner.run(TestRunner.java:619)
at org.testng.SuiteRunner.runTest(SuiteRunner.java:443)
at org.testng.SuiteRunner.runSequentially(SuiteRunner.java:437)
at org.testng.SuiteRunner.privateRun(SuiteRunner.java:397)
at org.testng.SuiteRunner.run(SuiteRunner.java:336)
at org.testng.SuiteRunnerWorker.runSuite(SuiteRunnerWorker.java:52)
at org.testng.SuiteRunnerWorker.run(SuiteRunnerWorker.java:95)
at org.testng.TestNG.runSuitesSequentially(TestNG.java:1301)
at org.testng.TestNG.runSuitesLocally(TestNG.java:1228)
at org.testng.TestNG.runSuites(TestNG.java:1134)
at org.testng.TestNG.run(TestNG.java:1101)
at org.apache.maven.surefire.testng.TestNGExecutor.run(TestNGExecutor.java:308)
at org.apache.maven.surefire.testng.TestNGXmlTestSuite.execute(TestNGXmlTestSuite.java:71)
at org.apache.maven.surefire.testng.TestNGProvider.invoke(TestNGProvider.java:113)
at org.apache.maven.surefire.booter.ForkedBooter.runSuitesInProcess(ForkedBooter.java:385)
at org.apache.maven.surefire.booter.ForkedBooter.execute(ForkedBooter.java:162)
at org.apache.maven.surefire.booter.ForkedBooter.run(ForkedBooter.java:507)
at org.apache.maven.surefire.booter.ForkedBooter.main(ForkedBooter.java:495)
]]>
    </error>
  </testcase> <!-- runScenario -->
  <testcase classname="runners.E2ETestRunner" name="runScenario" time="18.841">
    <error message="transaction_numbers.txt not found — run Step 1 first." type="java.lang.RuntimeException">
      <![CDATA[java.lang.RuntimeException: transaction_numbers.txt not found — run Step 1 first.
at stepdefs.E2EGrantsWorkflowSteps.getTransactionNumberByIndex(E2EGrantsWorkflowSteps.java:422)
at stepdefs.E2EGrantsWorkflowSteps.clickViewOnTransactionByIndex(E2EGrantsWorkflowSteps.java:412)
at ✽.I click "عرض" button on transaction number "TX-05"(file:///D:/Eastern%20Automation%20Scripts/GrantRoyal_fixed_clean/src/test/resources/features/E2E_ownertest_AllAreas.feature:54)
]]>
    </error>
  </testcase> <!-- runScenario -->
  <testcase classname="runners.E2ETestRunner" name="runScenario" time="62.700"/>
  <testcase classname="runners.E2ETestRunner" name="runScenario" time="38.061">
    <error message="unknown error: net::ERR_CONNECTION_RESET
  (Session info: chrome=145.0.7632.160)
Build info: version: &#039;4.18.1&#039;, revision: &#039;b1d3319b48&#039;
System info: os.name: &#039;Windows 11&#039;, os.arch: &#039;amd64&#039;, os.version: &#039;10.0&#039;, java.version: &#039;17.0.12&#039;
Driver info: org.openqa.selenium.chrome.ChromeDriver
Command: [e5f21d6619e0050a44af471f3354e9c4, get {url=https://geoservices1.syadtech.com/home/login}]
Capabilities {acceptInsecureCerts: false, browserName: chrome, browserVersion: 145.0.7632.160, chrome: {chromedriverVersion: 145.0.7632.117 (de4e5d6e13b..., userDataDir: C:\Users\mahmo\AppData\Loca...}, fedcm:accounts: true, goog:chromeOptions: {debuggerAddress: localhost:62709}, goog:processID: 31796, networkConnectionEnabled: false, pageLoadStrategy: normal, platformName: windows, proxy: Proxy(), se:cdp: ws://localhost:62709/devtoo..., se:cdpVersion: 145.0.7632.160, setWindowRect: true, strictFileInteractability: false, timeouts: {implicit: 0, pageLoad: 300000, script: 30000}, unhandledPromptBehavior: dismiss and notify, webauthn:extension:credBlob: true, webauthn:extension:largeBlob: true, webauthn:extension:minPinLength: true, webauthn:extension:prf: true, webauthn:virtualAuthenticators: true}
Session ID: e5f21d6619e0050a44af471f3354e9c4" type="org.openqa.selenium.WebDriverException">
      <![CDATA[org.openqa.selenium.WebDriverException: unknown error: net::ERR_CONNECTION_RESET
  (Session info: chrome=145.0.7632.160)
Build info: version: '4.18.1', revision: 'b1d3319b48'
System info: os.name: 'Windows 11', os.arch: 'amd64', os.version: '10.0', java.version: '17.0.12'
Driver info: org.openqa.selenium.chrome.ChromeDriver
Command: [e5f21d6619e0050a44af471f3354e9c4, get {url=https://geoservices1.syadtech.com/home/login}]
Capabilities {acceptInsecureCerts: false, browserName: chrome, browserVersion: 145.0.7632.160, chrome: {chromedriverVersion: 145.0.7632.117 (de4e5d6e13b..., userDataDir: C:\Users\mahmo\AppData\Loca...}, fedcm:accounts: true, goog:chromeOptions: {debuggerAddress: localhost:62709}, goog:processID: 31796, networkConnectionEnabled: false, pageLoadStrategy: normal, platformName: windows, proxy: Proxy(), se:cdp: ws://localhost:62709/devtoo..., se:cdpVersion: 145.0.7632.160, setWindowRect: true, strictFileInteractability: false, timeouts: {implicit: 0, pageLoad: 300000, script: 30000}, unhandledPromptBehavior: dismiss and notify, webauthn:extension:credBlob: true, webauthn:extension:largeBlob: true, webauthn:extension:minPinLength: true, webauthn:extension:prf: true, webauthn:virtualAuthenticators: true}
Session ID: e5f21d6619e0050a44af471f3354e9c4
at java.base/jdk.internal.reflect.NativeConstructorAccessorImpl.newInstance0(Native Method)
at java.base/jdk.internal.reflect.NativeConstructorAccessorImpl.newInstance(NativeConstructorAccessorImpl.java:77)
at java.base/jdk.internal.reflect.DelegatingConstructorAccessorImpl.newInstance(DelegatingConstructorAccessorImpl.java:45)
at java.base/java.lang.reflect.Constructor.newInstanceWithCaller(Constructor.java:499)
at java.base/java.lang.reflect.Constructor.newInstance(Constructor.java:480)
at org.openqa.selenium.remote.ErrorCodec.decode(ErrorCodec.java:167)
at org.openqa.selenium.remote.codec.w3c.W3CHttpResponseCodec.decode(W3CHttpResponseCodec.java:138)
at org.openqa.selenium.remote.codec.w3c.W3CHttpResponseCodec.decode(W3CHttpResponseCodec.java:50)
at org.openqa.selenium.remote.HttpCommandExecutor.execute(HttpCommandExecutor.java:190)
at org.openqa.selenium.remote.service.DriverCommandExecutor.invokeExecute(DriverCommandExecutor.java:216)
at org.openqa.selenium.remote.service.DriverCommandExecutor.execute(DriverCommandExecutor.java:174)
at org.openqa.selenium.remote.RemoteWebDriver.execute(RemoteWebDriver.java:519)
at org.openqa.selenium.remote.RemoteWebDriver.get(RemoteWebDriver.java:301)
at stepdefs.E2EGrantsWorkflowSteps.navigateToPortal(E2EGrantsWorkflowSteps.java:90)
at ✽.I navigate to the portal login page(file:///D:/Eastern%20Automation%20Scripts/GrantRoyal_fixed_clean/src/test/resources/features/E2E_maldossary_AllAreas.feature:46)
]]>
    </error>
  </testcase> <!-- runScenario -->
  <testcase classname="runners.E2ETestRunner" name="runScenario" time="57.797"/>
  <testcase classname="runners.E2ETestRunner" name="runScenario" time="62.743"/>
  <testcase classname="runners.E2ETestRunner" name="runScenario" time="61.776"/>
  <testcase classname="runners.E2ETestRunner" name="runScenario" time="39.474">
    <error message="Transaction not found in any page: ٢١٩ / ١٤٤٧" type="java.lang.RuntimeException">
      <![CDATA[java.lang.RuntimeException: Transaction not found in any page: ٢١٩ / ١٤٤٧
at pages.LocalGrantsAppPage.clickViewOnTransaction(LocalGrantsAppPage.java:226)
at stepdefs.E2EGrantsWorkflowSteps.clickViewOnTransactionByIndex(E2EGrantsWorkflowSteps.java:415)
at ✽.I click "عرض" button on transaction number "TX-04"(file:///D:/Eastern%20Automation%20Scripts/GrantRoyal_fixed_clean/src/test/resources/features/E2E_emad_AllAreas.feature:54)
]]>
    </error>
  </testcase> <!-- runScenario -->
  <testcase classname="runners.E2ETestRunner" name="runScenario" time="37.340">
    <error message="transaction_numbers.txt not found — run Step 1 first." type="java.lang.RuntimeException">
      <![CDATA[java.lang.RuntimeException: transaction_numbers.txt not found — run Step 1 first.
at stepdefs.E2EGrantsWorkflowSteps.getTransactionNumberByIndex(E2EGrantsWorkflowSteps.java:422)
at stepdefs.E2EGrantsWorkflowSteps.clickViewOnTransactionByIndex(E2EGrantsWorkflowSteps.java:412)
at ✽.I click "عرض" button on transaction number "TX-05"(file:///D:/Eastern%20Automation%20Scripts/GrantRoyal_fixed_clean/src/test/resources/features/E2E_abdullah_AllAreas.feature:54)
]]>
    </error>
  </testcase> <!-- runScenario -->
  <testcase classname="runners.E2ETestRunner" name="runScenario" time="17.690">
    <error message="Index 5 out of range. Only 5 transactions saved." type="java.lang.RuntimeException">
      <![CDATA[java.lang.RuntimeException: Index 5 out of range. Only 5 transactions saved.
at stepdefs.E2EGrantsWorkflowSteps.getTransactionNumberByIndex(E2EGrantsWorkflowSteps.java:428)
at stepdefs.E2EGrantsWorkflowSteps.clickViewOnTransactionByIndex(E2EGrantsWorkflowSteps.java:412)
at ✽.I click "عرض" button on transaction number "TX-06"(file:///D:/Eastern%20Automation%20Scripts/GrantRoyal_fixed_clean/src/test/resources/features/E2E_maldossary_AllAreas.feature:94)
]]>
    </error>
  </testcase> <!-- runScenario -->
  <testcase classname="runners.E2ETestRunner" name="runScenario" time="75.622"/>
  <testcase classname="runners.E2ETestRunner" name="runScenario" time="64.815"/>
  <testcase classname="runners.E2ETestRunner" name="runScenario" time="20.071">
    <error message="transaction_numbers.txt not found — run Step 1 first." type="java.lang.RuntimeException">
      <![CDATA[java.lang.RuntimeException: transaction_numbers.txt not found — run Step 1 first.
at stepdefs.E2EGrantsWorkflowSteps.getTransactionNumberByIndex(E2EGrantsWorkflowSteps.java:422)
at stepdefs.E2EGrantsWorkflowSteps.clickViewOnTransactionByIndex(E2EGrantsWorkflowSteps.java:412)
at ✽.I click "عرض" button on transaction number "TX-03"(file:///D:/Eastern%20Automation%20Scripts/GrantRoyal_fixed_clean/src/test/resources/features/E2E_ownertest_AllAreas.feature:54)
]]>
    </error>
  </testcase> <!-- runScenario -->
  <testcase classname="runners.E2ETestRunner" name="runScenario" time="69.215"/>
  <testcase classname="runners.E2ETestRunner" name="runScenario" time="20.940">
    <error message="transaction_numbers.txt not found — run Step 1 first." type="java.lang.RuntimeException">
      <![CDATA[java.lang.RuntimeException: transaction_numbers.txt not found — run Step 1 first.
at stepdefs.E2EGrantsWorkflowSteps.getTransactionNumberByIndex(E2EGrantsWorkflowSteps.java:422)
at stepdefs.E2EGrantsWorkflowSteps.clickViewOnTransactionByIndex(E2EGrantsWorkflowSteps.java:412)
at ✽.I click "عرض" button on transaction number "TX-01"(file:///D:/Eastern%20Automation%20Scripts/GrantRoyal_fixed_clean/src/test/resources/features/E2E_ownertest_AllAreas.feature:54)
]]>
    </error>
  </testcase> <!-- runScenario -->
  <testcase classname="runners.E2ETestRunner" name="runScenario" time="21.311">
    <failure message="Apps page was not loaded after login. expected [true] but found [false]" type="java.lang.AssertionError">
      <![CDATA[java.lang.AssertionError: Apps page was not loaded after login. expected [true] but found [false]
at org.testng.Assert.fail(Assert.java:111)
at org.testng.Assert.failNotEquals(Assert.java:1578)
at org.testng.Assert.assertTrue(Assert.java:57)
at stepdefs.E2EGrantsWorkflowSteps.verifyAppsPage(E2EGrantsWorkflowSteps.java:104)
at ✽.I should be redirected to the apps page(file:///D:/Eastern%20Automation%20Scripts/GrantRoyal_fixed_clean/src/test/resources/features/E2E_ownertest_AllAreas.feature:12)
]]>
    </failure>
  </testcase> <!-- runScenario -->
  <testcase classname="runners.E2ETestRunner" name="runScenario" time="36.337"/>
  <testcase classname="runners.E2ETestRunner" name="runScenario" time="35.139"/>
  <testcase classname="runners.E2ETestRunner" name="runScenario" time="41.464"/>
  <testcase classname="runners.E2ETestRunner" name="runScenario" time="37.416"/>
  <testcase classname="runners.E2ETestRunner" name="runScenario" time="37.542">
    <error message="Transaction not found in any page: ٢٤٠ / ١٤٤٧" type="java.lang.RuntimeException">
      <![CDATA[java.lang.RuntimeException: Transaction not found in any page: ٢٤٠ / ١٤٤٧
at pages.LocalGrantsAppPage.clickViewOnTransaction(LocalGrantsAppPage.java:226)
at stepdefs.E2EGrantsWorkflowSteps.clickViewOnTransactionByIndex(E2EGrantsWorkflowSteps.java:415)
at ✽.I click "عرض" button on transaction number "TX-05"(file:///D:/Eastern%20Automation%20Scripts/GrantRoyal_fixed_clean/src/test/resources/features/E2E_maldossary_AllAreas.feature:94)
]]>
    </error>
  </testcase> <!-- runScenario -->
  <testcase classname="runners.E2ETestRunner" name="runScenario" time="28.233"/>
  <testcase classname="runners.E2ETestRunner" name="runScenario" time="59.302"/>
  <testcase classname="runners.E2ETestRunner" name="runScenario" time="20.703">
    <error message="Index 6 out of range. Only 5 transactions saved." type="java.lang.RuntimeException">
      <![CDATA[java.lang.RuntimeException: Index 6 out of range. Only 5 transactions saved.
at stepdefs.E2EGrantsWorkflowSteps.getTransactionNumberByIndex(E2EGrantsWorkflowSteps.java:428)
at stepdefs.E2EGrantsWorkflowSteps.clickViewOnTransactionByIndex(E2EGrantsWorkflowSteps.java:412)
at ✽.I click "عرض" button on transaction number "TX-07"(file:///D:/Eastern%20Automation%20Scripts/GrantRoyal_fixed_clean/src/test/resources/features/E2E_maldossary_AllAreas.feature:54)
]]>
    </error>
  </testcase> <!-- runScenario -->
  <testcase classname="runners.E2ETestRunner" name="runScenario" time="17.796">
    <error message="transaction_numbers.txt not found — run Step 1 first." type="java.lang.RuntimeException">
      <![CDATA[java.lang.RuntimeException: transaction_numbers.txt not found — run Step 1 first.
at stepdefs.E2EGrantsWorkflowSteps.getTransactionNumberByIndex(E2EGrantsWorkflowSteps.java:422)
at stepdefs.E2EGrantsWorkflowSteps.clickViewOnTransactionByIndex(E2EGrantsWorkflowSteps.java:412)
at ✽.I click "عرض" button on transaction number "TX-07"(file:///D:/Eastern%20Automation%20Scripts/GrantRoyal_fixed_clean/src/test/resources/features/E2E_ownertest_AllAreas.feature:94)
]]>
    </error>
  </testcase> <!-- runScenario -->
  <testcase classname="runners.E2ETestRunner" name="runScenario" time="29.534"/>
  <testcase classname="runners.E2ETestRunner" name="runScenario" time="47.635">
    <error message="transaction_numbers.txt not found — run Step 1 first." type="java.lang.RuntimeException">
      <![CDATA[java.lang.RuntimeException: transaction_numbers.txt not found — run Step 1 first.
at stepdefs.E2EGrantsWorkflowSteps.getTransactionNumberByIndex(E2EGrantsWorkflowSteps.java:422)
at stepdefs.E2EGrantsWorkflowSteps.clickViewOnTransactionByIndex(E2EGrantsWorkflowSteps.java:412)
at ✽.I click "عرض" button on transaction number "TX-02"(file:///D:/Eastern%20Automation%20Scripts/GrantRoyal_fixed_clean/src/test/resources/features/E2E_abdullah_AllAreas.feature:54)
]]>
    </error>
  </testcase> <!-- runScenario -->
  <testcase classname="runners.E2ETestRunner" name="runScenario" time="83.448"/>
  <testcase classname="runners.E2ETestRunner" name="runScenario" time="43.833"/>
  <testcase classname="runners.E2ETestRunner" name="runScenario" time="77.333"/>
  <testcase classname="runners.E2ETestRunner" name="runScenario" time="60.049"/>
  <testcase classname="runners.E2ETestRunner" name="runScenario" time="46.043"/>
  <testcase classname="runners.E2ETestRunner" name="runScenario" time="59.760"/>
</testsuite> <!-- runners.E2ETestRunner -->
